 Resolving package versions...
 Installed DataAPI ───────────────────── v1.1.0
 Installed Missings ──────────────────── v0.4.3
 Installed NodeJS ────────────────────── v1.0.0
 Installed TableTraits ───────────────── v1.0.0
 Installed ConstructionBase ──────────── v1.0.0
 Installed MbedTLS ───────────────────── v0.7.0
 Installed BinaryProvider ────────────── v0.5.8
 Installed Requires ──────────────────── v0.5.2
 Installed URIParser ─────────────────── v0.4.0
 Installed Reexport ──────────────────── v0.2.0
 Installed DataValueInterfaces ───────── v1.0.0
 Installed JSONSchema ────────────────── v0.1.1
 Installed Compat ────────────────────── v2.2.0
 Installed Setfield ──────────────────── v0.5.2
 Installed OrderedCollections ────────── v1.1.0
 Installed FilePaths ─────────────────── v0.8.0
 Installed IterableTables ────────────── v1.0.0
 Installed IniFile ───────────────────── v0.5.0
 Installed FilePathsBase ─────────────── v0.6.2
 Installed TableTraitsUtils ──────────── v1.0.1
 Installed Parsers ───────────────────── v0.3.10
 Installed DataStructures ────────────── v0.17.6
 Installed IteratorInterfaceExtensions ─ v1.0.0
 Installed JSON ──────────────────────── v0.21.0
 Installed DataValues ────────────────── v0.4.12
 Installed MacroTools ────────────────── v0.5.2
 Installed HTTP ──────────────────────── v0.8.8
 Installed FileIO ────────────────────── v1.0.7
 Installed VegaLite ──────────────────── v1.0.0
  Updating `~/.julia/environments/v1.2/Project.toml`
  [112f6efa] + VegaLite v1.0.0
  Updating `~/.julia/environments/v1.2/Manifest.toml`
  [b99e7846] + BinaryProvider v0.5.8
  [34da2185] + Compat v2.2.0
  [187b0558] + ConstructionBase v1.0.0
  [9a962f9c] + DataAPI v1.1.0
  [864edb3b] + DataStructures v0.17.6
  [e2d170a0] + DataValueInterfaces v1.0.0
  [e7dc6d0d] + DataValues v0.4.12
  [5789e2e9] + FileIO v1.0.7
  [8fc22ac5] + FilePaths v0.8.0
  [48062228] + FilePathsBase v0.6.2
  [cd3eb016] + HTTP v0.8.8
  [83e8ac13] + IniFile v0.5.0
  [1c8ee90f] + IterableTables v1.0.0
  [82899510] + IteratorInterfaceExtensions v1.0.0
  [682c06a0] + JSON v0.21.0
  [7d188eb4] + JSONSchema v0.1.1
  [1914dd2f] + MacroTools v0.5.2
  [739be429] + MbedTLS v0.7.0
  [e1d29d7a] + Missings v0.4.3
  [2bd173c7] + NodeJS v1.0.0
  [bac558e1] + OrderedCollections v1.1.0
  [69de0a69] + Parsers v0.3.10
  [189a3867] + Reexport v0.2.0
  [ae029012] + Requires v0.5.2
  [efcf1570] + Setfield v0.5.2
  [3783bdb8] + TableTraits v1.0.0
  [382cd787] + TableTraitsUtils v1.0.1
  [30578b45] + URIParser v0.4.0
  [112f6efa] + VegaLite v1.0.0
  [2a0f44e3] + Base64 
  [ade2ca70] + Dates 
  [8bb1440f] + DelimitedFiles 
  [8ba89e20] + Distributed 
  [b77e0a4c] + InteractiveUtils 
  [76f85450] + LibGit2 
  [8f399da3] + Libdl 
  [37e2e46d] + LinearAlgebra 
  [56ddb016] + Logging 
  [d6f4376e] + Markdown 
  [a63ad114] + Mmap 
  [44cfe95a] + Pkg 
  [de0858da] + Printf 
  [3fa0cd96] + REPL 
  [9a3f8284] + Random 
  [ea8e919c] + SHA 
  [9e88b42a] + Serialization 
  [1a1011a3] + SharedArrays 
  [6462fe0b] + Sockets 
  [2f01184e] + SparseArrays 
  [10745b16] + Statistics 
  [8dfed614] + Test 
  [cf7118a7] + UUIDs 
  [4ec0a83e] + Unicode 
  Building MbedTLS ─→ `~/.julia/packages/MbedTLS/a1JFn/deps/build.log`
  Building NodeJS ──→ `~/.julia/packages/NodeJS/aDNbW/deps/build.log`
[ Info: No changes
  Building VegaLite → `~/.julia/packages/VegaLite/CzoMX/deps/build.log`
┌ Error: Error building `VegaLite`: 
│ 
│ > canvas@2.6.0 install /root/.julia/packages/VegaLite/CzoMX/deps/node_modules/canvas
│ > node-pre-gyp install --fallback-to-build
│ 
│ sh: 1: node-pre-gyp: Permission denied
│ npm ERR! code ELIFECYCLE
│ npm ERR! syscall spawn
│ npm ERR! file sh
│ npm ERR! errno ENOENT
│ npm ERR! canvas@2.6.0 install: `node-pre-gyp install --fallback-to-build`
│ npm ERR! spawn ENOENT
│ npm ERR! 
│ npm ERR! Failed at the canvas@2.6.0 install script.
│ npm ERR! This is probably not a problem with npm. There is likely additional logging output above.
│ 
│ npm ERR! A complete log of this run can be found in:
│ npm ERR!     /root/.npm/_logs/2019-11-23T21_54_26_438Z-debug.log
│ ERROR: LoadError: failed process: Process(setenv(`/root/.julia/packages/NodeJS/aDNbW/deps/bin/node-v12.13.0-linux-x64/bin/node /root/.julia/packages/NodeJS/aDNbW/deps/bin/node-v12.13.0-linux-x64/bin/npm install --scripts-prepend-node-path=true --production --no-package-lock --no-optional`; dir="/root/.julia/packages/VegaLite/CzoMX/deps"), ProcessExited(1)) [1]
│ 
│ Stacktrace:
│  [1] pipeline_error at ./process.jl:813 [inlined]
│  [2] #run#536(::Bool, ::typeof(run), ::Cmd) at ./process.jl:728
│  [3] run(::Cmd) at ./process.jl:726
│  [4] top-level scope at /root/.julia/packages/VegaLite/CzoMX/deps/build.jl:4
│  [5] include at ./boot.jl:328 [inlined]
│  [6] include_relative(::Module, ::String) at ./loading.jl:1094
│  [7] include(::Module, ::String) at ./Base.jl:31
│  [8] include(::String) at ./client.jl:431
│  [9] top-level scope at none:5
│ in expression starting at /root/.julia/packages/VegaLite/CzoMX/deps/build.jl:4
└ @ Pkg.Operations /buildworker/worker/package_linux64/build/usr/share/julia/stdlib/v1.2/Pkg/src/backwards_compatible_isolation.jl:647
   Testing VegaLite
 Resolving package versions...
 Installed PooledArrays ─────── v0.5.2
 Installed InvertedIndices ──── v1.0.0
 Installed GenericSVD ───────── v0.2.2
 Installed GenericSchur ─────── v0.3.0
 Installed Polynomials ──────── v0.6.0
 Installed DoubleFloats ─────── v0.9.13
 Installed DataFrames ───────── v0.19.4
 Installed Tables ───────────── v0.2.11
 Installed RecipesBase ──────── v0.7.0
 Installed TextParse ────────── v0.9.1
 Installed WeakRefStrings ───── v0.6.1
 Installed CodecZlib ────────── v0.6.0
 Installed TableShowUtils ───── v0.2.5
 Installed TranscodingStreams ─ v0.9.5
 Installed SortingAlgorithms ── v0.3.1
 Installed Nullables ────────── v1.0.0
 Installed Quadmath ─────────── v0.5.2
 Installed CategoricalArrays ── v0.7.3
 Installed VegaDatasets ─────── v1.0.0
  Building CodecZlib → `~/.julia/packages/CodecZlib/5t9zO/deps/build.log`
    Status `/tmp/jl_B4hDjM/Manifest.toml`
  [b99e7846] BinaryProvider v0.5.8
  [324d7699] CategoricalArrays v0.7.3
  [944b1d66] CodecZlib v0.6.0
  [34da2185] Compat v2.2.0
  [187b0558] ConstructionBase v1.0.0
  [9a962f9c] DataAPI v1.1.0
  [a93c6f00] DataFrames v0.19.4
  [864edb3b] DataStructures v0.17.6
  [e2d170a0] DataValueInterfaces v1.0.0
  [e7dc6d0d] DataValues v0.4.12
  [497a8b3b] DoubleFloats v0.9.13
  [5789e2e9] FileIO v1.0.7
  [8fc22ac5] FilePaths v0.8.0
  [48062228] FilePathsBase v0.6.2
  [01680d73] GenericSVD v0.2.2
  [c145ed77] GenericSchur v0.3.0
  [cd3eb016] HTTP v0.8.8
  [83e8ac13] IniFile v0.5.0
  [41ab1584] InvertedIndices v1.0.0
  [1c8ee90f] IterableTables v1.0.0
  [82899510] IteratorInterfaceExtensions v1.0.0
  [682c06a0] JSON v0.21.0
  [7d188eb4] JSONSchema v0.1.1
  [1914dd2f] MacroTools v0.5.2
  [739be429] MbedTLS v0.7.0
  [e1d29d7a] Missings v0.4.3
  [2bd173c7] NodeJS v1.0.0
  [4d1e1d77] Nullables v1.0.0
  [bac558e1] OrderedCollections v1.1.0
  [69de0a69] Parsers v0.3.10
  [f27b6e38] Polynomials v0.6.0
  [2dfb63ee] PooledArrays v0.5.2
  [be4d8f0f] Quadmath v0.5.2
  [3cdcf5f2] RecipesBase v0.7.0
  [189a3867] Reexport v0.2.0
  [ae029012] Requires v0.5.2
  [efcf1570] Setfield v0.5.2
  [a2af1166] SortingAlgorithms v0.3.1
  [5e66a065] TableShowUtils v0.2.5
  [3783bdb8] TableTraits v1.0.0
  [382cd787] TableTraitsUtils v1.0.1
  [bd369af6] Tables v0.2.11
  [e0df1984] TextParse v0.9.1
  [3bb67fe8] TranscodingStreams v0.9.5
  [30578b45] URIParser v0.4.0
  [0ae4a718] VegaDatasets v1.0.0
  [112f6efa] VegaLite v1.0.0
  [ea10d353] WeakRefStrings v0.6.1
  [2a0f44e3] Base64  [`@stdlib/Base64`]
  [ade2ca70] Dates  [`@stdlib/Dates`]
  [8bb1440f] DelimitedFiles  [`@stdlib/DelimitedFiles`]
  [8ba89e20] Distributed  [`@stdlib/Distributed`]
  [9fa8497b] Future  [`@stdlib/Future`]
  [b77e0a4c] InteractiveUtils  [`@stdlib/InteractiveUtils`]
  [76f85450] LibGit2  [`@stdlib/LibGit2`]
  [8f399da3] Libdl  [`@stdlib/Libdl`]
  [37e2e46d] LinearAlgebra  [`@stdlib/LinearAlgebra`]
  [56ddb016] Logging  [`@stdlib/Logging`]
  [d6f4376e] Markdown  [`@stdlib/Markdown`]
  [a63ad114] Mmap  [`@stdlib/Mmap`]
  [44cfe95a] Pkg  [`@stdlib/Pkg`]
  [de0858da] Printf  [`@stdlib/Printf`]
  [3fa0cd96] REPL  [`@stdlib/REPL`]
  [9a3f8284] Random  [`@stdlib/Random`]
  [ea8e919c] SHA  [`@stdlib/SHA`]
  [9e88b42a] Serialization  [`@stdlib/Serialization`]
  [1a1011a3] SharedArrays  [`@stdlib/SharedArrays`]
  [6462fe0b] Sockets  [`@stdlib/Sockets`]
  [2f01184e] SparseArrays  [`@stdlib/SparseArrays`]
  [10745b16] Statistics  [`@stdlib/Statistics`]
  [8dfed614] Test  [`@stdlib/Test`]
  [cf7118a7] UUIDs  [`@stdlib/UUIDs`]
  [4ec0a83e] Unicode  [`@stdlib/Unicode`]
┌ Warning: Using `spec.params["NAME"]` to obtain vega-lite property is deprecated.
│ Please use `spec.NAME` instead.
│   caller = top-level scope at test_io.jl:22
└ @ Core ~/.julia/packages/VegaLite/CzoMX/test/test_io.jl:22
┌ Warning: Using `spec.params["NAME"]` to obtain vega-lite property is deprecated.
│ Please use `spec.NAME` instead.
│   caller = top-level scope at test_io.jl:28
└ @ Core ~/.julia/packages/VegaLite/CzoMX/test/test_io.jl:28
┌ Warning: Using `spec.params["NAME"]` to obtain vega-lite property is deprecated.
│ Please use `spec.NAME` instead.
│   caller = top-level scope at test_io.jl:32
└ @ Core ~/.julia/packages/VegaLite/CzoMX/test/test_io.jl:32
internal/modules/cjs/loader.js:797
    throw err;
    ^

Error: Cannot find module '/root/.julia/packages/VegaLite/CzoMX/deps/node_modules/vega-cli/bin/vg2svg'
    at Function.Module._resolveFilename (internal/modules/cjs/loader.js:794:15)
    at Function.Module._load (internal/modules/cjs/loader.js:687:27)
    at Function.Module.runMain (internal/modules/cjs/loader.js:1025:10)
    at internal/main/run_main_module.js:17:11 {
  code: 'MODULE_NOT_FOUND',
  requireStack: []
}
Error: write EPIPE
    at afterWriteDispatched (internal/stream_base_commons.js:150:25)
    at writeGeneric (internal/stream_base_commons.js:141:3)
    at Socket._writeGeneric (net.js:770:11)
    at Socket._write (net.js:782:8)
    at doWrite (_stream_writable.js:431:12)
    at writeOrBuffer (_stream_writable.js:415:5)
    at Socket.Writable.write (_stream_writable.js:305:11)
    at compile (/root/.julia/packages/VegaLite/CzoMX/src/rendering/vl2vg.js:23:24)
    at /root/.julia/packages/VegaLite/CzoMX/src/rendering/vl2vg.js:32:19
    at processTicksAndRejections (internal/process/task_queues.js:93:5) {
  errno: 'EPIPE',
  code: 'EPIPE',
  syscall: 'write'
}
io: Error During Test at /root/.julia/packages/VegaLite/CzoMX/test/test_io.jl:8
  Got exception outside of a @test
  ArgumentError: Invalid spec
  Stacktrace:
   [1] convert_vl_to_x(::VegaLite.VLSpec{:plot}, ::String) at /root/.julia/packages/VegaLite/CzoMX/src/rendering/show.jl:52
   [2] show(::IOStream, ::MIME{Symbol("image/svg+xml")}, ::VegaLite.VLSpec{:plot}) at /root/.julia/packages/VegaLite/CzoMX/src/rendering/show.jl:91
   [3] show(::IOStream, ::String, ::VegaLite.VLSpec{:plot}) at ./multimedia.jl:109
   [4] #34 at /root/.julia/packages/VegaLite/CzoMX/src/rendering/io.jl:7 [inlined]
   [5] #open#312(::Base.Iterators.Pairs{Union{},Union{},Tuple{},NamedTuple{(),Tuple{}}}, ::typeof(open), ::getfield(VegaLite, Symbol("##34#35")){String,VegaLite.VLSpec{:plot}}, ::String, ::Vararg{String,N} where N) at ./iostream.jl:375
   [6] open at ./iostream.jl:373 [inlined]
   [7] savefig at /root/.julia/packages/VegaLite/CzoMX/src/rendering/io.jl:6 [inlined]
   [8] svg at /root/.julia/packages/VegaLite/CzoMX/src/rendering/io.jl:90 [inlined]
   [9] (::getfield(Main, Symbol("##4#6")){VegaLite.VLSpec{:plot},VegaLite.VGSpec})(::String) at /root/.julia/packages/VegaLite/CzoMX/test/test_io.jl:37
   [10] #mktempdir#15(::String, ::typeof(mktempdir), ::getfield(Main, Symbol("##4#6")){VegaLite.VLSpec{:plot},VegaLite.VGSpec}, ::String) at ./file.jl:584
   [11] mktempdir(::Function, ::String) at ./file.jl:582 (repeats 2 times)
   [12] top-level scope at /root/.julia/packages/VegaLite/CzoMX/test/test_io.jl:36
   [13] top-level scope at /buildworker/worker/package_linux64/build/usr/share/julia/stdlib/v1.2/Test/src/Test.jl:1113
   [14] top-level scope at /root/.julia/packages/VegaLite/CzoMX/test/test_io.jl:10
   [15] include at ./boot.jl:328 [inlined]
   [16] include_relative(::Module, ::String) at ./loading.jl:1094
   [17] include(::Module, ::String) at ./Base.jl:31
   [18] include(::String) at ./client.jl:431
   [19] top-level scope at /root/.julia/packages/VegaLite/CzoMX/test/runtests.jl:8
   [20] top-level scope at /buildworker/worker/package_linux64/build/usr/share/julia/stdlib/v1.2/Test/src/Test.jl:1113
   [21] top-level scope at /root/.julia/packages/VegaLite/CzoMX/test/runtests.jl:7
   [22] include at ./boot.jl:328 [inlined]
   [23] include_relative(::Module, ::String) at ./loading.jl:1094
   [24] include(::Module, ::String) at ./Base.jl:31
   [25] include(::String) at ./client.jl:431
   [26] top-level scope at none:5
   [27] eval(::Module, ::Any) at ./boot.jl:330
   [28] exec_options(::Base.JLOptions) at ./client.jl:271
   [29] _start() at ./client.jl:464
  
internal/modules/cjs/loader.js:797
    throw err;
    ^

Error: Cannot find module '/root/.julia/packages/VegaLite/CzoMX/deps/node_modules/vega-cli/bin/vg2svg'
    at Function.Module._resolveFilename (internal/modules/cjs/loader.js:794:15)
    at Function.Module._load (internal/modules/cjs/loader.js:687:27)
    at Function.Module.runMain (internal/modules/cjs/loader.js:1025:10)
    at internal/main/run_main_module.js:17:11 {
  code: 'MODULE_NOT_FOUND',
  requireStack: []
}
Error: Invalid spec
    at CoreNormalizer.mapLayerOrUnit (/root/.julia/packages/VegaLite/CzoMX/deps/node_modules/vega-lite/build/vega-lite.js:4629:19)
    at CoreNormalizer.map (/root/.julia/packages/VegaLite/CzoMX/deps/node_modules/vega-lite/build/vega-lite.js:4619:29)
    at CoreNormalizer.map (/root/.julia/packages/VegaLite/CzoMX/deps/node_modules/vega-lite/build/vega-lite.js:4939:26)
    at normalizeGenericSpec (/root/.julia/packages/VegaLite/CzoMX/deps/node_modules/vega-lite/build/vega-lite.js:5037:27)
    at normalize$1 (/root/.julia/packages/VegaLite/CzoMX/deps/node_modules/vega-lite/build/vega-lite.js:5030:16)
    at Object.compile (/root/.julia/packages/VegaLite/CzoMX/deps/node_modules/vega-lite/build/vega-lite.js:17051:26)
    at compile (/root/.julia/packages/VegaLite/CzoMX/src/rendering/vl2vg.js:18:27)
    at /root/.julia/packages/VegaLite/CzoMX/src/rendering/vl2vg.js:32:19
    at processTicksAndRejections (internal/process/task_queues.js:93:5)
┌ Warning: Using `spec.params["NAME"]` to obtain vega-lite property is deprecated.
│ Please use `spec.NAME` instead.
│   caller = top-level scope at test_spec.jl:89
└ @ Core ~/.julia/packages/VegaLite/CzoMX/test/test_spec.jl:89
┌ Warning: Using `spec.params["NAME"]` to obtain vega-lite property is deprecated.
│ Please use `spec.NAME` instead.
│   caller = top-level scope at test_vg.jl:46
└ @ Core ~/.julia/packages/VegaLite/CzoMX/test/test_vg.jl:46
┌ Warning: Using `spec.params["NAME"]` to obtain vega-lite property is deprecated.
│ Please use `spec.NAME` instead.
│   caller = top-level scope at test_vg.jl:50
└ @ Core ~/.julia/packages/VegaLite/CzoMX/test/test_vg.jl:50
┌ Warning: Using `spec.params["NAME"]` to obtain vega-lite property is deprecated.
│ Please use `spec.NAME` instead.
│   caller = top-level scope at test_vlplot_macro.jl:31
└ @ Core ~/.julia/packages/VegaLite/CzoMX/test/test_vlplot_macro.jl:31
┌ Warning: Using `spec.params["NAME"]` to obtain vega-lite property is deprecated.
│ Please use `spec.NAME` instead.
│   caller = top-level scope at test_vlplot_macro.jl:32
└ @ Core ~/.julia/packages/VegaLite/CzoMX/test/test_vlplot_macro.jl:32
┌ Warning: Using `spec.params["NAME"]` to obtain vega-lite property is deprecated.
│ Please use `spec.NAME` instead.
│   caller = top-level scope at test_vlplot_macro.jl:33
└ @ Core ~/.julia/packages/VegaLite/CzoMX/test/test_vlplot_macro.jl:33
┌ Warning: Using `spec.params["NAME"]` to obtain vega-lite property is deprecated.
│ Please use `spec.NAME` instead.
│   caller = top-level scope at test_vlplot_macro.jl:34
└ @ Core ~/.julia/packages/VegaLite/CzoMX/test/test_vlplot_macro.jl:34
┌ Warning: Using `spec.params["NAME"]` to obtain vega-lite property is deprecated.
│ Please use `spec.NAME` instead.
│   caller = top-level scope at test_vlplot_macro.jl:36
└ @ Core ~/.julia/packages/VegaLite/CzoMX/test/test_vlplot_macro.jl:36
Test Summary:                              | Pass  Error  Total
VegaLite                                   |  100      1    101
  io                                       |    6      1      7
    DataFormat{:vegalite} (indent=nothing) |    3             3
    DataFormat{:vegalite} (indent=4)       |    3             3
  show                                     |    7             7
  base                                     |    7             7
  macro                                    |    2             2
  Shorthand                                |   34            34
  Spec                                     |    6             6
  MimeWrapper                              |    2             2
  VGSpec                                   |    5             5
  @vlplot macro                            |   25            25
  properties                               |    6             6
ERROR: LoadError: Some tests did not pass: 100 passed, 0 failed, 1 errored, 0 broken.
in expression starting at /root/.julia/packages/VegaLite/CzoMX/test/runtests.jl:5
ERROR: Package VegaLite errored during testing
Stacktrace:
 [1] pkgerror(::String, ::Vararg{String,N} where N) at /buildworker/worker/package_linux64/build/usr/share/julia/stdlib/v1.2/Pkg/src/Types.jl:112
 [2] #test#119(::Bool, ::Nothing, ::typeof(Pkg.Operations.test), ::Pkg.Types.Context, ::Array{Pkg.Types.PackageSpec,1}) at /buildworker/worker/package_linux64/build/usr/share/julia/stdlib/v1.2/Pkg/src/Operations.jl:1288
 [3] #test at ./none:0 [inlined]
 [4] #test#62(::Bool, ::Nothing, ::Base.Iterators.Pairs{Union{},Union{},Tuple{},NamedTuple{(),Tuple{}}}, ::typeof(Pkg.API.test), ::Pkg.Types.Context, ::Array{Pkg.Types.PackageSpec,1}) at /buildworker/worker/package_linux64/build/usr/share/julia/stdlib/v1.2/Pkg/src/API.jl:245
 [5] test at /buildworker/worker/package_linux64/build/usr/share/julia/stdlib/v1.2/Pkg/src/API.jl:233 [inlined]
 [6] #test#61 at /buildworker/worker/package_linux64/build/usr/share/julia/stdlib/v1.2/Pkg/src/API.jl:230 [inlined]
 [7] test at /buildworker/worker/package_linux64/build/usr/share/julia/stdlib/v1.2/Pkg/src/API.jl:230 [inlined]
 [8] #test#60 at /buildworker/worker/package_linux64/build/usr/share/julia/stdlib/v1.2/Pkg/src/API.jl:229 [inlined]
 [9] test at /buildworker/worker/package_linux64/build/usr/share/julia/stdlib/v1.2/Pkg/src/API.jl:229 [inlined]
 [10] #test#59(::Base.Iterators.Pairs{Union{},Union{},Tuple{},NamedTuple{(),Tuple{}}}, ::typeof(Pkg.API.test), ::String) at /buildworker/worker/package_linux64/build/usr/share/julia/stdlib/v1.2/Pkg/src/API.jl:228
 [11] test(::String) at /buildworker/worker/package_linux64/build/usr/share/julia/stdlib/v1.2/Pkg/src/API.jl:228
 [12] top-level scope at none:10
