 Resolving package versions...
 Installed Missings ──────────────────── v0.4.3
 Installed Reexport ──────────────────── v0.2.0
 Installed DataAPI ───────────────────── v1.1.0
 Installed IteratorInterfaceExtensions ─ v1.0.0
 Installed Electron ──────────────────── v1.1.0
 Installed JSON ──────────────────────── v0.21.0
 Installed DataVoyager ───────────────── v0.3.1
 Installed IniFile ───────────────────── v0.5.0
 Installed Parsers ───────────────────── v0.3.10
 Installed TableTraitsUtils ──────────── v1.0.1
 Installed FilePathsBase ─────────────── v0.6.2
 Installed HTTP ──────────────────────── v0.8.8
 Installed MbedTLS ───────────────────── v0.7.0
 Installed DataStructures ────────────── v0.17.6
 Installed DataValues ────────────────── v0.4.12
 Installed URIParser ─────────────────── v0.4.0
 Installed Requires ──────────────────── v0.5.2
 Installed IterableTables ────────────── v1.0.0
 Installed DataValueInterfaces ───────── v1.0.0
 Installed TableTraits ───────────────── v1.0.0
 Installed JSONSchema ────────────────── v0.1.1
 Installed FilePaths ─────────────────── v0.8.0
 Installed NodeJS ────────────────────── v1.0.0
 Installed MacroTools ────────────────── v0.5.2
 Installed OrderedCollections ────────── v1.1.0
 Installed BinaryProvider ────────────── v0.5.8
 Installed Compat ────────────────────── v2.2.0
 Installed FileIO ────────────────────── v1.0.7
 Installed VegaLite ──────────────────── v0.7.0
  Updating `~/.julia/environments/v1.4/Project.toml`
  [5721bf48] + DataVoyager v0.3.1
  Updating `~/.julia/environments/v1.4/Manifest.toml`
  [b99e7846] + BinaryProvider v0.5.8
  [34da2185] + Compat v2.2.0
  [9a962f9c] + DataAPI v1.1.0
  [864edb3b] + DataStructures v0.17.6
  [e2d170a0] + DataValueInterfaces v1.0.0
  [e7dc6d0d] + DataValues v0.4.12
  [5721bf48] + DataVoyager v0.3.1
  [a1bb12fb] + Electron v1.1.0
  [5789e2e9] + FileIO v1.0.7
  [8fc22ac5] + FilePaths v0.8.0
  [48062228] + FilePathsBase v0.6.2
  [cd3eb016] + HTTP v0.8.8
  [83e8ac13] + IniFile v0.5.0
  [1c8ee90f] + IterableTables v1.0.0
  [82899510] + IteratorInterfaceExtensions v1.0.0
  [682c06a0] + JSON v0.21.0
  [7d188eb4] + JSONSchema v0.1.1
  [1914dd2f] + MacroTools v0.5.2
  [739be429] + MbedTLS v0.7.0
  [e1d29d7a] + Missings v0.4.3
  [2bd173c7] + NodeJS v1.0.0
  [bac558e1] + OrderedCollections v1.1.0
  [69de0a69] + Parsers v0.3.10
  [189a3867] + Reexport v0.2.0
  [ae029012] + Requires v0.5.2
  [3783bdb8] + TableTraits v1.0.0
  [382cd787] + TableTraitsUtils v1.0.1
  [30578b45] + URIParser v0.4.0
  [112f6efa] + VegaLite v0.7.0
  [2a0f44e3] + Base64 
  [ade2ca70] + Dates 
  [8bb1440f] + DelimitedFiles 
  [8ba89e20] + Distributed 
  [b77e0a4c] + InteractiveUtils 
  [76f85450] + LibGit2 
  [8f399da3] + Libdl 
  [37e2e46d] + LinearAlgebra 
  [56ddb016] + Logging 
  [d6f4376e] + Markdown 
  [a63ad114] + Mmap 
  [44cfe95a] + Pkg 
  [de0858da] + Printf 
  [3fa0cd96] + REPL 
  [9a3f8284] + Random 
  [ea8e919c] + SHA 
  [9e88b42a] + Serialization 
  [1a1011a3] + SharedArrays 
  [6462fe0b] + Sockets 
  [2f01184e] + SparseArrays 
  [10745b16] + Statistics 
  [8dfed614] + Test 
  [cf7118a7] + UUIDs 
  [4ec0a83e] + Unicode 
  Building MbedTLS ─→ `~/.julia/packages/MbedTLS/a1JFn/deps/build.log`
  Building NodeJS ──→ `~/.julia/packages/NodeJS/aDNbW/deps/build.log`
No changes
  Building VegaLite → `~/.julia/packages/VegaLite/sHyyT/deps/build.log`
┌ Error: Error building `VegaLite`: 
│ 
│ > canvas@2.5.0 install /root/.julia/packages/VegaLite/sHyyT/deps/node_modules/canvas
│ > node-pre-gyp install --fallback-to-build
│ 
│ sh: 1: node-pre-gyp: Permission denied
│ npm ERR! code ELIFECYCLE
│ npm ERR! syscall spawn
│ npm ERR! file sh
│ npm ERR! errno ENOENT
│ npm ERR! canvas@2.5.0 install: `node-pre-gyp install --fallback-to-build`
│ npm ERR! spawn ENOENT
│ npm ERR! 
│ npm ERR! Failed at the canvas@2.5.0 install script.
│ npm ERR! This is probably not a problem with npm. There is likely additional logging output above.
│ 
│ npm ERR! A complete log of this run can be found in:
│ npm ERR!     /root/.npm/_logs/2019-11-23T19_14_04_376Z-debug.log
│ ERROR: LoadError: failed process: Process(setenv(`/root/.julia/packages/NodeJS/aDNbW/deps/bin/node-v12.13.0-linux-x64/bin/node /root/.julia/packages/NodeJS/aDNbW/deps/bin/node-v12.13.0-linux-x64/bin/npm install --scripts-prepend-node-path=true --production --no-package-lock --no-optional`; dir="/root/.julia/packages/VegaLite/sHyyT/deps"), ProcessExited(1)) [1]
│ 
│ Stacktrace:
│  [1] pipeline_error at ./process.jl:525 [inlined]
│  [2] run(::Cmd; wait::Bool) at ./process.jl:440
│  [3] run(::Cmd) at ./process.jl:438
│  [4] top-level scope at /root/.julia/packages/VegaLite/sHyyT/deps/build.jl:4
│  [5] include(::String) at ./client.jl:439
│  [6] top-level scope at none:5
│ in expression starting at /root/.julia/packages/VegaLite/sHyyT/deps/build.jl:4
└ @ Pkg.Operations /buildworker/worker/package_linux64/build/usr/share/julia/stdlib/v1.4/Pkg/src/backwards_compatible_isolation.jl:601
  Building Electron → `~/.julia/packages/Electron/aRIgh/deps/build.log`
   Testing DataVoyager
Status `/tmp/jl_wa8f2u/Manifest.toml`
  [b99e7846] BinaryProvider v0.5.8
  [34da2185] Compat v2.2.0
  [9a962f9c] DataAPI v1.1.0
  [864edb3b] DataStructures v0.17.6
  [e2d170a0] DataValueInterfaces v1.0.0
  [e7dc6d0d] DataValues v0.4.12
  [5721bf48] DataVoyager v0.3.1
  [a1bb12fb] Electron v1.1.0
  [5789e2e9] FileIO v1.0.7
  [8fc22ac5] FilePaths v0.8.0
  [48062228] FilePathsBase v0.6.2
  [cd3eb016] HTTP v0.8.8
  [83e8ac13] IniFile v0.5.0
  [1c8ee90f] IterableTables v1.0.0
  [82899510] IteratorInterfaceExtensions v1.0.0
  [682c06a0] JSON v0.21.0
  [7d188eb4] JSONSchema v0.1.1
  [1914dd2f] MacroTools v0.5.2
  [739be429] MbedTLS v0.7.0
  [e1d29d7a] Missings v0.4.3
  [2bd173c7] NodeJS v1.0.0
  [bac558e1] OrderedCollections v1.1.0
  [69de0a69] Parsers v0.3.10
  [189a3867] Reexport v0.2.0
  [ae029012] Requires v0.5.2
  [3783bdb8] TableTraits v1.0.0
  [382cd787] TableTraitsUtils v1.0.1
  [30578b45] URIParser v0.4.0
  [112f6efa] VegaLite v0.7.0
  [2a0f44e3] Base64  [`@stdlib/Base64`]
  [ade2ca70] Dates  [`@stdlib/Dates`]
  [8bb1440f] DelimitedFiles  [`@stdlib/DelimitedFiles`]
  [8ba89e20] Distributed  [`@stdlib/Distributed`]
  [b77e0a4c] InteractiveUtils  [`@stdlib/InteractiveUtils`]
  [76f85450] LibGit2  [`@stdlib/LibGit2`]
  [8f399da3] Libdl  [`@stdlib/Libdl`]
  [37e2e46d] LinearAlgebra  [`@stdlib/LinearAlgebra`]
  [56ddb016] Logging  [`@stdlib/Logging`]
  [d6f4376e] Markdown  [`@stdlib/Markdown`]
  [a63ad114] Mmap  [`@stdlib/Mmap`]
  [44cfe95a] Pkg  [`@stdlib/Pkg`]
  [de0858da] Printf  [`@stdlib/Printf`]
  [3fa0cd96] REPL  [`@stdlib/REPL`]
  [9a3f8284] Random  [`@stdlib/Random`]
  [ea8e919c] SHA  [`@stdlib/SHA`]
  [9e88b42a] Serialization  [`@stdlib/Serialization`]
  [1a1011a3] SharedArrays  [`@stdlib/SharedArrays`]
  [6462fe0b] Sockets  [`@stdlib/Sockets`]
  [2f01184e] SparseArrays  [`@stdlib/SparseArrays`]
  [10745b16] Statistics  [`@stdlib/Statistics`]
  [8dfed614] Test  [`@stdlib/Test`]
  [cf7118a7] UUIDs  [`@stdlib/UUIDs`]
  [4ec0a83e] Unicode  [`@stdlib/Unicode`]
/root/.julia/packages/Electron/aRIgh/src/../deps/electron/electron: error while loading shared libraries: libnss3.so: cannot open shared object file: No such file or directory
