 Resolving package versions...
 Installed Requires ────────── v0.5.2
 Installed AbstractLattices ── v0.1.2
 Installed Reexport ────────── v0.2.0
 Installed Leibniz ─────────── v0.0.3
 Installed DirectSum ───────── v0.4.2
 Installed ForceImport ─────── v0.0.3
 Installed Fatou ───────────── v1.1.0
 Installed FixedPointNumbers ─ v0.6.1
 Installed LaTeXStrings ────── v1.0.3
 Installed SyntaxTree ──────── v1.0.1
 Installed Compat ──────────── v2.2.0
 Installed AbstractTensors ─── v0.3.0
 Installed Reduce ──────────── v1.2.3
 Installed StaticArrays ────── v0.12.1
 Installed ColorTypes ──────── v0.8.0
 Installed Colors ──────────── v0.9.6
 Installed ColorSchemes ────── v3.5.0
  Updating `~/.julia/environments/v1.2/Project.toml`
  [5f923234] + Fatou v1.1.0
  Updating `~/.julia/environments/v1.2/Manifest.toml`
  [398f06c4] + AbstractLattices v0.1.2
  [a8e43f4a] + AbstractTensors v0.3.0
  [35d6a980] + ColorSchemes v3.5.0
  [3da002f7] + ColorTypes v0.8.0
  [5ae59095] + Colors v0.9.6
  [34da2185] + Compat v2.2.0
  [22fd7b30] + DirectSum v0.4.2
  [5f923234] + Fatou v1.1.0
  [53c48c17] + FixedPointNumbers v0.6.1
  [9dda63f9] + ForceImport v0.0.3
  [b964fa9f] + LaTeXStrings v1.0.3
  [edad4870] + Leibniz v0.0.3
  [93e0c654] + Reduce v1.2.3
  [189a3867] + Reexport v0.2.0
  [ae029012] + Requires v0.5.2
  [90137ffa] + StaticArrays v0.12.1
  [a4af3ec5] + SyntaxTree v1.0.1
  [2a0f44e3] + Base64 
  [ade2ca70] + Dates 
  [8bb1440f] + DelimitedFiles 
  [8ba89e20] + Distributed 
  [b77e0a4c] + InteractiveUtils 
  [76f85450] + LibGit2 
  [8f399da3] + Libdl 
  [37e2e46d] + LinearAlgebra 
  [56ddb016] + Logging 
  [d6f4376e] + Markdown 
  [a63ad114] + Mmap 
  [44cfe95a] + Pkg 
  [de0858da] + Printf 
  [3fa0cd96] + REPL 
  [9a3f8284] + Random 
  [ea8e919c] + SHA 
  [9e88b42a] + Serialization 
  [1a1011a3] + SharedArrays 
  [6462fe0b] + Sockets 
  [2f01184e] + SparseArrays 
  [10745b16] + Statistics 
  [8dfed614] + Test 
  [cf7118a7] + UUIDs 
  [4ec0a83e] + Unicode 
  Building Reduce → `~/.julia/packages/Reduce/4dmwd/deps/build.log`
   Testing Fatou
    Status `/tmp/jl_sIfasJ/Manifest.toml`
  [398f06c4] AbstractLattices v0.1.2
  [a8e43f4a] AbstractTensors v0.3.0
  [35d6a980] ColorSchemes v3.5.0
  [3da002f7] ColorTypes v0.8.0
  [5ae59095] Colors v0.9.6
  [34da2185] Compat v2.2.0
  [22fd7b30] DirectSum v0.4.2
  [5f923234] Fatou v1.1.0
  [53c48c17] FixedPointNumbers v0.6.1
  [9dda63f9] ForceImport v0.0.3
  [b964fa9f] LaTeXStrings v1.0.3
  [edad4870] Leibniz v0.0.3
  [93e0c654] Reduce v1.2.3
  [189a3867] Reexport v0.2.0
  [ae029012] Requires v0.5.2
  [90137ffa] StaticArrays v0.12.1
  [a4af3ec5] SyntaxTree v1.0.1
  [2a0f44e3] Base64  [`@stdlib/Base64`]
  [ade2ca70] Dates  [`@stdlib/Dates`]
  [8bb1440f] DelimitedFiles  [`@stdlib/DelimitedFiles`]
  [8ba89e20] Distributed  [`@stdlib/Distributed`]
  [b77e0a4c] InteractiveUtils  [`@stdlib/InteractiveUtils`]
  [76f85450] LibGit2  [`@stdlib/LibGit2`]
  [8f399da3] Libdl  [`@stdlib/Libdl`]
  [37e2e46d] LinearAlgebra  [`@stdlib/LinearAlgebra`]
  [56ddb016] Logging  [`@stdlib/Logging`]
  [d6f4376e] Markdown  [`@stdlib/Markdown`]
  [a63ad114] Mmap  [`@stdlib/Mmap`]
  [44cfe95a] Pkg  [`@stdlib/Pkg`]
  [de0858da] Printf  [`@stdlib/Printf`]
  [3fa0cd96] REPL  [`@stdlib/REPL`]
  [9a3f8284] Random  [`@stdlib/Random`]
  [ea8e919c] SHA  [`@stdlib/SHA`]
  [9e88b42a] Serialization  [`@stdlib/Serialization`]
  [1a1011a3] SharedArrays  [`@stdlib/SharedArrays`]
  [6462fe0b] Sockets  [`@stdlib/Sockets`]
  [2f01184e] SparseArrays  [`@stdlib/SparseArrays`]
  [10745b16] Statistics  [`@stdlib/Statistics`]
  [8dfed614] Test  [`@stdlib/Test`]
  [cf7118a7] UUIDs  [`@stdlib/UUIDs`]
  [4ec0a83e] Unicode  [`@stdlib/Unicode`]
/root/.julia/packages/Reduce/4dmwd/deps/usr/lib/reduce/cslbuild/csl/reduce: error while loading shared libraries: libXft.so.2: cannot open shared object file: No such file or directory
/root/.julia/packages/Reduce/4dmwd/deps/usr/lib/reduce/cslbuild/csl/reduce: error while loading shared libraries: libXft.so.2: cannot open shared object file: No such file or directory
Fatou detected 1 julia threads.
ERROR: LoadError: IOError: write: broken pipe (EPIPE)
Stacktrace:
 [1] try_yieldto(::typeof(Base.ensure_rescheduled), ::Base.RefValue{Task}) at ./task.jl:517
 [2] wait() at ./task.jl:592
 [3] uv_write(::Base.PipeEndpoint, ::Ptr{UInt8}, ::UInt64) at ./stream.jl:883
 [4] unsafe_write(::Base.PipeEndpoint, ::Ptr{UInt8}, ::UInt64) at ./stream.jl:931
 [5] unsafe_write at ./io.jl:238 [inlined]
 [6] macro expansion at ./gcutils.jl:87 [inlined]
 [7] write at ./strings/io.jl:177 [inlined]
 [8] clear at /root/.julia/packages/Reduce/4dmwd/src/Reduce.jl:76 [inlined]
 [9] write(::Reduce.PSL, ::String) at /root/.julia/packages/Reduce/4dmwd/src/Reduce.jl:83
 [10] #rcall#40(::Array{Symbol,1}, ::Array{Symbol,1}, ::typeof(Reduce.rcall), ::Reduce.RExpr) at /root/.julia/packages/Reduce/4dmwd/src/rexpr.jl:464
 [11] (::getfield(Reduce, Symbol("#kw##rcall")))(::NamedTuple{(:on, :off),Tuple{Array{Symbol,1},Array{Symbol,1}}}, ::typeof(Reduce.rcall), ::Reduce.RExpr) at ./none:0
 [12] #rcall#41(::Array{Symbol,1}, ::Array{Symbol,1}, ::typeof(Reduce.rcall), ::String) at /root/.julia/packages/Reduce/4dmwd/src/rexpr.jl:498
 [13] rcall at /root/.julia/packages/Reduce/4dmwd/src/rexpr.jl:498 [inlined]
 [14] |> at ./operators.jl:854 [inlined]
 [15] load_package(::Symbol) at /root/.julia/packages/Reduce/4dmwd/src/Reduce.jl:283
 [16] top-level scope at /root/.julia/packages/Fatou/jOP9J/test/runtests.jl:6
 [17] include at ./boot.jl:328 [inlined]
 [18] include_relative(::Module, ::String) at ./loading.jl:1094
 [19] include(::Module, ::String) at ./Base.jl:31
 [20] include(::String) at ./client.jl:431
 [21] top-level scope at none:5
in expression starting at /root/.julia/packages/Fatou/jOP9J/test/runtests.jl:6
ERROR: Package Fatou errored during testing
Stacktrace:
 [1] pkgerror(::String, ::Vararg{String,N} where N) at /buildworker/worker/package_linux64/build/usr/share/julia/stdlib/v1.2/Pkg/src/Types.jl:112
 [2] #test#119(::Bool, ::Nothing, ::typeof(Pkg.Operations.test), ::Pkg.Types.Context, ::Array{Pkg.Types.PackageSpec,1}) at /buildworker/worker/package_linux64/build/usr/share/julia/stdlib/v1.2/Pkg/src/Operations.jl:1288
 [3] #test at ./none:0 [inlined]
 [4] #test#62(::Bool, ::Nothing, ::Base.Iterators.Pairs{Union{},Union{},Tuple{},NamedTuple{(),Tuple{}}}, ::typeof(Pkg.API.test), ::Pkg.Types.Context, ::Array{Pkg.Types.PackageSpec,1}) at /buildworker/worker/package_linux64/build/usr/share/julia/stdlib/v1.2/Pkg/src/API.jl:245
 [5] test at /buildworker/worker/package_linux64/build/usr/share/julia/stdlib/v1.2/Pkg/src/API.jl:233 [inlined]
 [6] #test#61 at /buildworker/worker/package_linux64/build/usr/share/julia/stdlib/v1.2/Pkg/src/API.jl:230 [inlined]
 [7] test at /buildworker/worker/package_linux64/build/usr/share/julia/stdlib/v1.2/Pkg/src/API.jl:230 [inlined]
 [8] #test#60 at /buildworker/worker/package_linux64/build/usr/share/julia/stdlib/v1.2/Pkg/src/API.jl:229 [inlined]
 [9] test at /buildworker/worker/package_linux64/build/usr/share/julia/stdlib/v1.2/Pkg/src/API.jl:229 [inlined]
 [10] #test#59(::Base.Iterators.Pairs{Union{},Union{},Tuple{},NamedTuple{(),Tuple{}}}, ::typeof(Pkg.API.test), ::String) at /buildworker/worker/package_linux64/build/usr/share/julia/stdlib/v1.2/Pkg/src/API.jl:228
 [11] test(::String) at /buildworker/worker/package_linux64/build/usr/share/julia/stdlib/v1.2/Pkg/src/API.jl:228
 [12] top-level scope at none:10
