 Resolving package versions...
 Installed DataAPI â”€â”€â”€â”€â”€â”€â”€â”€â”€â”€â”€â”€â”€â”€â”€â”€â”€â”€â”€â”€â”€ v1.1.0
 Installed StatsKit â”€â”€â”€â”€â”€â”€â”€â”€â”€â”€â”€â”€â”€â”€â”€â”€â”€â”€â”€â”€ v0.3.0
 Installed Missings â”€â”€â”€â”€â”€â”€â”€â”€â”€â”€â”€â”€â”€â”€â”€â”€â”€â”€â”€â”€ v0.4.3
 Installed TableTraits â”€â”€â”€â”€â”€â”€â”€â”€â”€â”€â”€â”€â”€â”€â”€â”€â”€ v1.0.0
 Installed NearestNeighbors â”€â”€â”€â”€â”€â”€â”€â”€â”€â”€â”€â”€ v0.4.3
 Installed LineSearches â”€â”€â”€â”€â”€â”€â”€â”€â”€â”€â”€â”€â”€â”€â”€â”€ v7.0.1
 Installed DataFrames â”€â”€â”€â”€â”€â”€â”€â”€â”€â”€â”€â”€â”€â”€â”€â”€â”€â”€ v0.19.4
 Installed AbstractFFTs â”€â”€â”€â”€â”€â”€â”€â”€â”€â”€â”€â”€â”€â”€â”€â”€ v0.5.0
 Installed PDMats â”€â”€â”€â”€â”€â”€â”€â”€â”€â”€â”€â”€â”€â”€â”€â”€â”€â”€â”€â”€â”€â”€ v0.9.10
 Installed BinaryProvider â”€â”€â”€â”€â”€â”€â”€â”€â”€â”€â”€â”€â”€â”€ v0.5.8
 Installed StatsFuns â”€â”€â”€â”€â”€â”€â”€â”€â”€â”€â”€â”€â”€â”€â”€â”€â”€â”€â”€ v0.9.0
 Installed CommonSubexpressions â”€â”€â”€â”€â”€â”€â”€â”€ v0.2.0
 Installed StatsBase â”€â”€â”€â”€â”€â”€â”€â”€â”€â”€â”€â”€â”€â”€â”€â”€â”€â”€â”€ v0.32.0
 Installed Conda â”€â”€â”€â”€â”€â”€â”€â”€â”€â”€â”€â”€â”€â”€â”€â”€â”€â”€â”€â”€â”€â”€â”€ v1.3.0
 Installed URIParser â”€â”€â”€â”€â”€â”€â”€â”€â”€â”€â”€â”€â”€â”€â”€â”€â”€â”€â”€ v0.4.0
 Installed AxisAlgorithms â”€â”€â”€â”€â”€â”€â”€â”€â”€â”€â”€â”€â”€â”€ v1.0.0
 Installed Polynomials â”€â”€â”€â”€â”€â”€â”€â”€â”€â”€â”€â”€â”€â”€â”€â”€â”€ v0.6.0
 Installed NLSolversBase â”€â”€â”€â”€â”€â”€â”€â”€â”€â”€â”€â”€â”€â”€â”€ v7.5.0
 Installed DataValueInterfaces â”€â”€â”€â”€â”€â”€â”€â”€â”€ v1.0.0
 Installed TimeSeries â”€â”€â”€â”€â”€â”€â”€â”€â”€â”€â”€â”€â”€â”€â”€â”€â”€â”€ v0.16.1
 Installed HypothesisTests â”€â”€â”€â”€â”€â”€â”€â”€â”€â”€â”€â”€â”€ v0.8.0
 Installed Requires â”€â”€â”€â”€â”€â”€â”€â”€â”€â”€â”€â”€â”€â”€â”€â”€â”€â”€â”€â”€ v0.5.2
 Installed InvertedIndices â”€â”€â”€â”€â”€â”€â”€â”€â”€â”€â”€â”€â”€ v1.0.0
 Installed PooledArrays â”€â”€â”€â”€â”€â”€â”€â”€â”€â”€â”€â”€â”€â”€â”€â”€ v0.5.2
 Installed Reexport â”€â”€â”€â”€â”€â”€â”€â”€â”€â”€â”€â”€â”€â”€â”€â”€â”€â”€â”€â”€ v0.2.0
 Installed Compat â”€â”€â”€â”€â”€â”€â”€â”€â”€â”€â”€â”€â”€â”€â”€â”€â”€â”€â”€â”€â”€â”€ v2.2.0
 Installed OffsetArrays â”€â”€â”€â”€â”€â”€â”€â”€â”€â”€â”€â”€â”€â”€â”€â”€ v0.11.1
 Installed Rmath â”€â”€â”€â”€â”€â”€â”€â”€â”€â”€â”€â”€â”€â”€â”€â”€â”€â”€â”€â”€â”€â”€â”€ v0.5.1
 Installed ForwardDiff â”€â”€â”€â”€â”€â”€â”€â”€â”€â”€â”€â”€â”€â”€â”€â”€â”€ v0.10.6
 Installed OrderedCollections â”€â”€â”€â”€â”€â”€â”€â”€â”€â”€ v1.1.0
 Installed GLM â”€â”€â”€â”€â”€â”€â”€â”€â”€â”€â”€â”€â”€â”€â”€â”€â”€â”€â”€â”€â”€â”€â”€â”€â”€ v1.3.4
 Installed Tables â”€â”€â”€â”€â”€â”€â”€â”€â”€â”€â”€â”€â”€â”€â”€â”€â”€â”€â”€â”€â”€â”€ v0.2.11
 Installed FilePathsBase â”€â”€â”€â”€â”€â”€â”€â”€â”€â”€â”€â”€â”€â”€â”€ v0.7.0
 Installed Loess â”€â”€â”€â”€â”€â”€â”€â”€â”€â”€â”€â”€â”€â”€â”€â”€â”€â”€â”€â”€â”€â”€â”€ v0.5.0
 Installed KernelDensity â”€â”€â”€â”€â”€â”€â”€â”€â”€â”€â”€â”€â”€â”€â”€ v0.5.1
 Installed Calculus â”€â”€â”€â”€â”€â”€â”€â”€â”€â”€â”€â”€â”€â”€â”€â”€â”€â”€â”€â”€ v0.5.1
 Installed RecipesBase â”€â”€â”€â”€â”€â”€â”€â”€â”€â”€â”€â”€â”€â”€â”€â”€â”€ v0.7.0
 Installed Combinatorics â”€â”€â”€â”€â”€â”€â”€â”€â”€â”€â”€â”€â”€â”€â”€ v0.7.0
 Installed Bootstrap â”€â”€â”€â”€â”€â”€â”€â”€â”€â”€â”€â”€â”€â”€â”€â”€â”€â”€â”€ v2.2.0
 Installed WeakRefStrings â”€â”€â”€â”€â”€â”€â”€â”€â”€â”€â”€â”€â”€â”€ v0.6.1
 Installed DataStructures â”€â”€â”€â”€â”€â”€â”€â”€â”€â”€â”€â”€â”€â”€ v0.17.6
 Installed Roots â”€â”€â”€â”€â”€â”€â”€â”€â”€â”€â”€â”€â”€â”€â”€â”€â”€â”€â”€â”€â”€â”€â”€ v0.8.3
 Installed Parsers â”€â”€â”€â”€â”€â”€â”€â”€â”€â”€â”€â”€â”€â”€â”€â”€â”€â”€â”€â”€â”€ v0.3.10
 Installed Distributions â”€â”€â”€â”€â”€â”€â”€â”€â”€â”€â”€â”€â”€â”€â”€ v0.21.8
 Installed ShiftedArrays â”€â”€â”€â”€â”€â”€â”€â”€â”€â”€â”€â”€â”€â”€â”€ v1.0.0
 Installed FillArrays â”€â”€â”€â”€â”€â”€â”€â”€â”€â”€â”€â”€â”€â”€â”€â”€â”€â”€ v0.7.4
 Installed DiffRules â”€â”€â”€â”€â”€â”€â”€â”€â”€â”€â”€â”€â”€â”€â”€â”€â”€â”€â”€ v0.1.0
 Installed MultivariateStats â”€â”€â”€â”€â”€â”€â”€â”€â”€â”€â”€ v0.7.0
 Installed DiffEqDiffTools â”€â”€â”€â”€â”€â”€â”€â”€â”€â”€â”€â”€â”€ v1.4.0
 Installed CSV â”€â”€â”€â”€â”€â”€â”€â”€â”€â”€â”€â”€â”€â”€â”€â”€â”€â”€â”€â”€â”€â”€â”€â”€â”€ v0.5.18
 Installed Ratios â”€â”€â”€â”€â”€â”€â”€â”€â”€â”€â”€â”€â”€â”€â”€â”€â”€â”€â”€â”€â”€â”€ v0.3.1
 Installed JSON â”€â”€â”€â”€â”€â”€â”€â”€â”€â”€â”€â”€â”€â”€â”€â”€â”€â”€â”€â”€â”€â”€â”€â”€ v0.21.0
 Installed ArrayInterface â”€â”€â”€â”€â”€â”€â”€â”€â”€â”€â”€â”€â”€â”€ v1.2.1
 Installed StatsModels â”€â”€â”€â”€â”€â”€â”€â”€â”€â”€â”€â”€â”€â”€â”€â”€â”€ v0.6.7
 Installed NaNMath â”€â”€â”€â”€â”€â”€â”€â”€â”€â”€â”€â”€â”€â”€â”€â”€â”€â”€â”€â”€â”€ v0.3.3
 Installed StaticArrays â”€â”€â”€â”€â”€â”€â”€â”€â”€â”€â”€â”€â”€â”€â”€â”€ v0.12.1
 Installed DiffResults â”€â”€â”€â”€â”€â”€â”€â”€â”€â”€â”€â”€â”€â”€â”€â”€â”€ v0.0.4
 Installed FFTW â”€â”€â”€â”€â”€â”€â”€â”€â”€â”€â”€â”€â”€â”€â”€â”€â”€â”€â”€â”€â”€â”€â”€â”€ v1.1.0
 Installed Parameters â”€â”€â”€â”€â”€â”€â”€â”€â”€â”€â”€â”€â”€â”€â”€â”€â”€â”€ v0.12.0
 Installed IteratorInterfaceExtensions â”€ v1.0.0
 Installed QuadGK â”€â”€â”€â”€â”€â”€â”€â”€â”€â”€â”€â”€â”€â”€â”€â”€â”€â”€â”€â”€â”€â”€ v2.1.1
 Installed WoodburyMatrices â”€â”€â”€â”€â”€â”€â”€â”€â”€â”€â”€â”€ v0.4.1
 Installed SortingAlgorithms â”€â”€â”€â”€â”€â”€â”€â”€â”€â”€â”€ v0.3.1
 Installed CategoricalArrays â”€â”€â”€â”€â”€â”€â”€â”€â”€â”€â”€ v0.7.3
 Installed LazyArrays â”€â”€â”€â”€â”€â”€â”€â”€â”€â”€â”€â”€â”€â”€â”€â”€â”€â”€ v0.13.1
 Installed Distances â”€â”€â”€â”€â”€â”€â”€â”€â”€â”€â”€â”€â”€â”€â”€â”€â”€â”€â”€ v0.8.2
 Installed PositiveFactorizations â”€â”€â”€â”€â”€â”€ v0.2.3
 Installed MacroTools â”€â”€â”€â”€â”€â”€â”€â”€â”€â”€â”€â”€â”€â”€â”€â”€â”€â”€ v0.5.2
 Installed SpecialFunctions â”€â”€â”€â”€â”€â”€â”€â”€â”€â”€â”€â”€ v0.8.0
 Installed Clustering â”€â”€â”€â”€â”€â”€â”€â”€â”€â”€â”€â”€â”€â”€â”€â”€â”€â”€ v0.13.3
 Installed BinDeps â”€â”€â”€â”€â”€â”€â”€â”€â”€â”€â”€â”€â”€â”€â”€â”€â”€â”€â”€â”€â”€ v0.8.10
 Installed Arpack â”€â”€â”€â”€â”€â”€â”€â”€â”€â”€â”€â”€â”€â”€â”€â”€â”€â”€â”€â”€â”€â”€ v0.3.1
 Installed Optim â”€â”€â”€â”€â”€â”€â”€â”€â”€â”€â”€â”€â”€â”€â”€â”€â”€â”€â”€â”€â”€â”€â”€ v0.19.4
 Installed Interpolations â”€â”€â”€â”€â”€â”€â”€â”€â”€â”€â”€â”€â”€â”€ v0.12.5
 Installed VersionParsing â”€â”€â”€â”€â”€â”€â”€â”€â”€â”€â”€â”€â”€â”€ v1.1.3
  Updating `~/.julia/environments/v1.2/Project.toml`
  [2cb19f9e] + StatsKit v0.3.0
  Updating `~/.julia/environments/v1.2/Manifest.toml`
  [621f4979] + AbstractFFTs v0.5.0
  [7d9fca2a] + Arpack v0.3.1
  [4fba245c] + ArrayInterface v1.2.1
  [13072b0f] + AxisAlgorithms v1.0.0
  [9e28174c] + BinDeps v0.8.10
  [b99e7846] + BinaryProvider v0.5.8
  [e28b5b4c] + Bootstrap v2.2.0
  [336ed68f] + CSV v0.5.18
  [49dc2e85] + Calculus v0.5.1
  [324d7699] + CategoricalArrays v0.7.3
  [aaaa29a8] + Clustering v0.13.3
  [861a8166] + Combinatorics v0.7.0
  [bbf7d656] + CommonSubexpressions v0.2.0
  [34da2185] + Compat v2.2.0
  [8f4d0f93] + Conda v1.3.0
  [9a962f9c] + DataAPI v1.1.0
  [a93c6f00] + DataFrames v0.19.4
  [864edb3b] + DataStructures v0.17.6
  [e2d170a0] + DataValueInterfaces v1.0.0
  [01453d9d] + DiffEqDiffTools v1.4.0
  [163ba53b] + DiffResults v0.0.4
  [b552c78f] + DiffRules v0.1.0
  [b4f34e82] + Distances v0.8.2
  [31c24e10] + Distributions v0.21.8
  [7a1cc6ca] + FFTW v1.1.0
  [48062228] + FilePathsBase v0.7.0
  [1a297f60] + FillArrays v0.7.4
  [f6369f11] + ForwardDiff v0.10.6
  [38e38edf] + GLM v1.3.4
  [09f84164] + HypothesisTests v0.8.0
  [a98d9a8b] + Interpolations v0.12.5
  [41ab1584] + InvertedIndices v1.0.0
  [82899510] + IteratorInterfaceExtensions v1.0.0
  [682c06a0] + JSON v0.21.0
  [5ab0869b] + KernelDensity v0.5.1
  [5078a376] + LazyArrays v0.13.1
  [d3d80556] + LineSearches v7.0.1
  [4345ca2d] + Loess v0.5.0
  [1914dd2f] + MacroTools v0.5.2
  [e1d29d7a] + Missings v0.4.3
  [6f286f6a] + MultivariateStats v0.7.0
  [d41bc354] + NLSolversBase v7.5.0
  [77ba4419] + NaNMath v0.3.3
  [b8a86587] + NearestNeighbors v0.4.3
  [6fe1bfb0] + OffsetArrays v0.11.1
  [429524aa] + Optim v0.19.4
  [bac558e1] + OrderedCollections v1.1.0
  [90014a1f] + PDMats v0.9.10
  [d96e819e] + Parameters v0.12.0
  [69de0a69] + Parsers v0.3.10
  [f27b6e38] + Polynomials v0.6.0
  [2dfb63ee] + PooledArrays v0.5.2
  [85a6dd25] + PositiveFactorizations v0.2.3
  [1fd47b50] + QuadGK v2.1.1
  [c84ed2f1] + Ratios v0.3.1
  [3cdcf5f2] + RecipesBase v0.7.0
  [189a3867] + Reexport v0.2.0
  [ae029012] + Requires v0.5.2
  [79098fc4] + Rmath v0.5.1
  [f2b01f46] + Roots v0.8.3
  [1277b4bf] + ShiftedArrays v1.0.0
  [a2af1166] + SortingAlgorithms v0.3.1
  [276daf66] + SpecialFunctions v0.8.0
  [90137ffa] + StaticArrays v0.12.1
  [2913bbd2] + StatsBase v0.32.0
  [4c63d2b9] + StatsFuns v0.9.0
  [2cb19f9e] + StatsKit v0.3.0
  [3eaba693] + StatsModels v0.6.7
  [3783bdb8] + TableTraits v1.0.0
  [bd369af6] + Tables v0.2.11
  [9e3dc215] + TimeSeries v0.16.1
  [30578b45] + URIParser v0.4.0
  [81def892] + VersionParsing v1.1.3
  [ea10d353] + WeakRefStrings v0.6.1
  [efce3f68] + WoodburyMatrices v0.4.1
  [2a0f44e3] + Base64 
  [ade2ca70] + Dates 
  [8bb1440f] + DelimitedFiles 
  [8ba89e20] + Distributed 
  [9fa8497b] + Future 
  [b77e0a4c] + InteractiveUtils 
  [76f85450] + LibGit2 
  [8f399da3] + Libdl 
  [37e2e46d] + LinearAlgebra 
  [56ddb016] + Logging 
  [d6f4376e] + Markdown 
  [a63ad114] + Mmap 
  [44cfe95a] + Pkg 
  [de0858da] + Printf 
  [3fa0cd96] + REPL 
  [9a3f8284] + Random 
  [ea8e919c] + SHA 
  [9e88b42a] + Serialization 
  [1a1011a3] + SharedArrays 
  [6462fe0b] + Sockets 
  [2f01184e] + SparseArrays 
  [10745b16] + Statistics 
  [4607b0f0] + SuiteSparse 
  [8dfed614] + Test 
  [cf7118a7] + UUIDs 
  [4ec0a83e] + Unicode 
  Building Conda â”€â”€â”€â”€â”€â”€â”€â”€â”€â”€â”€â†’ `~/.julia/packages/Conda/kLXeC/deps/build.log`
  Building Rmath â”€â”€â”€â”€â”€â”€â”€â”€â”€â”€â”€â†’ `~/.julia/packages/Rmath/4wt82/deps/build.log`
  Building FFTW â”€â”€â”€â”€â”€â”€â”€â”€â”€â”€â”€â”€â†’ `~/.julia/packages/FFTW/loJ3F/deps/build.log`
  Building SpecialFunctions â†’ `~/.julia/packages/SpecialFunctions/ne2iw/deps/build.log`
  Building Arpack â”€â”€â”€â”€â”€â”€â”€â”€â”€â”€â†’ `~/.julia/packages/Arpack/cu5By/deps/build.log`
   Testing StatsKit
    Status `/tmp/jl_2Qtp7Z/Manifest.toml`
  [621f4979] AbstractFFTs v0.5.0
  [7d9fca2a] Arpack v0.3.1
  [4fba245c] ArrayInterface v1.2.1
  [13072b0f] AxisAlgorithms v1.0.0
  [9e28174c] BinDeps v0.8.10
  [b99e7846] BinaryProvider v0.5.8
  [e28b5b4c] Bootstrap v2.2.0
  [336ed68f] CSV v0.5.18
  [49dc2e85] Calculus v0.5.1
  [324d7699] CategoricalArrays v0.7.3
  [aaaa29a8] Clustering v0.13.3
  [861a8166] Combinatorics v0.7.0
  [bbf7d656] CommonSubexpressions v0.2.0
  [34da2185] Compat v2.2.0
  [8f4d0f93] Conda v1.3.0
  [9a962f9c] DataAPI v1.1.0
  [a93c6f00] DataFrames v0.19.4
  [864edb3b] DataStructures v0.17.6
  [e2d170a0] DataValueInterfaces v1.0.0
  [01453d9d] DiffEqDiffTools v1.4.0
  [163ba53b] DiffResults v0.0.4
  [b552c78f] DiffRules v0.1.0
  [b4f34e82] Distances v0.8.2
  [31c24e10] Distributions v0.21.8
  [7a1cc6ca] FFTW v1.1.0
  [48062228] FilePathsBase v0.7.0
  [1a297f60] FillArrays v0.7.4
  [f6369f11] ForwardDiff v0.10.6
  [38e38edf] GLM v1.3.4
  [09f84164] HypothesisTests v0.8.0
  [a98d9a8b] Interpolations v0.12.5
  [41ab1584] InvertedIndices v1.0.0
  [82899510] IteratorInterfaceExtensions v1.0.0
  [682c06a0] JSON v0.21.0
  [5ab0869b] KernelDensity v0.5.1
  [5078a376] LazyArrays v0.13.1
  [d3d80556] LineSearches v7.0.1
  [4345ca2d] Loess v0.5.0
  [1914dd2f] MacroTools v0.5.2
  [e1d29d7a] Missings v0.4.3
  [6f286f6a] MultivariateStats v0.7.0
  [d41bc354] NLSolversBase v7.5.0
  [77ba4419] NaNMath v0.3.3
  [b8a86587] NearestNeighbors v0.4.3
  [6fe1bfb0] OffsetArrays v0.11.1
  [429524aa] Optim v0.19.4
  [bac558e1] OrderedCollections v1.1.0
  [90014a1f] PDMats v0.9.10
  [d96e819e] Parameters v0.12.0
  [69de0a69] Parsers v0.3.10
  [f27b6e38] Polynomials v0.6.0
  [2dfb63ee] PooledArrays v0.5.2
  [85a6dd25] PositiveFactorizations v0.2.3
  [1fd47b50] QuadGK v2.1.1
  [c84ed2f1] Ratios v0.3.1
  [3cdcf5f2] RecipesBase v0.7.0
  [189a3867] Reexport v0.2.0
  [ae029012] Requires v0.5.2
  [79098fc4] Rmath v0.5.1
  [f2b01f46] Roots v0.8.3
  [1277b4bf] ShiftedArrays v1.0.0
  [a2af1166] SortingAlgorithms v0.3.1
  [276daf66] SpecialFunctions v0.8.0
  [90137ffa] StaticArrays v0.12.1
  [2913bbd2] StatsBase v0.32.0
  [4c63d2b9] StatsFuns v0.9.0
  [2cb19f9e] StatsKit v0.3.0
  [3eaba693] StatsModels v0.6.7
  [3783bdb8] TableTraits v1.0.0
  [bd369af6] Tables v0.2.11
  [9e3dc215] TimeSeries v0.16.1
  [30578b45] URIParser v0.4.0
  [81def892] VersionParsing v1.1.3
  [ea10d353] WeakRefStrings v0.6.1
  [efce3f68] WoodburyMatrices v0.4.1
  [2a0f44e3] Base64  [`@stdlib/Base64`]
  [ade2ca70] Dates  [`@stdlib/Dates`]
  [8bb1440f] DelimitedFiles  [`@stdlib/DelimitedFiles`]
  [8ba89e20] Distributed  [`@stdlib/Distributed`]
  [9fa8497b] Future  [`@stdlib/Future`]
  [b77e0a4c] InteractiveUtils  [`@stdlib/InteractiveUtils`]
  [76f85450] LibGit2  [`@stdlib/LibGit2`]
  [8f399da3] Libdl  [`@stdlib/Libdl`]
  [37e2e46d] LinearAlgebra  [`@stdlib/LinearAlgebra`]
  [56ddb016] Logging  [`@stdlib/Logging`]
  [d6f4376e] Markdown  [`@stdlib/Markdown`]
  [a63ad114] Mmap  [`@stdlib/Mmap`]
  [44cfe95a] Pkg  [`@stdlib/Pkg`]
  [de0858da] Printf  [`@stdlib/Printf`]
  [3fa0cd96] REPL  [`@stdlib/REPL`]
  [9a3f8284] Random  [`@stdlib/Random`]
  [ea8e919c] SHA  [`@stdlib/SHA`]
  [9e88b42a] Serialization  [`@stdlib/Serialization`]
  [1a1011a3] SharedArrays  [`@stdlib/SharedArrays`]
  [6462fe0b] Sockets  [`@stdlib/Sockets`]
  [2f01184e] SparseArrays  [`@stdlib/SparseArrays`]
  [10745b16] Statistics  [`@stdlib/Statistics`]
  [4607b0f0] SuiteSparse  [`@stdlib/SuiteSparse`]
  [8dfed614] Test  [`@stdlib/Test`]
  [cf7118a7] UUIDs  [`@stdlib/UUIDs`]
  [4ec0a83e] Unicode  [`@stdlib/Unicode`]
  Updating registry at `~/.julia/registries/General`
  Updating git-repo `https://github.com/JuliaRegistries/General.git`
[?25l[2K[?25hâ”Œ Warning: Some registries failed to update:
â”‚     â€” /root/.julia/registries/General â€” failed to fetch from repo
â”” @ Pkg.Types /buildworker/worker/package_linux64/build/usr/share/julia/stdlib/v1.2/Pkg/src/Types.jl:1171
   Testing Bootstrap
 Resolving package versions...
 Installed Mocking â”€â”€â”€â”€â”€â”€â”€â”€â”€â”€â”€â”€ v0.7.0
 Installed ArrayLayouts â”€â”€â”€â”€â”€â”€â”€ v0.1.5
 Installed FillArrays â”€â”€â”€â”€â”€â”€â”€â”€â”€ v0.8.2
 Installed CodecZlib â”€â”€â”€â”€â”€â”€â”€â”€â”€â”€ v0.6.0
 Installed TranscodingStreams â”€ v0.9.5
 Installed RData â”€â”€â”€â”€â”€â”€â”€â”€â”€â”€â”€â”€â”€â”€ v0.6.3
 Installed TimeZones â”€â”€â”€â”€â”€â”€â”€â”€â”€â”€ v0.10.3
 Installed LazyArrays â”€â”€â”€â”€â”€â”€â”€â”€â”€ v0.14.8
 Installed EzXML â”€â”€â”€â”€â”€â”€â”€â”€â”€â”€â”€â”€â”€â”€ v0.9.4
 Installed FileIO â”€â”€â”€â”€â”€â”€â”€â”€â”€â”€â”€â”€â”€ v1.0.7
 Installed RDatasets â”€â”€â”€â”€â”€â”€â”€â”€â”€â”€ v0.6.5
  Building EzXML â”€â”€â”€â”€â†’ `~/.julia/packages/EzXML/G0JeY/deps/build.log`
  Building TimeZones â†’ `~/.julia/packages/TimeZones/pjvlM/deps/build.log`
  Building CodecZlib â†’ `~/.julia/packages/CodecZlib/5t9zO/deps/build.log`
    Status `/tmp/jl_h2LViG/Manifest.toml`
  [7d9fca2a] Arpack v0.3.1
  [4c555306] ArrayLayouts v0.1.5
  [9e28174c] BinDeps v0.8.10
  [b99e7846] BinaryProvider v0.5.8
  [e28b5b4c] Bootstrap v2.2.0
  [336ed68f] CSV v0.5.18
  [324d7699] CategoricalArrays v0.7.3
  [944b1d66] CodecZlib v0.6.0
  [34da2185] Compat v2.2.0
  [9a962f9c] DataAPI v1.1.0
  [a93c6f00] DataFrames v0.19.4
  [864edb3b] DataStructures v0.17.6
  [e2d170a0] DataValueInterfaces v1.0.0
  [31c24e10] Distributions v0.21.8
  [8f5d6c58] EzXML v0.9.4
  [5789e2e9] FileIO v1.0.7
  [48062228] FilePathsBase v0.7.0
  [1a297f60] FillArrays v0.8.2
  [38e38edf] GLM v1.3.4
  [41ab1584] InvertedIndices v1.0.0
  [82899510] IteratorInterfaceExtensions v1.0.0
  [682c06a0] JSON v0.21.0
  [5078a376] LazyArrays v0.14.8
  [1914dd2f] MacroTools v0.5.2
  [e1d29d7a] Missings v0.4.3
  [78c3b35d] Mocking v0.7.0
  [bac558e1] OrderedCollections v1.1.0
  [90014a1f] PDMats v0.9.10
  [69de0a69] Parsers v0.3.10
  [2dfb63ee] PooledArrays v0.5.2
  [1fd47b50] QuadGK v2.1.1
  [df47a6cb] RData v0.6.3
  [ce6b1742] RDatasets v0.6.5
  [189a3867] Reexport v0.2.0
  [ae029012] Requires v0.5.2
  [79098fc4] Rmath v0.5.1
  [1277b4bf] ShiftedArrays v1.0.0
  [a2af1166] SortingAlgorithms v0.3.1
  [276daf66] SpecialFunctions v0.8.0
  [90137ffa] StaticArrays v0.12.1
  [2913bbd2] StatsBase v0.32.0
  [4c63d2b9] StatsFuns v0.9.0
  [3eaba693] StatsModels v0.6.7
  [3783bdb8] TableTraits v1.0.0
  [bd369af6] Tables v0.2.11
  [f269a46b] TimeZones v0.10.3
  [3bb67fe8] TranscodingStreams v0.9.5
  [30578b45] URIParser v0.4.0
  [ea10d353] WeakRefStrings v0.6.1
  [2a0f44e3] Base64  [`@stdlib/Base64`]
  [ade2ca70] Dates  [`@stdlib/Dates`]
  [8bb1440f] DelimitedFiles  [`@stdlib/DelimitedFiles`]
  [8ba89e20] Distributed  [`@stdlib/Distributed`]
  [9fa8497b] Future  [`@stdlib/Future`]
  [b77e0a4c] InteractiveUtils  [`@stdlib/InteractiveUtils`]
  [76f85450] LibGit2  [`@stdlib/LibGit2`]
  [8f399da3] Libdl  [`@stdlib/Libdl`]
  [37e2e46d] LinearAlgebra  [`@stdlib/LinearAlgebra`]
  [56ddb016] Logging  [`@stdlib/Logging`]
  [d6f4376e] Markdown  [`@stdlib/Markdown`]
  [a63ad114] Mmap  [`@stdlib/Mmap`]
  [44cfe95a] Pkg  [`@stdlib/Pkg`]
  [de0858da] Printf  [`@stdlib/Printf`]
  [3fa0cd96] REPL  [`@stdlib/REPL`]
  [9a3f8284] Random  [`@stdlib/Random`]
  [ea8e919c] SHA  [`@stdlib/SHA`]
  [9e88b42a] Serialization  [`@stdlib/Serialization`]
  [1a1011a3] SharedArrays  [`@stdlib/SharedArrays`]
  [6462fe0b] Sockets  [`@stdlib/Sockets`]
  [2f01184e] SparseArrays  [`@stdlib/SparseArrays`]
  [10745b16] Statistics  [`@stdlib/Statistics`]
  [4607b0f0] SuiteSparse  [`@stdlib/SuiteSparse`]
  [8dfed614] Test  [`@stdlib/Test`]
  [cf7118a7] UUIDs  [`@stdlib/UUIDs`]
  [4ec0a83e] Unicode  [`@stdlib/Unicode`]
Test Summary:             | Pass  Total
Non-parametric bootstraps |  448    448
Test Summary:         | Pass  Total
Parametric bootstraps |  315    315
Test Summary:       | Pass  Total
Statistic functions | 1008   1008
Test Summary:     | Pass  Total
Utility functions |   10     10
Test Summary: | Pass  Total
Distributions |    5      5
   Testing Bootstrap tests passed 
   Testing CategoricalArrays
 Resolving package versions...
    Status `/tmp/jl_nRhaPR/Manifest.toml`
  [324d7699] CategoricalArrays v0.7.3
  [34da2185] Compat v2.2.0
  [9a962f9c] DataAPI v1.1.0
  [682c06a0] JSON v0.21.0
  [e1d29d7a] Missings v0.4.3
  [69de0a69] Parsers v0.3.10
  [189a3867] Reexport v0.2.0
  [2a0f44e3] Base64  [`@stdlib/Base64`]
  [ade2ca70] Dates  [`@stdlib/Dates`]
  [8bb1440f] DelimitedFiles  [`@stdlib/DelimitedFiles`]
  [8ba89e20] Distributed  [`@stdlib/Distributed`]
  [9fa8497b] Future  [`@stdlib/Future`]
  [b77e0a4c] InteractiveUtils  [`@stdlib/InteractiveUtils`]
  [76f85450] LibGit2  [`@stdlib/LibGit2`]
  [8f399da3] Libdl  [`@stdlib/Libdl`]
  [37e2e46d] LinearAlgebra  [`@stdlib/LinearAlgebra`]
  [56ddb016] Logging  [`@stdlib/Logging`]
  [d6f4376e] Markdown  [`@stdlib/Markdown`]
  [a63ad114] Mmap  [`@stdlib/Mmap`]
  [44cfe95a] Pkg  [`@stdlib/Pkg`]
  [de0858da] Printf  [`@stdlib/Printf`]
  [3fa0cd96] REPL  [`@stdlib/REPL`]
  [9a3f8284] Random  [`@stdlib/Random`]
  [ea8e919c] SHA  [`@stdlib/SHA`]
  [9e88b42a] Serialization  [`@stdlib/Serialization`]
  [1a1011a3] SharedArrays  [`@stdlib/SharedArrays`]
  [6462fe0b] Sockets  [`@stdlib/Sockets`]
  [2f01184e] SparseArrays  [`@stdlib/SparseArrays`]
  [10745b16] Statistics  [`@stdlib/Statistics`]
  [8dfed614] Test  [`@stdlib/Test`]
  [cf7118a7] UUIDs  [`@stdlib/UUIDs`]
  [4ec0a83e] Unicode  [`@stdlib/Unicode`]
â”Œ Warning: `eltype(x::CategoricalString)` is deprecated, use `eltype(String(x))` instead.
â”‚   caller = top-level scope at 01_typedef.jl:56
â”” @ Core ~/.julia/packages/CategoricalArrays/U3LvJ/test/01_typedef.jl:56
Test Summary: | Pass  Total
01_typedef.jl |   99     99
Test Summary:    | Pass  Total
02_buildorder.jl |    6      6
Test Summary:     | Pass  Total
03_buildfields.jl |    6      6
Test Summary:      | Pass  Total
04_constructors.jl |  121    121
â”Œ Warning: `eltype(x::CategoricalString)` is deprecated, use `eltype(String(x))` instead.
â”‚   caller = top-level scope at 05_convert.jl:76
â”” @ Core ~/.julia/packages/CategoricalArrays/U3LvJ/test/05_convert.jl:76
Test Summary: | Pass  Total
05_convert.jl |  124    124
Test Summary: | Pass  Total
05_copy.jl    |   14     14
Test Summary: | Pass  Total
06_show.jl    |   52     52
Test Summary: | Pass  Total
06_length.jl  |    2      2
Test Summary: | Pass  Total
07_levels.jl  |  362    362
Test Summary:  | Pass  Total
08_equality.jl |  110    110
â”Œ Warning: `isempty(x::CategoricalString)` is deprecated, use `isempty(String(x))` instead.
â”‚   caller = eval_test(::Expr, ::Expr, ::LineNumberNode, ::Bool) at Test.jl:256
â”” @ Test /buildworker/worker/package_linux64/build/usr/share/julia/stdlib/v1.2/Test/src/Test.jl:256
â”Œ Warning: `eltype(x::CategoricalString)` is deprecated, use `eltype(String(x))` instead.
â”‚   caller = top-level scope at 08_string.jl:35
â”” @ Core ~/.julia/packages/CategoricalArrays/U3LvJ/test/08_string.jl:35
â”Œ Warning: `eltype(x::CategoricalString)` is deprecated, use `eltype(String(x))` instead.
â”‚   caller = top-level scope at 08_string.jl:36
â”” @ Core ~/.julia/packages/CategoricalArrays/U3LvJ/test/08_string.jl:36
â”Œ Warning: `length(x::CategoricalString)` is deprecated, use `length(String(x))` instead.
â”‚   caller = top-level scope at 08_string.jl:38
â”” @ Core ~/.julia/packages/CategoricalArrays/U3LvJ/test/08_string.jl:38
â”Œ Warning: `length(x::CategoricalString)` is deprecated, use `length(String(x))` instead.
â”‚   caller = top-level scope at 08_string.jl:39
â”” @ Core ~/.julia/packages/CategoricalArrays/U3LvJ/test/08_string.jl:39
â”Œ Warning: `sizeof(x::CategoricalString)` is deprecated, use `sizeof(String(x))` instead.
â”‚   caller = top-level scope at 08_string.jl:41
â”” @ Core ~/.julia/packages/CategoricalArrays/U3LvJ/test/08_string.jl:41
â”Œ Warning: `sizeof(x::CategoricalString)` is deprecated, use `sizeof(String(x))` instead.
â”‚   caller = top-level scope at 08_string.jl:42
â”” @ Core ~/.julia/packages/CategoricalArrays/U3LvJ/test/08_string.jl:42
â”Œ Warning: `nextind(x::CategoricalString, i::Int)` is deprecated, use `nextind(String(x), i)` instead.
â”‚   caller = top-level scope at 08_string.jl:44
â”” @ Core ~/.julia/packages/CategoricalArrays/U3LvJ/test/08_string.jl:44
â”Œ Warning: `nextind(x::CategoricalString, i::Int)` is deprecated, use `nextind(String(x), i)` instead.
â”‚   caller = top-level scope at 08_string.jl:45
â”” @ Core ~/.julia/packages/CategoricalArrays/U3LvJ/test/08_string.jl:45
â”Œ Warning: `prevind(x::CategoricalString, i::Int)` is deprecated, use `prevind(String(x), i)` instead.
â”‚   caller = top-level scope at 08_string.jl:47
â”” @ Core ~/.julia/packages/CategoricalArrays/U3LvJ/test/08_string.jl:47
â”Œ Warning: `prevind(x::CategoricalString, i::Int)` is deprecated, use `prevind(String(x), i)` instead.
â”‚   caller = top-level scope at 08_string.jl:48
â”” @ Core ~/.julia/packages/CategoricalArrays/U3LvJ/test/08_string.jl:48
â”Œ Warning: `firstindex(x::CategoricalString)` is deprecated, use `firstindex(String(x))` instead.
â”‚   caller = top-level scope at 08_string.jl:50
â”” @ Core ~/.julia/packages/CategoricalArrays/U3LvJ/test/08_string.jl:50
â”Œ Warning: `firstindex(x::CategoricalString)` is deprecated, use `firstindex(String(x))` instead.
â”‚   caller = top-level scope at 08_string.jl:51
â”” @ Core ~/.julia/packages/CategoricalArrays/U3LvJ/test/08_string.jl:51
â”Œ Warning: `lastindex(x::CategoricalString)` is deprecated, use `lastindex(String(x))` instead.
â”‚   caller = top-level scope at 08_string.jl:53
â”” @ Core ~/.julia/packages/CategoricalArrays/U3LvJ/test/08_string.jl:53
â”Œ Warning: `lastindex(x::CategoricalString)` is deprecated, use `lastindex(String(x))` instead.
â”‚   caller = top-level scope at 08_string.jl:54
â”” @ Core ~/.julia/packages/CategoricalArrays/U3LvJ/test/08_string.jl:54
â”Œ Warning: `collect(x::CategoricalString)` is deprecated, use `collect(String(x))` instead.
â”‚   caller = top-level scope at 08_string.jl:56
â”” @ Core ~/.julia/packages/CategoricalArrays/U3LvJ/test/08_string.jl:56
â”Œ Warning: `collect(x::CategoricalString)` is deprecated, use `collect(String(x))` instead.
â”‚   caller = top-level scope at 08_string.jl:57
â”” @ Core ~/.julia/packages/CategoricalArrays/U3LvJ/test/08_string.jl:57
â”Œ Warning: `getindex(x::CategoricalString, i::Int)` is deprecated, use `getindex(String(x), i)` instead.
â”‚   caller = top-level scope at 08_string.jl:59
â”” @ Core ~/.julia/packages/CategoricalArrays/U3LvJ/test/08_string.jl:59
â”Œ Warning: `getindex(x::CategoricalString, i::Int)` is deprecated, use `getindex(String(x), i)` instead.
â”‚   caller = top-level scope at 08_string.jl:60
â”” @ Core ~/.julia/packages/CategoricalArrays/U3LvJ/test/08_string.jl:60
â”Œ Warning: `getindex(x::CategoricalString, i::Int)` is deprecated, use `getindex(String(x), i)` instead.
â”‚   caller = top-level scope at 08_string.jl:61
â”” @ Core ~/.julia/packages/CategoricalArrays/U3LvJ/test/08_string.jl:61
â”Œ Warning: `getindex(x::CategoricalString, i::Int)` is deprecated, use `getindex(String(x), i)` instead.
â”‚   caller = top-level scope at 08_string.jl:62
â”” @ Core ~/.julia/packages/CategoricalArrays/U3LvJ/test/08_string.jl:62
â”Œ Warning: `codeunit(x::CategoricalString, i::Integer)` is deprecated, use `codeunit(String(x), i)` instead.
â”‚   caller = top-level scope at 08_string.jl:64
â”” @ Core ~/.julia/packages/CategoricalArrays/U3LvJ/test/08_string.jl:64
â”Œ Warning: `codeunit(x::CategoricalString, i::Integer)` is deprecated, use `codeunit(String(x), i)` instead.
â”‚   caller = top-level scope at 08_string.jl:65
â”” @ Core ~/.julia/packages/CategoricalArrays/U3LvJ/test/08_string.jl:65
â”Œ Warning: `codeunit(x::CategoricalString, i::Integer)` is deprecated, use `codeunit(String(x), i)` instead.
â”‚   caller = top-level scope at 08_string.jl:66
â”” @ Core ~/.julia/packages/CategoricalArrays/U3LvJ/test/08_string.jl:66
â”Œ Warning: `codeunit(x::CategoricalString, i::Integer)` is deprecated, use `codeunit(String(x), i)` instead.
â”‚   caller = top-level scope at 08_string.jl:67
â”” @ Core ~/.julia/packages/CategoricalArrays/U3LvJ/test/08_string.jl:67
â”Œ Warning: `ascii(x::CategoricalString)` is deprecated, use `ascii(String(x))` instead.
â”‚   caller = top-level scope at 08_string.jl:69
â”” @ Core ~/.julia/packages/CategoricalArrays/U3LvJ/test/08_string.jl:69
â”Œ Warning: `ascii(x::CategoricalString)` is deprecated, use `ascii(String(x))` instead.
â”‚   caller = top-level scope at 08_string.jl:70
â”” @ Core ~/.julia/packages/CategoricalArrays/U3LvJ/test/08_string.jl:70
â”Œ Warning: `normalize(x::CategoricalString, s::Symbol)` is deprecated, use `normalize(String(x), s)` instead.
â”‚   caller = top-level scope at 08_string.jl:74
â”” @ Core ~/.julia/packages/CategoricalArrays/U3LvJ/test/08_string.jl:74
â”Œ Warning: `graphemes(x::CategoricalString)` is deprecated, use `graphemes(String(x))` instead.
â”‚   caller = top-level scope at 08_string.jl:76
â”” @ Core ~/.julia/packages/CategoricalArrays/U3LvJ/test/08_string.jl:76
â”Œ Warning: `graphemes(x::CategoricalString)` is deprecated, use `graphemes(String(x))` instead.
â”‚   caller = top-level scope at 08_string.jl:77
â”” @ Core ~/.julia/packages/CategoricalArrays/U3LvJ/test/08_string.jl:77
â”Œ Warning: `isvalid(x::CategoricalString)` is deprecated, use `isvalid(String(x))` instead.
â”‚   caller = top-level scope at 08_string.jl:79
â”” @ Core ~/.julia/packages/CategoricalArrays/U3LvJ/test/08_string.jl:79
â”Œ Warning: `isvalid(x::CategoricalString)` is deprecated, use `isvalid(String(x))` instead.
â”‚   caller = top-level scope at 08_string.jl:80
â”” @ Core ~/.julia/packages/CategoricalArrays/U3LvJ/test/08_string.jl:80
â”Œ Warning: `isvalid(x::CategoricalString, i::Integer)` is deprecated, use `isvalid(String(x), i)` instead.
â”‚   caller = top-level scope at 08_string.jl:81
â”” @ Core ~/.julia/packages/CategoricalArrays/U3LvJ/test/08_string.jl:81
â”Œ Warning: `isvalid(x::CategoricalString, i::Integer)` is deprecated, use `isvalid(String(x), i)` instead.
â”‚   caller = top-level scope at 08_string.jl:82
â”” @ Core ~/.julia/packages/CategoricalArrays/U3LvJ/test/08_string.jl:82
â”Œ Warning: `isvalid(x::CategoricalString, i::Integer)` is deprecated, use `isvalid(String(x), i)` instead.
â”‚   caller = top-level scope at 08_string.jl:83
â”” @ Core ~/.julia/packages/CategoricalArrays/U3LvJ/test/08_string.jl:83
â”Œ Warning: `length(x::CategoricalString, i::Int, j::Int)` is deprecated, use `length(String(x), i, j)` instead.
â”‚   caller = top-level scope at 08_string.jl:85
â”” @ Core ~/.julia/packages/CategoricalArrays/U3LvJ/test/08_string.jl:85
â”Œ Warning: `length(x::CategoricalString, i::Int, j::Int)` is deprecated, use `length(String(x), i, j)` instead.
â”‚   caller = top-level scope at 08_string.jl:86
â”” @ Core ~/.julia/packages/CategoricalArrays/U3LvJ/test/08_string.jl:86
â”Œ Warning: `ncodeunits(x::CategoricalString)` is deprecated, use `ncodeunits(String(x))` instead.
â”‚   caller = nextind(::CategoricalArrays.CategoricalString{UInt32}, ::Int64, ::Int64) at basic.jl:520
â”” @ Base ./strings/basic.jl:520
â”Œ Warning: `isvalid(x::CategoricalString, i::Integer)` is deprecated, use `isvalid(String(x), i)` instead.
â”‚   caller = nextind(::CategoricalArrays.CategoricalString{UInt32}, ::Int64, ::Int64) at basic.jl:524
â”” @ Base ./strings/basic.jl:524
â”Œ Warning: `repeat(x::CategoricalString, i::Integer)` is deprecated, use `repeat(String(x), i)` instead.
â”‚   caller = ^ at basic.jl:674 [inlined]
â”” @ Core ./strings/basic.jl:674
â”Œ Warning: `repeat(x::CategoricalString, i::Integer)` is deprecated, use `repeat(String(x), i)` instead.
â”‚   caller = ^ at basic.jl:674 [inlined]
â”” @ Core ./strings/basic.jl:674
â”Œ Warning: `repeat(x::CategoricalString, i::Integer)` is deprecated, use `repeat(String(x), i)` instead.
â”‚   caller = top-level scope at 08_string.jl:112
â”” @ Core ~/.julia/packages/CategoricalArrays/U3LvJ/test/08_string.jl:112
â”Œ Warning: `repeat(x::CategoricalString, i::Integer)` is deprecated, use `repeat(String(x), i)` instead.
â”‚   caller = top-level scope at 08_string.jl:113
â”” @ Core ~/.julia/packages/CategoricalArrays/U3LvJ/test/08_string.jl:113
â”Œ Warning: `eachmatch(r::Regex, x::CategoricalString; overlap=false)` is deprecated, use `eachmatch(r, String(x), overlap=overlap)` instead.
â”‚   caller = top-level scope at 08_string.jl:115
â”” @ Core ~/.julia/packages/CategoricalArrays/U3LvJ/test/08_string.jl:115
â”Œ Warning: `eachmatch(r::Regex, x::CategoricalString; overlap=false)` is deprecated, use `eachmatch(r, String(x), overlap=overlap)` instead.
â”‚   caller = top-level scope at 08_string.jl:116
â”” @ Core ~/.julia/packages/CategoricalArrays/U3LvJ/test/08_string.jl:116
â”Œ Warning: `firstindex(x::CategoricalString)` is deprecated, use `firstindex(String(x))` instead.
â”‚   caller = match(::Regex, ::CategoricalArrays.CategoricalString{UInt32}) at deprecated.jl:66
â”” @ CategoricalArrays ./deprecated.jl:66
â”Œ Warning: `match(r::Regex, s::CategoricalString, idx::Integer=firstindex(s), add_opts::UInt32=UInt32(0); kwargs...)` is deprecated, use `match(r, String(s), idx, add_opts; kwargs...)` instead.
â”‚   caller = match(::Regex, ::CategoricalArrays.CategoricalString{UInt32}, ::Int64) at deprecated.jl:66
â”” @ CategoricalArrays ./deprecated.jl:66
â”Œ Warning: `match(r::Regex, s::CategoricalString, idx::Integer=firstindex(s), add_opts::UInt32=UInt32(0); kwargs...)` is deprecated, use `match(r, String(s), idx, add_opts; kwargs...)` instead.
â”‚   caller = top-level scope at 08_string.jl:121
â”” @ Core ~/.julia/packages/CategoricalArrays/U3LvJ/test/08_string.jl:121
â”Œ Warning: `eachmatch(r::Regex, x::CategoricalString; overlap=false)` is deprecated, use `eachmatch(r, String(x), overlap=overlap)` instead.
â”‚   caller = top-level scope at 08_string.jl:123
â”” @ Core ~/.julia/packages/CategoricalArrays/U3LvJ/test/08_string.jl:123
â”Œ Warning: `eachmatch(r::Regex, x::CategoricalString; overlap=false)` is deprecated, use `eachmatch(r, String(x), overlap=overlap)` instead.
â”‚   caller = top-level scope at 08_string.jl:124
â”” @ Core ~/.julia/packages/CategoricalArrays/U3LvJ/test/08_string.jl:124
â”Œ Warning: `eachmatch(r::Regex, x::CategoricalString; overlap=false)` is deprecated, use `eachmatch(r, String(x), overlap=overlap)` instead.
â”‚   caller = ip:0x0
â”” @ Core :-1
â”Œ Warning: `lpad(x::CategoricalString, n::Integer, c::Union{AbstractChar, AbstractString}=' ')` is deprecated, use `lpad(String(x), n)` instead.
â”‚   caller = lpad(::CategoricalArrays.CategoricalString{UInt32}, ::Int64) at deprecated.jl:66
â”” @ CategoricalArrays ./deprecated.jl:66
â”Œ Warning: `rpad(x::CategoricalString, n::Integer, c::Union{AbstractChar, AbstractString}=' ')` is deprecated, use `rpad(String(x), n)` instead.
â”‚   caller = rpad(::CategoricalArrays.CategoricalString{UInt32}, ::Int64) at deprecated.jl:66
â”” @ CategoricalArrays ./deprecated.jl:66
â”Œ Warning: `firstindex(x::CategoricalString)` is deprecated, use `firstindex(String(x))` instead.
â”‚   caller = findfirst(::String, ::CategoricalArrays.CategoricalString{UInt32}) at search.jl:104
â”” @ Base ./strings/search.jl:104
â”Œ Warning: `lastindex(x::CategoricalString)` is deprecated, use `lastindex(String(x))` instead.
â”‚   caller = _searchindex(::CategoricalArrays.CategoricalString{UInt32}, ::String, ::Int64) at search.jl:126
â”” @ Base ./strings/search.jl:126
â”Œ Warning: `nextind(x::CategoricalString, i::Int)` is deprecated, use `nextind(String(x), i)` instead.
â”‚   caller = _searchindex(::CategoricalArrays.CategoricalString{UInt32}, ::String, ::Int64) at search.jl:126
â”” @ Base ./strings/search.jl:126
â”Œ Warning: `ncodeunits(x::CategoricalString)` is deprecated, use `ncodeunits(String(x))` instead.
â”‚   caller = findnext(::Base.Fix2{typeof(isequal),Char}, ::CategoricalArrays.CategoricalString{UInt32}, ::Int64) at search.jl:109
â”” @ Base ./strings/search.jl:109
â”Œ Warning: `isvalid(x::CategoricalString, i::Integer)` is deprecated, use `isvalid(String(x), i)` instead.
â”‚   caller = findnext(::Base.Fix2{typeof(isequal),Char}, ::CategoricalArrays.CategoricalString{UInt32}, ::Int64) at search.jl:111
â”” @ Base ./strings/search.jl:111
â”Œ Warning: `lastindex(x::CategoricalString)` is deprecated, use `lastindex(String(x))` instead.
â”‚   caller = Type at substring.jl:39 [inlined]
â”” @ Core ./strings/substring.jl:39
â”Œ Warning: `ncodeunits(x::CategoricalString)` is deprecated, use `ncodeunits(String(x))` instead.
â”‚   caller = checkbounds at basic.jl:187 [inlined]
â”” @ Core ./strings/basic.jl:187
â”Œ Warning: `isvalid(x::CategoricalString, i::Integer)` is deprecated, use `isvalid(String(x), i)` instead.
â”‚   caller = SubString{CategoricalArrays.CategoricalString{UInt32}}(::CategoricalArrays.CategoricalString{UInt32}, ::Int64, ::Int64) at substring.jl:31
â”” @ Base ./strings/substring.jl:31
â”Œ Warning: `isvalid(x::CategoricalString, i::Integer)` is deprecated, use `isvalid(String(x), i)` instead.
â”‚   caller = SubString{CategoricalArrays.CategoricalString{UInt32}}(::CategoricalArrays.CategoricalString{UInt32}, ::Int64, ::Int64) at substring.jl:32
â”” @ Base ./strings/substring.jl:32
â”Œ Warning: `nextind(x::CategoricalString, i::Int)` is deprecated, use `nextind(String(x), i)` instead.
â”‚   caller = SubString{CategoricalArrays.CategoricalString{UInt32}}(::CategoricalArrays.CategoricalString{UInt32}, ::Int64, ::Int64) at substring.jl:34
â”” @ Base ./strings/substring.jl:34
â”Œ Warning: `isvalid(x::CategoricalString, i::Integer)` is deprecated, use `isvalid(String(x), i)` instead.
â”‚   caller = isvalid at substring.jl:82 [inlined]
â”” @ Core ./strings/substring.jl:82
â”Œ Warning: `iterate(x::CategoricalString, i::Int)` is deprecated, use `iterate(String(x), i)` instead.
â”‚   caller = findnext(::Base.Fix2{typeof(isequal),Char}, ::CategoricalArrays.CategoricalString{UInt32}, ::Int64) at substring.jl:68
â”” @ Base ./strings/substring.jl:68
â”Œ Warning: `iterate(x::CategoricalString, i::Int)` is deprecated, use `iterate(String(x), i)` instead.
â”‚   caller = iterate at substring.jl:68 [inlined]
â”” @ Core ./strings/substring.jl:68
â”Œ Warning: `nextind(x::CategoricalString, i::Int)` is deprecated, use `nextind(String(x), i)` instead.
â”‚   caller = _searchindex(::CategoricalArrays.CategoricalString{UInt32}, ::String, ::Int64) at search.jl:133
â”” @ Base ./strings/search.jl:133
â”Œ Warning: `lastindex(x::CategoricalString)` is deprecated, use `lastindex(String(x))` instead.
â”‚   caller = Type at substring.jl:39 [inlined]
â”” @ Core ./strings/substring.jl:39
â”Œ Warning: `ncodeunits(x::CategoricalString)` is deprecated, use `ncodeunits(String(x))` instead.
â”‚   caller = findnext(::Base.Fix2{typeof(==),Char}, ::CategoricalArrays.CategoricalString{UInt32}, ::Int64) at search.jl:109
â”” @ Base ./strings/search.jl:109
â”Œ Warning: `isvalid(x::CategoricalString, i::Integer)` is deprecated, use `isvalid(String(x), i)` instead.
â”‚   caller = findnext(::Base.Fix2{typeof(==),Char}, ::CategoricalArrays.CategoricalString{UInt32}, ::Int64) at search.jl:111
â”” @ Base ./strings/search.jl:111
â”Œ Warning: `lastindex(x::CategoricalString)` is deprecated, use `lastindex(String(x))` instead.
â”‚   caller = Type at substring.jl:39 [inlined]
â”” @ Core ./strings/substring.jl:39
â”Œ Warning: `iterate(x::CategoricalString, i::Int)` is deprecated, use `iterate(String(x), i)` instead.
â”‚   caller = findnext(::Base.Fix2{typeof(==),Char}, ::CategoricalArrays.CategoricalString{UInt32}, ::Int64) at substring.jl:68
â”” @ Base ./strings/substring.jl:68
â”Œ Warning: `iterate(x::CategoricalString, i::Int)` is deprecated, use `iterate(String(x), i)` instead.
â”‚   caller = iterate at substring.jl:68 [inlined]
â”” @ Core ./strings/substring.jl:68
â”Œ Warning: `lastindex(x::CategoricalString)` is deprecated, use `lastindex(String(x))` instead.
â”‚   caller = findlast(::String, ::CategoricalArrays.CategoricalString{UInt32}) at search.jl:273
â”” @ Base ./strings/search.jl:273
â”Œ Warning: `ncodeunits(x::CategoricalString)` is deprecated, use `ncodeunits(String(x))` instead.
â”‚   caller = findprev(::Function, ::CategoricalArrays.CategoricalString{UInt32}, ::Int64) at search.jl:281
â”” @ Base ./strings/search.jl:281
â”Œ Warning: `reverse(x::CategoricalString)` is deprecated, use `reverse(String(x))` instead.
â”‚   caller = findprev(::Function, ::CategoricalArrays.CategoricalString{UInt32}, ::Int64) at search.jl:287
â”” @ Base ./strings/search.jl:287
â”Œ Warning: `ncodeunits(x::CategoricalString)` is deprecated, use `ncodeunits(String(x))` instead.
â”‚   caller = reverseind at basic.jl:644 [inlined]
â”” @ Core ./strings/basic.jl:644
â”Œ Warning: `ncodeunits(x::CategoricalString)` is deprecated, use `ncodeunits(String(x))` instead.
â”‚   caller = thisind(::CategoricalArrays.CategoricalString{UInt32}, ::Int64) at basic.jl:400
â”” @ Base ./strings/basic.jl:400
â”Œ Warning: `isvalid(x::CategoricalString, i::Integer)` is deprecated, use `isvalid(String(x), i)` instead.
â”‚   caller = thisind(::CategoricalArrays.CategoricalString{UInt32}, ::Int64) at basic.jl:403
â”” @ Base ./strings/basic.jl:403
â”Œ Warning: `prevind(x::CategoricalString, i::Int)` is deprecated, use `prevind(String(x), i)` instead.
â”‚   caller = _rsearchindex(::CategoricalArrays.CategoricalString{UInt32}, ::String, ::Int64) at search.jl:303
â”” @ Base ./strings/search.jl:303
â”Œ Warning: `getindex(x::CategoricalString, i::Int)` is deprecated, use `getindex(String(x), i)` instead.
â”‚   caller = getindex at substring.jl:76 [inlined]
â”” @ Core ./strings/substring.jl:76
â”Œ Warning: `nextind(x::CategoricalString, i::Int)` is deprecated, use `nextind(String(x), i)` instead.
â”‚   caller = _rsearchindex(::CategoricalArrays.CategoricalString{UInt32}, ::String, ::Int64) at search.jl:310
â”” @ Base ./strings/search.jl:310
â”Œ Warning: `lastindex(x::CategoricalString)` is deprecated, use `lastindex(String(x))` instead.
â”‚   caller = last at basic.jl:538 [inlined]
â”” @ Core ./strings/basic.jl:538
â”Œ Warning: `occursin(x::AbstractString, y::CategoricalString)` is deprecated, use `occursin(x, String(y))` instead.
â”‚   caller = eval_test(::Expr, ::Expr, ::LineNumberNode, ::Bool) at Test.jl:256
â”” @ Test /buildworker/worker/package_linux64/build/usr/share/julia/stdlib/v1.2/Test/src/Test.jl:256
â”Œ Warning: `startswith(x::CategoricalString, y::AbstractString)` is deprecated, use `startswith(String(x), y)` instead.
â”‚   caller = eval_test(::Expr, ::Expr, ::LineNumberNode, ::Bool) at Test.jl:256
â”” @ Test /buildworker/worker/package_linux64/build/usr/share/julia/stdlib/v1.2/Test/src/Test.jl:256
â”Œ Warning: `endswith(x::CategoricalString, y::AbstractString)` is deprecated, use `endswith(String(x), y)` instead.
â”‚   caller = eval_test(::Expr, ::Expr, ::LineNumberNode, ::Bool) at Test.jl:256
â”” @ Test /buildworker/worker/package_linux64/build/usr/share/julia/stdlib/v1.2/Test/src/Test.jl:256
â”Œ Warning: `reverse(x::CategoricalString)` is deprecated, use `reverse(String(x))` instead.
â”‚   caller = top-level scope at 08_string.jl:160
â”” @ Core ~/.julia/packages/CategoricalArrays/U3LvJ/test/08_string.jl:160
â”Œ Warning: `reverse(x::CategoricalString)` is deprecated, use `reverse(String(x))` instead.
â”‚   caller = top-level scope at 08_string.jl:161
â”” @ Core ~/.julia/packages/CategoricalArrays/U3LvJ/test/08_string.jl:161
â”Œ Warning: `split(x::CategoricalString; kwargs...)` is deprecated, use `split(String(x); kwargs...)` instead.
â”‚   caller = top-level scope at 08_string.jl:167
â”” @ Core ~/.julia/packages/CategoricalArrays/U3LvJ/test/08_string.jl:167
â”Œ Warning: `lastindex(x::CategoricalString)` is deprecated, use `lastindex(String(x))` instead.
â”‚   caller = _split(::CategoricalArrays.CategoricalString{UInt32}, ::String, ::Int64, ::Bool, ::Array{SubString{CategoricalArrays.CategoricalString{UInt32}},1}) at util.jl:328
â”” @ Base ./strings/util.jl:328
â”Œ Warning: `firstindex(x::CategoricalString)` is deprecated, use `firstindex(String(x))` instead.
â”‚   caller = findfirst at search.jl:104 [inlined]
â”” @ Core ./strings/search.jl:104
â”Œ Warning: `nextind(x::CategoricalString, i::Int)` is deprecated, use `nextind(String(x), i)` instead.
â”‚   caller = _split(::CategoricalArrays.CategoricalString{UInt32}, ::String, ::Int64, ::Bool, ::Array{SubString{CategoricalArrays.CategoricalString{UInt32}},1}) at util.jl:331
â”” @ Base ./strings/util.jl:331
â”Œ Warning: `lastindex(x::CategoricalString)` is deprecated, use `lastindex(String(x))` instead.
â”‚   caller = Type at substring.jl:39 [inlined]
â”” @ Core ./strings/substring.jl:39
â”Œ Warning: `split(x::CategoricalString; kwargs...)` is deprecated, use `split(String(x); kwargs...)` instead.
â”‚   caller = top-level scope at 08_string.jl:169
â”” @ Core ~/.julia/packages/CategoricalArrays/U3LvJ/test/08_string.jl:169
â”Œ Warning: `prevind(x::CategoricalString, i::Int)` is deprecated, use `prevind(String(x), i)` instead.
â”‚   caller = _split(::CategoricalArrays.CategoricalString{UInt32}, ::String, ::Int64, ::Bool, ::Array{SubString{CategoricalArrays.CategoricalString{UInt32}},1}) at util.jl:335
â”” @ Base ./strings/util.jl:335
â”Œ Warning: `nextind(x::CategoricalString, i::Int)` is deprecated, use `nextind(String(x), i)` instead.
â”‚   caller = _split(::CategoricalArrays.CategoricalString{UInt32}, ::String, ::Int64, ::Bool, ::Array{SubString{CategoricalArrays.CategoricalString{UInt32}},1}) at util.jl:342
â”” @ Base ./strings/util.jl:342
â”Œ Warning: `iterate(x::CategoricalString, i::Int)` is deprecated, use `iterate(String(x), i)` instead.
â”‚   caller = cmp(::SubString{CategoricalArrays.CategoricalString{UInt32}}, ::String) at substring.jl:68
â”” @ Base ./strings/substring.jl:68
â”Œ Warning: `iterate(x::CategoricalString, i::Int)` is deprecated, use `iterate(String(x), i)` instead.
â”‚   caller = iterate at substring.jl:68 [inlined]
â”” @ Core ./strings/substring.jl:68
â”Œ Warning: `lastindex(x::CategoricalString)` is deprecated, use `lastindex(String(x))` instead.
â”‚   caller = _rsplit(::CategoricalArrays.CategoricalString{UInt32}, ::String, ::Int64, ::Bool, ::Array{SubString{CategoricalArrays.CategoricalString{UInt32}},1}) at util.jl:401
â”” @ Base ./strings/util.jl:401
â”Œ Warning: `lastindex(x::CategoricalString)` is deprecated, use `lastindex(String(x))` instead.
â”‚   caller = findlast at search.jl:273 [inlined]
â”” @ Core ./strings/search.jl:273
â”Œ Warning: `isvalid(x::CategoricalString, i::Integer)` is deprecated, use `isvalid(String(x), i)` instead.
â”‚   caller = isvalid at substring.jl:82 [inlined]
â”” @ Core ./strings/substring.jl:82
â”Œ Warning: `isvalid(x::CategoricalString, i::Integer)` is deprecated, use `isvalid(String(x), i)` instead.
â”‚   caller = isvalid at substring.jl:82 [inlined]
â”” @ Core ./strings/substring.jl:82
â”Œ Warning: `isvalid(x::CategoricalString, i::Integer)` is deprecated, use `isvalid(String(x), i)` instead.
â”‚   caller = isvalid at substring.jl:82 [inlined]
â”” @ Core ./strings/substring.jl:82
â”Œ Warning: `getindex(x::CategoricalString, i::Int)` is deprecated, use `getindex(String(x), i)` instead.
â”‚   caller = getindex at substring.jl:76 [inlined]
â”” @ Core ./strings/substring.jl:76
â”Œ Warning: `nextind(x::CategoricalString, i::Int)` is deprecated, use `nextind(String(x), i)` instead.
â”‚   caller = _rsplit(::CategoricalArrays.CategoricalString{UInt32}, ::String, ::Int64, ::Bool, ::Array{SubString{CategoricalArrays.CategoricalString{UInt32}},1}) at util.jl:405
â”” @ Base ./strings/util.jl:405
â”Œ Warning: `prevind(x::CategoricalString, i::Int)` is deprecated, use `prevind(String(x), i)` instead.
â”‚   caller = _rsplit(::CategoricalArrays.CategoricalString{UInt32}, ::String, ::Int64, ::Bool, ::Array{SubString{CategoricalArrays.CategoricalString{UInt32}},1}) at util.jl:406
â”” @ Base ./strings/util.jl:406
â”Œ Warning: `strip(x::CategoricalString)` is deprecated, use `strip(String(x))` instead.
â”‚   caller = top-level scope at 08_string.jl:175
â”” @ Core ~/.julia/packages/CategoricalArrays/U3LvJ/test/08_string.jl:175
â”Œ Warning: `strip(x::CategoricalString)` is deprecated, use `strip(String(x))` instead.
â”‚   caller = top-level scope at 08_string.jl:176
â”” @ Core ~/.julia/packages/CategoricalArrays/U3LvJ/test/08_string.jl:176
â”Œ Warning: `lastindex(x::CategoricalString)` is deprecated, use `lastindex(String(x))` instead.
â”‚   caller = iterate at basic.jl:678 [inlined]
â”” @ Core ./strings/basic.jl:678
â”Œ Warning: `firstindex(x::CategoricalString)` is deprecated, use `firstindex(String(x))` instead.
â”‚   caller = iterate at basic.jl:678 [inlined]
â”” @ Core ./strings/basic.jl:678
â”Œ Warning: `prevind(x::CategoricalString, i::Int)` is deprecated, use `prevind(String(x), i)` instead.
â”‚   caller = iterate at basic.jl:678 [inlined]
â”” @ Core ./strings/basic.jl:678
â”Œ Warning: `lastindex(x::CategoricalString)` is deprecated, use `lastindex(String(x))` instead.
â”‚   caller = iterate at basic.jl:677 [inlined]
â”” @ Core ./strings/basic.jl:677
â”Œ Warning: `firstindex(x::CategoricalString)` is deprecated, use `firstindex(String(x))` instead.
â”‚   caller = iterate at basic.jl:677 [inlined]
â”” @ Core ./strings/basic.jl:677
â”Œ Warning: `getindex(x::CategoricalString, i::Int)` is deprecated, use `getindex(String(x), i)` instead.
â”‚   caller = iterate at basic.jl:677 [inlined]
â”” @ Core ./strings/basic.jl:677
â”Œ Warning: `prevind(x::CategoricalString, i::Int)` is deprecated, use `prevind(String(x), i)` instead.
â”‚   caller = iterate at basic.jl:677 [inlined]
â”” @ Core ./strings/basic.jl:677
â”Œ Warning: `firstindex(x::CategoricalString)` is deprecated, use `firstindex(String(x))` instead.
â”‚   caller = iterate at basic.jl:678 [inlined]
â”” @ Core ./strings/basic.jl:678
â”Œ Warning: `prevind(x::CategoricalString, i::Int)` is deprecated, use `prevind(String(x), i)` instead.
â”‚   caller = iterate at basic.jl:678 [inlined]
â”” @ Core ./strings/basic.jl:678
â”Œ Warning: `firstindex(x::CategoricalString)` is deprecated, use `firstindex(String(x))` instead.
â”‚   caller = iterate at basic.jl:677 [inlined]
â”” @ Core ./strings/basic.jl:677
â”Œ Warning: `getindex(x::CategoricalString, i::Int)` is deprecated, use `getindex(String(x), i)` instead.
â”‚   caller = iterate at basic.jl:677 [inlined]
â”” @ Core ./strings/basic.jl:677
â”Œ Warning: `prevind(x::CategoricalString, i::Int)` is deprecated, use `prevind(String(x), i)` instead.
â”‚   caller = iterate at basic.jl:677 [inlined]
â”” @ Core ./strings/basic.jl:677
â”Œ Warning: `isvalid(x::CategoricalString, i::Integer)` is deprecated, use `isvalid(String(x), i)` instead.
â”‚   caller = isvalid at substring.jl:82 [inlined]
â”” @ Core ./strings/substring.jl:82
â”Œ Warning: `iterate(x::CategoricalString, i::Int)` is deprecated, use `iterate(String(x), i)` instead.
â”‚   caller = lstrip(::Base.Fix2{typeof(in),Char}, ::SubString{CategoricalArrays.CategoricalString{UInt32}}) at substring.jl:68
â”” @ Base ./strings/substring.jl:68
â”Œ Warning: `iterate(x::CategoricalString, i::Int)` is deprecated, use `iterate(String(x), i)` instead.
â”‚   caller = iterate at substring.jl:68 [inlined]
â”” @ Core ./strings/substring.jl:68
â”Œ Warning: `lstrip(x::CategoricalString)` is deprecated, use `lstrip(String(x))` instead.
â”‚   caller = top-level scope at 08_string.jl:179
â”” @ Core ~/.julia/packages/CategoricalArrays/U3LvJ/test/08_string.jl:179
â”Œ Warning: `lstrip(x::CategoricalString)` is deprecated, use `lstrip(String(x))` instead.
â”‚   caller = top-level scope at 08_string.jl:180
â”” @ Core ~/.julia/packages/CategoricalArrays/U3LvJ/test/08_string.jl:180
â”Œ Warning: `lastindex(x::CategoricalString)` is deprecated, use `lastindex(String(x))` instead.
â”‚   caller = lstrip(::Base.Fix2{typeof(in),Char}, ::CategoricalArrays.CategoricalString{UInt32}) at util.jl:160
â”” @ Base ./strings/util.jl:160
â”Œ Warning: `firstindex(x::CategoricalString)` is deprecated, use `firstindex(String(x))` instead.
â”‚   caller = iterate at basic.jl:539 [inlined]
â”” @ Core ./strings/basic.jl:539
â”Œ Warning: `ncodeunits(x::CategoricalString)` is deprecated, use `ncodeunits(String(x))` instead.
â”‚   caller = iterate at basic.jl:539 [inlined]
â”” @ Core ./strings/basic.jl:539
â”Œ Warning: `nextind(x::CategoricalString, i::Int)` is deprecated, use `nextind(String(x), i)` instead.
â”‚   caller = iterate at basic.jl:539 [inlined]
â”” @ Core ./strings/basic.jl:539
â”Œ Warning: `iterate(x::CategoricalString)` is deprecated, use `iterate(String(x))` instead.
â”‚   caller = _zip_iterate_some at iterators.jl:350 [inlined]
â”” @ Core ./iterators.jl:350
â”Œ Warning: `rstrip(x::CategoricalString)` is deprecated, use `rstrip(String(x))` instead.
â”‚   caller = top-level scope at 08_string.jl:183
â”” @ Core ~/.julia/packages/CategoricalArrays/U3LvJ/test/08_string.jl:183
â”Œ Warning: `rstrip(x::CategoricalString)` is deprecated, use `rstrip(String(x))` instead.
â”‚   caller = top-level scope at 08_string.jl:184
â”” @ Core ~/.julia/packages/CategoricalArrays/U3LvJ/test/08_string.jl:184
â”Œ Warning: `uppercase(x::CategoricalString)` is deprecated, use `uppercase(String(x))` instead.
â”‚   caller = top-level scope at 08_string.jl:187
â”” @ Core ~/.julia/packages/CategoricalArrays/U3LvJ/test/08_string.jl:187
â”Œ Warning: `uppercase(x::CategoricalString)` is deprecated, use `uppercase(String(x))` instead.
â”‚   caller = top-level scope at 08_string.jl:188
â”” @ Core ~/.julia/packages/CategoricalArrays/U3LvJ/test/08_string.jl:188
â”Œ Warning: `lowercase(x::CategoricalString)` is deprecated, use `lowercase(String(x))` instead.
â”‚   caller = top-level scope at 08_string.jl:190
â”” @ Core ~/.julia/packages/CategoricalArrays/U3LvJ/test/08_string.jl:190
â”Œ Warning: `lowercase(x::CategoricalString)` is deprecated, use `lowercase(String(x))` instead.
â”‚   caller = top-level scope at 08_string.jl:191
â”” @ Core ~/.julia/packages/CategoricalArrays/U3LvJ/test/08_string.jl:191
â”Œ Warning: `titlecase(x::CategoricalString)` is deprecated, use `titlecase(String(x))` instead.
â”‚   caller = top-level scope at 08_string.jl:193
â”” @ Core ~/.julia/packages/CategoricalArrays/U3LvJ/test/08_string.jl:193
â”Œ Warning: `titlecase(x::CategoricalString)` is deprecated, use `titlecase(String(x))` instead.
â”‚   caller = top-level scope at 08_string.jl:194
â”” @ Core ~/.julia/packages/CategoricalArrays/U3LvJ/test/08_string.jl:194
â”Œ Warning: `uppercasefirst(x::CategoricalString)` is deprecated, use `uppercasefirst(String(x))` instead.
â”‚   caller = top-level scope at 08_string.jl:196
â”” @ Core ~/.julia/packages/CategoricalArrays/U3LvJ/test/08_string.jl:196
â”Œ Warning: `uppercasefirst(x::CategoricalString)` is deprecated, use `uppercasefirst(String(x))` instead.
â”‚   caller = top-level scope at 08_string.jl:197
â”” @ Core ~/.julia/packages/CategoricalArrays/U3LvJ/test/08_string.jl:197
â”Œ Warning: `lowercasefirst(x::CategoricalString)` is deprecated, use `lowercasefirst(String(x))` instead.
â”‚   caller = top-level scope at 08_string.jl:199
â”” @ Core ~/.julia/packages/CategoricalArrays/U3LvJ/test/08_string.jl:199
â”Œ Warning: `lowercasefirst(x::CategoricalString)` is deprecated, use `lowercasefirst(String(x))` instead.
â”‚   caller = top-level scope at 08_string.jl:200
â”” @ Core ~/.julia/packages/CategoricalArrays/U3LvJ/test/08_string.jl:200
â”Œ Warning: `chop(x::CategoricalString; kwargs...)` is deprecated, use `chop(String(x); kwargs...)` instead.
â”‚   caller = top-level scope at 08_string.jl:206
â”” @ Core ~/.julia/packages/CategoricalArrays/U3LvJ/test/08_string.jl:206
â”Œ Warning: `chop(x::CategoricalString; kwargs...)` is deprecated, use `chop(String(x); kwargs...)` instead.
â”‚   caller = top-level scope at 08_string.jl:208
â”” @ Core ~/.julia/packages/CategoricalArrays/U3LvJ/test/08_string.jl:208
â”Œ Warning: `chomp(x::CategoricalString)` is deprecated, use `chomp(String(x))` instead.
â”‚   caller = top-level scope at 08_string.jl:210
â”” @ Core ~/.julia/packages/CategoricalArrays/U3LvJ/test/08_string.jl:210
â”Œ Warning: `chomp(x::CategoricalString)` is deprecated, use `chomp(String(x))` instead.
â”‚   caller = top-level scope at 08_string.jl:211
â”” @ Core ~/.julia/packages/CategoricalArrays/U3LvJ/test/08_string.jl:211
â”Œ Warning: `textwidth(x::CategoricalString)` is deprecated, use `textwidth(String(x))` instead.
â”‚   caller = top-level scope at 08_string.jl:213
â”” @ Core ~/.julia/packages/CategoricalArrays/U3LvJ/test/08_string.jl:213
â”Œ Warning: `textwidth(x::CategoricalString)` is deprecated, use `textwidth(String(x))` instead.
â”‚   caller = top-level scope at 08_string.jl:214
â”” @ Core ~/.julia/packages/CategoricalArrays/U3LvJ/test/08_string.jl:214
â”Œ Warning: `isascii(x::CategoricalString)` is deprecated, use `isascii(String(x))` instead.
â”‚   caller = top-level scope at 08_string.jl:216
â”” @ Core ~/.julia/packages/CategoricalArrays/U3LvJ/test/08_string.jl:216
â”Œ Warning: `isascii(x::CategoricalString)` is deprecated, use `isascii(String(x))` instead.
â”‚   caller = top-level scope at 08_string.jl:217
â”” @ Core ~/.julia/packages/CategoricalArrays/U3LvJ/test/08_string.jl:217
â”Œ Warning: `escape_string(x::CategoricalString)` is deprecated, use `escape_string(String(x))` instead.
â”‚   caller = top-level scope at 08_string.jl:219
â”” @ Core ~/.julia/packages/CategoricalArrays/U3LvJ/test/08_string.jl:219
â”Œ Warning: `escape_string(x::CategoricalString)` is deprecated, use `escape_string(String(x))` instead.
â”‚   caller = top-level scope at 08_string.jl:220
â”” @ Core ~/.julia/packages/CategoricalArrays/U3LvJ/test/08_string.jl:220
â”Œ Warning: `collect(x::CategoricalString)` is deprecated, use `collect(String(x))` instead.
â”‚   caller = top-level scope at 08_string.jl:222
â”” @ Core ~/.julia/packages/CategoricalArrays/U3LvJ/test/08_string.jl:222
â”Œ Warning: `collect(x::CategoricalString)` is deprecated, use `collect(String(x))` instead.
â”‚   caller = top-level scope at 08_string.jl:223
â”” @ Core ~/.julia/packages/CategoricalArrays/U3LvJ/test/08_string.jl:223
Test Summary: | Pass  Total
08_string.jl  |  151    151
Test Summary: | Pass  Total
09_hash.jl    |   54     54
Test Summary: | Pass  Total
10_isless.jl  |  429    429
Test Summary: | Pass  Total
11_array.jl   | 9054   9054
Test Summary:      |  Pass  Total
12_missingarray.jl | 12672  12672
â”Œ Warning: adding new levels to ordered CategoricalArray destination will throw an error in the future
â”‚   caller = copy! at array.jl:426 [inlined]
â”” @ Core ~/.julia/packages/CategoricalArrays/U3LvJ/src/array.jl:426
â”Œ Warning: adding new levels to ordered CategoricalArray destination will throw an error in the future
â”‚   caller = copyto!(::CategoricalArrays.CategoricalArray{String,1,UInt32,String,CategoricalArrays.CategoricalString{UInt32},Union{}}, ::CategoricalArrays.CategoricalArray{String,1,UInt32,String,CategoricalArrays.CategoricalString{UInt32},Union{}}) at array.jl:415
â”” @ CategoricalArrays ~/.julia/packages/CategoricalArrays/U3LvJ/src/array.jl:415
â”Œ Warning: adding new levels to ordered CategoricalArray destination will throw an error in the future
â”‚   caller = copyto!(::CategoricalArrays.CategoricalArray{String,1,UInt32,String,CategoricalArrays.CategoricalString{UInt32},Union{}}, ::Int64, ::CategoricalArrays.CategoricalArray{String,1,UInt32,String,CategoricalArrays.CategoricalString{UInt32},Union{}}, ::Int64) at abstractarray.jl:830
â”” @ Base ./abstractarray.jl:830
â”Œ Warning: adding new levels to ordered CategoricalArray destination will throw an error in the future
â”‚   caller = copy! at array.jl:426 [inlined]
â”” @ Core ~/.julia/packages/CategoricalArrays/U3LvJ/src/array.jl:426
â”Œ Warning: adding new levels to ordered CategoricalArray destination will throw an error in the future
â”‚   caller = copyto!(::SubArray{CategoricalArrays.CategoricalString{UInt32},1,CategoricalArrays.CategoricalArray{String,1,UInt32,String,CategoricalArrays.CategoricalString{UInt32},Union{}},Tuple{UnitRange{Int64}},true}, ::CategoricalArrays.CategoricalArray{String,1,UInt32,String,CategoricalArrays.CategoricalString{UInt32},Union{}}) at array.jl:415
â”” @ CategoricalArrays ~/.julia/packages/CategoricalArrays/U3LvJ/src/array.jl:415
â”Œ Warning: adding new levels to ordered CategoricalArray destination will throw an error in the future
â”‚   caller = copy! at array.jl:426 [inlined]
â”” @ Core ~/.julia/packages/CategoricalArrays/U3LvJ/src/array.jl:426
â”Œ Warning: adding new levels to ordered CategoricalArray destination will throw an error in the future
â”‚   caller = copyto!(::CategoricalArrays.CategoricalArray{Union{Missing, String},1,UInt32,String,CategoricalArrays.CategoricalString{UInt32},Missing}, ::CategoricalArrays.CategoricalArray{Union{Missing, String},1,UInt32,String,CategoricalArrays.CategoricalString{UInt32},Missing}) at array.jl:415
â”” @ CategoricalArrays ~/.julia/packages/CategoricalArrays/U3LvJ/src/array.jl:415
â”Œ Warning: adding new levels to ordered CategoricalArray destination will throw an error in the future
â”‚   caller = copyto!(::CategoricalArrays.CategoricalArray{Union{Missing, String},1,UInt32,String,CategoricalArrays.CategoricalString{UInt32},Missing}, ::Int64, ::CategoricalArrays.CategoricalArray{Union{Missing, String},1,UInt32,String,CategoricalArrays.CategoricalString{UInt32},Missing}, ::Int64) at abstractarray.jl:830
â”” @ Base ./abstractarray.jl:830
Test Summary:     |  Pass  Total
13_arraycommon.jl | 22817  22817
Test Summary: | Pass  Total
14_view.jl    |  158    158
Test Summary: | Pass  Total
15_extras.jl  |   99     99
Test Summary: | Pass  Total
16_recode.jl  |  808    808
   Testing CategoricalArrays tests passed 
   Testing Clustering
 Resolving package versions...
    Status `/tmp/jl_zSosif/Manifest.toml`
  [b99e7846] BinaryProvider v0.5.8
  [aaaa29a8] Clustering v0.13.3
  [944b1d66] CodecZlib v0.6.0
  [9a962f9c] DataAPI v1.1.0
  [864edb3b] DataStructures v0.17.6
  [b4f34e82] Distances v0.8.2
  [e1d29d7a] Missings v0.4.3
  [b8a86587] NearestNeighbors v0.4.3
  [bac558e1] OrderedCollections v1.1.0
  [a2af1166] SortingAlgorithms v0.3.1
  [90137ffa] StaticArrays v0.12.1
  [2913bbd2] StatsBase v0.32.0
  [3bb67fe8] TranscodingStreams v0.9.5
  [2a0f44e3] Base64  [`@stdlib/Base64`]
  [8ba89e20] Distributed  [`@stdlib/Distributed`]
  [b77e0a4c] InteractiveUtils  [`@stdlib/InteractiveUtils`]
  [8f399da3] Libdl  [`@stdlib/Libdl`]
  [37e2e46d] LinearAlgebra  [`@stdlib/LinearAlgebra`]
  [56ddb016] Logging  [`@stdlib/Logging`]
  [d6f4376e] Markdown  [`@stdlib/Markdown`]
  [a63ad114] Mmap  [`@stdlib/Mmap`]
  [de0858da] Printf  [`@stdlib/Printf`]
  [9a3f8284] Random  [`@stdlib/Random`]
  [ea8e919c] SHA  [`@stdlib/SHA`]
  [9e88b42a] Serialization  [`@stdlib/Serialization`]
  [6462fe0b] Sockets  [`@stdlib/Sockets`]
  [2f01184e] SparseArrays  [`@stdlib/SparseArrays`]
  [10745b16] Statistics  [`@stdlib/Statistics`]
  [8dfed614] Test  [`@stdlib/Test`]
  [4ec0a83e] Unicode  [`@stdlib/Unicode`]
Runing tests:
* seeding.jl ...
Test Summary: | Pass  Total
seeding       |   64     64
* kmeans.jl ...
  Iters               objv        objv-change | affected 
-------------------------------------------------------------
      0       1.470563e+00
      1       7.352817e-01      -7.352817e-01 |        0
      2       7.352817e-01       0.000000e+00 |        0
K-means converged with 2 iterations (objv = 0.7352816593329847)
K-means converged with 2 iterations (objv = 0.09164881001248792)
â”Œ Warning: The clustering cost increased at iteration #1
â”” @ Clustering ~/.julia/packages/Clustering/Dlx92/src/kmeans.jl:179
Test Summary:      | Pass  Total
kmeans() (k-means) |   87     87
* kmedoids.jl ...
  Iters               objv        objv-change
-----------------------------------------------------
      0       1.589132e+00
      1       1.623600e+00       3.446832e-02
      2       1.623600e+00       0.000000e+00
K-medoids converged with 2 iterations (objv = 1.6236002870003423)
K-medoids converged with 2 iterations (objv = 1.6236002870003423)
Test Summary:          | Pass  Total
kmedoids() (k-medoids) |   26     26
* affprop.jl ...
  Iters  objv-change | exemplars 
-----------------------------------------------------
      1   1.7243e+00 |        1
      2   1.1599e+00 |        1
      3   1.0111e+00 |        1
      4   8.2884e-01 |        1
      5   6.2996e-01 |        1
      6   4.4970e-01 |        1
      7   3.0568e-01 |        1
      8   1.9999e-01 |        1
      9   1.2694e-01 |        1
     10   7.8624e-02 |        1
Affinity propagation converged with 10 iterations: 1 exemplars.
Affinity propagation converged with 9 iterations: 1 exemplars.
Test Summary:                         | Pass  Total
affinityprop() (affinity propagation) |   78     78
* dbscan.jl ...
Test Summary:                | Pass  Total
dbscan() (DBSCAN clustering) |   19     19
* fuzzycmeans.jl ...
  Iters      center-change
----------------------------
      1       5.244585e-01
      2       1.013155e-01
      3       2.621402e-01
      4       2.313798e-01
      5       3.691017e-02
Fuzzy C-means converged with 5 iterations (Î´ = 0.03691017048331948)
Fuzzy C-means converged with 6 iterations (Î´ = 0.052544440650040276)
Test Summary:  | Pass  Total
fuzzy_cmeans() |   36     36
* counts.jl ...
Test Summary:                 | Pass  Total
counts() (contingency matrix) |   22     22
* silhouette.jl ...
Test Summary: | Pass  Broken  Total
silhouettes() |   11       1     12
* varinfo.jl ...
Test Summary:                       | Pass  Total
varinfo() (variational information) |    7      7
* randindex.jl ...
Test Summary:            | Pass  Total
randindex() (Rand index) |   13     13
* hclust.jl ...
Test Summary:                      | Pass  Total
hclust() (hierarchical clustering) | 6665   6665
* mcl.jl ...
[ Info: Starting MCL iterations...
â”Œ Info: MCL iter. #0: rel.Î”=
â””   rel_delta = 0.0
[ Info: MCL converged after 0 iteration(s)
[ Info: Generating MCL clusters...
[ Info: Starting MCL iterations...
[ Info: MCL converged after 0 iteration(s)
[ Info: Generating MCL clusters...
Test Summary: | Pass  Broken  Total
MCL           |   33       1     34
* vmeasure.jl ...
Test Summary: | Pass  Broken  Total
V-measure     |    8       1      9
* mutualinfo.jl ...
Test Summary:                     | Pass  Total
mutualinfo() (mutual information) |    4      4
   Testing Clustering tests passed 
   Testing CSV
 Resolving package versions...
    Status `/tmp/jl_VLoXmb/Manifest.toml`
  [b99e7846] BinaryProvider v0.5.8
  [336ed68f] CSV v0.5.18
  [324d7699] CategoricalArrays v0.7.3
  [944b1d66] CodecZlib v0.6.0
  [34da2185] Compat v2.2.0
  [9a962f9c] DataAPI v1.1.0
  [a93c6f00] DataFrames v0.19.4
  [864edb3b] DataStructures v0.17.6
  [e2d170a0] DataValueInterfaces v1.0.0
  [48062228] FilePathsBase v0.7.0
  [1a297f60] FillArrays v0.7.4
  [41ab1584] InvertedIndices v1.0.0
  [82899510] IteratorInterfaceExtensions v1.0.0
  [682c06a0] JSON v0.21.0
  [5078a376] LazyArrays v0.13.1
  [1914dd2f] MacroTools v0.5.2
  [e1d29d7a] Missings v0.4.3
  [bac558e1] OrderedCollections v1.1.0
  [69de0a69] Parsers v0.3.10
  [2dfb63ee] PooledArrays v0.5.2
  [189a3867] Reexport v0.2.0
  [a2af1166] SortingAlgorithms v0.3.1
  [90137ffa] StaticArrays v0.12.1
  [3783bdb8] TableTraits v1.0.0
  [bd369af6] Tables v0.2.11
  [3bb67fe8] TranscodingStreams v0.9.5
  [ea10d353] WeakRefStrings v0.6.1
  [2a0f44e3] Base64  [`@stdlib/Base64`]
  [ade2ca70] Dates  [`@stdlib/Dates`]
  [8bb1440f] DelimitedFiles  [`@stdlib/DelimitedFiles`]
  [8ba89e20] Distributed  [`@stdlib/Distributed`]
  [9fa8497b] Future  [`@stdlib/Future`]
  [b77e0a4c] InteractiveUtils  [`@stdlib/InteractiveUtils`]
  [76f85450] LibGit2  [`@stdlib/LibGit2`]
  [8f399da3] Libdl  [`@stdlib/Libdl`]
  [37e2e46d] LinearAlgebra  [`@stdlib/LinearAlgebra`]
  [56ddb016] Logging  [`@stdlib/Logging`]
  [d6f4376e] Markdown  [`@stdlib/Markdown`]
  [a63ad114] Mmap  [`@stdlib/Mmap`]
  [44cfe95a] Pkg  [`@stdlib/Pkg`]
  [de0858da] Printf  [`@stdlib/Printf`]
  [3fa0cd96] REPL  [`@stdlib/REPL`]
  [9a3f8284] Random  [`@stdlib/Random`]
  [ea8e919c] SHA  [`@stdlib/SHA`]
  [9e88b42a] Serialization  [`@stdlib/Serialization`]
  [1a1011a3] SharedArrays  [`@stdlib/SharedArrays`]
  [6462fe0b] Sockets  [`@stdlib/Sockets`]
  [2f01184e] SparseArrays  [`@stdlib/SparseArrays`]
  [10745b16] Statistics  [`@stdlib/Statistics`]
  [8dfed614] Test  [`@stdlib/Test`]
  [cf7118a7] UUIDs  [`@stdlib/UUIDs`]
  [4ec0a83e] Unicode  [`@stdlib/Unicode`]
thread = 1 warning: only found 7 / 8 columns on data row: 1. Filling remaining columns with `missing`
thread = 1 warning: error parsing Int64 on row = 1, col = 1: "abc
", error=INVALID: SENTINEL | NEWLINE | EOF | INVALID_DELIMITER 
â”Œ Warning: incompatible julia version for `threaded=true`: 1.2.0, requires >= v"1.3", setting `threaded=false`
â”” @ CSV ~/.julia/packages/CSV/GCUID/src/CSV.jl:395
testing test_utf8_with_BOM.csv
testing test_utf8.csv
testing test_windows.csv
testing test_single_column.csv
testing test_empty_file.csv
testing test_empty_file_newlines.csv
testing test_simple_quoted.csv
testing test_quoted_delim_and_newline.csv
testing test_quoted_numbers.csv
testing test_crlf_line_endings.csv
testing test_newline_line_endings.csv
testing test_mac_line_endings.csv
testing test_no_header.csv
testing test_2_footer_rows.csv
testing test_footer_missing.csv
testing test_footer_missing.csv
testing test_dates.csv
testing test_excel_date_formats.csv
testing test_datetimes.csv
testing test_missing_value_NULL.csv
testing test_missing_value_NULL.csv
testing test_missing_value.csv
testing test_header_range.csv
testing test_header_int_list.csv
testing test_basic.csv
testing test_basic_pipe.csv
testing test_tab_null_empty.txt
testing test_tab_null_string.txt
testing IOBuffer(data=UInt8[...], readable=true, writable=false, seekable=true, append=false, size=5, maxsize=Inf, ptr=1, mark=-1)
testing IOBuffer(data=UInt8[...], readable=true, writable=false, seekable=true, append=false, size=0, maxsize=Inf, ptr=1, mark=-1)
testing dash_as_null.csv
testing plus_as_null.csv
testing comma_decimal.csv
testing double_quote_quotechar_and_escapechar.csv
testing census.txt
testing bools.csv
testing attenu.csv
testing test_null_only_column.csv
testing IOBuffer(data=UInt8[...], readable=true, writable=false, seekable=true, append=false, size=20, maxsize=Inf, ptr=1, mark=-1)
testing categorical.csv
testing categorical.csv
testing categorical.csv
testing categorical.csv
testing baseball.csv
testing FL_insurance_sample.csv
testing FL_insurance_sample.csv
testing SacramentocrimeJanuary2006.csv
testing Sacramentorealestatetransactions.csv
testing SalesJan2009.csv
testing stocks.csv
testing TechCrunchcontinentalUSA.csv
testing Fielding.csv
testing latest (1).csv
testing IOBuffer(data=UInt8[...], readable=true, writable=false, seekable=true, append=false, size=16, maxsize=Inf, ptr=1, mark=-1)
testing issue_198.csv
testing issue_198_part2.csv
thread = 1 warning: parsed expected 3 columns, but didn't reach end of line on data row: 2. Ignoring any extra columns on this row
thread = 1 warning: parsed expected 3 columns, but didn't reach end of line on data row: 3. Ignoring any extra columns on this row
thread = 1 warning: parsed expected 3 columns, but didn't reach end of line on data row: 2. Ignoring any extra columns on this row
thread = 1 warning: parsed expected 3 columns, but didn't reach end of line on data row: 3. Ignoring any extra columns on this row
testing issue_207.csv
thread = 1 warning: only found 5 / 6 columns on data row: 2. Filling remaining columns with `missing`
thread = 1 warning: only found 5 / 6 columns on data row: 2. Filling remaining columns with `missing`
testing issue_120.csv
testing pandas_zeros.csv
testing transposed.csv
testing transposed_1row.csv
testing transposed_emtpy.csv
testing transposed_extra_newline.csv
testing transposed_noheader.csv
testing transposed_noheader.csv
testing test_utf8.csv
testing test_utf8.csv
testing test_multiple_missing.csv
testing test_openclosequotes.csv
testing test_truestrings.csv
testing test_truestrings.csv
testing test_string_delimiters.csv
testing IOBuffer(data=UInt8[...], readable=true, writable=false, seekable=true, append=false, size=20, maxsize=Inf, ptr=1, mark=-1)
testing test_basic.csv
testing test_basic.csv
testing test_truestrings.csv
testing test_repeated_delimiters.csv
testing test_comments1.csv
testing test_comments_multiple.csv
testing test_comments_multichar.csv
testing test_not_enough_columns.csv
thread = 1 warning: only found 3 / 5 columns on data row: 1. Filling remaining columns with `missing`
thread = 1 warning: only found 3 / 5 columns on data row: 2. Filling remaining columns with `missing`
thread = 1 warning: only found 3 / 5 columns on data row: 1. Filling remaining columns with `missing`
thread = 1 warning: only found 3 / 5 columns on data row: 2. Filling remaining columns with `missing`
testing test_not_enough_columns2.csv
thread = 1 warning: only found 3 / 5 columns on data row: 2. Filling remaining columns with `missing`
thread = 1 warning: only found 3 / 5 columns on data row: 2. Filling remaining columns with `missing`
testing test_correct_trailing_missings.csv
thread = 1 warning: only found 4 / 5 columns on data row: 2. Filling remaining columns with `missing`
thread = 1 warning: only found 4 / 5 columns on data row: 2. Filling remaining columns with `missing`
testing norwegian_data.csv
testing test_duplicate_columnnames.csv
testing test_bad_datetime.csv
testing test_types.csv
thread = 1 warning: only found 7 / 8 columns on data row: 1. Filling remaining columns with `missing`
thread = 1 warning: only found 7 / 8 columns on data row: 1. Filling remaining columns with `missing`
testing test_issue_326.wsv
testing test_missing_last_field.csv
thread = 1 warning: only found 2 / 3 columns on data row: 2. Filling remaining columns with `missing`
thread = 1 warning: only found 2 / 3 columns on data row: 2. Filling remaining columns with `missing`
testing test_delim.tsv
testing test_delim.wsv
testing test_comment_first_row.csv
testing test_comment_first_row.csv
testing test_repeated_delim_371.csv
testing test_file_issue_154.csv
testing IOBuffer(data=UInt8[...], readable=true, writable=false, seekable=true, append=false, size=16, maxsize=Inf, ptr=1, mark=-1)
thread = 1 warning: only found 2 / 3 columns on data row: 2. Filling remaining columns with `missing`
thread = 1 warning: only found 2 / 3 columns on data row: 2. Filling remaining columns with `missing`
testing IOBuffer(data=UInt8[...], readable=true, writable=false, seekable=true, append=false, size=19, maxsize=Inf, ptr=1, mark=-1)
thread = 1 warning: only found 1 / 3 columns on data row: 1. Filling remaining columns with `missing`
thread = 1 warning: only found 1 / 3 columns on data row: 2. Filling remaining columns with `missing`
thread = 1 warning: only found 1 / 3 columns on data row: 1. Filling remaining columns with `missing`
thread = 1 warning: only found 1 / 3 columns on data row: 2. Filling remaining columns with `missing`
testing IOBuffer(data=UInt8[...], readable=true, writable=false, seekable=true, append=false, size=19, maxsize=Inf, ptr=1, mark=-1)
thread = 1 warning: only found 1 / 3 columns on data row: 1. Filling remaining columns with `missing`
thread = 1 warning: only found 1 / 3 columns on data row: 2. Filling remaining columns with `missing`
thread = 1 warning: only found 1 / 3 columns on data row: 1. Filling remaining columns with `missing`
thread = 1 warning: only found 1 / 3 columns on data row: 2. Filling remaining columns with `missing`
testing IOBuffer(data=UInt8[...], readable=true, writable=false, seekable=true, append=false, size=43, maxsize=Inf, ptr=1, mark=-1)
thread = 1 warning: parsed expected 5 columns, but didn't reach end of line on data row: 1. Ignoring any extra columns on this row
thread = 1 warning: parsed expected 5 columns, but didn't reach end of line on data row: 2. Ignoring any extra columns on this row
thread = 1 warning: parsed expected 5 columns, but didn't reach end of line on data row: 3. Ignoring any extra columns on this row
thread = 1 warning: parsed expected 5 columns, but didn't reach end of line on data row: 1. Ignoring any extra columns on this row
thread = 1 warning: parsed expected 5 columns, but didn't reach end of line on data row: 2. Ignoring any extra columns on this row
thread = 1 warning: parsed expected 5 columns, but didn't reach end of line on data row: 3. Ignoring any extra columns on this row
testing IOBuffer(data=UInt8[...], readable=true, writable=false, seekable=true, append=false, size=17, maxsize=Inf, ptr=1, mark=-1)
testing heat_flux.dat
testing log001_vehicle_status_flags_0.txt
testing fecal_samples.csv
header is: 1, datarow computed as: 2
headerpos = 4, datapos = 481
estimated rows: 756
detected delimiter: ","
column names detected: Symbol[:SampleID, :Mother_Child, :SubjectID, :MaternalID, :TimePoint, :Fecal_EtOH, :CollectionRep, :DOC, :RAInitials_DOC, :DOF, :RAInitials_DOF, :Date_Brought_In, :RAInitials_Brought, :Date_Shipped, :RAInitials_Shipped, :Date_Aliquoted, :Number_Replicates, :RAInitials_Aliquot, :StorageBox, :DOE, :Extract_number, :AliquotRep, :DNABox, :KitUsed, :RAInitials_Extract, :DNAConc, :DOM, :Mgx_processed, :Mgx_batch, :DO16S, :_16S_processed, :_16S_batch, :_16S_plate, :Notes, :Discrepancies, :Batch_1_Mapping, :Mgx_batch_Mapping, :_16S_batch_Mapping, :Mother_Child_Dyads]
byte position of data computed at: 481
thread = 1 warning: only found 38 / 39 columns on data row: 1079. Filling remaining columns with `missing`
header is: 1, datarow computed as: 2
headerpos = 4, datapos = 481
estimated rows: 756
detected delimiter: ","
column names detected: Symbol[:SampleID, :Mother_Child, :SubjectID, :MaternalID, :TimePoint, :Fecal_EtOH, :CollectionRep, :DOC, :RAInitials_DOC, :DOF, :RAInitials_DOF, :Date_Brought_In, :RAInitials_Brought, :Date_Shipped, :RAInitials_Shipped, :Date_Aliquoted, :Number_Replicates, :RAInitials_Aliquot, :StorageBox, :DOE, :Extract_number, :AliquotRep, :DNABox, :KitUsed, :RAInitials_Extract, :DNAConc, :DOM, :Mgx_processed, :Mgx_batch, :DO16S, :_16S_processed, :_16S_batch, :_16S_plate, :Notes, :Discrepancies, :Batch_1_Mapping, :Mgx_batch_Mapping, :_16S_batch_Mapping, :Mother_Child_Dyads]
byte position of data computed at: 481
computed typecodes are: Int8[0, 0, 0, 0, 0, 0, 0, 0, 0, 0, 0, 0, 0, 0, 0, 0, 0, 0, 0, 0, 0, 0, 0, 0, 0, 0, 0, 0, 0, 0, 0, 0, 0, 0, 0, 0, 0, 0, 0]
thread = 1 warning: didn't pre-allocate enough tape while parsing on row 756, re-allocating from 756 to 1023...
thread = 1 warning: didn't pre-allocate enough tape while parsing on row 1023, re-allocating from 1023 to 1083...
thread = 1 warning: only found 38 / 39 columns on data row: 1079. Filling remaining columns with `missing`
time for initial parsing to tape: 0.004475831985473633
types after parsing: Type[String, PooledString, Int64, String, Int64, PooledString, Int64, Date, Union{Missing, PooledString}, Union{Missing, Date}, Union{Missing, PooledString}, Union{Missing, Date}, Union{Missing, PooledString}, Union{Missing, Date}, Union{Missing, PooledString}, Union{Missing, Date}, Union{Missing, PooledString}, Union{Missing, PooledString}, Union{Missing, PooledString}, Union{Missing, Date}, Union{Missing, PooledString}, Union{Missing, PooledString}, Union{Missing, PooledString}, Union{Missing, PooledString}, Union{Missing, PooledString}, Union{Missing, Float64}, Union{Missing, Date}, Union{Missing, PooledString}, Union{Missing, PooledString}, Union{Missing, Date}, Union{Missing, PooledString}, Union{Missing, PooledString}, Union{Missing, PooledString}, Union{Missing, PooledString}, Union{Missing, PooledString}, Union{Missing, String}, Union{Missing, PooledString}, Union{Missing, PooledString}, Union{Missing, Int64}], pool = 0.1
testing time.csv
testing escaped_pooled.csv
testing error_comment.txt
testing test_508.csv
testing test_basic.csv
thread = 1 warning: only found 3 / 5 columns on data row: 1. Filling remaining columns with `missing`
thread = 1 warning: only found 3 / 5 columns on data row: 2. Filling remaining columns with `missing`
thread = 1 warning: only found 4 / 5 columns on data row: 2. Filling remaining columns with `missing`
CSV.Rows("<Base.GenericIOBuffer{Array{UInt8,1}}>"):
Size: 1
Tables.Schema:
 :X  Union{Missing, String}thread = 1 warning: only found 1 / 3 columns on data row: 1. Filling remaining columns with `missing`
thread = 1 warning: only found 2 / 3 columns on data row: 2. Filling remaining columns with `missing`
thread = 1 warning: parsed expected 3 columns, but didn't reach end of line on data row: 2. Ignoring any extra columns on this row
Test Summary: | Pass  Total
CSV           | 1197   1197
   Testing CSV tests passed 
   Testing DataFrames
 Resolving package versions...
 Installed DataValues â”€â”€â”€ v0.4.12
 Installed LaTeXStrings â”€ v1.0.3
    Status `/tmp/jl_TUTGaZ/Manifest.toml`
  [324d7699] CategoricalArrays v0.7.3
  [34da2185] Compat v2.2.0
  [9a962f9c] DataAPI v1.1.0
  [a93c6f00] DataFrames v0.19.4
  [864edb3b] DataStructures v0.17.6
  [e2d170a0] DataValueInterfaces v1.0.0
  [e7dc6d0d] DataValues v0.4.12
  [41ab1584] InvertedIndices v1.0.0
  [82899510] IteratorInterfaceExtensions v1.0.0
  [682c06a0] JSON v0.21.0
  [b964fa9f] LaTeXStrings v1.0.3
  [e1d29d7a] Missings v0.4.3
  [bac558e1] OrderedCollections v1.1.0
  [69de0a69] Parsers v0.3.10
  [2dfb63ee] PooledArrays v0.5.2
  [189a3867] Reexport v0.2.0
  [a2af1166] SortingAlgorithms v0.3.1
  [3783bdb8] TableTraits v1.0.0
  [bd369af6] Tables v0.2.11
  [2a0f44e3] Base64  [`@stdlib/Base64`]
  [ade2ca70] Dates  [`@stdlib/Dates`]
  [8bb1440f] DelimitedFiles  [`@stdlib/DelimitedFiles`]
  [8ba89e20] Distributed  [`@stdlib/Distributed`]
  [9fa8497b] Future  [`@stdlib/Future`]
  [b77e0a4c] InteractiveUtils  [`@stdlib/InteractiveUtils`]
  [76f85450] LibGit2  [`@stdlib/LibGit2`]
  [8f399da3] Libdl  [`@stdlib/Libdl`]
  [37e2e46d] LinearAlgebra  [`@stdlib/LinearAlgebra`]
  [56ddb016] Logging  [`@stdlib/Logging`]
  [d6f4376e] Markdown  [`@stdlib/Markdown`]
  [a63ad114] Mmap  [`@stdlib/Mmap`]
  [44cfe95a] Pkg  [`@stdlib/Pkg`]
  [de0858da] Printf  [`@stdlib/Printf`]
  [3fa0cd96] REPL  [`@stdlib/REPL`]
  [9a3f8284] Random  [`@stdlib/Random`]
  [ea8e919c] SHA  [`@stdlib/SHA`]
  [9e88b42a] Serialization  [`@stdlib/Serialization`]
  [1a1011a3] SharedArrays  [`@stdlib/SharedArrays`]
  [6462fe0b] Sockets  [`@stdlib/Sockets`]
  [2f01184e] SparseArrays  [`@stdlib/SparseArrays`]
  [10745b16] Statistics  [`@stdlib/Statistics`]
  [8dfed614] Test  [`@stdlib/Test`]
  [cf7118a7] UUIDs  [`@stdlib/UUIDs`]
  [4ec0a83e] Unicode  [`@stdlib/Unicode`]
Running tests:
Test Summary: | Pass  Total
make_unique   |    3      3
Test Summary: | Pass  Total
count         |    2      2
Test Summary: | Pass  Total
inner_outer   |    2      2
	[1m[32mPASSED[0m: utils.jl
Test Summary: | Pass  Total
hcat          |   10     10
Test Summary: | Pass  Total
hcat: copying |   26     26
Test Summary:            | Pass  Total
hcat ::AbstractDataFrame |    2      2
Test Summary:            | Pass  Total
hcat ::AbstractDataFrame |    2      2
Test Summary:          | Pass  Total
hcat ::AbstractVectors |   11     11
Test Summary:  | Pass  Total
hcat: copycols |   76     76
Test Summary: | Pass  Total
vcat          |   21     21
Test Summary: | Pass  Total
vcat copy     |    2      2
Test Summary: | Pass  Total
vcat >2 args  |    4      4
Test Summary:       | Pass  Total
vcat mixed coltypes |   18     18
Test Summary:     | Pass  Total
vcat out of order |   20     20
Test Summary:         | Pass  Total
vcat with cols=:union |    6      6
Test Summary:             | Pass  Total
vcat with cols=:intersect |    6      6
Test Summary:          | Pass  Total
vcat with cols::Vector |   15     15
Test Summary: | Pass  Total
vcat errors   |   32     32
Test Summary:  | Pass  Total
vcat with view |    1      1
	[1m[32mPASSED[0m: cat.jl
Test Summary: | Pass  Total
constructors  |   57     57
Test Summary:                 | Pass  Total
completecases and dropmissing |  209    209
Test Summary: | Pass  Total
merge         |   17     17
	[1m[32mPASSED[0m: data.jl
Test Summary:     | Pass  Total
selector mutation |   12     12
Test Summary:                    | Pass  Total
fuzzy matching and ArgumentError |    8      8
Test Summary:  | Pass  Total
Regex indexing |   36     36
Test Summary: | Pass  Total
Not indexing  |   36     36
Test Summary:    | Pass  Total
Between indexing |   20     20
Test Summary: | Pass  Total
All indexing  |   25     25
	[1m[32mPASSED[0m: index.jl
Test Summary: | Pass  Total
equality      |    9      9
Test Summary: | Pass  Total
copying       |    6      6
Test Summary:      | Pass  Total
similar / missings |    2      2
Test Summary: | Pass  Total
hasproperty   |    5      5
Test Summary: | Pass  Total
insertcols!   |   24     24
Test Summary:          | Pass  Total
DataFrame constructors |   19     19
â”Œ Error: Error adding value to column :first.
â”” @ DataFrames ~/.julia/packages/DataFrames/yH0f6/src/dataframe/dataframe.jl:1301
â”Œ Error: Error adding value to column :first.
â”” @ DataFrames ~/.julia/packages/DataFrames/yH0f6/src/dataframe/dataframe.jl:1301
â”Œ Error: Error adding value to column :second.
â”” @ DataFrames ~/.julia/packages/DataFrames/yH0f6/src/dataframe/dataframe.jl:1301
â”Œ Error: Error adding value to column :second.
â”” @ DataFrames ~/.julia/packages/DataFrames/yH0f6/src/dataframe/dataframe.jl:1187
â”Œ Error: Error adding value to column :second.
â”” @ DataFrames ~/.julia/packages/DataFrames/yH0f6/src/dataframe/dataframe.jl:1187
â”Œ Error: Error adding value to column :first.
â”” @ DataFrames ~/.julia/packages/DataFrames/yH0f6/src/dataframe/dataframe.jl:1187
â”Œ Error: Error adding value to column :first.
â”” @ DataFrames ~/.julia/packages/DataFrames/yH0f6/src/dataframe/dataframe.jl:1187
â”Œ Error: Error adding value to column :second.
â”” @ DataFrames ~/.julia/packages/DataFrames/yH0f6/src/dataframe/dataframe.jl:1187
â”Œ Error: Error adding value to column :y.
â”” @ DataFrames ~/.julia/packages/DataFrames/yH0f6/src/dataframe/dataframe.jl:1187
â”Œ Error: Error adding value to column :a.
â”” @ DataFrames ~/.julia/packages/DataFrames/yH0f6/src/dataframe/dataframe.jl:1301
â”Œ Error: Error adding value to column :a.
â”” @ DataFrames ~/.julia/packages/DataFrames/yH0f6/src/dataframe/dataframe.jl:1187
â”Œ Error: Error adding value to column :a.
â”” @ DataFrames ~/.julia/packages/DataFrames/yH0f6/src/dataframe/dataframe.jl:1187
â”Œ Error: Error adding value to column :a.
â”” @ DataFrames ~/.julia/packages/DataFrames/yH0f6/src/dataframe/dataframe.jl:1301
â”Œ Error: Error adding value to column :a.
â”” @ DataFrames ~/.julia/packages/DataFrames/yH0f6/src/dataframe/dataframe.jl:1187
â”Œ Error: Error adding value to column :a.
â”” @ DataFrames ~/.julia/packages/DataFrames/yH0f6/src/dataframe/dataframe.jl:1187
Test Summary:  | Pass  Total
push!(df, row) |   51     51
Test Summary: | Pass  Total
select! Not   |   13     13
Test Summary: | Pass  Total
select Not    |   64     64
Test Summary:   | Pass  Total
select Not view |   76     76
Test Summary: | Pass  Total
select!       |   35     35
Test Summary: | Pass  Total
select        |   66     66
Test Summary: | Pass  Total
select view   |   78     78
Test Summary: | Pass  Total
deleterows!   |   40     40
Test Summary: | Pass  Total
describe      |    6      6
â”Œ Error: Error adding value to column B.
â”” @ DataFrames ~/.julia/packages/DataFrames/yH0f6/src/dataframe/dataframe.jl:1144
â”Œ Error: Error adding value to column B.
â”” @ DataFrames ~/.julia/packages/DataFrames/yH0f6/src/dataframe/dataframe.jl:1144
â”Œ Error: Error adding value to column a.
â”” @ DataFrames ~/.julia/packages/DataFrames/yH0f6/src/dataframe/dataframe.jl:1144
â”Œ Error: Error adding value to column a.
â”” @ DataFrames ~/.julia/packages/DataFrames/yH0f6/src/dataframe/dataframe.jl:1144
Test Summary: | Pass  Total
append!       |   18     18
Test Summary:     | Pass  Total
test categorical! |   14     14
Test Summary: | Pass  Total
categorical!  |   11     11
Test Summary: | Pass  Total
rename        |   20     20
Test Summary: | Pass  Total
size          |    5      5
Test Summary: | Pass  Total
description   |    8      8
Test Summary:      | Pass  Total
column conversions |   69     69
Test Summary:        | Pass  Total
test disallowmissing |  314    314
Test Summary:     | Pass  Total
test allowmissing |  312    312
Test Summary:    | Pass  Total
test categorical |  432    432
Test Summary: | Pass  Total
similar       |    8      8
Test Summary:                | Pass  Total
passing range to a DataFrame |    1      1
Test Summary:                | Pass  Total
test getindex using ! syntax |   15     15
Test Summary:                | Pass  Total
test corner case of getindex |    2      2
Test Summary:             | Pass  Total
empty data frame getindex |    9      9
Test Summary:               | Pass  Total
handling of end in indexing |   22     22
Test Summary:        | Pass  Total
aliasing in indexing |    5      5
Test Summary: | Pass  Total
permutecols!  |   21     21
Test Summary:                               | Pass  Total
getproperty, setproperty! and propertynames |   10     10
Test Summary:          | Pass  Total
duplicate column names |    1      1
Test Summary:         | Pass  Total
parent, size and axes |   11     11
Test Summary:                | Pass  Total
0-row DataFrame corner cases |    4      4
Test Summary:         |
And and Between tests | No tests
	[1m[32mPASSED[0m: dataframe.jl
Test Summary:         | Pass  Total
the output of unstack |   27     27
Test Summary:                               | Pass  Total
unstack promotion to support missing values |    8      8
â”Œ Warning: Duplicate entries in unstack at row 3 for key 1 and variable a.
â”” @ DataFrames ~/.julia/packages/DataFrames/yH0f6/src/abstractdataframe/reshape.jl:251
â”Œ Warning: Duplicate entries in unstack at row 3 for key (1, 1) and variable a.
â”” @ DataFrames ~/.julia/packages/DataFrames/yH0f6/src/abstractdataframe/reshape.jl:331
Test Summary:                         | Pass  Total
duplicate entries in unstack warnings |    9      9
â”Œ Warning: Missing value in variable variable at row 3. Skipping.
â”” @ DataFrames ~/.julia/packages/DataFrames/yH0f6/src/abstractdataframe/reshape.jl:231
â”Œ Warning: Missing value in variable variable at row 3. Skipping.
â”” @ DataFrames ~/.julia/packages/DataFrames/yH0f6/src/abstractdataframe/reshape.jl:323
Test Summary:            | Pass  Total
missing values in colkey |    6      6
Test Summary:             | Pass  Total
stack-unstack correctness |    4      4
Test Summary: | Pass  Total
reshape       |   69     69
Test Summary:           | Pass  Total
column names duplicates |    5      5
	[1m[32mPASSED[0m: reshape.jl
Test Summary: | Pass  Total
constructors  |   28     28
Test Summary:          | Pass  Total
getindex and setindex! |   53     53
Test Summary: | Pass  Total
equality      |   17     17
Test Summary: | Pass  Total
isless        |   13     13
Test Summary: | Pass  Total
hashing       |    6      6
Test Summary: | Pass  Total
grouping      |    6      6
Test Summary:                               | Pass  Total
getproperty, setproperty! and propertynames |    6      6
Test Summary:                    | Pass  Total
keys, values and iteration, size |   31     31
Test Summary:    | Pass  Total
convert and copy |    6      6
Test Summary:            | Pass  Total
parent and parentindices |   34     34
Test Summary:         | Pass  Total
iteration and collect |   10     10
Test Summary:    | Pass  Total
duplicate column |   12     12
Test Summary:        | Pass  Total
conversion and push! |   15     15
Test Summary: | Pass  Total
show          |    7      7
	[1m[32mPASSED[0m: dataframerow.jl
Test Summary: | Pass  Total
LaTeX export  |    4      4
Test Summary:     | Pass  Total
Huge LaTeX export |    2      2
Test Summary: | Pass  Total
HTML output   |   11     11
Test Summary:   | Pass  Total
limit attribute |    2      2
Test Summary: | Pass  Total
printtable    |    1      1
Test Summary:  | Pass  Total
csv/tsv output |    6      6
Test Summary:                     | Pass  Total
empty data frame and DataFrameRow |   12     12
Test Summary: | Pass  Total
consistency   |    8      8
	[1m[32mPASSED[0m: io.jl
Test Summary: | Pass  Total
constructors  |   42     42
Test Summary:                          | Pass  Total
DataFrame keyword argument constructor |   22     22
Test Summary:         | Pass  Total
DataFrame constructor |   21     21
Test Summary:    | Pass  Total
pair constructor |   11     11
Test Summary: | Pass  Total
associative   |    9      9
Test Summary:       | Pass  Total
vector constructors |   58     58
Test Summary: | Pass  Total
recyclers     |    2      2
Test Summary:      | Pass  Total
constructor errors |   11     11
Test Summary: | Pass  Total
column types  |    3      3
Test Summary:      | Pass  Total
Matrix constructor |    4      4
Test Summary:          | Pass  Total
constructor with types |   19     19
	[1m[32mPASSED[0m: constructors.jl
Test Summary:    | Pass  Total
Conversion tests |   44     44
	[1m[32mPASSED[0m: conversions.jl
	[1m[32mPASSED[0m: sort.jl
Test Summary: | Pass  Total
parent        |    2      2
Test Summary: | Pass  Total
consistency   |    2      2
Test Summary:    | Pass  Total
accepted columns |    2      2
Test Summary:                                       | Pass  Total
by, groupby and map(::Function, ::GroupedDataFrame) |  915    915
Test Summary:          | Pass  Total
grouping with missings |  980    980
Test Summary:            | Pass  Total
grouping with three keys | 1426   1426
Test Summary:                           | Pass  Total
by, combine and map with pair interface |  374    374
Test Summary:                      | Pass  Total
combine with aggregation functions |  253    253
Test Summary:                      | Pass  Total
combine with aggregation functions |  253    253
Test Summary:                      | Pass  Total
combine with aggregation functions |  253    253
Test Summary:                      | Pass  Total
combine with aggregation functions |  253    253
Test Summary:      | Pass  Total
iteration protocol |    2      2
Test Summary: | Pass  Total
getindex      |   29     29
Test Summary:  | Pass  Total
== and isequal |   12     12
Test Summary: | Pass  Total
show          |   10     10
Test Summary: | Pass  Total
DataFrame     |   20     20
Test Summary:              | Pass  Total
groupindices and groupvars |    8      8
	[1m[32mPASSED[0m: grouping.jl
Test Summary: | Pass  Total
join types    |   20     20
Test Summary:       | Pass  Total
Test empty inputs 1 |   21     21
Test Summary:       | Pass  Total
Test empty inputs 2 |   21     21
Test Summary: | Pass  Total
issue #960    |    3      3
Test Summary: | Pass  Total
all joins     |   30     30
Test Summary:                    | Pass  Total
all joins with CategoricalArrays |   32     32
Test Summary:                                                     | Pass  Total
maintain CategoricalArray levels ordering on join - non-`on` cols |    6      6
Test Summary:                                                          | Pass  Total
maintain CategoricalArray levels ordering on join - ordering conflicts |   10     10
Test Summary:                                                           | Pass  Total
maintain CategoricalArray levels ordering on join - left is categorical |   12     12
Test Summary:                                   | Pass  Total
join on columns with different left/right names |   18     18
Test Summary:                  | Pass  Total
join with a column of type Any |   16     16
Test Summary:                                       | Pass  Total
joins with categorical columns and no matching rows |   24     24
Test Summary:     | Pass  Total
indicator columns |    4      4
Test Summary:                       | Pass  Total
test checks of merge key uniqueness |   18     18
Test Summary: | Pass  Total
consistency   |    3      3
	[1m[32mPASSED[0m: join.jl
Test Summary: | Pass  Total
SubDataFrame  |    7      7
Test Summary:   | Pass  Total
parent mutation |    4      4
Test Summary:                 | Pass  Total
getproperty and propertynames |   33     33
	[1m[32mPASSED[0m: iteration.jl
Test Summary: | Pass  Total
nonunique     |   18     18
	[1m[32mPASSED[0m: duplicates.jl
Test Summary:                            | Pass  Total
Basic show test with allrows and allcols |    9      9
Test Summary:    | Pass  Total
displaysize test |    4      4
Test Summary:             | Pass  Total
IOContext parameters test |    2      2
Test Summary:          | Pass  Total
SubDataFrame show test |    1      1
Test Summary:                                 | Pass  Total
Test showing StackedVector and RepeatedVector |    3      3
Test Summary:                                            | Pass  Total
Test colors and non-standard values: missing and nothing |    3      3
Test Summary:                  | Pass  Total
Test correct width computation |    1      1
Test Summary:                                                              | Pass  Total
Test showing special types: strings with escapes, categorical and BigFloat |    3      3
Test Summary:                              | Pass  Total
Test using :compact parameter of IOContext |    2      2
Test Summary:                              | Pass  Total
Test of DataFrameRows and DataFrameColumns |    6      6
Test Summary:                          | Pass  Total
Test empty data frame and DataFrameRow |    3      3
Test Summary: | Pass  Total
consistency   |    2      2
	[1m[32mPASSED[0m: show.jl
Test Summary:       | Pass  Total
copy - SubDataFrame |    5      5
Test Summary:     | Pass  Total
view -- DataFrame |   77     77
Test Summary:        | Pass  Total
view -- SubDataFrame |   62     62
Test Summary:                               | Pass  Total
getproperty, setproperty! and propertynames |    8      8
Test Summary: | Pass  Total
index         |   10     10
Test Summary: | Pass  Total
deleterows!   |    1      1
Test Summary: | Pass  Total
parent        |    6      6
Test Summary:    | Pass  Total
duplicate column |    6      6
Test Summary:           | Pass  Total
conversion to DataFrame |   12     12
	[1m[32mPASSED[0m: subdataframe.jl
Test Summary: | Pass  Total
Tables        |   45     45
Test Summary: | Pass  Total
DataFrame!    |    9      9
Test Summary: | Pass  Total
columnindex   |    4      4
	[1m[32mPASSED[0m: tables.jl
Test Summary: | Pass  Total
TableTraits   |   10     10
	[1m[32mPASSED[0m: tabletraits.jl
Test Summary:      | Pass  Total
getindex DataFrame |   89     89
Test Summary:       | Pass  Total
getindex df[!, col] |   13     13
Test Summary:  | Pass  Total
view DataFrame |  129    129
Test Summary:         | Pass  Total
getindex SubDataFrame |  133    133
Test Summary:     | Pass  Total
view SubDataFrame |  128    128
Test Summary:         | Pass  Total
getindex DataFrameRow |   16     16
Test Summary:     | Pass  Total
view DataFrameRow |   17     17
Test Summary:                             | Pass  Total
additional tests of post-! getindex rules |  179    179
â”Œ Warning: in the future column names in source and target will have to match
â”‚   caller = top-level scope at indexing.jl:879
â”” @ Core ~/.julia/packages/DataFrames/yH0f6/test/indexing.jl:879
â”Œ Warning: implicit vector broadcasting in setindex! is deprecated
â”‚   caller = setindex!(::DataFrame, ::DataFrame, ::UnitRange{Int64}, ::UnitRange{Int64}) at deprecated.jl:1603
â”” @ DataFrames ~/.julia/packages/DataFrames/yH0f6/src/deprecated.jl:1603
Test Summary:          | Pass  Total
setindex! on DataFrame |   43     43
â”Œ Warning: in the future column names in source and target will have to match
â”‚   caller = setindex!(::SubDataFrame{DataFrame,DataFrames.Index,Base.OneTo{Int64}}, ::DataFrame, ::UnitRange{Int64}, ::UnitRange{Int64}) at subdataframe.jl:152
â”” @ DataFrames ~/.julia/packages/DataFrames/yH0f6/src/subdataframe/subdataframe.jl:152
â”Œ Warning: in the future column names in source and target will have to match
â”‚   caller = setindex!(::SubDataFrame{DataFrame,DataFrames.SubIndex{DataFrames.Index,UnitRange{Int64},UnitRange{Int64}},Base.OneTo{Int64}}, ::DataFrame, ::UnitRange{Int64}, ::UnitRange{Int64}) at subdataframe.jl:152
â”” @ DataFrames ~/.julia/packages/DataFrames/yH0f6/src/subdataframe/subdataframe.jl:152
â”Œ Warning: in the future column names in source and target will have to match
â”‚   caller = setindex!(::SubDataFrame{DataFrame,DataFrames.Index,UnitRange{Int64}}, ::DataFrame, ::UnitRange{Int64}, ::UnitRange{Int64}) at subdataframe.jl:152
â”” @ DataFrames ~/.julia/packages/DataFrames/yH0f6/src/subdataframe/subdataframe.jl:152
â”Œ Warning: in the future column names in source and target will have to match
â”‚   caller = setindex!(::SubDataFrame{DataFrame,DataFrames.SubIndex{DataFrames.Index,UnitRange{Int64},UnitRange{Int64}},UnitRange{Int64}}, ::DataFrame, ::UnitRange{Int64}, ::UnitRange{Int64}) at subdataframe.jl:152
â”” @ DataFrames ~/.julia/packages/DataFrames/yH0f6/src/subdataframe/subdataframe.jl:152
Test Summary:             | Pass  Total
setindex! on SubDataFrame |  124    124
Test Summary:             | Pass  Total
setindex! on DataFrameRow |   28     28
	[1m[32mPASSED[0m: indexing.jl
Test Summary:  | Pass  Total
CartesianIndex |   24     24
Test Summary:                             | Pass  Total
broadcasting of AbstractDataFrame objects |   28     28
Test Summary:                                    | Pass  Total
broadcasting of AbstractDataFrame objects errors |   10     10
Test Summary:          | Pass  Total
broadcasting expansion |    5      5
Test Summary:                                          | Pass  Total
broadcasting of AbstractDataFrame objects corner cases |   34     34
Test Summary:                                                               | Pass  Total
normal data frame and data frame row in broadcasted assignment - one column |   79     79
Test Summary:                                                                 | Pass  Total
normal data frame and data frame view in broadcasted assignment - two columns |   72     72
Test Summary:                                       | Pass  Total
assignment to a whole data frame and data frame row |    8      8
Test Summary:                                               | Pass  Total
extending data frame in broadcasted assignment - one column |   20     20
Test Summary:                | Pass  Total
empty data frame corner case |   99     99
test categorical values: Test Failed at /root/.julia/packages/DataFrames/yH0f6/test/broadcasting.jl:720
  Expression: length(levels(df.c5)) == 1
   Evaluated: 3 == 1
Stacktrace:
 [1] top-level scope at /root/.julia/packages/DataFrames/yH0f6/test/broadcasting.jl:720
 [2] top-level scope at /buildworker/worker/package_linux64/build/usr/share/julia/stdlib/v1.2/Test/src/Test.jl:1113
 [3] top-level scope at /root/.julia/packages/DataFrames/yH0f6/test/broadcasting.jl:690
test categorical values: Test Failed at /root/.julia/packages/DataFrames/yH0f6/test/broadcasting.jl:720
  Expression: length(levels(df.c5)) == 1
   Evaluated: 2 == 1
Stacktrace:
 [1] top-level scope at /root/.julia/packages/DataFrames/yH0f6/test/broadcasting.jl:720
 [2] top-level scope at /buildworker/worker/package_linux64/build/usr/share/julia/stdlib/v1.2/Test/src/Test.jl:1113
 [3] top-level scope at /root/.julia/packages/DataFrames/yH0f6/test/broadcasting.jl:690
test categorical values: Test Failed at /root/.julia/packages/DataFrames/yH0f6/test/broadcasting.jl:720
  Expression: length(levels(df.c5)) == 1
   Evaluated: 2 == 1
Stacktrace:
 [1] top-level scope at /root/.julia/packages/DataFrames/yH0f6/test/broadcasting.jl:720
 [2] top-level scope at /buildworker/worker/package_linux64/build/usr/share/julia/stdlib/v1.2/Test/src/Test.jl:1113
 [3] top-level scope at /root/.julia/packages/DataFrames/yH0f6/test/broadcasting.jl:690
test categorical values: Test Failed at /root/.julia/packages/DataFrames/yH0f6/test/broadcasting.jl:720
  Expression: length(levels(df.c5)) == 1
   Evaluated: 3 == 1
Stacktrace:
 [1] top-level scope at /root/.julia/packages/DataFrames/yH0f6/test/broadcasting.jl:720
 [2] top-level scope at /buildworker/worker/package_linux64/build/usr/share/julia/stdlib/v1.2/Test/src/Test.jl:1113
 [3] top-level scope at /root/.julia/packages/DataFrames/yH0f6/test/broadcasting.jl:690
test categorical values: Test Failed at /root/.julia/packages/DataFrames/yH0f6/test/broadcasting.jl:720
  Expression: length(levels(df.c5)) == 1
   Evaluated: 2 == 1
Stacktrace:
 [1] top-level scope at /root/.julia/packages/DataFrames/yH0f6/test/broadcasting.jl:720
 [2] top-level scope at /buildworker/worker/package_linux64/build/usr/share/julia/stdlib/v1.2/Test/src/Test.jl:1113
 [3] top-level scope at /root/.julia/packages/DataFrames/yH0f6/test/broadcasting.jl:690
test categorical values: Test Failed at /root/.julia/packages/DataFrames/yH0f6/test/broadcasting.jl:720
  Expression: length(levels(df.c5)) == 1
   Evaluated: 2 == 1
Stacktrace:
 [1] top-level scope at /root/.julia/packages/DataFrames/yH0f6/test/broadcasting.jl:720
 [2] top-level scope at /buildworker/worker/package_linux64/build/usr/share/julia/stdlib/v1.2/Test/src/Test.jl:1113
 [3] top-level scope at /root/.julia/packages/DataFrames/yH0f6/test/broadcasting.jl:690
Test Summary:           | Pass  Fail  Total
test categorical values |  120     6    126
	[1m[31mFAILED[0m: broadcasting.jl
LoadError: Some tests did not pass: 120 passed, 6 failed, 0 errored, 0 broken.
in expression starting at /root/.julia/packages/DataFrames/yH0f6/test/broadcasting.jl:689
â”Œ Warning: sort(df, cols=cols) is deprecated, use sort(df, cols) instead
â”‚   caller = ip:0x0
â”” @ Core :-1
â”Œ Warning: sort!(df, cols=cols) is deprecated, use sort!(df, cols) instead
â”‚   caller = ip:0x0
â”” @ Core :-1
Test Summary: | Pass  Total
identifier    |    6      6
Test Summary:  |
reserved words | â”Œ Warning: Unable to validate reserved words against parser. 
â”‚   Expected if Julia was not built from source. = "Expected if Julia was not built from source."
â”” @ Main.TestDeprecated ~/.julia/packages/DataFrames/yH0f6/test/deprecated.jl:48
No tests
â”Œ Warning: combine(gd) is deprecated, use DataFrame(gd) instead
â”‚   caller = top-level scope at deprecated.jl:57
â”” @ Core ~/.julia/packages/DataFrames/yH0f6/test/deprecated.jl:57
â”Œ Warning: `DataFrame` constructor with `categorical` positional argument is deprecated. Instead use `DataFrame(columns, names)` constructor.
â”‚   caller = top-level scope at deprecated.jl:60
â”” @ Core ~/.julia/packages/DataFrames/yH0f6/test/deprecated.jl:60
â”Œ Warning: `getindex(df::DataFrame, col_ind::ColumnIndex)` is deprecated, use `df[!, col_ind]` instead.
â”‚   caller = top-level scope at deprecated.jl:61
â”” @ Core ~/.julia/packages/DataFrames/yH0f6/test/deprecated.jl:61
â”Œ Warning: `getindex(df::DataFrame, col_ind::ColumnIndex)` is deprecated, use `df[!, col_ind]` instead.
â”‚   caller = top-level scope at deprecated.jl:62
â”” @ Core ~/.julia/packages/DataFrames/yH0f6/test/deprecated.jl:62
â”Œ Warning: `DataFrame` constructor with `categorical` positional argument is deprecated. Instead use `DataFrame(columns, names)` constructor.
â”‚   caller = top-level scope at deprecated.jl:63
â”” @ Core ~/.julia/packages/DataFrames/yH0f6/test/deprecated.jl:63
Test Summary:           | Pass  Total
categorical constructor |    3      3
â”Œ Warning: `DataFrame(t::Type, nrows::Integer, ncols::Integer)` is deprecated, use `DataFrame([Vector{t}(undef, nrows) for i = 1:ncols])` instead.
â”‚   caller = top-level scope at deprecated.jl:67
â”” @ Core ~/.julia/packages/DataFrames/yH0f6/test/deprecated.jl:67
â”Œ Warning: `getindex(df::DataFrame, col_ind::ColumnIndex)` is deprecated, use `df[!, col_ind]` instead.
â”‚   caller = top-level scope at deprecated.jl:70
â”” @ Core ~/.julia/packages/DataFrames/yH0f6/test/deprecated.jl:70
â”Œ Warning: `getindex(df::DataFrame, col_ind::ColumnIndex)` is deprecated, use `df[!, col_ind]` instead.
â”‚   caller = top-level scope at deprecated.jl:71
â”” @ Core ~/.julia/packages/DataFrames/yH0f6/test/deprecated.jl:71
â”Œ Warning: `getindex(df::DataFrame, col_ind::ColumnIndex)` is deprecated, use `df[!, col_ind]` instead.
â”‚   caller = top-level scope at deprecated.jl:72
â”” @ Core ~/.julia/packages/DataFrames/yH0f6/test/deprecated.jl:72
â”Œ Warning: `getindex(df::DataFrame, col_ind::ColumnIndex)` is deprecated, use `df[!, col_ind]` instead.
â”‚   caller = top-level scope at deprecated.jl:73
â”” @ Core ~/.julia/packages/DataFrames/yH0f6/test/deprecated.jl:73
â”Œ Warning: `getindex(df::DataFrame, col_ind::ColumnIndex)` is deprecated, use `df[!, col_ind]` instead.
â”‚   caller = top-level scope at deprecated.jl:74
â”” @ Core ~/.julia/packages/DataFrames/yH0f6/test/deprecated.jl:74
â”Œ Warning: `getindex(df::DataFrame, col_ind::ColumnIndex)` is deprecated, use `df[!, col_ind]` instead.
â”‚   caller = top-level scope at deprecated.jl:75
â”” @ Core ~/.julia/packages/DataFrames/yH0f6/test/deprecated.jl:75
â”Œ Warning: `DataFrame(column_eltypes::AbstractVector{<:Type}, nrows::Integer)` is deprecated, use `DataFrame(column_eltypes, Symbol.('x' .* string.(1:length(column_eltypes))), nrows)` instead.
â”‚   caller = top-level scope at deprecated.jl:83
â”” @ Core ~/.julia/packages/DataFrames/yH0f6/test/deprecated.jl:83
â”Œ Warning: `getindex(df::DataFrame, col_ind::ColumnIndex)` is deprecated, use `df[!, col_ind]` instead.
â”‚   caller = top-level scope at deprecated.jl:86
â”” @ Core ~/.julia/packages/DataFrames/yH0f6/test/deprecated.jl:86
â”Œ Warning: `getindex(df::DataFrame, col_ind::ColumnIndex)` is deprecated, use `df[!, col_ind]` instead.
â”‚   caller = top-level scope at deprecated.jl:87
â”” @ Core ~/.julia/packages/DataFrames/yH0f6/test/deprecated.jl:87
â”Œ Warning: `getindex(df::DataFrame, col_ind::ColumnIndex)` is deprecated, use `df[!, col_ind]` instead.
â”‚   caller = top-level scope at deprecated.jl:88
â”” @ Core ~/.julia/packages/DataFrames/yH0f6/test/deprecated.jl:88
â”Œ Warning: `getindex(df::DataFrame, col_ind::ColumnIndex)` is deprecated, use `df[!, col_ind]` instead.
â”‚   caller = top-level scope at deprecated.jl:89
â”” @ Core ~/.julia/packages/DataFrames/yH0f6/test/deprecated.jl:89
â”Œ Warning: `getindex(df::DataFrame, col_ind::ColumnIndex)` is deprecated, use `df[!, col_ind]` instead.
â”‚   caller = top-level scope at deprecated.jl:90
â”” @ Core ~/.julia/packages/DataFrames/yH0f6/test/deprecated.jl:90
â”Œ Warning: `getindex(df::DataFrame, col_ind::ColumnIndex)` is deprecated, use `df[!, col_ind]` instead.
â”‚   caller = top-level scope at deprecated.jl:91
â”” @ Core ~/.julia/packages/DataFrames/yH0f6/test/deprecated.jl:91
â”Œ Warning: `DataFrame` constructor with `categorical` positional argument is deprecated. Instead use `DataFrame(columns, names)` constructor.
â”‚   caller = top-level scope at deprecated.jl:99
â”” @ Core ~/.julia/packages/DataFrames/yH0f6/test/deprecated.jl:99
â”Œ Warning: `getindex(df::DataFrame, col_ind::ColumnIndex)` is deprecated, use `df[!, col_ind]` instead.
â”‚   caller = top-level scope at deprecated.jl:103
â”” @ Core ~/.julia/packages/DataFrames/yH0f6/test/deprecated.jl:103
â”Œ Warning: `getindex(df::DataFrame, col_ind::ColumnIndex)` is deprecated, use `df[!, col_ind]` instead.
â”‚   caller = top-level scope at deprecated.jl:104
â”” @ Core ~/.julia/packages/DataFrames/yH0f6/test/deprecated.jl:104
â”Œ Warning: `getindex(df::DataFrame, col_ind::ColumnIndex)` is deprecated, use `df[!, col_ind]` instead.
â”‚   caller = top-level scope at deprecated.jl:105
â”” @ Core ~/.julia/packages/DataFrames/yH0f6/test/deprecated.jl:105
â”Œ Warning: `getindex(df::DataFrame, col_ind::ColumnIndex)` is deprecated, use `df[!, col_ind]` instead.
â”‚   caller = top-level scope at deprecated.jl:106
â”” @ Core ~/.julia/packages/DataFrames/yH0f6/test/deprecated.jl:106
â”Œ Warning: `getindex(df::DataFrame, col_ind::ColumnIndex)` is deprecated, use `df[!, col_ind]` instead.
â”‚   caller = top-level scope at deprecated.jl:107
â”” @ Core ~/.julia/packages/DataFrames/yH0f6/test/deprecated.jl:107
â”Œ Warning: `getindex(df::DataFrame, col_ind::ColumnIndex)` is deprecated, use `df[!, col_ind]` instead.
â”‚   caller = top-level scope at deprecated.jl:108
â”” @ Core ~/.julia/packages/DataFrames/yH0f6/test/deprecated.jl:108
Test Summary:          | Pass  Total
DataFrame constructors |   42     42
â”Œ Warning: `DataFrame(t::Type, nrows::Integer, ncols::Integer)` is deprecated, use `DataFrame([Vector{t}(undef, nrows) for i = 1:ncols])` instead.
â”‚   caller = top-level scope at deprecated.jl:117
â”” @ Core ~/.julia/packages/DataFrames/yH0f6/test/deprecated.jl:117
â”Œ Warning: `DataFrame(column_eltypes::AbstractVector{<:Type}, nrows::Integer)` is deprecated, use `DataFrame(column_eltypes, Symbol.('x' .* string.(1:length(column_eltypes))), nrows)` instead.
â”‚   caller = top-level scope at deprecated.jl:121
â”” @ Core ~/.julia/packages/DataFrames/yH0f6/test/deprecated.jl:121
â”Œ Warning: `colwise(f, d::AbstractDataFrame)` is deprecated, use `[f(col) for col = eachcol(d)]` instead.
â”‚   caller = top-level scope at deprecated.jl:132
â”” @ Core ~/.julia/packages/DataFrames/yH0f6/test/deprecated.jl:132
â”Œ Warning: `colwise(f, d::AbstractDataFrame)` is deprecated, use `[f(col) for col = eachcol(d)]` instead.
â”‚   caller = top-level scope at deprecated.jl:138
â”” @ Core ~/.julia/packages/DataFrames/yH0f6/test/deprecated.jl:138
â”Œ Warning: `colwise(f, gd::GroupedDataFrame)` is deprecated, use `[[f(col) for col = eachcol(d)] for d = gd]` instead.
â”‚   caller = top-level scope at deprecated.jl:147
â”” @ Core ~/.julia/packages/DataFrames/yH0f6/test/deprecated.jl:147
â”Œ Warning: `colwise(fns::Union{AbstractVector, Tuple}, d::AbstractDataFrame)` is deprecated, use `[f(col) for f = fns, col = eachcol(d)]` instead.
â”‚   caller = top-level scope at deprecated.jl:151
â”” @ Core ~/.julia/packages/DataFrames/yH0f6/test/deprecated.jl:151
â”Œ Warning: `colwise(fns::Union{AbstractVector, Tuple}, d::AbstractDataFrame)` is deprecated, use `[f(col) for f = fns, col = eachcol(d)]` instead.
â”‚   caller = top-level scope at deprecated.jl:157
â”” @ Core ~/.julia/packages/DataFrames/yH0f6/test/deprecated.jl:157
â”Œ Warning: `colwise(fns::Union{AbstractVector, Tuple}, d::AbstractDataFrame)` is deprecated, use `[f(col) for f = fns, col = eachcol(d)]` instead.
â”‚   caller = top-level scope at deprecated.jl:163
â”” @ Core ~/.julia/packages/DataFrames/yH0f6/test/deprecated.jl:163
â”Œ Warning: `colwise(fns::Union{AbstractVector, Tuple}, d::AbstractDataFrame)` is deprecated, use `[f(col) for f = fns, col = eachcol(d)]` instead.
â”‚   caller = top-level scope at deprecated.jl:169
â”” @ Core ~/.julia/packages/DataFrames/yH0f6/test/deprecated.jl:169
â”Œ Warning: `colwise(fns::Union{AbstractVector, Tuple}, gd::GroupedDataFrame)` is deprecated, use `[[f(col) for f = fns, col = eachcol(d)] for d = gd]` instead.
â”‚   caller = top-level scope at deprecated.jl:174
â”” @ Core ~/.julia/packages/DataFrames/yH0f6/test/deprecated.jl:174
â”Œ Warning: `colwise(fns::Union{AbstractVector, Tuple}, d::AbstractDataFrame)` is deprecated, use `[f(col) for f = fns, col = eachcol(d)]` instead.
â”‚   caller = top-level scope at deprecated.jl:178
â”” @ Core ~/.julia/packages/DataFrames/yH0f6/test/deprecated.jl:178
â”Œ Warning: `colwise(fns::Union{AbstractVector, Tuple}, d::AbstractDataFrame)` is deprecated, use `[f(col) for f = fns, col = eachcol(d)]` instead.
â”‚   caller = top-level scope at deprecated.jl:184
â”” @ Core ~/.julia/packages/DataFrames/yH0f6/test/deprecated.jl:184
â”Œ Warning: `colwise(fns::Union{AbstractVector, Tuple}, d::AbstractDataFrame)` is deprecated, use `[f(col) for f = fns, col = eachcol(d)]` instead.
â”‚   caller = top-level scope at deprecated.jl:190
â”” @ Core ~/.julia/packages/DataFrames/yH0f6/test/deprecated.jl:190
â”Œ Warning: `colwise(fns::Union{AbstractVector, Tuple}, d::AbstractDataFrame)` is deprecated, use `[f(col) for f = fns, col = eachcol(d)]` instead.
â”‚   caller = top-level scope at deprecated.jl:197
â”” @ Core ~/.julia/packages/DataFrames/yH0f6/test/deprecated.jl:197
â”Œ Warning: `colwise(f, gd::GroupedDataFrame)` is deprecated, use `[[f(col) for col = eachcol(d)] for d = gd]` instead.
â”‚   caller = top-level scope at deprecated.jl:202
â”” @ Core ~/.julia/packages/DataFrames/yH0f6/test/deprecated.jl:202
Test Summary: | Pass  Total
colwise       |   29     29
â”Œ Warning: `empty!(df::DataFrame)` is deprecated, use `select!(df, Int[])` instead.
â”‚   caller = top-level scope at deprecated.jl:212
â”” @ Core ~/.julia/packages/DataFrames/yH0f6/test/deprecated.jl:212
Test Summary: | Pass  Total
empty!        |    5      5
â”Œ Warning: `deletecols(df::DataFrame, inds; copycols::Bool=true)` is deprecated, use `select(df, Not(inds), copycols=copycols)` instead.
â”‚   caller = top-level scope at deprecated.jl:220
â”” @ Core ~/.julia/packages/DataFrames/yH0f6/test/deprecated.jl:220
â”Œ Warning: `deletecols!(df::DataFrame, inds)` is deprecated, use `select!(df, Not(inds))` instead.
â”‚   caller = top-level scope at deprecated.jl:221
â”” @ Core ~/.julia/packages/DataFrames/yH0f6/test/deprecated.jl:221
â”Œ Warning: `deletecols(df::DataFrame, inds; copycols::Bool=true)` is deprecated, use `select(df, Not(inds), copycols=copycols)` instead.
â”‚   caller = top-level scope at deprecated.jl:225
â”” @ Core ~/.julia/packages/DataFrames/yH0f6/test/deprecated.jl:225
â”Œ Warning: `deletecols!(df::DataFrame, inds)` is deprecated, use `select!(df, Not(inds))` instead.
â”‚   caller = top-level scope at deprecated.jl:226
â”” @ Core ~/.julia/packages/DataFrames/yH0f6/test/deprecated.jl:226
â”Œ Warning: `deletecols(df::DataFrame, inds; copycols::Bool=true)` is deprecated, use `select(df, Not(inds), copycols=copycols)` instead.
â”‚   caller = ip:0x0
â”” @ Core :-1
â”Œ Warning: `getindex(df::DataFrame, col_ind::ColumnIndex)` is deprecated, use `df[!, col_ind]` instead.
â”‚   caller = top-level scope at deprecated.jl:230
â”” @ Core ~/.julia/packages/DataFrames/yH0f6/test/deprecated.jl:230
â”Œ Warning: `deletecols(df::DataFrame, inds; copycols::Bool=true)` is deprecated, use `select(df, Not(inds), copycols=copycols)` instead.
â”‚   caller = top-level scope at deprecated.jl:231
â”” @ Core ~/.julia/packages/DataFrames/yH0f6/test/deprecated.jl:231
â”Œ Warning: `deletecols(df::DataFrame, inds; copycols::Bool=true)` is deprecated, use `select(df, Not(inds), copycols=copycols)` instead.
â”‚   caller = top-level scope at deprecated.jl:232
â”” @ Core ~/.julia/packages/DataFrames/yH0f6/test/deprecated.jl:232
Test Summary:              | Pass  Total
deletecols and deletecols! |    7      7
â”Œ Warning: `haskey(df::AbstractDataFrame, key::Integer)` is deprecated, use `key in 1:ncol(df)` instead.
â”‚   caller = top-level scope at deprecated.jl:237
â”” @ Core ~/.julia/packages/DataFrames/yH0f6/test/deprecated.jl:237
â”Œ Warning: `haskey(df::AbstractDataFrame, key::Integer)` is deprecated, use `key in 1:ncol(df)` instead.
â”‚   caller = top-level scope at deprecated.jl:238
â”” @ Core ~/.julia/packages/DataFrames/yH0f6/test/deprecated.jl:238
â”Œ Warning: `haskey(df::AbstractDataFrame, key::Integer)` is deprecated, use `key in 1:ncol(df)` instead.
â”‚   caller = top-level scope at deprecated.jl:239
â”” @ Core ~/.julia/packages/DataFrames/yH0f6/test/deprecated.jl:239
â”Œ Warning: `haskey(df::AbstractDataFrame, key::Integer)` is deprecated, use `key in 1:ncol(df)` instead.
â”‚   caller = top-level scope at deprecated.jl:240
â”” @ Core ~/.julia/packages/DataFrames/yH0f6/test/deprecated.jl:240
â”Œ Warning: `haskey(df::AbstractDataFrame, key::Symbol)` is deprecated, use `hasproperty(df, key)` instead.
â”‚   caller = top-level scope at deprecated.jl:241
â”” @ Core ~/.julia/packages/DataFrames/yH0f6/test/deprecated.jl:241
â”Œ Warning: `haskey(df::AbstractDataFrame, key::Symbol)` is deprecated, use `hasproperty(df, key)` instead.
â”‚   caller = top-level scope at deprecated.jl:242
â”” @ Core ~/.julia/packages/DataFrames/yH0f6/test/deprecated.jl:242
â”Œ Warning: `haskey(df::AbstractDataFrame, key::Any)` is deprecated, use `key in 1:ncol(df) || key in names(df)` instead.
â”‚   caller = top-level scope at deprecated.jl:243
â”” @ Core ~/.julia/packages/DataFrames/yH0f6/test/deprecated.jl:243
Test Summary: | Pass  Total
haskey        |    7      7
â”Œ Warning: `getindex(df::DataFrame, col_ind::ColumnIndex)` is deprecated, use `df[!, col_ind]` instead.
â”‚   caller = top-level scope at deprecated.jl:249
â”” @ Core ~/.julia/packages/DataFrames/yH0f6/test/deprecated.jl:249
â”Œ Warning: `getindex(df::DataFrame, col_ind::ColumnIndex)` is deprecated, use `df[!, col_ind]` instead.
â”‚   caller = top-level scope at deprecated.jl:250
â”” @ Core ~/.julia/packages/DataFrames/yH0f6/test/deprecated.jl:250
â”Œ Warning: `getindex(df::DataFrame, col_inds::Union{AbstractVector, Regex, Not})` is deprecated, use `df[:, col_inds]` instead.
â”‚   caller = top-level scope at deprecated.jl:251
â”” @ Core ~/.julia/packages/DataFrames/yH0f6/test/deprecated.jl:251
â”Œ Warning: `getindex(df::DataFrame, col_inds::Union{AbstractVector, Regex, Not})` is deprecated, use `df[:, col_inds]` instead.
â”‚   caller = top-level scope at deprecated.jl:252
â”” @ Core ~/.julia/packages/DataFrames/yH0f6/test/deprecated.jl:252
â”Œ Warning: `getindex(df::DataFrame, col_inds::Union{AbstractVector, Regex, Not})` is deprecated, use `df[:, col_inds]` instead.
â”‚   caller = top-level scope at deprecated.jl:253
â”” @ Core ~/.julia/packages/DataFrames/yH0f6/test/deprecated.jl:253
â”Œ Warning: `getindex(df::DataFrame, col_inds::Union{AbstractVector, Regex, Not})` is deprecated, use `df[:, col_inds]` instead.
â”‚   caller = top-level scope at deprecated.jl:254
â”” @ Core ~/.julia/packages/DataFrames/yH0f6/test/deprecated.jl:254
â”Œ Warning: `getindex(df::DataFrame, col_ind::ColumnIndex)` is deprecated, use `df[!, col_ind]` instead.
â”‚   caller = top-level scope at deprecated.jl:255
â”” @ Core ~/.julia/packages/DataFrames/yH0f6/test/deprecated.jl:255
â”Œ Warning: `view(adf::AbstractDataFrame, colinds)` is deprecated, use `view(adf, :, colinds)` instead.
â”‚   caller = top-level scope at deprecated.jl:256
â”” @ Core ~/.julia/packages/DataFrames/yH0f6/test/deprecated.jl:256
â”Œ Warning: `getindex(df::DataFrame, col_inds::Union{AbstractVector, Regex, Not})` is deprecated, use `df[:, col_inds]` instead.
â”‚   caller = top-level scope at deprecated.jl:257
â”” @ Core ~/.julia/packages/DataFrames/yH0f6/test/deprecated.jl:257
â”Œ Warning: `getindex(df::DataFrame, col_inds::Union{AbstractVector, Regex, Not})` is deprecated, use `df[:, col_inds]` instead.
â”‚   caller = top-level scope at deprecated.jl:258
â”” @ Core ~/.julia/packages/DataFrames/yH0f6/test/deprecated.jl:258
â”Œ Warning: `getindex(df::DataFrame, col_inds::Union{AbstractVector, Regex, Not})` is deprecated, use `df[:, col_inds]` instead.
â”‚   caller = top-level scope at deprecated.jl:259
â”” @ Core ~/.julia/packages/DataFrames/yH0f6/test/deprecated.jl:259
â”Œ Warning: `getindex(df::DataFrame, col_inds::Union{AbstractVector, Regex, Not})` is deprecated, use `df[:, col_inds]` instead.
â”‚   caller = top-level scope at deprecated.jl:260
â”” @ Core ~/.julia/packages/DataFrames/yH0f6/test/deprecated.jl:260
â”Œ Warning: `getindex(df::DataFrame, col_inds::Union{AbstractVector, Regex, Not})` is deprecated, use `df[:, col_inds]` instead.
â”‚   caller = top-level scope at deprecated.jl:261
â”” @ Core ~/.julia/packages/DataFrames/yH0f6/test/deprecated.jl:261
â”Œ Warning: `getindex(df::DataFrame, ::Colon)` is deprecated, use `df[:, :]` instead.
â”‚   caller = top-level scope at deprecated.jl:262
â”” @ Core ~/.julia/packages/DataFrames/yH0f6/test/deprecated.jl:262
â”Œ Warning: `getindex(df::DataFrame, col_inds::Union{AbstractVector, Regex, Not})` is deprecated, use `df[:, col_inds]` instead.
â”‚   caller = top-level scope at deprecated.jl:263
â”” @ Core ~/.julia/packages/DataFrames/yH0f6/test/deprecated.jl:263
â”Œ Warning: `getindex(df::DataFrame, col_inds::Union{AbstractVector, Regex, Not})` is deprecated, use `df[:, col_inds]` instead.
â”‚   caller = top-level scope at deprecated.jl:264
â”” @ Core ~/.julia/packages/DataFrames/yH0f6/test/deprecated.jl:264
â”Œ Warning: `getindex(df::DataFrame, col_inds::Union{AbstractVector, Regex, Not})` is deprecated, use `df[:, col_inds]` instead.
â”‚   caller = top-level scope at deprecated.jl:265
â”” @ Core ~/.julia/packages/DataFrames/yH0f6/test/deprecated.jl:265
â”Œ Warning: `getindex(df::DataFrame, ::Colon)` is deprecated, use `df[:, :]` instead.
â”‚   caller = top-level scope at deprecated.jl:266
â”” @ Core ~/.julia/packages/DataFrames/yH0f6/test/deprecated.jl:266
â”Œ Warning: `getindex(df::DataFrame, col_inds::Union{AbstractVector, Regex, Not})` is deprecated, use `df[:, col_inds]` instead.
â”‚   caller = top-level scope at deprecated.jl:267
â”” @ Core ~/.julia/packages/DataFrames/yH0f6/test/deprecated.jl:267
â”Œ Warning: `getindex(df::DataFrame, col_inds::Union{AbstractVector, Regex, Not})` is deprecated, use `df[:, col_inds]` instead.
â”‚   caller = top-level scope at deprecated.jl:268
â”” @ Core ~/.julia/packages/DataFrames/yH0f6/test/deprecated.jl:268
â”Œ Warning: `getindex(df::DataFrame, col_inds::Union{AbstractVector, Regex, Not})` is deprecated, use `df[:, col_inds]` instead.
â”‚   caller = top-level scope at deprecated.jl:269
â”” @ Core ~/.julia/packages/DataFrames/yH0f6/test/deprecated.jl:269
â”Œ Warning: `view(adf::AbstractDataFrame, colinds)` is deprecated, use `view(adf, :, colinds)` instead.
â”‚   caller = top-level scope at deprecated.jl:270
â”” @ Core ~/.julia/packages/DataFrames/yH0f6/test/deprecated.jl:270
â”Œ Warning: `getindex(df::DataFrame, ::Colon)` is deprecated, use `df[:, :]` instead.
â”‚   caller = top-level scope at deprecated.jl:271
â”” @ Core ~/.julia/packages/DataFrames/yH0f6/test/deprecated.jl:271
â”Œ Warning: `getindex(df::DataFrame, col_inds::Union{AbstractVector, Regex, Not})` is deprecated, use `df[:, col_inds]` instead.
â”‚   caller = top-level scope at deprecated.jl:272
â”” @ Core ~/.julia/packages/DataFrames/yH0f6/test/deprecated.jl:272
â”Œ Warning: `getindex(df::DataFrame, col_inds::Union{AbstractVector, Regex, Not})` is deprecated, use `df[:, col_inds]` instead.
â”‚   caller = top-level scope at deprecated.jl:273
â”” @ Core ~/.julia/packages/DataFrames/yH0f6/test/deprecated.jl:273
â”Œ Warning: `getindex(df::DataFrame, ::Colon)` is deprecated, use `df[:, :]` instead.
â”‚   caller = top-level scope at deprecated.jl:274
â”” @ Core ~/.julia/packages/DataFrames/yH0f6/test/deprecated.jl:274
â”Œ Warning: `getindex(df::DataFrame, col_inds::Union{AbstractVector, Regex, Not})` is deprecated, use `df[:, col_inds]` instead.
â”‚   caller = top-level scope at deprecated.jl:275
â”” @ Core ~/.julia/packages/DataFrames/yH0f6/test/deprecated.jl:275
â”Œ Warning: `getindex(df::DataFrame, col_inds::Union{AbstractVector, Regex, Not})` is deprecated, use `df[:, col_inds]` instead.
â”‚   caller = top-level scope at deprecated.jl:276
â”” @ Core ~/.julia/packages/DataFrames/yH0f6/test/deprecated.jl:276
â”Œ Warning: `getindex(df::DataFrame, col_ind::ColumnIndex)` is deprecated, use `df[!, col_ind]` instead.
â”‚   caller = top-level scope at deprecated.jl:281
â”” @ Core ~/.julia/packages/DataFrames/yH0f6/test/deprecated.jl:281
â”Œ Warning: `getindex(df::DataFrame, col_inds::Union{AbstractVector, Regex, Not})` is deprecated, use `df[:, col_inds]` instead.
â”‚   caller = top-level scope at deprecated.jl:282
â”” @ Core ~/.julia/packages/DataFrames/yH0f6/test/deprecated.jl:282
â”Œ Warning: `getindex(df::DataFrame, ::Colon)` is deprecated, use `df[:, :]` instead.
â”‚   caller = top-level scope at deprecated.jl:283
â”” @ Core ~/.julia/packages/DataFrames/yH0f6/test/deprecated.jl:283
â”Œ Warning: `getindex(df::DataFrame, col_inds::Union{AbstractVector, Regex, Not})` is deprecated, use `df[:, col_inds]` instead.
â”‚   caller = top-level scope at deprecated.jl:284
â”” @ Core ~/.julia/packages/DataFrames/yH0f6/test/deprecated.jl:284
â”Œ Warning: `getindex(df::DataFrame, col_inds::Union{AbstractVector, Regex, Not})` is deprecated, use `df[:, col_inds]` instead.
â”‚   caller = top-level scope at deprecated.jl:285
â”” @ Core ~/.julia/packages/DataFrames/yH0f6/test/deprecated.jl:285
â”Œ Warning: `getindex(df::DataFrame, col_inds::Union{AbstractVector, Regex, Not})` is deprecated, use `df[:, col_inds]` instead.
â”‚   caller = top-level scope at deprecated.jl:286
â”” @ Core ~/.julia/packages/DataFrames/yH0f6/test/deprecated.jl:286
â”Œ Warning: `view(adf::AbstractDataFrame, colind::ColumnIndex)` is deprecated, use `view(adf, :, colind)` instead.
â”‚   caller = top-level scope at deprecated.jl:290
â”” @ Core ~/.julia/packages/DataFrames/yH0f6/test/deprecated.jl:290
â”Œ Warning: `view(adf::AbstractDataFrame, colind::ColumnIndex)` is deprecated, use `view(adf, :, colind)` instead.
â”‚   caller = top-level scope at deprecated.jl:291
â”” @ Core ~/.julia/packages/DataFrames/yH0f6/test/deprecated.jl:291
â”Œ Warning: `view(adf::AbstractDataFrame, colinds)` is deprecated, use `view(adf, :, colinds)` instead.
â”‚   caller = top-level scope at deprecated.jl:292
â”” @ Core ~/.julia/packages/DataFrames/yH0f6/test/deprecated.jl:292
â”Œ Warning: `view(adf::AbstractDataFrame, colinds)` is deprecated, use `view(adf, :, colinds)` instead.
â”‚   caller = top-level scope at deprecated.jl:293
â”” @ Core ~/.julia/packages/DataFrames/yH0f6/test/deprecated.jl:293
â”Œ Warning: `getindex(df::DataFrame, col_inds::Union{AbstractVector, Regex, Not})` is deprecated, use `df[:, col_inds]` instead.
â”‚   caller = top-level scope at deprecated.jl:293
â”” @ Core ~/.julia/packages/DataFrames/yH0f6/test/deprecated.jl:293
â”Œ Warning: `view(adf::AbstractDataFrame, colinds)` is deprecated, use `view(adf, :, colinds)` instead.
â”‚   caller = top-level scope at deprecated.jl:294
â”” @ Core ~/.julia/packages/DataFrames/yH0f6/test/deprecated.jl:294
â”Œ Warning: `view(adf::AbstractDataFrame, colinds)` is deprecated, use `view(adf, :, colinds)` instead.
â”‚   caller = top-level scope at deprecated.jl:295
â”” @ Core ~/.julia/packages/DataFrames/yH0f6/test/deprecated.jl:295
â”Œ Warning: `getindex(df::DataFrame, col_inds::Union{AbstractVector, Regex, Not})` is deprecated, use `df[:, col_inds]` instead.
â”‚   caller = top-level scope at deprecated.jl:295
â”” @ Core ~/.julia/packages/DataFrames/yH0f6/test/deprecated.jl:295
â”Œ Warning: `view(adf::AbstractDataFrame, colinds)` is deprecated, use `view(adf, :, colinds)` instead.
â”‚   caller = top-level scope at deprecated.jl:296
â”” @ Core ~/.julia/packages/DataFrames/yH0f6/test/deprecated.jl:296
â”Œ Warning: `view(adf::AbstractDataFrame, colinds)` is deprecated, use `view(adf, :, colinds)` instead.
â”‚   caller = top-level scope at deprecated.jl:297
â”” @ Core ~/.julia/packages/DataFrames/yH0f6/test/deprecated.jl:297
â”Œ Warning: `getindex(df::DataFrame, col_inds::Union{AbstractVector, Regex, Not})` is deprecated, use `df[:, col_inds]` instead.
â”‚   caller = top-level scope at deprecated.jl:297
â”” @ Core ~/.julia/packages/DataFrames/yH0f6/test/deprecated.jl:297
â”Œ Warning: `view(adf::AbstractDataFrame, colinds)` is deprecated, use `view(adf, :, colinds)` instead.
â”‚   caller = top-level scope at deprecated.jl:298
â”” @ Core ~/.julia/packages/DataFrames/yH0f6/test/deprecated.jl:298
â”Œ Warning: `view(adf::AbstractDataFrame, colinds)` is deprecated, use `view(adf, :, colinds)` instead.
â”‚   caller = top-level scope at deprecated.jl:299
â”” @ Core ~/.julia/packages/DataFrames/yH0f6/test/deprecated.jl:299
â”Œ Warning: `view(adf::AbstractDataFrame, colinds)` is deprecated, use `view(adf, :, colinds)` instead.
â”‚   caller = top-level scope at deprecated.jl:300
â”” @ Core ~/.julia/packages/DataFrames/yH0f6/test/deprecated.jl:300
â”Œ Warning: `view(adf::AbstractDataFrame, colinds)` is deprecated, use `view(adf, :, colinds)` instead.
â”‚   caller = top-level scope at deprecated.jl:301
â”” @ Core ~/.julia/packages/DataFrames/yH0f6/test/deprecated.jl:301
â”Œ Warning: `view(adf::AbstractDataFrame, colinds)` is deprecated, use `view(adf, :, colinds)` instead.
â”‚   caller = top-level scope at deprecated.jl:302
â”” @ Core ~/.julia/packages/DataFrames/yH0f6/test/deprecated.jl:302
â”Œ Warning: `view(adf::AbstractDataFrame, colinds)` is deprecated, use `view(adf, :, colinds)` instead.
â”‚   caller = top-level scope at deprecated.jl:303
â”” @ Core ~/.julia/packages/DataFrames/yH0f6/test/deprecated.jl:303
â”Œ Warning: `view(adf::AbstractDataFrame, colinds)` is deprecated, use `view(adf, :, colinds)` instead.
â”‚   caller = top-level scope at deprecated.jl:304
â”” @ Core ~/.julia/packages/DataFrames/yH0f6/test/deprecated.jl:304
â”Œ Warning: `view(adf::AbstractDataFrame, colinds)` is deprecated, use `view(adf, :, colinds)` instead.
â”‚   caller = top-level scope at deprecated.jl:305
â”” @ Core ~/.julia/packages/DataFrames/yH0f6/test/deprecated.jl:305
â”Œ Warning: `view(adf::AbstractDataFrame, colinds)` is deprecated, use `view(adf, :, colinds)` instead.
â”‚   caller = top-level scope at deprecated.jl:306
â”” @ Core ~/.julia/packages/DataFrames/yH0f6/test/deprecated.jl:306
â”Œ Warning: `getindex(sdf::SubDataFrame, colind::ColumnIndex)` is deprecated, use `sdf[!, colind]` instead.
â”‚   caller = top-level scope at deprecated.jl:311
â”” @ Core ~/.julia/packages/DataFrames/yH0f6/test/deprecated.jl:311
â”Œ Warning: `getindex(sdf::SubDataFrame, colind::ColumnIndex)` is deprecated, use `sdf[!, colind]` instead.
â”‚   caller = top-level scope at deprecated.jl:312
â”” @ Core ~/.julia/packages/DataFrames/yH0f6/test/deprecated.jl:312
â”Œ Warning: `getindex(sdf::SubDataFrame, colinds::Union{AbstractVector, Regex, Not})` is deprecated, use `sdf[!, colinds]` instead.
â”‚   caller = top-level scope at deprecated.jl:313
â”” @ Core ~/.julia/packages/DataFrames/yH0f6/test/deprecated.jl:313
â”Œ Warning: `getindex(sdf::SubDataFrame, colinds::Union{AbstractVector, Regex, Not})` is deprecated, use `sdf[!, colinds]` instead.
â”‚   caller = top-level scope at deprecated.jl:314
â”” @ Core ~/.julia/packages/DataFrames/yH0f6/test/deprecated.jl:314
â”Œ Warning: `getindex(sdf::SubDataFrame, colinds::Union{AbstractVector, Regex, Not})` is deprecated, use `sdf[!, colinds]` instead.
â”‚   caller = top-level scope at deprecated.jl:315
â”” @ Core ~/.julia/packages/DataFrames/yH0f6/test/deprecated.jl:315
â”Œ Warning: `getindex(sdf::SubDataFrame, colinds::Union{AbstractVector, Regex, Not})` is deprecated, use `sdf[!, colinds]` instead.
â”‚   caller = top-level scope at deprecated.jl:316
â”” @ Core ~/.julia/packages/DataFrames/yH0f6/test/deprecated.jl:316
â”Œ Warning: `getindex(sdf::SubDataFrame, colinds::Union{AbstractVector, Regex, Not})` is deprecated, use `sdf[!, colinds]` instead.
â”‚   caller = top-level scope at deprecated.jl:317
â”” @ Core ~/.julia/packages/DataFrames/yH0f6/test/deprecated.jl:317
â”Œ Warning: `getindex(sdf::SubDataFrame, colinds::Union{AbstractVector, Regex, Not})` is deprecated, use `sdf[!, colinds]` instead.
â”‚   caller = top-level scope at deprecated.jl:318
â”” @ Core ~/.julia/packages/DataFrames/yH0f6/test/deprecated.jl:318
â”Œ Warning: `getindex(sdf::SubDataFrame, ::Colon)` is deprecated, use `sdf[!, :]` instead.
â”‚   caller = top-level scope at deprecated.jl:319
â”” @ Core ~/.julia/packages/DataFrames/yH0f6/test/deprecated.jl:319
â”Œ Warning: `getindex(sdf::SubDataFrame, ::Colon)` is deprecated, use `sdf[!, :]` instead.
â”‚   caller = top-level scope at deprecated.jl:320
â”” @ Core ~/.julia/packages/DataFrames/yH0f6/test/deprecated.jl:320
â”Œ Warning: `getindex(sdf::SubDataFrame, colinds::Union{AbstractVector, Regex, Not})` is deprecated, use `sdf[!, colinds]` instead.
â”‚   caller = top-level scope at deprecated.jl:321
â”” @ Core ~/.julia/packages/DataFrames/yH0f6/test/deprecated.jl:321
â”Œ Warning: `getindex(sdf::SubDataFrame, colinds::Union{AbstractVector, Regex, Not})` is deprecated, use `sdf[!, colinds]` instead.
â”‚   caller = top-level scope at deprecated.jl:322
â”” @ Core ~/.julia/packages/DataFrames/yH0f6/test/deprecated.jl:322
â”Œ Warning: `getindex(sdf::SubDataFrame, colinds::Union{AbstractVector, Regex, Not})` is deprecated, use `sdf[!, colinds]` instead.
â”‚   caller = top-level scope at deprecated.jl:323
â”” @ Core ~/.julia/packages/DataFrames/yH0f6/test/deprecated.jl:323
â”Œ Warning: `getindex(sdf::SubDataFrame, colinds::Union{AbstractVector, Regex, Not})` is deprecated, use `sdf[!, colinds]` instead.
â”‚   caller = top-level scope at deprecated.jl:324
â”” @ Core ~/.julia/packages/DataFrames/yH0f6/test/deprecated.jl:324
â”Œ Warning: `getindex(sdf::SubDataFrame, ::Colon)` is deprecated, use `sdf[!, :]` instead.
â”‚   caller = top-level scope at deprecated.jl:325
â”” @ Core ~/.julia/packages/DataFrames/yH0f6/test/deprecated.jl:325
â”Œ Warning: `getindex(sdf::SubDataFrame, colinds::Union{AbstractVector, Regex, Not})` is deprecated, use `sdf[!, colinds]` instead.
â”‚   caller = top-level scope at deprecated.jl:326
â”” @ Core ~/.julia/packages/DataFrames/yH0f6/test/deprecated.jl:326
â”Œ Warning: `getindex(sdf::SubDataFrame, colinds::Union{AbstractVector, Regex, Not})` is deprecated, use `sdf[!, colinds]` instead.
â”‚   caller = top-level scope at deprecated.jl:327
â”” @ Core ~/.julia/packages/DataFrames/yH0f6/test/deprecated.jl:327
â”Œ Warning: `view(adf::AbstractDataFrame, colind::ColumnIndex)` is deprecated, use `view(adf, :, colind)` instead.
â”‚   caller = top-level scope at deprecated.jl:332
â”” @ Core ~/.julia/packages/DataFrames/yH0f6/test/deprecated.jl:332
â”Œ Warning: `view(adf::AbstractDataFrame, colind::ColumnIndex)` is deprecated, use `view(adf, :, colind)` instead.
â”‚   caller = top-level scope at deprecated.jl:333
â”” @ Core ~/.julia/packages/DataFrames/yH0f6/test/deprecated.jl:333
â”Œ Warning: `view(adf::AbstractDataFrame, colinds)` is deprecated, use `view(adf, :, colinds)` instead.
â”‚   caller = top-level scope at deprecated.jl:334
â”” @ Core ~/.julia/packages/DataFrames/yH0f6/test/deprecated.jl:334
â”Œ Warning: `view(adf::AbstractDataFrame, colinds)` is deprecated, use `view(adf, :, colinds)` instead.
â”‚   caller = top-level scope at deprecated.jl:335
â”” @ Core ~/.julia/packages/DataFrames/yH0f6/test/deprecated.jl:335
â”Œ Warning: `view(adf::AbstractDataFrame, colinds)` is deprecated, use `view(adf, :, colinds)` instead.
â”‚   caller = top-level scope at deprecated.jl:336
â”” @ Core ~/.julia/packages/DataFrames/yH0f6/test/deprecated.jl:336
â”Œ Warning: `view(adf::AbstractDataFrame, colinds)` is deprecated, use `view(adf, :, colinds)` instead.
â”‚   caller = top-level scope at deprecated.jl:337
â”” @ Core ~/.julia/packages/DataFrames/yH0f6/test/deprecated.jl:337
â”Œ Warning: `view(adf::AbstractDataFrame, colinds)` is deprecated, use `view(adf, :, colinds)` instead.
â”‚   caller = top-level scope at deprecated.jl:338
â”” @ Core ~/.julia/packages/DataFrames/yH0f6/test/deprecated.jl:338
â”Œ Warning: `view(adf::AbstractDataFrame, colinds)` is deprecated, use `view(adf, :, colinds)` instead.
â”‚   caller = top-level scope at deprecated.jl:339
â”” @ Core ~/.julia/packages/DataFrames/yH0f6/test/deprecated.jl:339
â”Œ Warning: `view(adf::AbstractDataFrame, colinds)` is deprecated, use `view(adf, :, colinds)` instead.
â”‚   caller = top-level scope at deprecated.jl:340
â”” @ Core ~/.julia/packages/DataFrames/yH0f6/test/deprecated.jl:340
â”Œ Warning: `view(adf::AbstractDataFrame, colinds)` is deprecated, use `view(adf, :, colinds)` instead.
â”‚   caller = top-level scope at deprecated.jl:341
â”” @ Core ~/.julia/packages/DataFrames/yH0f6/test/deprecated.jl:341
â”Œ Warning: `view(adf::AbstractDataFrame, colinds)` is deprecated, use `view(adf, :, colinds)` instead.
â”‚   caller = top-level scope at deprecated.jl:342
â”” @ Core ~/.julia/packages/DataFrames/yH0f6/test/deprecated.jl:342
â”Œ Warning: `view(adf::AbstractDataFrame, colinds)` is deprecated, use `view(adf, :, colinds)` instead.
â”‚   caller = top-level scope at deprecated.jl:343
â”” @ Core ~/.julia/packages/DataFrames/yH0f6/test/deprecated.jl:343
â”Œ Warning: `view(adf::AbstractDataFrame, colinds)` is deprecated, use `view(adf, :, colinds)` instead.
â”‚   caller = top-level scope at deprecated.jl:344
â”” @ Core ~/.julia/packages/DataFrames/yH0f6/test/deprecated.jl:344
â”Œ Warning: `view(adf::AbstractDataFrame, colinds)` is deprecated, use `view(adf, :, colinds)` instead.
â”‚   caller = top-level scope at deprecated.jl:345
â”” @ Core ~/.julia/packages/DataFrames/yH0f6/test/deprecated.jl:345
â”Œ Warning: `view(adf::AbstractDataFrame, colinds)` is deprecated, use `view(adf, :, colinds)` instead.
â”‚   caller = top-level scope at deprecated.jl:346
â”” @ Core ~/.julia/packages/DataFrames/yH0f6/test/deprecated.jl:346
â”Œ Warning: `view(adf::AbstractDataFrame, colinds)` is deprecated, use `view(adf, :, colinds)` instead.
â”‚   caller = top-level scope at deprecated.jl:347
â”” @ Core ~/.julia/packages/DataFrames/yH0f6/test/deprecated.jl:347
â”Œ Warning: `view(adf::AbstractDataFrame, colinds)` is deprecated, use `view(adf, :, colinds)` instead.
â”‚   caller = top-level scope at deprecated.jl:348
â”” @ Core ~/.julia/packages/DataFrames/yH0f6/test/deprecated.jl:348
â”Œ Warning: implicit vector broadcasting in setindex! is deprecated; use `df[row_inds, col_inds] .= Ref(v)` broadcasting assignment
â”‚   caller = top-level scope at deprecated.jl:356
â”” @ Core ~/.julia/packages/DataFrames/yH0f6/test/deprecated.jl:356
â”Œ Warning: `setindex!(df::DataFrame, new_df::DataFrame, row_ind::Integer, col_inds::AbstractVector{<:ColumnIndex})` is deprecated, use `begin
â”‚     foreach((((i, c),)->begin
â”‚                 df[row_ind, c] = new_df[1, i]
â”‚             end), enumerate(col_inds))
â”‚     df
â”‚ end` instead.
â”‚   caller = setindex!(::DataFrame, ::DataFrame, ::Int64, ::Colon) at deprecated.jl:1576
â”” @ DataFrames ~/.julia/packages/DataFrames/yH0f6/src/deprecated.jl:1576
â”Œ Warning: implicit vector broadcasting in setindex! is deprecated; use `df[row_inds, col_inds] .= Ref(v)` broadcasting assignment
â”‚   caller = top-level scope at deprecated.jl:357
â”” @ Core ~/.julia/packages/DataFrames/yH0f6/test/deprecated.jl:357
â”Œ Warning: implicit vector broadcasting in setindex! is deprecated; use `df[row_inds, col_inds] .= Ref(v)` broadcasting assignment
â”‚   caller = top-level scope at deprecated.jl:358
â”” @ Core ~/.julia/packages/DataFrames/yH0f6/test/deprecated.jl:358
â”Œ Warning: implicit vector broadcasting in setindex! is deprecated; use `df[row_inds, col_inds] .= Ref(v)` broadcasting assignment
â”‚   caller = top-level scope at deprecated.jl:361
â”” @ Core ~/.julia/packages/DataFrames/yH0f6/test/deprecated.jl:361
â”Œ Warning: `setindex!(df::DataFrame, v::Any, row_ind::Integer, col_inds::AbstractVector{<:ColumnIndex})` is deprecated, use `begin
â”‚     df[row_ind, col_inds] .= Ref(v)
â”‚     df
â”‚ end` instead.
â”‚   caller = setindex!(::DataFrame, ::Int64, ::Int64, ::Colon) at deprecated.jl:1576
â”” @ DataFrames ~/.julia/packages/DataFrames/yH0f6/src/deprecated.jl:1576
â”Œ Warning: implicit vector broadcasting in setindex! is deprecated; use `df[row_inds, col_inds] .= Ref(v)` broadcasting assignment
â”‚   caller = top-level scope at deprecated.jl:362
â”” @ Core ~/.julia/packages/DataFrames/yH0f6/test/deprecated.jl:362
â”Œ Warning: implicit vector broadcasting in setindex! is deprecated; use `df[row_inds, col_inds] .= Ref(v)` broadcasting assignment to change the columns in place
â”‚   caller = setindex!(::DataFrame, ::Int64, ::UnitRange{Int64}, ::Colon) at deprecated.jl:1576
â”” @ DataFrames ~/.julia/packages/DataFrames/yH0f6/src/deprecated.jl:1576
â”Œ Warning: implicit vector broadcasting in setindex! is deprecated; use `df[row_inds, col_inds] .= Ref(v)` broadcasting assignment
â”‚   caller = top-level scope at deprecated.jl:363
â”” @ Core ~/.julia/packages/DataFrames/yH0f6/test/deprecated.jl:363
â”Œ Warning: implicit vector broadcasting in setindex! is deprecated; use `df[row_inds, col_inds] .= Ref(v)` broadcasting assignment to change the columns in place
â”‚   caller = setindex! at deprecated.jl:1544 [inlined]
â”” @ Core ~/.julia/packages/DataFrames/yH0f6/src/deprecated.jl:1544
â”Œ Warning: implicit vector broadcasting in setindex! is deprecated; use `df[row_inds, col_inds] .= Ref(v)` broadcasting assignment
â”‚   caller = top-level scope at deprecated.jl:366
â”” @ Core ~/.julia/packages/DataFrames/yH0f6/test/deprecated.jl:366
â”Œ Warning: implicit vector broadcasting in setindex! is deprecated; use `df[row_inds, col_inds] .= v` broadcasting assignment to change the columns in place
â”‚   caller = setindex!(::DataFrame, ::Array{Int64,1}, ::UnitRange{Int64}, ::Colon) at deprecated.jl:1576
â”” @ DataFrames ~/.julia/packages/DataFrames/yH0f6/src/deprecated.jl:1576
â”Œ Warning: implicit vector broadcasting in setindex! is deprecated; use `df[row_inds, col_inds] .= Ref(v)` broadcasting assignment
â”‚   caller = top-level scope at deprecated.jl:367
â”” @ Core ~/.julia/packages/DataFrames/yH0f6/test/deprecated.jl:367
â”Œ Warning: implicit vector broadcasting in setindex! is deprecated; use `df[row_inds, col_inds] .= v` broadcasting assignment to change the columns in place
â”‚   caller = setindex! at deprecated.jl:1513 [inlined]
â”” @ Core ~/.julia/packages/DataFrames/yH0f6/src/deprecated.jl:1513
â”Œ Warning: `setindex!(df::DataFrame, v::AbstractVector, ::Colon, col_ind::ColumnIndex)` is deprecated, use `begin
â”‚     df[!, col_ind] = v
â”‚     df
â”‚ end` instead.
â”‚   caller = top-level scope at deprecated.jl:370
â”” @ Core ~/.julia/packages/DataFrames/yH0f6/test/deprecated.jl:370
â”Œ Warning: implicit vector broadcasting in setindex! is deprecated; use `df[:, col_inds] .= Ref(v)` broadcasting assignment to change the columns in place
â”‚   caller = top-level scope at deprecated.jl:373
â”” @ Core ~/.julia/packages/DataFrames/yH0f6/test/deprecated.jl:373
â”Œ Warning: Implicit broadcasting to an existing column in DataFrame assignment is deprecated.Use an explicit broadcast with `df[:, col_ind] .= v`
â”‚   caller = setindex!(::DataFrame, ::Int64, ::Colon, ::Int64) at deprecated.jl:1584
â”” @ DataFrames ~/.julia/packages/DataFrames/yH0f6/src/deprecated.jl:1584
â”Œ Warning: Implicit broadcasting to an existing column in DataFrame assignment is deprecated.Use an explicit broadcast with `df[:, col_ind] .= v`
â”‚   caller = top-level scope at deprecated.jl:374
â”” @ Core ~/.julia/packages/DataFrames/yH0f6/test/deprecated.jl:374
â”Œ Warning: `setindex!(df::DataFrame, new_df::DataFrame, row_ind::Integer, col_inds::AbstractVector{<:ColumnIndex})` is deprecated, use `begin
â”‚     foreach((((i, c),)->begin
â”‚                 df[row_ind, c] = new_df[1, i]
â”‚             end), enumerate(col_inds))
â”‚     df
â”‚ end` instead.
â”‚   caller = top-level scope at deprecated.jl:377
â”” @ Core ~/.julia/packages/DataFrames/yH0f6/test/deprecated.jl:377
â”Œ Warning: in the future column names in source and target will have to match
â”‚   caller = top-level scope at deprecated.jl:378
â”” @ Core ~/.julia/packages/DataFrames/yH0f6/test/deprecated.jl:378
â”Œ Warning: in the future column names in source and target will have to match
â”‚   caller = top-level scope at deprecated.jl:379
â”” @ Core ~/.julia/packages/DataFrames/yH0f6/test/deprecated.jl:379
â”Œ Warning: `setindex!(df::DataFrame, v::Any, row_ind::Integer, col_inds::AbstractVector{<:ColumnIndex})` is deprecated, use `begin
â”‚     df[row_ind, col_inds] .= Ref(v)
â”‚     df
â”‚ end` instead.
â”‚   caller = top-level scope at deprecated.jl:382
â”” @ Core ~/.julia/packages/DataFrames/yH0f6/test/deprecated.jl:382
â”Œ Warning: implicit vector broadcasting in setindex! is deprecated; use `df[row_inds, col_inds] .= Ref(v)` broadcasting assignment to change the columns in place
â”‚   caller = top-level scope at deprecated.jl:383
â”” @ Core ~/.julia/packages/DataFrames/yH0f6/test/deprecated.jl:383
â”Œ Warning: implicit vector broadcasting in setindex! is deprecated; use `df[row_inds, col_inds] .= Ref(v)` broadcasting assignment to change the columns in place
â”‚   caller = setindex!(::DataFrame, ::Int64, ::Array{Bool,1}, ::UnitRange{Int64}) at deprecated.jl:1544
â”” @ DataFrames ~/.julia/packages/DataFrames/yH0f6/src/deprecated.jl:1544
â”Œ Warning: implicit vector broadcasting in setindex! is deprecated; use `df[row_inds, col_inds] .= v` broadcasting assignment to change the columns in place
â”‚   caller = top-level scope at deprecated.jl:387
â”” @ Core ~/.julia/packages/DataFrames/yH0f6/test/deprecated.jl:387
â”Œ Warning: implicit vector broadcasting in setindex! is deprecated; use `df[row_inds, col_inds] .= v` broadcasting assignment to change the columns in place
â”‚   caller = setindex!(::DataFrame, ::Array{Int64,1}, ::Array{Bool,1}, ::UnitRange{Int64}) at deprecated.jl:1513
â”” @ DataFrames ~/.julia/packages/DataFrames/yH0f6/src/deprecated.jl:1513
â”Œ Warning: `setindex!(df::DataFrame, new_df::DataFrame, row_ind::Integer, col_inds::AbstractVector{<:ColumnIndex})` is deprecated, use `begin
â”‚     foreach((((i, c),)->begin
â”‚                 df[row_ind, c] = new_df[1, i]
â”‚             end), enumerate(col_inds))
â”‚     df
â”‚ end` instead.
â”‚   caller = top-level scope at deprecated.jl:392
â”” @ Core ~/.julia/packages/DataFrames/yH0f6/test/deprecated.jl:392
â”Œ Warning: `setindex!(df::DataFrame, new_df::DataFrame, row_ind::Integer, col_inds::AbstractVector{Bool})` is deprecated, use `begin
â”‚     foreach((((i, c),)->begin
â”‚                 df[row_ind, c] = new_df[1, i]
â”‚             end), enumerate(findall(col_inds)))
â”‚     df
â”‚ end` instead.
â”‚   caller = top-level scope at deprecated.jl:396
â”” @ Core ~/.julia/packages/DataFrames/yH0f6/test/deprecated.jl:396
â”Œ Warning: Implicit broadcasting to a new column in DataFrame assignment is deprecated.Use `df[!, col_ind] .= v`  when `df` has some columns
â”‚   caller = top-level scope at deprecated.jl:403
â”” @ Core ~/.julia/packages/DataFrames/yH0f6/test/deprecated.jl:403
â”Œ Warning: `setindex!(df::DataFrame, v::AbstractVector, col_ind::ColumnIndex)` is deprecated, use `begin
â”‚     df[!, col_ind] = v
â”‚     df
â”‚ end` instead.
â”‚   caller = top-level scope at deprecated.jl:410
â”” @ Core ~/.julia/packages/DataFrames/yH0f6/test/deprecated.jl:410
â”Œ Warning: `setindex!(df::DataFrame, v::AbstractVector, col_ind::ColumnIndex)` is deprecated, use `begin
â”‚     df[!, col_ind] = v
â”‚     df
â”‚ end` instead.
â”‚   caller = top-level scope at deprecated.jl:411
â”” @ Core ~/.julia/packages/DataFrames/yH0f6/test/deprecated.jl:411
â”Œ Warning: Implicit broadcasting to a new column in DataFrame assignment is deprecated.Use `df[!, col_ind] .= v`  when `df` has some columns
â”‚   caller = top-level scope at deprecated.jl:414
â”” @ Core ~/.julia/packages/DataFrames/yH0f6/test/deprecated.jl:414
â”Œ Warning: `getindex(df::DataFrame, col_ind::ColumnIndex)` is deprecated, use `df[!, col_ind]` instead.
â”‚   caller = top-level scope at deprecated.jl:415
â”” @ Core ~/.julia/packages/DataFrames/yH0f6/test/deprecated.jl:415
â”Œ Warning: `getindex(df::DataFrame, col_ind::ColumnIndex)` is deprecated, use `df[!, col_ind]` instead.
â”‚   caller = top-level scope at deprecated.jl:423
â”” @ Core ~/.julia/packages/DataFrames/yH0f6/test/deprecated.jl:423
â”Œ Warning: `getindex(df::DataFrame, col_ind::ColumnIndex)` is deprecated, use `df[!, col_ind]` instead.
â”‚   caller = top-level scope at deprecated.jl:424
â”” @ Core ~/.julia/packages/DataFrames/yH0f6/test/deprecated.jl:424
â”Œ Warning: `getindex(df::DataFrame, col_inds::Union{AbstractVector, Regex, Not})` is deprecated, use `df[:, col_inds]` instead.
â”‚   caller = top-level scope at deprecated.jl:425
â”” @ Core ~/.julia/packages/DataFrames/yH0f6/test/deprecated.jl:425
â”Œ Warning: `getindex(df::DataFrame, col_ind::ColumnIndex)` is deprecated, use `df[!, col_ind]` instead.
â”‚   caller = top-level scope at deprecated.jl:425
â”” @ Core ~/.julia/packages/DataFrames/yH0f6/test/deprecated.jl:425
â”Œ Warning: `getindex(df::DataFrame, col_inds::Union{AbstractVector, Regex, Not})` is deprecated, use `df[:, col_inds]` instead.
â”‚   caller = top-level scope at deprecated.jl:426
â”” @ Core ~/.julia/packages/DataFrames/yH0f6/test/deprecated.jl:426
â”Œ Warning: `getindex(df::DataFrame, col_ind::ColumnIndex)` is deprecated, use `df[!, col_ind]` instead.
â”‚   caller = top-level scope at deprecated.jl:426
â”” @ Core ~/.julia/packages/DataFrames/yH0f6/test/deprecated.jl:426
â”Œ Warning: `getindex(df::DataFrame, col_inds::Union{AbstractVector, Regex, Not})` is deprecated, use `df[:, col_inds]` instead.
â”‚   caller = top-level scope at deprecated.jl:427
â”” @ Core ~/.julia/packages/DataFrames/yH0f6/test/deprecated.jl:427
â”Œ Warning: `getindex(df::DataFrame, col_ind::ColumnIndex)` is deprecated, use `df[!, col_ind]` instead.
â”‚   caller = top-level scope at deprecated.jl:427
â”” @ Core ~/.julia/packages/DataFrames/yH0f6/test/deprecated.jl:427
â”Œ Warning: `getindex(df::DataFrame, col_inds::Union{AbstractVector, Regex, Not})` is deprecated, use `df[:, col_inds]` instead.
â”‚   caller = top-level scope at deprecated.jl:428
â”” @ Core ~/.julia/packages/DataFrames/yH0f6/test/deprecated.jl:428
â”Œ Warning: `getindex(df::DataFrame, col_ind::ColumnIndex)` is deprecated, use `df[!, col_ind]` instead.
â”‚   caller = top-level scope at deprecated.jl:428
â”” @ Core ~/.julia/packages/DataFrames/yH0f6/test/deprecated.jl:428
â”Œ Warning: `getindex(df::DataFrame, col_inds::Union{AbstractVector, Regex, Not})` is deprecated, use `df[:, col_inds]` instead.
â”‚   caller = top-level scope at deprecated.jl:429
â”” @ Core ~/.julia/packages/DataFrames/yH0f6/test/deprecated.jl:429
â”Œ Warning: `getindex(df::DataFrame, col_ind::ColumnIndex)` is deprecated, use `df[!, col_ind]` instead.
â”‚   caller = top-level scope at deprecated.jl:429
â”” @ Core ~/.julia/packages/DataFrames/yH0f6/test/deprecated.jl:429
â”Œ Warning: `getindex(df::DataFrame, col_inds::Union{AbstractVector, Regex, Not})` is deprecated, use `df[:, col_inds]` instead.
â”‚   caller = top-level scope at deprecated.jl:430
â”” @ Core ~/.julia/packages/DataFrames/yH0f6/test/deprecated.jl:430
â”Œ Warning: `getindex(df::DataFrame, col_ind::ColumnIndex)` is deprecated, use `df[!, col_ind]` instead.
â”‚   caller = top-level scope at deprecated.jl:430
â”” @ Core ~/.julia/packages/DataFrames/yH0f6/test/deprecated.jl:430
â”Œ Warning: `getindex(df::DataFrame, col_inds::Union{AbstractVector, Regex, Not})` is deprecated, use `df[:, col_inds]` instead.
â”‚   caller = top-level scope at deprecated.jl:431
â”” @ Core ~/.julia/packages/DataFrames/yH0f6/test/deprecated.jl:431
â”Œ Warning: `getindex(df::DataFrame, col_ind::ColumnIndex)` is deprecated, use `df[!, col_ind]` instead.
â”‚   caller = top-level scope at deprecated.jl:431
â”” @ Core ~/.julia/packages/DataFrames/yH0f6/test/deprecated.jl:431
â”Œ Warning: `getindex(df::DataFrame, col_inds::Union{AbstractVector, Regex, Not})` is deprecated, use `df[:, col_inds]` instead.
â”‚   caller = top-level scope at deprecated.jl:432
â”” @ Core ~/.julia/packages/DataFrames/yH0f6/test/deprecated.jl:432
â”Œ Warning: `getindex(df::DataFrame, col_ind::ColumnIndex)` is deprecated, use `df[!, col_ind]` instead.
â”‚   caller = top-level scope at deprecated.jl:432
â”” @ Core ~/.julia/packages/DataFrames/yH0f6/test/deprecated.jl:432
â”Œ Warning: `getindex(df::DataFrame, ::Colon)` is deprecated, use `df[:, :]` instead.
â”‚   caller = top-level scope at deprecated.jl:433
â”” @ Core ~/.julia/packages/DataFrames/yH0f6/test/deprecated.jl:433
â”Œ Warning: `getindex(df::DataFrame, col_ind::ColumnIndex)` is deprecated, use `df[!, col_ind]` instead.
â”‚   caller = top-level scope at deprecated.jl:433
â”” @ Core ~/.julia/packages/DataFrames/yH0f6/test/deprecated.jl:433
â”Œ Warning: `getindex(df::DataFrame, ::Colon)` is deprecated, use `df[:, :]` instead.
â”‚   caller = top-level scope at deprecated.jl:434
â”” @ Core ~/.julia/packages/DataFrames/yH0f6/test/deprecated.jl:434
â”Œ Warning: `getindex(df::DataFrame, col_ind::ColumnIndex)` is deprecated, use `df[!, col_ind]` instead.
â”‚   caller = top-level scope at deprecated.jl:434
â”” @ Core ~/.julia/packages/DataFrames/yH0f6/test/deprecated.jl:434
â”Œ Warning: `getindex(df::DataFrame, col_inds::Union{AbstractVector, Regex, Not})` is deprecated, use `df[:, col_inds]` instead.
â”‚   caller = top-level scope at deprecated.jl:435
â”” @ Core ~/.julia/packages/DataFrames/yH0f6/test/deprecated.jl:435
â”Œ Warning: `getindex(df::DataFrame, col_ind::ColumnIndex)` is deprecated, use `df[!, col_ind]` instead.
â”‚   caller = top-level scope at deprecated.jl:435
â”” @ Core ~/.julia/packages/DataFrames/yH0f6/test/deprecated.jl:435
â”Œ Warning: `getindex(df::DataFrame, col_inds::Union{AbstractVector, Regex, Not})` is deprecated, use `df[:, col_inds]` instead.
â”‚   caller = top-level scope at deprecated.jl:436
â”” @ Core ~/.julia/packages/DataFrames/yH0f6/test/deprecated.jl:436
â”Œ Warning: `getindex(df::DataFrame, col_ind::ColumnIndex)` is deprecated, use `df[!, col_ind]` instead.
â”‚   caller = top-level scope at deprecated.jl:436
â”” @ Core ~/.julia/packages/DataFrames/yH0f6/test/deprecated.jl:436
â”Œ Warning: `setindex!(df::DataFrame, v::AbstractVector, col_ind::ColumnIndex)` is deprecated, use `begin
â”‚     df[!, col_ind] = v
â”‚     df
â”‚ end` instead.
â”‚   caller = top-level scope at deprecated.jl:441
â”” @ Core ~/.julia/packages/DataFrames/yH0f6/test/deprecated.jl:441
â”Œ Warning: `setindex!(df::DataFrame, v::AbstractVector, col_ind::ColumnIndex)` is deprecated, use `begin
â”‚     df[!, col_ind] = v
â”‚     df
â”‚ end` instead.
â”‚   caller = top-level scope at deprecated.jl:442
â”” @ Core ~/.julia/packages/DataFrames/yH0f6/test/deprecated.jl:442
â”Œ Warning: `setindex!(df::DataFrame, v::AbstractVector, col_ind::ColumnIndex)` is deprecated, use `begin
â”‚     df[!, col_ind] = v
â”‚     df
â”‚ end` instead.
â”‚   caller = top-level scope at deprecated.jl:443
â”” @ Core ~/.julia/packages/DataFrames/yH0f6/test/deprecated.jl:443
â”Œ Warning: In the future setindex! will disallow adding columnsto a DataFrame using integer index. Use a Symbol to specify a column name instead.
â”‚   caller = setindex!(::DataFrame, ::Array{Int64,1}, ::Int64) at deprecated.jl:67
â”” @ DataFrames ./deprecated.jl:67
â”Œ Warning: `setindex!(df::DataFrame, v::AbstractVector, col_ind::ColumnIndex)` is deprecated, use `begin
â”‚     df[!, col_ind] = v
â”‚     df
â”‚ end` instead.
â”‚   caller = top-level scope at deprecated.jl:444
â”” @ Core ~/.julia/packages/DataFrames/yH0f6/test/deprecated.jl:444
â”Œ Warning: `getindex(df::DataFrame, col_ind::ColumnIndex)` is deprecated, use `df[!, col_ind]` instead.
â”‚   caller = top-level scope at deprecated.jl:459
â”” @ Core ~/.julia/packages/DataFrames/yH0f6/test/deprecated.jl:459
â”Œ Warning: `getindex(df::DataFrame, col_ind::ColumnIndex)` is deprecated, use `df[!, col_ind]` instead.
â”‚   caller = top-level scope at deprecated.jl:459
â”” @ Core ~/.julia/packages/DataFrames/yH0f6/test/deprecated.jl:459
â”Œ Warning: `getindex(df::DataFrame, col_inds::Union{AbstractVector, Regex, Not})` is deprecated, use `df[:, col_inds]` instead.
â”‚   caller = top-level scope at deprecated.jl:460
â”” @ Core ~/.julia/packages/DataFrames/yH0f6/test/deprecated.jl:460
â”Œ Warning: `getindex(df::DataFrame, col_inds::Union{AbstractVector, Regex, Not})` is deprecated, use `df[:, col_inds]` instead.
â”‚   caller = top-level scope at deprecated.jl:460
â”” @ Core ~/.julia/packages/DataFrames/yH0f6/test/deprecated.jl:460
â”Œ Warning: `setindex!(df::DataFrame, v::AbstractVector, col_ind::ColumnIndex)` is deprecated, use `begin
â”‚     df[!, col_ind] = v
â”‚     df
â”‚ end` instead.
â”‚   caller = top-level scope at deprecated.jl:462
â”” @ Core ~/.julia/packages/DataFrames/yH0f6/test/deprecated.jl:462
â”Œ Warning: `setindex!(df::DataFrame, v::AbstractVector, col_ind::ColumnIndex)` is deprecated, use `begin
â”‚     df[!, col_ind] = v
â”‚     df
â”‚ end` instead.
â”‚   caller = top-level scope at deprecated.jl:463
â”” @ Core ~/.julia/packages/DataFrames/yH0f6/test/deprecated.jl:463
â”Œ Warning: `setindex!(df::DataFrame, new_df::DataFrame, col_inds::AbstractVector{<:ColumnIndex})` is deprecated, use `foreach((((j, colind),)->begin
â”‚             df[!, colind] = new_df[!, j]
â”‚         end), enumerate(col_inds))` instead.
â”‚   caller = top-level scope at deprecated.jl:465
â”” @ Core ~/.julia/packages/DataFrames/yH0f6/test/deprecated.jl:465
â”Œ Warning: `setindex!(df::DataFrame, v::AbstractVector, col_ind::ColumnIndex)` is deprecated, use `begin
â”‚     df[!, col_ind] = v
â”‚     df
â”‚ end` instead.
â”‚   caller = top-level scope at deprecated.jl:466
â”” @ Core ~/.julia/packages/DataFrames/yH0f6/test/deprecated.jl:466
â”Œ Warning: `setindex!(df::DataFrame, v::AbstractVector, col_ind::ColumnIndex)` is deprecated, use `begin
â”‚     df[!, col_ind] = v
â”‚     df
â”‚ end` instead.
â”‚   caller = top-level scope at deprecated.jl:467
â”” @ Core ~/.julia/packages/DataFrames/yH0f6/test/deprecated.jl:467
â”Œ Warning: in the future column names in source and target will have to match
â”‚   caller = setindex!(::SubDataFrame{DataFrame,DataFrames.Index,UnitRange{Int64}}, ::DataFrame, ::UnitRange{Int64}) at subdataframe.jl:145
â”” @ DataFrames ~/.julia/packages/DataFrames/yH0f6/src/subdataframe/subdataframe.jl:145
â”Œ Warning: implicit broadcasting in setindex! is deprecated; use `df[:, col_inds] .= Ref(v)` broadcasting assignment to change the columns in place
â”‚   caller = top-level scope at deprecated.jl:475
â”” @ Core ~/.julia/packages/DataFrames/yH0f6/test/deprecated.jl:475
â”Œ Warning: Implicit broadcasting to an existing column in DataFrame assignment is deprecated.Use an explicit broadcast with `df[:, col_ind] .= v`
â”‚   caller = setindex!(::DataFrame, ::Float64, ::UnitRange{Int64}) at deprecated.jl:1456
â”” @ DataFrames ~/.julia/packages/DataFrames/yH0f6/src/deprecated.jl:1456
â”Œ Warning: implicit vector broadcasting in setindex! is deprecated; use `df[:, col_inds] .= Ref(v)` broadcasting assignment to change the columns in place
â”‚   caller = top-level scope at deprecated.jl:480
â”” @ Core ~/.julia/packages/DataFrames/yH0f6/test/deprecated.jl:480
â”Œ Warning: implicit broadcasting in setindex! is deprecated; use `df[:, col_inds] .= Ref(v)` broadcasting assignment to change the columns in place
â”‚   caller = setindex!(::DataFrame, ::Float64, ::Colon, ::UnitRange{Int64}) at deprecated.jl:1584
â”” @ DataFrames ~/.julia/packages/DataFrames/yH0f6/src/deprecated.jl:1584
â”Œ Warning: `setindex!(df::DataFrame, v::AbstractVector, col_inds::AbstractVector{<:ColumnIndex})` is deprecated, use `begin
â”‚     foreach((c->begin
â”‚                 df[!, c] = copy(v)
â”‚             end), col_inds)
â”‚     df
â”‚ end` instead.
â”‚   caller = top-level scope at deprecated.jl:487
â”” @ Core ~/.julia/packages/DataFrames/yH0f6/test/deprecated.jl:487
â”Œ Warning: implicit vector broadcasting in setindex! is deprecated; use `df[:, col_inds] .= Ref(v)` broadcasting assignment to change the columns in place
â”‚   caller = top-level scope at deprecated.jl:496
â”” @ Core ~/.julia/packages/DataFrames/yH0f6/test/deprecated.jl:496
â”Œ Warning: `setindex!(df::DataFrame, v::AbstractVector, col_inds::AbstractVector{<:ColumnIndex})` is deprecated, use `begin
â”‚     foreach((c->begin
â”‚                 df[!, c] = copy(v)
â”‚             end), col_inds)
â”‚     df
â”‚ end` instead.
â”‚   caller = setindex!(::DataFrame, ::Array{Float64,1}, ::Colon, ::UnitRange{Int64}) at deprecated.jl:1584
â”” @ DataFrames ~/.julia/packages/DataFrames/yH0f6/src/deprecated.jl:1584
Test Summary:                                        | Pass  Total
df[col] and df[col] for getindex, view, and setindex |  132    132
	[1m[32mPASSED[0m: deprecated.jl
ERROR: LoadError: "Tests failed"
Stacktrace:
 [1] top-level scope at /root/.julia/packages/DataFrames/yH0f6/test/runtests.jl:53
 [2] include at ./boot.jl:328 [inlined]
 [3] include_relative(::Module, ::String) at ./loading.jl:1094
 [4] include(::Module, ::String) at ./Base.jl:31
 [5] include(::String) at ./client.jl:431
 [6] top-level scope at none:5
in expression starting at /root/.julia/packages/DataFrames/yH0f6/test/runtests.jl:52
   Testing Distances
 Resolving package versions...
    Status `/tmp/jl_zpayJR/Manifest.toml`
  [b4f34e82] Distances v0.8.2
  [2a0f44e3] Base64  [`@stdlib/Base64`]
  [8ba89e20] Distributed  [`@stdlib/Distributed`]
  [b77e0a4c] InteractiveUtils  [`@stdlib/InteractiveUtils`]
  [8f399da3] Libdl  [`@stdlib/Libdl`]
  [37e2e46d] LinearAlgebra  [`@stdlib/LinearAlgebra`]
  [56ddb016] Logging  [`@stdlib/Logging`]
  [d6f4376e] Markdown  [`@stdlib/Markdown`]
  [9a3f8284] Random  [`@stdlib/Random`]
  [9e88b42a] Serialization  [`@stdlib/Serialization`]
  [6462fe0b] Sockets  [`@stdlib/Sockets`]
  [2f01184e] SparseArrays  [`@stdlib/SparseArrays`]
  [10745b16] Statistics  [`@stdlib/Statistics`]
  [8dfed614] Test  [`@stdlib/Test`]
Test Summary:                            | Pass  Total
PreMetric, SemiMetric, Metric on Float64 |  401    401
Test Summary:                        | Pass  Total
PreMetric, SemiMetric, Metric on F64 |  401    401
Test Summary:      | Pass  Total
individual metrics |  153    153
Test Summary: | Pass  Total
NaN behavior  |    3      3
Test Summary: | Pass  Total
empty vector  |   46     46
Test Summary:              | Pass  Total
DimensionMismatch throwing |   15     15
Test Summary:         | Pass  Total
Different input types |   52     52
Test Summary: | Pass  Total
mahalanobis   |    8      8
Test Summary: | Pass  Total
haversine     |   12     12
Test Summary:             | Pass  Total
bhattacharyya / hellinger |   20     20
Test Summary:                  | Pass  Total
column-wise metrics on Float64 |   93     93
Test Summary:              | Pass  Total
column-wise metrics on F64 |   93     93
â”Œ Warning: implicit `dims=2` argument now has to be passed explicitly to specify that distances between columns should be computed
â”‚   caller = ip:0x0
â”” @ Core :-1
Test Summary:               | Pass  Total
pairwise metrics on Float64 |  174    174
Test Summary:           | Pass  Total
pairwise metrics on F64 |  174    174
Test Summary:       | Pass  Total
Euclidean precision |    8      8
Test Summary:      | Pass  Total
Bregman Divergence |    4      4
   Testing Distances tests passed 
   Testing Distributions
 Resolving package versions...
 Installed FiniteDifferences â”€ v0.9.0
    Status `/tmp/jl_HNmfDP/Manifest.toml`
  [7d9fca2a] Arpack v0.3.1
  [9e28174c] BinDeps v0.8.10
  [b99e7846] BinaryProvider v0.5.8
  [49dc2e85] Calculus v0.5.1
  [bbf7d656] CommonSubexpressions v0.2.0
  [34da2185] Compat v2.2.0
  [9a962f9c] DataAPI v1.1.0
  [864edb3b] DataStructures v0.17.6
  [163ba53b] DiffResults v0.0.4
  [b552c78f] DiffRules v0.1.0
  [31c24e10] Distributions v0.21.8
  [26cc04aa] FiniteDifferences v0.9.0
  [f6369f11] ForwardDiff v0.10.6
  [682c06a0] JSON v0.21.0
  [e1d29d7a] Missings v0.4.3
  [77ba4419] NaNMath v0.3.3
  [bac558e1] OrderedCollections v1.1.0
  [90014a1f] PDMats v0.9.10
  [69de0a69] Parsers v0.3.10
  [1fd47b50] QuadGK v2.1.1
  [79098fc4] Rmath v0.5.1
  [a2af1166] SortingAlgorithms v0.3.1
  [276daf66] SpecialFunctions v0.8.0
  [90137ffa] StaticArrays v0.12.1
  [2913bbd2] StatsBase v0.32.0
  [4c63d2b9] StatsFuns v0.9.0
  [30578b45] URIParser v0.4.0
  [2a0f44e3] Base64  [`@stdlib/Base64`]
  [ade2ca70] Dates  [`@stdlib/Dates`]
  [8bb1440f] DelimitedFiles  [`@stdlib/DelimitedFiles`]
  [8ba89e20] Distributed  [`@stdlib/Distributed`]
  [b77e0a4c] InteractiveUtils  [`@stdlib/InteractiveUtils`]
  [76f85450] LibGit2  [`@stdlib/LibGit2`]
  [8f399da3] Libdl  [`@stdlib/Libdl`]
  [37e2e46d] LinearAlgebra  [`@stdlib/LinearAlgebra`]
  [56ddb016] Logging  [`@stdlib/Logging`]
  [d6f4376e] Markdown  [`@stdlib/Markdown`]
  [a63ad114] Mmap  [`@stdlib/Mmap`]
  [44cfe95a] Pkg  [`@stdlib/Pkg`]
  [de0858da] Printf  [`@stdlib/Printf`]
  [3fa0cd96] REPL  [`@stdlib/REPL`]
  [9a3f8284] Random  [`@stdlib/Random`]
  [ea8e919c] SHA  [`@stdlib/SHA`]
  [9e88b42a] Serialization  [`@stdlib/Serialization`]
  [1a1011a3] SharedArrays  [`@stdlib/SharedArrays`]
  [6462fe0b] Sockets  [`@stdlib/Sockets`]
  [2f01184e] SparseArrays  [`@stdlib/SparseArrays`]
  [10745b16] Statistics  [`@stdlib/Statistics`]
  [4607b0f0] SuiteSparse  [`@stdlib/SuiteSparse`]
  [8dfed614] Test  [`@stdlib/Test`]
  [cf7118a7] UUIDs  [`@stdlib/UUIDs`]
  [4ec0a83e] Unicode  [`@stdlib/Unicode`]
Running tests:
    [Discrete]
    ------------
    testing Truncated(BetaBinomial(10, 0.2, 0.25),3,5)
    testing Truncated(BetaBinomial(10, 2, 2.5),3,5)
    testing Truncated(BetaBinomial(10, 60, 40),3,5)
    testing Truncated(Binomial(5, 0.4),3,5)
    testing Truncated(Binomial(6, 0.8),3,5)
    testing Truncated(Binomial(100, 0.1),3,5)
    testing Truncated(Binomial(100, 0.9),3,5)
    testing Truncated(Binomial(10, 0.0),3,5)
    testing Truncated(Binomial(10, 1.0),3,5)
    testing Truncated(DiscreteUniform(6),3,5)
    testing Truncated(DiscreteUniform(7),3,5)
    testing Truncated(DiscreteUniform(2, 8),3,5)
    testing Truncated(Geometric(),3,5)
    testing Truncated(Geometric(0.02),3,5)
    testing Truncated(Geometric(0.1),3,5)
    testing Truncated(Geometric(0.5),3,5)
    testing Truncated(Geometric(0.9),3,5)
    testing Truncated(NegativeBinomial(),3,5)
    testing Truncated(NegativeBinomial(6),3,5)
    testing Truncated(NegativeBinomial(1, 0.5),3,5)
    testing Truncated(NegativeBinomial(5, 0.6),3,5)
    testing Truncated(NegativeBinomial(0.5, 0.5),3,5)
    testing Truncated(Poisson(),3,5)
    testing Truncated(Poisson(0.5),3,5)
    testing Truncated(Poisson(2.0),3,5)
    testing Truncated(Poisson(10.0),3,5)
    testing Truncated(Poisson(80.0),3,5)

    [Continuous]
    ------------
    testing Truncated(BetaPrime(),3,5)
    testing Truncated(BetaPrime(3.0),3,5)
    testing Truncated(BetaPrime(3.0, 5.0),3,5)
    testing Truncated(BetaPrime(5.0, 3.0),3,5)
    testing Truncated(Cauchy(),3,5)
    testing Truncated(Cauchy(2.0),3,5)
    testing Truncated(Cauchy(0.0, 1.0),3,5)
    testing Truncated(Cauchy(10.0, 1.0),3,5)
    testing Truncated(Cauchy(2.0, 10.0),3,5)
    testing Truncated(Chi(1),3,5)
    testing Truncated(Chi(2),3,5)
    testing Truncated(Chi(3),3,5)
    testing Truncated(Chi(12),3,5)
    testing Truncated(Chisq(1),3,5)
    testing Truncated(Chisq(8),3,5)
    testing Truncated(Chisq(20),3,5)
    testing Truncated(Erlang(),3,5)
    testing Truncated(Erlang(3),3,5)
    testing Truncated(Erlang(3, 1.0),3,5)
    testing Truncated(Erlang(5, 2.0),3,5)
    testing Truncated(Exponential(),3,5)
    testing Truncated(Exponential(2.0),3,5)
    testing Truncated(Exponential(6.5),3,5)
    testing Truncated(FDist(6.0, 8.0),3,5)
    testing Truncated(FDist(8.0, 6.0),3,5)
    testing Truncated(FDist(30, 40),3,5)
    testing Truncated(Frechet(),3,5)
    testing Truncated(Frechet(0.5),3,5)
    testing Truncated(Frechet(3.0),3,5)
    testing Truncated(Frechet(20.0),3,5)
    testing Truncated(Frechet(60.0),3,5)
    testing Truncated(Frechet(0.5, 2.0),3,5)
    testing Truncated(Frechet(3.0, 2.0),3,5)
    testing Truncated(Gamma(),3,5)
    testing Truncated(Gamma(2.0),3,5)
    testing Truncated(Gamma(1.0, 1.0),3,5)
    testing Truncated(Gamma(3.0, 1.0),3,5)
    testing Truncated(Gamma(3.0, 2.0),3,5)
    testing Truncated(GeneralizedExtremeValue(1.0, 1.0, 1.0),3,5)
    testing Truncated(GeneralizedExtremeValue(0.0, 1.0, 0.0),3,5)
    testing Truncated(GeneralizedExtremeValue(0.0, 1.0, 1.1),3,5)
    testing Truncated(GeneralizedExtremeValue(0.0, 1.0, 0.6),3,5)
    testing Truncated(GeneralizedExtremeValue(0.0, 1.0, 0.3),3,5)
    testing Truncated(GeneralizedExtremeValue(-1.0, 0.5, 0.6),3,5)
    testing Truncated(GeneralizedPareto(),3,5)
    testing Truncated(GeneralizedPareto(1.0, 1.0),3,5)
    testing Truncated(GeneralizedPareto(0.1, 2.0),3,5)
    testing Truncated(GeneralizedPareto(1.0, 1.0, 1.0),3,5)
    testing Truncated(GeneralizedPareto(-1.5, 0.5, 2.0),3,5)
    testing Truncated(Gumbel(),3,5)
    testing Truncated(Gumbel(3.0),3,5)
    testing Truncated(Gumbel(3.0, 5.0),3,5)
    testing Truncated(Gumbel(5.0, 3.0),3,5)
    testing Truncated(InverseGamma(),3,5)
    testing Truncated(InverseGamma(2.0),3,5)
    testing Truncated(InverseGamma(1.0, 1.0),3,5)
    testing Truncated(InverseGamma(1.0, 2.0),3,5)
    testing Truncated(InverseGamma(2.0, 1.0),3,5)
    testing Truncated(InverseGamma(2.0, 3.0),3,5)
    testing Truncated(InverseGaussian(),3,5)
    testing Truncated(InverseGaussian(0.8),3,5)
    testing Truncated(InverseGaussian(2.0),3,5)
    testing Truncated(InverseGaussian(1.0, 1.0),3,5)
    testing Truncated(InverseGaussian(2.0, 1.5),3,5)
    testing Truncated(InverseGaussian(2.0, 7.0),3,5)
    testing Truncated(Laplace(),3,5)
    testing Truncated(Laplace(2.0),3,5)
    testing Truncated(Laplace(0.0, 1.0),3,5)
    testing Truncated(Laplace(5.0, 1.0),3,5)
    testing Truncated(Laplace(5.0, 1.5),3,5)
    testing Truncated(Levy(),3,5)
    testing Truncated(Levy(2),3,5)
    testing Truncated(Levy(2, 8),3,5)
    testing Truncated(Levy(3.0, 3),3,5)
    testing Truncated(Logistic(),3,5)
    testing Truncated(Logistic(2.0),3,5)
    testing Truncated(Logistic(0.0, 1.0),3,5)
    testing Truncated(Logistic(5.0, 1.0),3,5)
    testing Truncated(Logistic(2.0, 1.5),3,5)
    testing Truncated(Logistic(5.0, 1.5),3,5)
    testing Truncated(LogNormal(),3,5)
    testing Truncated(LogNormal(1.0),3,5)
    testing Truncated(LogNormal(0.0, 2.0),3,5)
    testing Truncated(LogNormal(1.0, 2.0),3,5)
    testing Truncated(LogNormal(3.0, 0.5),3,5)
    testing Truncated(LogNormal(3.0, 1.0),3,5)
    testing Truncated(LogNormal(3.0, 2.0),3,5)
    testing Truncated(NoncentralChisq(2, 2),3,5)
    testing Truncated(NoncentralChisq(2, 5),3,5)
    testing Truncated(NoncentralF(2, 2, 2),3,5)
    testing Truncated(NoncentralF(8, 10, 5),3,5)
    testing Truncated(NoncentralT(2, 2),3,5)
    testing Truncated(NoncentralT(10, 2),3,5)
    testing Truncated(Normal(),3,5)
    testing Truncated(Normal(2.0),3,5)
    testing Truncated(Normal(-3.0, 2.0),3,5)
    testing Truncated(Normal(1.0, 10.0),3,5)
    testing Truncated(NormalCanon(),3,5)
    testing Truncated(NormalCanon(0.0, 1.0),3,5)
    testing Truncated(NormalCanon(-1.0, 2.5),3,5)
    testing Truncated(NormalCanon(2.0, 0.8),3,5)
    testing Truncated(Pareto(),3,5)
    testing Truncated(Pareto(2.0),3,5)
    testing Truncated(Pareto(2.0, 1.5),3,5)
    testing Truncated(Pareto(3.0, 2.0),3,5)
    testing Truncated(Rayleigh(),3,5)
    testing Truncated(Rayleigh(3.0),3,5)
    testing Truncated(Rayleigh(8.0),3,5)
    testing Truncated(StudentizedRange(2.0, 2.0),3,5)
    testing Truncated(StudentizedRange(5.0, 10.0),3,5)
    testing Truncated(StudentizedRange(10.0, 5.0),3,5)
    testing Truncated(SymTriangularDist(3.0, 2.0),3,5)
    testing Truncated(SymTriangularDist(10.0, 8.0),3,5)
    testing Truncated(TDist(1.2),3,5)
    testing Truncated(TDist(5.0),3,5)
    testing Truncated(TDist(28.0),3,5)
    testing Truncated(TriangularDist(0, 5),3,5)
    testing Truncated(TriangularDist(-4, 14, 3),3,5)
    testing Truncated(TriangularDist(2, 2000, 500),3,5)
    testing Truncated(TruncatedNormal(27, 3, 0, Inf),3,5)
    testing Truncated(Uniform(3.0, 17.0),3,5)
    testing Truncated(Weibull(),3,5)
    testing Truncated(Weibull(0.5),3,5)
    testing Truncated(Weibull(5.0),3,5)
    testing Truncated(Weibull(20.0, 1.0),3,5)
    testing Truncated(Weibull(1.0, 2.0),3,5)
    testing Truncated(Weibull(5.0, 2.0),3,5)

Test Summary: | Pass  Total
Test truncate | 5112   5112
Test Summary:    | Pass  Total
Test truncnormal |   28     28
Test Summary:              | Pass  Total
Test truncated_exponential |    8      8
Test Summary: | Pass  Total
Test normal   |   29     29
Test Summary: | Pass  Total
Test mvnormal | 5138   5138
Test Summary:    | Pass  Total
Test mvlognormal | 1415   1415
Test Summary: | Pass  Total
Test types    |   30     30
Test Summary: | Pass  Total
Test utils    |   30     30
    testing CategoricalDirectSampler
    testing AliasTable
    testing BinomialGeomSampler
    testing BinomialTPESampler
    testing BinomialPolySampler
    testing BinomialAliasSampler
    testing PoissonCountSampler
    testing PoissonADSampler
    testing PoissBinAliasSampler
    testing ExponentialSampler
    testing GammaGDSampler
    testing GammaMTSampler
    testing GammaGSSampler
    testing GammaIPSampler
Test Summary: | Pass  Total
Test samplers |    2      2
    testing DiscreteNonParametric{Int64,Float64,Base.OneTo{Int64},Array{Float64,1}}(support=Base.OneTo(2), p=[0.5, 0.5]) as Categorical
    testing DiscreteNonParametric{Int64,Float64,Base.OneTo{Int64},Array{Float64,1}}(support=Base.OneTo(4), p=[0.1, 0.3, 0.2, 0.4]) as Categorical
    testing DiscreteNonParametric{Int64,Float64,Base.OneTo{Int64},Array{Float64,1}}(support=Base.OneTo(3), p=[0.15, 0.25, 0.6]) as Categorical
    testing DiscreteNonParametric{Int64,Float64,Base.OneTo{Int64},Array{Float64,1}}(support=Base.OneTo(4), p=[0.25, 0.25, 0.25, 0.25]) as Categorical
Test Summary:    | Pass  Total
Test categorical |  288    288
    [Discrete]
    ------------
    testing Bernoulli()
    testing Bernoulli(0.25)
    testing Bernoulli(0.75)
    testing Bernoulli(0.0)
    testing Bernoulli(1.0)
    testing BetaBinomial(2, 0.2, 0.25)
    testing BetaBinomial(10, 0.2, 0.25)
    testing BetaBinomial(10, 2, 2.5)
    testing BetaBinomial(10, 60, 40)
    testing Binomial()
    testing Binomial(3)
    testing Binomial(5, 0.4)
    testing Binomial(6, 0.8)
    testing Binomial(100, 0.1)
    testing Binomial(100, 0.9)
    testing Binomial(10, 0.0)
    testing Binomial(10, 1.0)
    testing DiscreteUniform()
    testing DiscreteUniform(6)
    testing DiscreteUniform(7)
    testing DiscreteUniform(0, 4)
    testing DiscreteUniform(2, 8)
    testing Geometric()
    testing Geometric(0.02)
    testing Geometric(0.1)
    testing Geometric(0.5)
    testing Geometric(0.9)
    testing Hypergeometric(2, 2, 2)
    testing Hypergeometric(3, 2, 2)
    testing Hypergeometric(3, 2, 0)
    testing Hypergeometric(3, 2, 5)
    testing Hypergeometric(4, 5, 6)
    testing Hypergeometric(60, 80, 100)
    testing NegativeBinomial()
    testing NegativeBinomial(6)
    testing NegativeBinomial(1, 0.5)
    testing NegativeBinomial(5, 0.6)
    testing NegativeBinomial(0.5, 0.5)
    testing Poisson()
    testing Poisson(0.0)
    testing Poisson(0.5)
    testing Poisson(2.0)
    testing Poisson(10.0)
    testing Poisson(80.0)
    testing Skellam()
    testing Skellam(2.0)
    testing Skellam(2.0, 3.0)
    testing Skellam(3.2, 1.8)
    testing FisherNoncentralHypergeometric(8, 6, 10, 1)
    testing FisherNoncentralHypergeometric(8, 6, 10, 10)
    testing FisherNoncentralHypergeometric(8, 6, 10, 0.1)
    testing FisherNoncentralHypergeometric(80, 60, 100, 1)
    testing FisherNoncentralHypergeometric(80, 60, 100, 10)
    testing FisherNoncentralHypergeometric(80, 60, 100, 0.1)
    testing WalleniusNoncentralHypergeometric(8, 6, 10, 1)
    testing WalleniusNoncentralHypergeometric(8, 6, 10, 10)
    testing WalleniusNoncentralHypergeometric(8, 6, 10, 0.1)
    testing WalleniusNoncentralHypergeometric(40, 30, 50, 1)
    testing WalleniusNoncentralHypergeometric(40, 30, 50, 0.5)
    testing WalleniusNoncentralHypergeometric(40, 30, 50, 2)

    [Continuous]
    ------------
    testing Arcsine()
    testing Arcsine(2.0)
    testing Arcsine(1.0, 2.5)
    testing Arcsine(-1.0, 1.0)
    testing Beta(2.0, 2.0)
    testing Beta(3.0, 4.0)
    testing Beta(17.0, 13.0)
    testing BetaPrime()
    testing BetaPrime(3.0)
    testing BetaPrime(3.0, 5.0)
    testing BetaPrime(5.0, 3.0)
    testing Cauchy()
    testing Cauchy(2.0)
    testing Cauchy(0.0, 1.0)
    testing Cauchy(10.0, 1.0)
    testing Cauchy(2.0, 10.0)
    testing Chi(1)
    testing Chi(2)
    testing Chi(3)
    testing Chi(12)
    testing Chisq(1)
    testing Chisq(8)
    testing Chisq(20)
    testing Cosine()
    testing Cosine(1.5)
    testing Cosine(2.0, 2.8)
    testing Erlang()
    testing Erlang(3)
    testing Erlang(3, 1.0)
    testing Erlang(5, 2.0)
    testing Exponential()
    testing Exponential(2.0)
    testing Exponential(6.5)
    testing FDist(6.0, 8.0)
    testing FDist(8.0, 6.0)
    testing FDist(30, 40)
    testing Frechet()
    testing Frechet(0.5)
    testing Frechet(3.0)
    testing Frechet(20.0)
    testing Frechet(60.0)
    testing Frechet(0.5, 2.0)
    testing Frechet(3.0, 2.0)
    testing Gamma()
    testing Gamma(2.0)
    testing Gamma(1.0, 1.0)
    testing Gamma(3.0, 1.0)
    testing Gamma(3.0, 2.0)
    testing GeneralizedExtremeValue(1.0, 1.0, 1.0)
    testing GeneralizedExtremeValue(0.0, 1.0, 0.0)
    testing GeneralizedExtremeValue(0.0, 1.0, 1.1)
    testing GeneralizedExtremeValue(0.0, 1.0, 0.6)
    testing GeneralizedExtremeValue(0.0, 1.0, 0.3)
    testing GeneralizedExtremeValue(1.0, 1.0, -1.0)
    testing GeneralizedExtremeValue(-1.0, 0.5, 0.6)
    testing GeneralizedPareto()
    testing GeneralizedPareto(1.0, 1.0)
    testing GeneralizedPareto(0.1, 2.0)
    testing GeneralizedPareto(1.0, 1.0, 1.0)
    testing GeneralizedPareto(-1.5, 0.5, 2.0)
    testing Gumbel()
    testing Gumbel(3.0)
    testing Gumbel(3.0, 5.0)
    testing Gumbel(5.0, 3.0)
    testing InverseGamma()
    testing InverseGamma(2.0)
    testing InverseGamma(1.0, 1.0)
    testing InverseGamma(1.0, 2.0)
    testing InverseGamma(2.0, 1.0)
    testing InverseGamma(2.0, 3.0)
    testing InverseGaussian()
    testing InverseGaussian(0.8)
    testing InverseGaussian(2.0)
    testing InverseGaussian(1.0, 1.0)
    testing InverseGaussian(2.0, 1.5)
    testing InverseGaussian(2.0, 7.0)
    testing Laplace()
    testing Laplace(2.0)
    testing Laplace(0.0, 1.0)
    testing Laplace(5.0, 1.0)
    testing Laplace(5.0, 1.5)
    testing Levy()
    testing Levy(2)
    testing Levy(2, 8)
    testing Levy(3.0, 3)
    testing Logistic()
    testing Logistic(2.0)
    testing Logistic(0.0, 1.0)
    testing Logistic(5.0, 1.0)
    testing Logistic(2.0, 1.5)
    testing Logistic(5.0, 1.5)
    testing LogNormal()
    testing LogNormal(1.0)
    testing LogNormal(0.0, 2.0)
    testing LogNormal(1.0, 2.0)
    testing LogNormal(3.0, 0.5)
    testing LogNormal(3.0, 1.0)
    testing LogNormal(3.0, 2.0)
    testing NoncentralBeta(2, 2, 0)
    testing NoncentralBeta(2, 6, 5)
    testing NoncentralChisq(2, 2)
    testing NoncentralChisq(2, 5)
    testing NoncentralF(2, 2, 2)
    testing NoncentralF(8, 10, 5)
    testing NoncentralT(2, 2)
    testing NoncentralT(10, 2)
    testing Normal()
    testing Normal(2.0)
    testing Normal(-3.0, 2.0)
    testing Normal(1.0, 10.0)
    testing NormalInverseGaussian(1.7, 1.8, 1.2, 2.3)
    testing NormalCanon()
    testing NormalCanon(0.0, 1.0)
    testing NormalCanon(-1.0, 2.5)
    testing NormalCanon(2.0, 0.8)
    testing Pareto()
    testing Pareto(2.0)
    testing Pareto(2.0, 1.5)
    testing Pareto(3.0, 2.0)
    testing Rayleigh()
    testing Rayleigh(3.0)
    testing Rayleigh(8.0)
    testing StudentizedRange(2.0, 2.0)
    testing StudentizedRange(5.0, 10.0)
    testing StudentizedRange(10.0, 5.0)
    testing SymTriangularDist()
    testing SymTriangularDist(3.0)
    testing SymTriangularDist(3.0, 0.5)
    testing SymTriangularDist(3.0, 2.0)
    testing SymTriangularDist(10.0, 8.0)
    testing TDist(1.2)
    testing TDist(5.0)
    testing TDist(28.0)
    testing TriangularDist(0, 5)
    testing TriangularDist(-7, 2)
    testing TriangularDist(-4, 14, 3)
    testing TriangularDist(2, 2000, 500)
    testing TriangularDist(1, 3, 2)
    testing TruncatedNormal(0, 1, -2, 2)
    testing TruncatedNormal(3, 10, 7, 8)
    testing TruncatedNormal(27, 3, 0, Inf)
    testing TruncatedNormal(-5, 1, -Inf, -10)
    testing TruncatedNormal(1.8, 1.2, -Inf, 0)
    testing Uniform()
    testing Uniform(0.0, 2.0)
    testing Uniform(3.0, 17.0)
    testing Uniform(3.0, 3.1)
    testing VonMises()
    testing VonMises(4.0)
    testing VonMises(1.1, 2.5)
    testing Weibull()
    testing Weibull(0.5)
    testing Weibull(5.0)
    testing Weibull(20.0, 1.0)
    testing Weibull(1.0, 2.0)
    testing Weibull(5.0, 2.0)

Test Summary:    |    Pass    Total
Test univariates | 2980915  2980915
Test Summary:   |  Pass  Total
Test continuous | 96189  96189
Test Summary:  | Pass  Total
Test edgecases |   12     12
Test Summary: | Pass  Total
Test fit      |  606    606
Test Summary:    | Pass  Total
Test multinomial |  958    958
Test Summary: | Pass  Total
Test binomial | 3410   3410
   testing PoissonBinomial p=0.8, n=6
   testing PoissonBinomial p=0.5, n=10
   testing PoissonBinomial p=0.04, n=20
   testing PoissonBinomial [10 Ã— 0.1, 10 Ã— 0.5, 10 Ã— 0.9]
   testing PoissonBinomial [1 Ã— 0.99, 10 Ã— 0.1, 100 Ã— 0.05]
   testing PoissonBinomial [5 Ã— 0.01, 1 Ã— 0.99, 3 Ã— 0.999]
   testing PoissonBinomial [10 Ã— 0.0, 7 Ã— 0.9, 10 Ã— 0.5]
Test Summary:        | Pass  Total
Test poissonbinomial |  413    413
Test Summary:  | Pass  Total
Test dirichlet |  864    864
Test Summary:             | Pass  Total
Test dirichletmultinomial |   82     82
Test Summary:    | Pass  Total
Test logitnormal |  241    241
Test Summary: | Pass  Total
Test mvtdist  |   54     54
Test Summary:   | Pass  Total
Test kolmogorov |    9      9
Test Summary:  | Pass  Total
Test edgeworth | 1485   1485
Test Summary: | Pass  Total
Test wisharts |  156    156
Test Summary:   | Pass  Total
Test matrixbeta |   36     36
Test Summary:    | Pass  Total
Test matrixfdist |   39     39
Test Summary:     | Pass  Total
Test matrixnormal |   68     68
Test Summary:    | Pass  Total
Test matrixtdist |   58     58
Test Summary:       |  Pass  Total
Test vonmisesfisher | 20180  20180
Test Summary:   | Pass  Total
Test conversion |    3      3
Test Summary:    | Pass  Total
Test convolution |  289    289
Test Summary: |  Pass  Total
Test mixture  | 38134  38134
Test Summary:   | Pass  Total
Test gradlogpdf |   14     14
Test Summary:    | Pass  Total
Test noncentralt |    5      5
Test Summary:      | Pass  Total
Test locationscale |  308    308
Test Summary:        | Pass  Total
Test quantile_newton |    2      2
Test Summary:   | Pass  Total
Test semicircle |   28     28
Test Summary: | Pass  Total
Test qq       |    6      6
Test Summary:             | Pass  Total
Test pgeneralizedgaussian |  212    212
Test Summary: | Pass  Total
Test product  |   16     16
Test Summary:              | Pass  Total
Test discretenonparametric |  230    230
Test Summary:    | Pass  Total
Test functionals |    2      2
Test Summary: | Pass  Total
Test chernoff |  141    141
Test Summary:          | Pass  Total
Test univariate_bounds |  156    156
Potentially stale exports: 
61-element Array{Tuple{Method,Method},1}:
 ((::Type{MArray{Tuple{S},T,1,S} where T})(x::Tuple{Vararg{T,S}}) where {S, T} in StaticArrays at /root/.julia/packages/StaticArrays/1g9bq/src/MVector.jl:20, (::Type{SA})(x::Tuple{Tuple{Tuple{#s162} where #s162<:Tuple}}) where SA<:StaticArray in StaticArrays at /root/.julia/packages/StaticArrays/1g9bq/src/convert.jl:1)                              
 ((::Type{MArray{Tuple{S1,S2},T,2,L} where L where T})(x::Tuple{Vararg{T,L}} where T) where {S1, S2, L} in StaticArrays at /root/.julia/packages/StaticArrays/1g9bq/src/MMatrix.jl:33, (::Type{SA})(x::Tuple{Tuple{Tuple{#s162} where #s162<:Tuple}}) where SA<:StaticArray in StaticArrays at /root/.julia/packages/StaticArrays/1g9bq/src/convert.jl:1)     
 ((::Type{Dual})(args...) in ForwardDiff at /root/.julia/packages/ForwardDiff/yPcDQ/src/dual.jl:68, (::Type{T})(x::T) where T<:Number in Core at boot.jl:718)                                                                                                                                                                                                 
 ((::Type{SArray{Tuple{S1,S2},T,2,L} where L})(x::Tuple{Vararg{Any,L}}) where {S1, S2, T, L} in StaticArrays at /root/.julia/packages/StaticArrays/1g9bq/src/SMatrix.jl:49, (::Type{SA})(x::Tuple{Tuple{Tuple{#s162} where #s162<:Tuple}}) where SA<:StaticArray in StaticArrays at /root/.julia/packages/StaticArrays/1g9bq/src/convert.jl:1)                
 ((::Type{Dual})(args...) in ForwardDiff at /root/.julia/packages/ForwardDiff/yPcDQ/src/dual.jl:68, (::Type{T})(z::Complex) where T<:Real in Base at complex.jl:37)                                                                                                                                                                                           
 ((::Type{SArray{Tuple{S},T,1,S} where T where S})(x::Tuple{Vararg{Any,S}}) where S in StaticArrays at /root/.julia/packages/StaticArrays/1g9bq/src/SVector.jl:18, (::Type{SA})(x::Tuple{Tuple{Tuple{#s162} where #s162<:Tuple}}) where SA<:StaticArray in StaticArrays at /root/.julia/packages/StaticArrays/1g9bq/src/convert.jl:1)                         
 ((::Type{DiffResults.DiffResult})(value::Number, derivs::Tuple{Vararg{Number,N} where N}) in DiffResults at /root/.julia/packages/DiffResults/FsQMZ/src/DiffResults.jl:50, (::Type{DiffResults.DiffResult})(value::Number, derivs::Tuple{Vararg{StaticArray,N} where N}) in DiffResults at /root/.julia/packages/DiffResults/FsQMZ/src/DiffResults.jl:51)    
 ((::Type{Dual{T,V,N}})(x) where {T, V, N} in ForwardDiff at /root/.julia/packages/ForwardDiff/yPcDQ/src/dual.jl:72, (::Type{T})(z::Complex) where T<:Real in Base at complex.jl:37)                                                                                                                                                                          
 ((::Type{MArray{Tuple{S1,S2},T,2,L} where L where T where S2})(x::Tuple{Vararg{T,L}} where T) where {S1, L} in StaticArrays at /root/.julia/packages/StaticArrays/1g9bq/src/MMatrix.jl:21, (::Type{SA})(x::Tuple{Tuple{Tuple{#s162} where #s162<:Tuple}}) where SA<:StaticArray in StaticArrays at /root/.julia/packages/StaticArrays/1g9bq/src/convert.jl:1)
 ((::Type{Dual{T,V,N} where N where V})(value) where T in ForwardDiff at /root/.julia/packages/ForwardDiff/yPcDQ/src/dual.jl:64, (::Type{T})(z::Complex) where T<:Real in Base at complex.jl:37)                                                                                                                                                              
 ((::Type{SArray{S,T,N,L}})(x::Tuple{Vararg{T,L}}) where {S, T, N, L} in StaticArrays at /root/.julia/packages/StaticArrays/1g9bq/src/SArray.jl:22, (::Type{SA})(x::Tuple{Tuple{Tuple{#s162} where #s162<:Tuple}}) where SA<:StaticArray in StaticArrays at /root/.julia/packages/StaticArrays/1g9bq/src/convert.jl:1)                                        
 ((::Type{Scalar{T} where T})(a::AbstractArray{T,0} where T) in StaticArrays at /root/.julia/packages/StaticArrays/1g9bq/src/Scalar.jl:11, (::Type{SA})(a::StaticArray) where SA<:StaticArray in StaticArrays at /root/.julia/packages/StaticArrays/1g9bq/src/convert.jl:5)                                                                                   
 ((::Type{SHermitianCompact{N,T,L} where L})(a::Tuple) where {N, T} in StaticArrays at /root/.julia/packages/StaticArrays/1g9bq/src/SHermitianCompact.jl:76, (::Type{SA})(x::Tuple{Tuple{Tuple{#s162} where #s162<:Tuple}}) where SA<:StaticArray in StaticArrays at /root/.julia/packages/StaticArrays/1g9bq/src/convert.jl:1)                               
 ((::Type{Dual{T,V,N}})(x::Number) where {T, V, N} in ForwardDiff at /root/.julia/packages/ForwardDiff/yPcDQ/src/dual.jl:73, (::Type{T})(z::Complex) where T<:Real in Base at complex.jl:37)                                                                                                                                                                  
 ((::Type{MArray{S,T,N,L} where L where N where T})(x::T) where {S, T<:Tuple} in StaticArrays at /root/.julia/packages/StaticArrays/1g9bq/src/MArray.jl:54, (::Type{SA})(x::Tuple{Tuple{Tuple{#s162} where #s162<:Tuple}}) where SA<:StaticArray in StaticArrays at /root/.julia/packages/StaticArrays/1g9bq/src/convert.jl:1)                                
 (StatsBase.TestStat(v) in StatsBase at /root/.julia/packages/StatsBase/DyWPR/src/statmodels.jl:414, (::Type{T})(z::Complex) where T<:Real in Base at complex.jl:37)                                                                                                                                                                                          
 ((::Type{SHermitianCompact})(a::StaticArray{Tuple{N,N},T,2}) where {N, T} in StaticArrays at /root/.julia/packages/StaticArrays/1g9bq/src/SHermitianCompact.jl:82, (::Type{SSC})(a::SSC) where SSC<:SHermitianCompact in StaticArrays at /root/.julia/packages/StaticArrays/1g9bq/src/SHermitianCompact.jl:85)                                               
 ((::Type{MArray{S,T,N,L}})(x::Tuple{Vararg{Any,L}}) where {S, T, N, L} in StaticArrays at /root/.julia/packages/StaticArrays/1g9bq/src/MArray.jl:29, (::Type{SA})(x::Tuple{Tuple{Tuple{#s162} where #s162<:Tuple}}) where SA<:StaticArray in StaticArrays at /root/.julia/packages/StaticArrays/1g9bq/src/convert.jl:1)                                      
 ((::Type{Dual{T,V,N} where N})(x) where {T, V} in ForwardDiff at /root/.julia/packages/ForwardDiff/yPcDQ/src/dual.jl:74, (::Type{T})(z::Complex) where T<:Real in Base at complex.jl:37)                                                                                                                                                                     
 ((::Type{MArray{S,T,N,L} where L})(x::Tuple) where {S, T, N} in StaticArrays at /root/.julia/packages/StaticArrays/1g9bq/src/MArray.jl:40, (::Type{SA})(x::Tuple{Tuple{Tuple{#s162} where #s162<:Tuple}}) where SA<:StaticArray in StaticArrays at /root/.julia/packages/StaticArrays/1g9bq/src/convert.jl:1)                                                
 ((::Type{MArray{S,T,N,L} where L where N})(x::Tuple) where {S, T} in StaticArrays at /root/.julia/packages/StaticArrays/1g9bq/src/MArray.jl:47, (::Type{SA})(x::Tuple{Tuple{Tuple{#s162} where #s162<:Tuple}}) where SA<:StaticArray in StaticArrays at /root/.julia/packages/StaticArrays/1g9bq/src/convert.jl:1)                                           
 ((::Type{DiffResults.DiffResult})(value::Number, derivs::Tuple{Vararg{Number,N} where N}) in DiffResults at /root/.julia/packages/DiffResults/FsQMZ/src/DiffResults.jl:50, (::Type{DiffResults.DiffResult})(value::Number, derivs::Tuple{Vararg{AbstractArray,N} where N}) in DiffResults at /root/.julia/packages/DiffResults/FsQMZ/src/DiffResults.jl:53)  
 ((::Type{Dual{T,V,N} where N})(x) where {T, V} in ForwardDiff at /root/.julia/packages/ForwardDiff/yPcDQ/src/dual.jl:74, (::Type{T})(x::T) where T<:Number in Core at boot.jl:718)                                                                                                                                                                           
 ((::Type{SArray{S,T,N,L} where L where N where T})(x::T) where {S<:Tuple, T<:Tuple} in StaticArrays at /root/.julia/packages/StaticArrays/1g9bq/src/SArray.jl:47, (::Type{SA})(x::Tuple{Tuple{Tuple{#s162} where #s162<:Tuple}}) where SA<:StaticArray in StaticArrays at /root/.julia/packages/StaticArrays/1g9bq/src/convert.jl:1)                         
 (StatsBase.TestStat(v) in StatsBase at /root/.julia/packages/StatsBase/DyWPR/src/statmodels.jl:414, (::Type{T})(x::Base.TwicePrecision) where T<:Number in Base at twiceprecision.jl:243)                                                                                                                                                                    
 ((::Type{SizedArray{Tuple{S},T,1,M} where M where T})(x::Tuple{Vararg{T,L}}) where {S, T, L} in StaticArrays at /root/.julia/packages/StaticArrays/1g9bq/src/SizedArray.jl:79, (::Type{SA})(x::Tuple{Tuple{Tuple{#s162} where #s162<:Tuple}}) where SA<:StaticArray in StaticArrays at /root/.julia/packages/StaticArrays/1g9bq/src/convert.jl:1)            
 ((::Type{Dual{T,V,N}})(x) where {T, V, N} in ForwardDiff at /root/.julia/packages/ForwardDiff/yPcDQ/src/dual.jl:72, (::Type{T})(x::Base.TwicePrecision) where T<:Number in Base at twiceprecision.jl:243)                                                                                                                                                    
 ((::Type{Dual})(args...) in ForwardDiff at /root/.julia/packages/ForwardDiff/yPcDQ/src/dual.jl:68, (::Type{T})(x::AbstractChar) where T<:Union{AbstractChar, Number} in Base at char.jl:50)                                                                                                                                                                  
 ((::Type{SArray{Tuple{S},T,1,S} where T})(x::T) where {S, T<:Tuple} in StaticArrays at /root/.julia/packages/StaticArrays/1g9bq/src/SVector.jl:20, (::Type{SA})(x::Tuple{Tuple{Tuple{#s162} where #s162<:Tuple}}) where SA<:StaticArray in StaticArrays at /root/.julia/packages/StaticArrays/1g9bq/src/convert.jl:1)                                        
 ((::Type{MArray{Tuple{S},T,1,S} where T where S})(x::Tuple{Vararg{Any,S}}) where S in StaticArrays at /root/.julia/packages/StaticArrays/1g9bq/src/MVector.jl:19, (::Type{SA})(x::Tuple{Tuple{Tuple{#s162} where #s162<:Tuple}}) where SA<:StaticArray in StaticArrays at /root/.julia/packages/StaticArrays/1g9bq/src/convert.jl:1)                         
 ((::Type{MArray{Tuple{S1,S2},T,2,L} where L})(x::Tuple{Vararg{T,L}} where T) where {S1, S2, T, L} in StaticArrays at /root/.julia/packages/StaticArrays/1g9bq/src/MMatrix.jl:41, (::Type{SA})(x::Tuple{Tuple{Tuple{#s162} where #s162<:Tuple}}) where SA<:StaticArray in StaticArrays at /root/.julia/packages/StaticArrays/1g9bq/src/convert.jl:1)          
 ((::Type{SArray{S,T,N,L} where L where N})(x::Tuple) where {S<:Tuple, T} in StaticArrays at /root/.julia/packages/StaticArrays/1g9bq/src/SArray.jl:40, (::Type{SA})(x::Tuple{Tuple{Tuple{#s162} where #s162<:Tuple}}) where SA<:StaticArray in StaticArrays at /root/.julia/packages/StaticArrays/1g9bq/src/convert.jl:1)                                    
 ((::Type{SHermitianCompact{N,T,L} where L where T})(a::Tuple) where N in StaticArrays at /root/.julia/packages/StaticArrays/1g9bq/src/SHermitianCompact.jl:80, (::Type{SA})(x::Tuple{Tuple{Tuple{#s162} where #s162<:Tuple}}) where SA<:StaticArray in StaticArrays at /root/.julia/packages/StaticArrays/1g9bq/src/convert.jl:1)                            
 ((::Type{SArray{S,T,N,L}})(x::Tuple{Vararg{Any,L}}) where {S, T, N, L} in StaticArrays at /root/.julia/packages/StaticArrays/1g9bq/src/SArray.jl:27, (::Type{SA})(x::Tuple{Tuple{Tuple{#s162} where #s162<:Tuple}}) where SA<:StaticArray in StaticArrays at /root/.julia/packages/StaticArrays/1g9bq/src/convert.jl:1)                                      
 ((::Type{SSC})(a::AbstractArray{T,1} where T) where SSC<:SHermitianCompact in StaticArrays at /root/.julia/packages/StaticArrays/1g9bq/src/SHermitianCompact.jl:87, (::Type{SA})(a::StaticArray) where SA<:StaticArray in StaticArrays at /root/.julia/packages/StaticArrays/1g9bq/src/convert.jl:5)                                                         
 ((::Type{SizedArray{S,T,N,M} where M where N where T})(x::Tuple{Vararg{T,L}}) where {S, T, L} in StaticArrays at /root/.julia/packages/StaticArrays/1g9bq/src/SizedArray.jl:59, (::Type{SA})(x::Tuple{Tuple{Tuple{#s162} where #s162<:Tuple}}) where SA<:StaticArray in StaticArrays at /root/.julia/packages/StaticArrays/1g9bq/src/convert.jl:1)           
 ((::Type{SArray{Tuple{S},T,1,S} where T})(x::Tuple{Vararg{T,S}}) where {S, T} in StaticArrays at /root/.julia/packages/StaticArrays/1g9bq/src/SVector.jl:19, (::Type{SA})(x::Tuple{Tuple{Tuple{#s162} where #s162<:Tuple}}) where SA<:StaticArray in StaticArrays at /root/.julia/packages/StaticArrays/1g9bq/src/convert.jl:1)                              
 (StatsBase.TestStat(v) in StatsBase at /root/.julia/packages/StatsBase/DyWPR/src/statmodels.jl:414, (::Type{T})(x::AbstractChar) where T<:Union{AbstractChar, Number} in Base at char.jl:50)                                                                                                                                                                 
 ((::Type{MArray{Tuple{S},T,1,S} where T})(x::Tuple{Vararg{Any,S}}) where S in StaticArrays at /root/.julia/packages/StaticArrays/1g9bq/src/MVector.jl:21, (::Type{SA})(x::Tuple{Tuple{Tuple{#s162} where #s162<:Tuple}}) where SA<:StaticArray in StaticArrays at /root/.julia/packages/StaticArrays/1g9bq/src/convert.jl:1)                                 
 ((::Type{Scalar{T} where T})(a::AbstractArray) in StaticArrays at /root/.julia/packages/StaticArrays/1g9bq/src/Scalar.jl:10, (::Type{SA})(a::StaticArray) where SA<:StaticArray in StaticArrays at /root/.julia/packages/StaticArrays/1g9bq/src/convert.jl:5)                                                                                                
 ((::Type{SizedArray{S,T,N,M} where M})(x::Tuple) where {S, T, N} in StaticArrays at /root/.julia/packages/StaticArrays/1g9bq/src/SizedArray.jl:57, (::Type{SA})(x::Tuple{Tuple{Tuple{#s162} where #s162<:Tuple}}) where SA<:StaticArray in StaticArrays at /root/.julia/packages/StaticArrays/1g9bq/src/convert.jl:1)                                        
 (insupport(d::Product, x::AbstractArray) in Distributions at /root/.julia/packages/Distributions/OdJGZ/src/multivariate/product.jl:36, insupport(d::Union{Type{D}, D}, X::AbstractArray{T,2} where T) where D<:(Distribution{Multivariate,S} where S<:ValueSupport) in Distributions at /root/.julia/packages/Distributions/OdJGZ/src/multivariates.jl:99)   
 ((::Type{Dual{T,V,N} where N})(x) where {T, V} in ForwardDiff at /root/.julia/packages/ForwardDiff/yPcDQ/src/dual.jl:74, (::Type{T})(x::Base.TwicePrecision) where T<:Number in Base at twiceprecision.jl:243)                                                                                                                                               
 ((::Type{Scalar{T} where T})(x::Tuple{T}) where T in StaticArrays at /root/.julia/packages/StaticArrays/1g9bq/src/Scalar.jl:9, (::Type{SA})(x::Tuple{Tuple{Tuple{#s162} where #s162<:Tuple}}) where SA<:StaticArray in StaticArrays at /root/.julia/packages/StaticArrays/1g9bq/src/convert.jl:1)                                                            
 ((::Type{SizedArray{S,T,N,M}})(x::Tuple{Vararg{Any,L}}) where {S, T, N, M, L} in StaticArrays at /root/.julia/packages/StaticArrays/1g9bq/src/SizedArray.jl:45, (::Type{SA})(x::Tuple{Tuple{Tuple{#s162} where #s162<:Tuple}}) where SA<:StaticArray in StaticArrays at /root/.julia/packages/StaticArrays/1g9bq/src/convert.jl:1)                           
 ((::Type{Dual{T,V,N} where N where V})(value) where T in ForwardDiff at /root/.julia/packages/ForwardDiff/yPcDQ/src/dual.jl:64, (::Type{T})(x::AbstractChar) where T<:Union{AbstractChar, Number} in Base at char.jl:50)                                                                                                                                     
 ((::Type{SizedArray{S,T,N,M} where M where N})(x::Tuple) where {S, T} in StaticArrays at /root/.julia/packages/StaticArrays/1g9bq/src/SizedArray.jl:58, (::Type{SA})(x::Tuple{Tuple{Tuple{#s162} where #s162<:Tuple}}) where SA<:StaticArray in StaticArrays at /root/.julia/packages/StaticArrays/1g9bq/src/convert.jl:1)                                   
 ((::Type{FA})(x::Tuple{Vararg{Any,N}}) where {N, FA<:FieldArray} in StaticArrays at /root/.julia/packages/StaticArrays/1g9bq/src/FieldArray.jl:99, (::Type{SA})(x::Tuple{Tuple{Tuple{#s162} where #s162<:Tuple}}) where SA<:StaticArray in StaticArrays at /root/.julia/packages/StaticArrays/1g9bq/src/convert.jl:1)                                        
 ((::Type{SHermitianCompact})(a::StaticArray{Tuple{N,N},T,2}) where {N, T} in StaticArrays at /root/.julia/packages/StaticArrays/1g9bq/src/SHermitianCompact.jl:82, (::Type{SSC})(a::SHermitianCompact) where SSC<:SHermitianCompact in StaticArrays at /root/.julia/packages/StaticArrays/1g9bq/src/SHermitianCompact.jl:84)                                 
 ((::Type{SArray{Tuple{S1,S2},T,2,L} where L where T})(x::Tuple{Vararg{Any,L}}) where {S1, S2, L} in StaticArrays at /root/.julia/packages/StaticArrays/1g9bq/src/SMatrix.jl:33, (::Type{SA})(x::Tuple{Tuple{Tuple{#s162} where #s162<:Tuple}}) where SA<:StaticArray in StaticArrays at /root/.julia/packages/StaticArrays/1g9bq/src/convert.jl:1)           
 ((::Type{MArray{S,T,N,L}})(x::Tuple{Vararg{T,L}}) where {S, T, N, L} in StaticArrays at /root/.julia/packages/StaticArrays/1g9bq/src/MArray.jl:24, (::Type{SA})(x::Tuple{Tuple{Tuple{#s162} where #s162<:Tuple}}) where SA<:StaticArray in StaticArrays at /root/.julia/packages/StaticArrays/1g9bq/src/convert.jl:1)                                        
 ((::Type{SArray{S,T,N,L} where L})(x::Tuple) where {S<:Tuple, T, N} in StaticArrays at /root/.julia/packages/StaticArrays/1g9bq/src/SArray.jl:33, (::Type{SA})(x::Tuple{Tuple{Tuple{#s162} where #s162<:Tuple}}) where SA<:StaticArray in StaticArrays at /root/.julia/packages/StaticArrays/1g9bq/src/convert.jl:1)                                         
 ((::Type{Dual{T,V,N} where N where V})(value) where T in ForwardDiff at /root/.julia/packages/ForwardDiff/yPcDQ/src/dual.jl:64, (::Type{T})(x::Base.TwicePrecision) where T<:Number in Base at twiceprecision.jl:243)                                                                                                                                        
 ((::Type{SHermitianCompact{N,T,L} where L where T})(a::Tuple{Vararg{T,M}}) where {N, T, M} in StaticArrays at /root/.julia/packages/StaticArrays/1g9bq/src/SHermitianCompact.jl:81, (::Type{SA})(x::Tuple{Tuple{Tuple{#s162} where #s162<:Tuple}}) where SA<:StaticArray in StaticArrays at /root/.julia/packages/StaticArrays/1g9bq/src/convert.jl:1)       
 ((::Type{SizedArray{Tuple{S1,S2},T,2,M} where M where T})(x::Tuple{Vararg{T,L}}) where {S1, S2, T, L} in StaticArrays at /root/.julia/packages/StaticArrays/1g9bq/src/SizedArray.jl:83, (::Type{SA})(x::Tuple{Tuple{Tuple{#s162} where #s162<:Tuple}}) where SA<:StaticArray in StaticArrays at /root/.julia/packages/StaticArrays/1g9bq/src/convert.jl:1)   
 ((::Type{Dual{T,V,N}})(x) where {T, V, N} in ForwardDiff at /root/.julia/packages/ForwardDiff/yPcDQ/src/dual.jl:72, (::Type{T})(x::AbstractChar) where T<:Union{AbstractChar, Number} in Base at char.jl:50)                                                                                                                                                 
 ((::Type{Dual})(args...) in ForwardDiff at /root/.julia/packages/ForwardDiff/yPcDQ/src/dual.jl:68, (::Type{T})(x::Base.TwicePrecision) where T<:Number in Base at twiceprecision.jl:243)                                                                                                                                                                     
 ((::Type{SArray{Tuple{S1,S2},T,2,L} where T})(x::Tuple{Vararg{Any,L}}) where {S1, S2, L} in StaticArrays at /root/.julia/packages/StaticArrays/1g9bq/src/SMatrix.jl:41, (::Type{SA})(x::Tuple{Tuple{Tuple{#s162} where #s162<:Tuple}}) where SA<:StaticArray in StaticArrays at /root/.julia/packages/StaticArrays/1g9bq/src/convert.jl:1)                   
 ((::Type{SHermitianCompact{N,T,L}})(a::Tuple) where {N, T, L} in StaticArrays at /root/.julia/packages/StaticArrays/1g9bq/src/SHermitianCompact.jl:63, (::Type{SA})(x::Tuple{Tuple{Tuple{#s162} where #s162<:Tuple}}) where SA<:StaticArray in StaticArrays at /root/.julia/packages/StaticArrays/1g9bq/src/convert.jl:1)                                    
 ((::Type{SArray{Tuple{S1,S2},T,2,L} where L where T where S2})(x::Tuple{Vararg{Any,L}}) where {S1, L} in StaticArrays at /root/.julia/packages/StaticArrays/1g9bq/src/SMatrix.jl:20, (::Type{SA})(x::Tuple{Tuple{Tuple{#s162} where #s162<:Tuple}}) where SA<:StaticArray in StaticArrays at /root/.julia/packages/StaticArrays/1g9bq/src/convert.jl:1)      
 ((::Type{Dual{T,V,N} where N})(x) where {T, V} in ForwardDiff at /root/.julia/packages/ForwardDiff/yPcDQ/src/dual.jl:74, (::Type{T})(x::AbstractChar) where T<:Union{AbstractChar, Number} in Base at char.jl:50)                                                                                                                                            
   Testing Distributions tests passed 
   Testing GLM
 Resolving package versions...
    Status `/tmp/jl_xEEInT/Manifest.toml`
  [7d9fca2a] Arpack v0.3.1
  [9e28174c] BinDeps v0.8.10
  [b99e7846] BinaryProvider v0.5.8
  [336ed68f] CSV v0.5.18
  [324d7699] CategoricalArrays v0.7.3
  [944b1d66] CodecZlib v0.6.0
  [34da2185] Compat v2.2.0
  [9a962f9c] DataAPI v1.1.0
  [a93c6f00] DataFrames v0.19.4
  [864edb3b] DataStructures v0.17.6
  [e2d170a0] DataValueInterfaces v1.0.0
  [31c24e10] Distributions v0.21.8
  [8f5d6c58] EzXML v0.9.4
  [5789e2e9] FileIO v1.0.7
  [48062228] FilePathsBase v0.7.0
  [1a297f60] FillArrays v0.7.4
  [38e38edf] GLM v1.3.4
  [41ab1584] InvertedIndices v1.0.0
  [82899510] IteratorInterfaceExtensions v1.0.0
  [682c06a0] JSON v0.21.0
  [5078a376] LazyArrays v0.13.1
  [1914dd2f] MacroTools v0.5.2
  [e1d29d7a] Missings v0.4.3
  [78c3b35d] Mocking v0.7.0
  [bac558e1] OrderedCollections v1.1.0
  [90014a1f] PDMats v0.9.10
  [69de0a69] Parsers v0.3.10
  [2dfb63ee] PooledArrays v0.5.2
  [1fd47b50] QuadGK v2.1.1
  [df47a6cb] RData v0.6.3
  [ce6b1742] RDatasets v0.6.5
  [189a3867] Reexport v0.2.0
  [ae029012] Requires v0.5.2
  [79098fc4] Rmath v0.5.1
  [1277b4bf] ShiftedArrays v1.0.0
  [a2af1166] SortingAlgorithms v0.3.1
  [276daf66] SpecialFunctions v0.8.0
  [90137ffa] StaticArrays v0.12.1
  [2913bbd2] StatsBase v0.32.0
  [4c63d2b9] StatsFuns v0.9.0
  [3eaba693] StatsModels v0.6.7
  [3783bdb8] TableTraits v1.0.0
  [bd369af6] Tables v0.2.11
  [f269a46b] TimeZones v0.10.3
  [3bb67fe8] TranscodingStreams v0.9.5
  [30578b45] URIParser v0.4.0
  [ea10d353] WeakRefStrings v0.6.1
  [2a0f44e3] Base64  [`@stdlib/Base64`]
  [ade2ca70] Dates  [`@stdlib/Dates`]
  [8bb1440f] DelimitedFiles  [`@stdlib/DelimitedFiles`]
  [8ba89e20] Distributed  [`@stdlib/Distributed`]
  [9fa8497b] Future  [`@stdlib/Future`]
  [b77e0a4c] InteractiveUtils  [`@stdlib/InteractiveUtils`]
  [76f85450] LibGit2  [`@stdlib/LibGit2`]
  [8f399da3] Libdl  [`@stdlib/Libdl`]
  [37e2e46d] LinearAlgebra  [`@stdlib/LinearAlgebra`]
  [56ddb016] Logging  [`@stdlib/Logging`]
  [d6f4376e] Markdown  [`@stdlib/Markdown`]
  [a63ad114] Mmap  [`@stdlib/Mmap`]
  [44cfe95a] Pkg  [`@stdlib/Pkg`]
  [de0858da] Printf  [`@stdlib/Printf`]
  [3fa0cd96] REPL  [`@stdlib/REPL`]
  [9a3f8284] Random  [`@stdlib/Random`]
  [ea8e919c] SHA  [`@stdlib/SHA`]
  [9e88b42a] Serialization  [`@stdlib/Serialization`]
  [1a1011a3] SharedArrays  [`@stdlib/SharedArrays`]
  [6462fe0b] Sockets  [`@stdlib/Sockets`]
  [2f01184e] SparseArrays  [`@stdlib/SparseArrays`]
  [10745b16] Statistics  [`@stdlib/Statistics`]
  [4607b0f0] SuiteSparse  [`@stdlib/SuiteSparse`]
  [8dfed614] Test  [`@stdlib/Test`]
  [cf7118a7] UUIDs  [`@stdlib/UUIDs`]
  [4ec0a83e] Unicode  [`@stdlib/Unicode`]
â”Œ Warning: `getindex(df::DataFrame, col_ind::ColumnIndex)` is deprecated, use `df[!, col_ind]` instead.
â”‚   caller = top-level scope at runtests.jl:26
â”” @ Core ~/.julia/packages/GLM/ceUyW/test/runtests.jl:26
â”Œ Warning: `getindex(df::DataFrame, col_ind::ColumnIndex)` is deprecated, use `df[!, col_ind]` instead.
â”‚   caller = top-level scope at runtests.jl:26
â”” @ Core ~/.julia/packages/GLM/ceUyW/test/runtests.jl:26
â”Œ Warning: `getindex(df::DataFrame, col_ind::ColumnIndex)` is deprecated, use `df[!, col_ind]` instead.
â”‚   caller = top-level scope at runtests.jl:43
â”” @ Core ~/.julia/packages/GLM/ceUyW/test/runtests.jl:43
â”Œ Warning: `getindex(df::DataFrame, col_ind::ColumnIndex)` is deprecated, use `df[!, col_ind]` instead.
â”‚   caller = top-level scope at runtests.jl:43
â”” @ Core ~/.julia/packages/GLM/ceUyW/test/runtests.jl:43
Test Summary: | Pass  Total
lm            |   18     18
Test Summary: | Pass  Total
rankdeficient |    6      6
Test Summary: | Pass  Total
Poisson GLM   |    8      8
â”Œ Warning: `getindex(df::DataFrame, col_ind::ColumnIndex)` is deprecated, use `df[!, col_ind]` instead.
â”‚   caller = top-level scope at runtests.jl:93
â”” @ Core ~/.julia/packages/GLM/ceUyW/test/runtests.jl:93
â”Œ Warning: `setindex!(df::DataFrame, v::AbstractVector, col_ind::ColumnIndex)` is deprecated, use `begin
â”‚     df[!, col_ind] = v
â”‚     df
â”‚ end` instead.
â”‚   caller = top-level scope at runtests.jl:93
â”” @ Core ~/.julia/packages/GLM/ceUyW/test/runtests.jl:93
Test Summary:           | Pass  Total
Binomial with LogitLink |    8      8
Test Summary:            | Pass  Total
Bernoulli with LogitLink |    8      8
Test Summary:        | Pass  Total
Bernoulli ProbitLink |    8      8
Test Summary:         | Pass  Total
Bernoulli CauchitLink |    7      7
Test Summary:         | Pass  Total
Bernoulli CloglogLink |    8      8
â”Œ Warning: `getindex(df::DataFrame, col_ind::ColumnIndex)` is deprecated, use `df[!, col_ind]` instead.
â”‚   caller = top-level scope at runtests.jl:168
â”” @ Core ~/.julia/packages/GLM/ceUyW/test/runtests.jl:168
Test Summary: | Pass  Total
Offset        |   10     10
â”Œ Warning: `getindex(df::DataFrame, col_ind::ColumnIndex)` is deprecated, use `df[!, col_ind]` instead.
â”‚   caller = top-level scope at runtests.jl:186
â”” @ Core ~/.julia/packages/GLM/ceUyW/test/runtests.jl:186
Test Summary:         | Pass  Total
Normal LogLink offset |    5      5
Test Summary: | Pass  Total
Gamma         |   11     11
Test Summary:   | Pass  Total
InverseGaussian |   11     11
Test Summary: | Pass  Total
Gamma LogLink |   10     10
Test Summary:      | Pass  Total
Gamma IdentityLink |   10     10
â”Œ Warning: `getindex(df::DataFrame, col_ind::ColumnIndex)` is deprecated, use `df[!, col_ind]` instead.
â”‚   caller = top-level scope at runtests.jl:274
â”” @ Core ~/.julia/packages/GLM/ceUyW/test/runtests.jl:274
Test Summary:                 | Pass  Total
Aggregated Binomial LogitLink |   16     16
â”Œ Warning: `getindex(df::DataFrame, col_ind::ColumnIndex)` is deprecated, use `df[!, col_ind]` instead.
â”‚   caller = top-level scope at runtests.jl:291
â”” @ Core ~/.julia/packages/GLM/ceUyW/test/runtests.jl:291
â”Œ Warning: `getindex(df::DataFrame, col_ind::ColumnIndex)` is deprecated, use `df[!, col_ind]` instead.
â”‚   caller = top-level scope at runtests.jl:291
â”” @ Core ~/.julia/packages/GLM/ceUyW/test/runtests.jl:291
â”Œ Warning: `setindex!(df::DataFrame, v::AbstractVector, col_ind::ColumnIndex)` is deprecated, use `begin
â”‚     df[!, col_ind] = v
â”‚     df
â”‚ end` instead.
â”‚   caller = top-level scope at runtests.jl:291
â”” @ Core ~/.julia/packages/GLM/ceUyW/test/runtests.jl:291
â”Œ Warning: `getindex(df::DataFrame, col_ind::ColumnIndex)` is deprecated, use `df[!, col_ind]` instead.
â”‚   caller = top-level scope at runtests.jl:295
â”” @ Core ~/.julia/packages/GLM/ceUyW/test/runtests.jl:295
Test Summary:                 | Pass  Total
Binomial LogitLink aggregated |    8      8
Test Summary:             | Pass  Total
Gamma InverseLink Weights |    8      8
Test Summary:           | Pass  Total
Poisson LogLink Weights |    7      7
Test Summary:                    | Pass  Total
NegativeBinomial LogLink Fixed Î¸ |    8      8
Test Summary:                                 | Pass  Total
NegativeBinomial NegativeBinomialLink Fixed Î¸ |    8      8
Test Summary:                               | Pass  Total
NegativeBinomial LogLink, Î¸ to be estimated |    7      7
Test Summary:                                            | Pass  Total
NegativeBinomial NegativeBinomialLink, Î¸ to be estimated |    7      7
Test Summary: | Pass  Total
Sparse GLM    |    3      3
â”Œ Warning: `setindex!(df::DataFrame, v::AbstractVector, col_ind::ColumnIndex)` is deprecated, use `begin
â”‚     df[!, col_ind] = v
â”‚     df
â”‚ end` instead.
â”‚   caller = top-level scope at runtests.jl:439
â”” @ Core ~/.julia/packages/GLM/ceUyW/test/runtests.jl:439
â”Œ Warning: `getindex(df::DataFrame, col_inds::Union{AbstractVector, Regex, Not})` is deprecated, use `df[:, col_inds]` instead.
â”‚   caller = top-level scope at runtests.jl:442
â”” @ Core ~/.julia/packages/GLM/ceUyW/test/runtests.jl:442
Test Summary: | Pass  Total
Predict       |   13     13
â”Œ Warning: `getindex(df::DataFrame, col_ind::ColumnIndex)` is deprecated, use `df[!, col_ind]` instead.
â”‚   caller = top-level scope at runtests.jl:486
â”” @ Core ~/.julia/packages/GLM/ceUyW/test/runtests.jl:486
â”Œ Warning: `getindex(df::DataFrame, col_ind::ColumnIndex)` is deprecated, use `df[!, col_ind]` instead.
â”‚   caller = top-level scope at runtests.jl:486
â”” @ Core ~/.julia/packages/GLM/ceUyW/test/runtests.jl:486
â”Œ Warning: `setindex!(df::DataFrame, v::AbstractVector, col_ind::ColumnIndex)` is deprecated, use `begin
â”‚     df[!, col_ind] = v
â”‚     df
â”‚ end` instead.
â”‚   caller = top-level scope at runtests.jl:486
â”” @ Core ~/.julia/packages/GLM/ceUyW/test/runtests.jl:486
Test Summary:               | Pass  Total
F test for model comparison |   24     24
Test Summary:         | Pass  Total
F test rounding error |    1      1
Test Summary: | Pass  Total
coeftable     |    8      8
Test Summary: | Pass  Total
Issue 84      |    3      3
Test Summary: | Pass  Total
Issue 117     |    1      1
Test Summary: |
Issue 118     | No tests
Test Summary: |
Issue 153     | No tests
Test Summary: | Pass  Total
Issue 224     |    1      1
Test Summary: | Pass  Total
Issue #228    |    1      1
Test Summary: | Pass  Total
Issue #263    |    4      4
Test Summary:               | Pass  Total
Issue #286 (separable data) |    4      4
   Testing GLM tests passed 
   Testing HypothesisTests
 Resolving package versions...
    Status `/tmp/jl_nyH939/Manifest.toml`
  [7d9fca2a] Arpack v0.3.1
  [9e28174c] BinDeps v0.8.10
  [b99e7846] BinaryProvider v0.5.8
  [861a8166] Combinatorics v0.7.0
  [34da2185] Compat v2.2.0
  [9a962f9c] DataAPI v1.1.0
  [864edb3b] DataStructures v0.17.6
  [31c24e10] Distributions v0.21.8
  [09f84164] HypothesisTests v0.8.0
  [e1d29d7a] Missings v0.4.3
  [bac558e1] OrderedCollections v1.1.0
  [90014a1f] PDMats v0.9.10
  [f27b6e38] Polynomials v0.6.0
  [1fd47b50] QuadGK v2.1.1
  [3cdcf5f2] RecipesBase v0.7.0
  [79098fc4] Rmath v0.5.1
  [f2b01f46] Roots v0.8.3
  [a2af1166] SortingAlgorithms v0.3.1
  [276daf66] SpecialFunctions v0.8.0
  [2913bbd2] StatsBase v0.32.0
  [4c63d2b9] StatsFuns v0.9.0
  [30578b45] URIParser v0.4.0
  [2a0f44e3] Base64  [`@stdlib/Base64`]
  [ade2ca70] Dates  [`@stdlib/Dates`]
  [8bb1440f] DelimitedFiles  [`@stdlib/DelimitedFiles`]
  [8ba89e20] Distributed  [`@stdlib/Distributed`]
  [b77e0a4c] InteractiveUtils  [`@stdlib/InteractiveUtils`]
  [76f85450] LibGit2  [`@stdlib/LibGit2`]
  [8f399da3] Libdl  [`@stdlib/Libdl`]
  [37e2e46d] LinearAlgebra  [`@stdlib/LinearAlgebra`]
  [56ddb016] Logging  [`@stdlib/Logging`]
  [d6f4376e] Markdown  [`@stdlib/Markdown`]
  [a63ad114] Mmap  [`@stdlib/Mmap`]
  [44cfe95a] Pkg  [`@stdlib/Pkg`]
  [de0858da] Printf  [`@stdlib/Printf`]
  [3fa0cd96] REPL  [`@stdlib/REPL`]
  [9a3f8284] Random  [`@stdlib/Random`]
  [ea8e919c] SHA  [`@stdlib/SHA`]
  [9e88b42a] Serialization  [`@stdlib/Serialization`]
  [1a1011a3] SharedArrays  [`@stdlib/SharedArrays`]
  [6462fe0b] Sockets  [`@stdlib/Sockets`]
  [2f01184e] SparseArrays  [`@stdlib/SparseArrays`]
  [10745b16] Statistics  [`@stdlib/Statistics`]
  [4607b0f0] SuiteSparse  [`@stdlib/SuiteSparse`]
  [8dfed614] Test  [`@stdlib/Test`]
  [cf7118a7] UUIDs  [`@stdlib/UUIDs`]
  [4ec0a83e] Unicode  [`@stdlib/Unicode`]
Test Summary:    | Pass  Total
Anderson-Darling |   24     24
Test Summary:           | Pass  Total
Augmented Dickey-Fuller |   56     56
Test Summary: | Pass  Total
Binomial      |  156    156
Test Summary:            | Pass  Total
Box-Pierce and Ljung-Box |   22     22
Test Summary:   | Pass  Total
Breusch-Godfrey |   25     25
Test Summary: | Pass  Total
Circular      |    9      9
Test Summary: | Pass  Total
Common        |    4      4
â”Œ Warning: Exact p-values outside [0,1]. Approximate p-values reported instead.
â”” @ HypothesisTests ~/.julia/packages/HypothesisTests/M3Ysg/src/durbin_watson.jl:196
â”Œ Warning: Exact p-values outside [0,1]. Approximate p-values reported instead.
â”” @ HypothesisTests ~/.julia/packages/HypothesisTests/M3Ysg/src/durbin_watson.jl:196
â”Œ Warning: Exact p-values outside [0,1]. Approximate p-values reported instead.
â”” @ HypothesisTests ~/.julia/packages/HypothesisTests/M3Ysg/src/durbin_watson.jl:196
â”Œ Warning: Exact p-values outside [0,1]. Approximate p-values reported instead.
â”” @ HypothesisTests ~/.julia/packages/HypothesisTests/M3Ysg/src/durbin_watson.jl:196
Test Summary: | Pass  Total
Durbin-Watson |   48     48
Test Summary: | Pass  Total
Fisher        |  114    114
Test Summary: | Pass  Total
Jarque-Bera   |   12     12
â”Œ Warning: This test is inaccurate with ties
â”” @ HypothesisTests ~/.julia/packages/HypothesisTests/M3Ysg/src/kolmogorov_smirnov.jl:112
â”Œ Warning: This test is inaccurate with ties
â”” @ HypothesisTests ~/.julia/packages/HypothesisTests/M3Ysg/src/kolmogorov_smirnov.jl:167
â”Œ Warning: This test is inaccurate with ties
â”” @ HypothesisTests ~/.julia/packages/HypothesisTests/M3Ysg/src/kolmogorov_smirnov.jl:68
Test Summary:      | Pass  Total
Kolmogorov-Smirnov |   51     51
â”Œ Warning: This test is only asymptotically correct and might be inaccurate for the given group size
â”” @ HypothesisTests ~/.julia/packages/HypothesisTests/M3Ysg/src/kruskal_wallis.jl:73
Test Summary:  | Pass  Total
Kruskal-Wallis |   19     19
Test Summary: | Pass  Total
Mann-Whitney  |   25     25
Test Summary: | Pass  Total
Permutation   |    8      8
Test Summary:    | Pass  Total
Power Divergence |   39     39
Show: Test Failed at /root/.julia/packages/HypothesisTests/M3Ysg/test/show.jl:8
  Expression: sprint(show, m) == "Pearson's Chi-square Test\n-------------------------\nPopulation details:\n    parameter of interest:   Multinomial Probabilities\n    value under h_0:         [0.255231, 0.19671, 0.11594, 0.0893561, 0.193574, 0.14919]\n    point estimate:          [0.276387, 0.175553, 0.118607, 0.0866884, 0.16975, 0.173014]\n    95% confidence interval: Tuple{Float64,Float64}[(0.2579, 0.2955), (0.1571, 0.1947), (0.1001, 0.1378), (0.0682, 0.1058), (0.1513, 0.1889), (0.1545, 0.1922)]\n\nTest summary:\n    outcome with 95% confidence: reject h_0\n    one-sided p-value:           <1e-6\n\nDetails:\n    Sample size:        2757\n    statistic:          30.070149095754687\n    degrees of freedom: 2\n    residuals:          [2.19886, -2.50467, 0.41137, -0.468583, -2.84324, 3.23867]\n    std. residuals:     [4.50205, -4.50205, 0.699452, -0.699452, -5.31595, 5.31595]\n"
   Evaluated: "Pearson's Chi-square Test\n-------------------------\nPopulation details:\n    parameter of interest:   Multinomial Probabilities\n    value under h_0:         [0.25523082406125785, 0.19670969099133556, 0.11593952361049113, 0.08935608756107216, 0.1935739395970214, 0.1491899341788219]\n    point estimate:          [0.2763873775843308, 0.1755531374682626, 0.11860718171926006, 0.08668842945230323, 0.16974972796517954, 0.17301414581066377]\n    95% confidence interval: Tuple{Float64,Float64}[(0.2579, 0.2955), (0.1571, 0.1947), (0.1001, 0.1378), (0.0682, 0.1058), (0.1513, 0.1889), (0.1545, 0.1922)]\n\nTest summary:\n    outcome with 95% confidence: reject h_0\n    one-sided p-value:           <1e-6\n\nDetails:\n    Sample size:        2757\n    statistic:          30.070149095754687\n    degrees of freedom: 2\n    residuals:          [2.198855766015898, -2.504669492560728, 0.4113701700566286, -0.46858294710127296, -2.8432397155451494, 3.2386734435365825]\n    std. residuals:     [4.5020535210867045, -4.5020535210867045, 0.6994517329844298, -0.6994517329844298, -5.315945542704928, 5.315945542704928]\n" == "Pearson's Chi-square Test\n-------------------------\nPopulation details:\n    parameter of interest:   Multinomial Probabilities\n    value under h_0:         [0.255231, 0.19671, 0.11594, 0.0893561, 0.193574, 0.14919]\n    point estimate:          [0.276387, 0.175553, 0.118607, 0.0866884, 0.16975, 0.173014]\n    95% confidence interval: Tuple{Float64,Float64}[(0.2579, 0.2955), (0.1571, 0.1947), (0.1001, 0.1378), (0.0682, 0.1058), (0.1513, 0.1889), (0.1545, 0.1922)]\n\nTest summary:\n    outcome with 95% confidence: reject h_0\n    one-sided p-value:           <1e-6\n\nDetails:\n    Sample size:        2757\n    statistic:          30.070149095754687\n    degrees of freedom: 2\n    residuals:          [2.19886, -2.50467, 0.41137, -0.468583, -2.84324, 3.23867]\n    std. residuals:     [4.50205, -4.50205, 0.699452, -0.699452, -5.31595, 5.31595]\n"
Stacktrace:
 [1] top-level scope at /root/.julia/packages/HypothesisTests/M3Ysg/test/show.jl:8
 [2] top-level scope at /buildworker/worker/package_linux64/build/usr/share/julia/stdlib/v1.2/Test/src/Test.jl:1113
 [3] top-level scope at /root/.julia/packages/HypothesisTests/M3Ysg/test/show.jl:5
Show: Test Failed at /root/.julia/packages/HypothesisTests/M3Ysg/test/show.jl:33
  Expression: sprint(show, m) == "Pearson's Chi-square Test\n-------------------------\nPopulation details:\n    parameter of interest:   Multinomial Probabilities\n    value under h_0:         [0.333333, 0.333333, 0.333333]\n    point estimate:          [0.333333, 0.25, 0.416667]\n    95% confidence interval: Tuple{Float64,Float64}[(0.2167, 0.481), (0.1333, 0.3976), (0.3, 0.5643)]\n\nTest summary:\n    outcome with 95% confidence: fail to reject h_0\n    one-sided p-value:           0.2865\n\nDetails:\n    Sample size:        60\n    statistic:          2.5\n    degrees of freedom: 2\n    residuals:          [0.0, -1.11803, 1.11803]\n    std. residuals:     [0.0, -1.36931, 1.36931]\n"
   Evaluated: "Pearson's Chi-square Test\n-------------------------\nPopulation details:\n    parameter of interest:   Multinomial Probabilities\n    value under h_0:         [0.3333333333333333, 0.3333333333333333, 0.3333333333333333]\n    point estimate:          [0.3333333333333333, 0.25, 0.4166666666666667]\n    95% confidence interval: Tuple{Float64,Float64}[(0.2167, 0.481), (0.1333, 0.3976), (0.3, 0.5643)]\n\nTest summary:\n    outcome with 95% confidence: fail to reject h_0\n    one-sided p-value:           0.2865\n\nDetails:\n    Sample size:        60\n    statistic:          2.5\n    degrees of freedom: 2\n    residuals:          [0.0, -1.118033988749895, 1.118033988749895]\n    std. residuals:     [0.0, -1.3693063937629153, 1.3693063937629153]\n" == "Pearson's Chi-square Test\n-------------------------\nPopulation details:\n    parameter of interest:   Multinomial Probabilities\n    value under h_0:         [0.333333, 0.333333, 0.333333]\n    point estimate:          [0.333333, 0.25, 0.416667]\n    95% confidence interval: Tuple{Float64,Float64}[(0.2167, 0.481), (0.1333, 0.3976), (0.3, 0.5643)]\n\nTest summary:\n    outcome with 95% confidence: fail to reject h_0\n    one-sided p-value:           0.2865\n\nDetails:\n    Sample size:        60\n    statistic:          2.5\n    degrees of freedom: 2\n    residuals:          [0.0, -1.11803, 1.11803]\n    std. residuals:     [0.0, -1.36931, 1.36931]\n"
Stacktrace:
 [1] top-level scope at /root/.julia/packages/HypothesisTests/M3Ysg/test/show.jl:33
 [2] top-level scope at /buildworker/worker/package_linux64/build/usr/share/julia/stdlib/v1.2/Test/src/Test.jl:1113
 [3] top-level scope at /root/.julia/packages/HypothesisTests/M3Ysg/test/show.jl:5
Test Summary: | Pass  Fail  Total
Show          |    1     2      3
ERROR: LoadError: LoadError: Some tests did not pass: 1 passed, 2 failed, 0 errored, 0 broken.
in expression starting at /root/.julia/packages/HypothesisTests/M3Ysg/test/show.jl:3
in expression starting at /root/.julia/packages/HypothesisTests/M3Ysg/test/runtests.jl:30
   Testing KernelDensity
 Resolving package versions...
    Status `/tmp/jl_v021Rf/Manifest.toml`
  [621f4979] AbstractFFTs v0.5.0
  [7d9fca2a] Arpack v0.3.1
  [4fba245c] ArrayInterface v1.2.1
  [13072b0f] AxisAlgorithms v1.0.0
  [9e28174c] BinDeps v0.8.10
  [b99e7846] BinaryProvider v0.5.8
  [49dc2e85] Calculus v0.5.1
  [bbf7d656] CommonSubexpressions v0.2.0
  [34da2185] Compat v2.2.0
  [8f4d0f93] Conda v1.3.0
  [9a962f9c] DataAPI v1.1.0
  [864edb3b] DataStructures v0.17.6
  [01453d9d] DiffEqDiffTools v1.4.0
  [163ba53b] DiffResults v0.0.4
  [b552c78f] DiffRules v0.1.0
  [31c24e10] Distributions v0.21.8
  [7a1cc6ca] FFTW v1.1.0
  [1a297f60] FillArrays v0.7.4
  [f6369f11] ForwardDiff v0.10.6
  [a98d9a8b] Interpolations v0.12.5
  [682c06a0] JSON v0.21.0
  [5ab0869b] KernelDensity v0.5.1
  [d3d80556] LineSearches v7.0.1
  [e1d29d7a] Missings v0.4.3
  [d41bc354] NLSolversBase v7.5.0
  [77ba4419] NaNMath v0.3.3
  [6fe1bfb0] OffsetArrays v0.11.1
  [429524aa] Optim v0.19.4
  [bac558e1] OrderedCollections v1.1.0
  [90014a1f] PDMats v0.9.10
  [d96e819e] Parameters v0.12.0
  [69de0a69] Parsers v0.3.10
  [85a6dd25] PositiveFactorizations v0.2.3
  [1fd47b50] QuadGK v2.1.1
  [c84ed2f1] Ratios v0.3.1
  [189a3867] Reexport v0.2.0
  [ae029012] Requires v0.5.2
  [79098fc4] Rmath v0.5.1
  [a2af1166] SortingAlgorithms v0.3.1
  [276daf66] SpecialFunctions v0.8.0
  [90137ffa] StaticArrays v0.12.1
  [2913bbd2] StatsBase v0.32.0
  [4c63d2b9] StatsFuns v0.9.0
  [30578b45] URIParser v0.4.0
  [81def892] VersionParsing v1.1.3
  [efce3f68] WoodburyMatrices v0.4.1
  [2a0f44e3] Base64  [`@stdlib/Base64`]
  [ade2ca70] Dates  [`@stdlib/Dates`]
  [8bb1440f] DelimitedFiles  [`@stdlib/DelimitedFiles`]
  [8ba89e20] Distributed  [`@stdlib/Distributed`]
  [b77e0a4c] InteractiveUtils  [`@stdlib/InteractiveUtils`]
  [76f85450] LibGit2  [`@stdlib/LibGit2`]
  [8f399da3] Libdl  [`@stdlib/Libdl`]
  [37e2e46d] LinearAlgebra  [`@stdlib/LinearAlgebra`]
  [56ddb016] Logging  [`@stdlib/Logging`]
  [d6f4376e] Markdown  [`@stdlib/Markdown`]
  [a63ad114] Mmap  [`@stdlib/Mmap`]
  [44cfe95a] Pkg  [`@stdlib/Pkg`]
  [de0858da] Printf  [`@stdlib/Printf`]
  [3fa0cd96] REPL  [`@stdlib/REPL`]
  [9a3f8284] Random  [`@stdlib/Random`]
  [ea8e919c] SHA  [`@stdlib/SHA`]
  [9e88b42a] Serialization  [`@stdlib/Serialization`]
  [1a1011a3] SharedArrays  [`@stdlib/SharedArrays`]
  [6462fe0b] Sockets  [`@stdlib/Sockets`]
  [2f01184e] SparseArrays  [`@stdlib/SparseArrays`]
  [10745b16] Statistics  [`@stdlib/Statistics`]
  [4607b0f0] SuiteSparse  [`@stdlib/SuiteSparse`]
  [8dfed614] Test  [`@stdlib/Test`]
  [cf7118a7] UUIDs  [`@stdlib/UUIDs`]
  [4ec0a83e] Unicode  [`@stdlib/Unicode`]
Running tests:
 * univariate.jl
 * bivariate.jl
 * interp.jl
   Testing KernelDensity tests passed 
   Testing Loess
 Resolving package versions...
    Status `/tmp/jl_ZrqOGJ/Manifest.toml`
  [b4f34e82] Distances v0.8.2
  [4345ca2d] Loess v0.5.0
  [2a0f44e3] Base64  [`@stdlib/Base64`]
  [8ba89e20] Distributed  [`@stdlib/Distributed`]
  [b77e0a4c] InteractiveUtils  [`@stdlib/InteractiveUtils`]
  [8f399da3] Libdl  [`@stdlib/Libdl`]
  [37e2e46d] LinearAlgebra  [`@stdlib/LinearAlgebra`]
  [56ddb016] Logging  [`@stdlib/Logging`]
  [d6f4376e] Markdown  [`@stdlib/Markdown`]
  [9a3f8284] Random  [`@stdlib/Random`]
  [9e88b42a] Serialization  [`@stdlib/Serialization`]
  [6462fe0b] Sockets  [`@stdlib/Sockets`]
  [2f01184e] SparseArrays  [`@stdlib/SparseArrays`]
  [10745b16] Statistics  [`@stdlib/Statistics`]
  [8dfed614] Test  [`@stdlib/Test`]
   Testing Loess tests passed 
   Testing MultivariateStats
 Resolving package versions...
    Status `/tmp/jl_f1pGbD/Manifest.toml`
  [7d9fca2a] Arpack v0.3.1
  [b99e7846] BinaryProvider v0.5.8
  [9a962f9c] DataAPI v1.1.0
  [864edb3b] DataStructures v0.17.6
  [e1d29d7a] Missings v0.4.3
  [6f286f6a] MultivariateStats v0.7.0
  [bac558e1] OrderedCollections v1.1.0
  [a2af1166] SortingAlgorithms v0.3.1
  [2913bbd2] StatsBase v0.32.0
  [2a0f44e3] Base64  [`@stdlib/Base64`]
  [8ba89e20] Distributed  [`@stdlib/Distributed`]
  [b77e0a4c] InteractiveUtils  [`@stdlib/InteractiveUtils`]
  [8f399da3] Libdl  [`@stdlib/Libdl`]
  [37e2e46d] LinearAlgebra  [`@stdlib/LinearAlgebra`]
  [56ddb016] Logging  [`@stdlib/Logging`]
  [d6f4376e] Markdown  [`@stdlib/Markdown`]
  [de0858da] Printf  [`@stdlib/Printf`]
  [9a3f8284] Random  [`@stdlib/Random`]
  [ea8e919c] SHA  [`@stdlib/SHA`]
  [9e88b42a] Serialization  [`@stdlib/Serialization`]
  [6462fe0b] Sockets  [`@stdlib/Sockets`]
  [2f01184e] SparseArrays  [`@stdlib/SparseArrays`]
  [10745b16] Statistics  [`@stdlib/Statistics`]
  [8dfed614] Test  [`@stdlib/Test`]
  [4ec0a83e] Unicode  [`@stdlib/Unicode`]
ERROR: LoadError: LoadError: ArgumentError: Package Random not found in current path:
- Run `import Pkg; Pkg.add("Random")` to install the Random package.

Stacktrace:
 [1] require(::Module, ::Symbol) at ./loading.jl:876
 [2] include at ./boot.jl:328 [inlined]
 [3] include_relative(::Module, ::String) at ./loading.jl:1094
 [4] include(::Module, ::String) at ./Base.jl:31
 [5] include(::String) at ./client.jl:431
 [6] top-level scope at /root/.julia/packages/MultivariateStats/BYMwD/test/runtests.jl:14
 [7] include at ./boot.jl:328 [inlined]
 [8] include_relative(::Module, ::String) at ./loading.jl:1094
 [9] include(::Module, ::String) at ./Base.jl:31
 [10] include(::String) at ./client.jl:431
 [11] top-level scope at none:5
in expression starting at /root/.julia/packages/MultivariateStats/BYMwD/test/lreg.jl:4
in expression starting at /root/.julia/packages/MultivariateStats/BYMwD/test/runtests.jl:13
   Testing StatsBase
 Resolving package versions...
    Status `/tmp/jl_hmKTKN/Manifest.toml`
  [9a962f9c] DataAPI v1.1.0
  [864edb3b] DataStructures v0.17.6
  [e1d29d7a] Missings v0.4.3
  [bac558e1] OrderedCollections v1.1.0
  [a2af1166] SortingAlgorithms v0.3.1
  [2913bbd2] StatsBase v0.32.0
  [2a0f44e3] Base64  [`@stdlib/Base64`]
  [ade2ca70] Dates  [`@stdlib/Dates`]
  [8bb1440f] DelimitedFiles  [`@stdlib/DelimitedFiles`]
  [8ba89e20] Distributed  [`@stdlib/Distributed`]
  [b77e0a4c] InteractiveUtils  [`@stdlib/InteractiveUtils`]
  [8f399da3] Libdl  [`@stdlib/Libdl`]
  [37e2e46d] LinearAlgebra  [`@stdlib/LinearAlgebra`]
  [56ddb016] Logging  [`@stdlib/Logging`]
  [d6f4376e] Markdown  [`@stdlib/Markdown`]
  [a63ad114] Mmap  [`@stdlib/Mmap`]
  [de0858da] Printf  [`@stdlib/Printf`]
  [9a3f8284] Random  [`@stdlib/Random`]
  [9e88b42a] Serialization  [`@stdlib/Serialization`]
  [6462fe0b] Sockets  [`@stdlib/Sockets`]
  [2f01184e] SparseArrays  [`@stdlib/SparseArrays`]
  [10745b16] Statistics  [`@stdlib/Statistics`]
  [8dfed614] Test  [`@stdlib/Test`]
  [4ec0a83e] Unicode  [`@stdlib/Unicode`]
Running tests:
 * ambiguous.jl ...
Skipping StatsBase.findat
Skipping StatsBase.wmean!
Skipping Base.active_repl
Skipping Base.active_repl_backend
Test Summary: | Broken  Total
Ambiguities   |      1      1
 * weights.jl ...
Test Summary:     | Pass  Total
StatsBase.Weights | 3547   3547
 * moments.jl ...
Test Summary:     | Pass  Total
StatsBase.Moments |  356    356
 * scalarstats.jl ...
 * deviation.jl ...
 * cov.jl ...
Test Summary:        | Pass  Total
StatsBase.Covariance |  392    392
 * counts.jl ...
Test Summary: | Pass  Total
views         |    1      1
 * ranking.jl ...
 * empirical.jl ...
Test Summary: | Pass  Total
ECDF          |    6      6
 * hist.jl ...
Test Summary:       | Pass  Total
StatsBase.Histogram |  104    104
 * rankcorr.jl ...
 * signalcorr.jl ...
 * misc.jl ...
 * robust.jl ...
 * sampling.jl ...
Test Summary:  | Pass  Total
sampling pairs |    4      4
 * wsampling.jl ...
 * statmodels.jl ...
 * partialcor.jl ...
 * transformations.jl ...
Test Summary:   | Pass  Total
Transformations |   39     39
   Testing StatsBase tests passed 
   Testing TimeSeries
 Resolving package versions...
 Installed IniFile â”€â”€â”€â”€ v0.5.0
 Installed HTTP â”€â”€â”€â”€â”€â”€â”€ v0.8.8
 Installed MbedTLS â”€â”€â”€â”€ v0.7.0
 Installed MarketData â”€ v0.11.0
  Building MbedTLS â†’ `~/.julia/packages/MbedTLS/a1JFn/deps/build.log`
    Status `/tmp/jl_9aueIe/Manifest.toml`
  [b99e7846] BinaryProvider v0.5.8
  [336ed68f] CSV v0.5.18
  [324d7699] CategoricalArrays v0.7.3
  [34da2185] Compat v2.2.0
  [9a962f9c] DataAPI v1.1.0
  [a93c6f00] DataFrames v0.19.4
  [864edb3b] DataStructures v0.17.6
  [e2d170a0] DataValueInterfaces v1.0.0
  [48062228] FilePathsBase v0.7.0
  [1a297f60] FillArrays v0.7.4
  [cd3eb016] HTTP v0.8.8
  [83e8ac13] IniFile v0.5.0
  [41ab1584] InvertedIndices v1.0.0
  [82899510] IteratorInterfaceExtensions v1.0.0
  [682c06a0] JSON v0.21.0
  [5078a376] LazyArrays v0.13.1
  [1914dd2f] MacroTools v0.5.2
  [945b72a4] MarketData v0.11.0
  [739be429] MbedTLS v0.7.0
  [e1d29d7a] Missings v0.4.3
  [bac558e1] OrderedCollections v1.1.0
  [69de0a69] Parsers v0.3.10
  [2dfb63ee] PooledArrays v0.5.2
  [3cdcf5f2] RecipesBase v0.7.0
  [189a3867] Reexport v0.2.0
  [a2af1166] SortingAlgorithms v0.3.1
  [90137ffa] StaticArrays v0.12.1
  [3783bdb8] TableTraits v1.0.0
  [bd369af6] Tables v0.2.11
  [9e3dc215] TimeSeries v0.16.1
  [ea10d353] WeakRefStrings v0.6.1
  [2a0f44e3] Base64  [`@stdlib/Base64`]
  [ade2ca70] Dates  [`@stdlib/Dates`]
  [8bb1440f] DelimitedFiles  [`@stdlib/DelimitedFiles`]
  [8ba89e20] Distributed  [`@stdlib/Distributed`]
  [9fa8497b] Future  [`@stdlib/Future`]
  [b77e0a4c] InteractiveUtils  [`@stdlib/InteractiveUtils`]
  [76f85450] LibGit2  [`@stdlib/LibGit2`]
  [8f399da3] Libdl  [`@stdlib/Libdl`]
  [37e2e46d] LinearAlgebra  [`@stdlib/LinearAlgebra`]
  [56ddb016] Logging  [`@stdlib/Logging`]
  [d6f4376e] Markdown  [`@stdlib/Markdown`]
  [a63ad114] Mmap  [`@stdlib/Mmap`]
  [44cfe95a] Pkg  [`@stdlib/Pkg`]
  [de0858da] Printf  [`@stdlib/Printf`]
  [3fa0cd96] REPL  [`@stdlib/REPL`]
  [9a3f8284] Random  [`@stdlib/Random`]
  [ea8e919c] SHA  [`@stdlib/SHA`]
  [9e88b42a] Serialization  [`@stdlib/Serialization`]
  [1a1011a3] SharedArrays  [`@stdlib/SharedArrays`]
  [6462fe0b] Sockets  [`@stdlib/Sockets`]
  [2f01184e] SparseArrays  [`@stdlib/SparseArrays`]
  [10745b16] Statistics  [`@stdlib/Statistics`]
  [8dfed614] Test  [`@stdlib/Test`]
  [cf7118a7] UUIDs  [`@stdlib/UUIDs`]
  [4ec0a83e] Unicode  [`@stdlib/Unicode`]
[ Info: Running tests:
[ Info: 	* timearray ...
[ Info: 	* split ...
[ Info: 	* apply ...
[ Info: 	* broadcast ...
[ Info: 	* combine ...
[ Info: 	* modify ...
[ Info: 	* meta ...
[ Info: 	* readwrite ...
[ Info: 	* timeseriesrc ...
[ Info: 	* basemisc ...
[ Info: 	* tables ...
WARNING: using DataFrames.tail in module Main conflicts with an existing identifier.
WARNING: using DataFrames.head in module Main conflicts with an existing identifier.
WARNING: using DataFrames.rename! in module Main conflicts with an existing identifier.
WARNING: using DataFrames.rename in module Main conflicts with an existing identifier.
[ Info: 	* plotrecipes ...
Test Summary: | Pass  Total
TimeSeries    | 3446   3446
   Testing TimeSeries tests passed 
ERROR: LoadError: Packages DataFrames, HypothesisTests, MultivariateStats errored during testing
Stacktrace:
 [1] pkgerror(::String, ::Vararg{String,N} where N) at /buildworker/worker/package_linux64/build/usr/share/julia/stdlib/v1.2/Pkg/src/Types.jl:112
 [2] #test#119(::Bool, ::Nothing, ::typeof(Pkg.Operations.test), ::Pkg.Types.Context, ::Array{Pkg.Types.PackageSpec,1}) at /buildworker/worker/package_linux64/build/usr/share/julia/stdlib/v1.2/Pkg/src/Operations.jl:1288
 [3] #test at ./none:0 [inlined]
 [4] #test#62(::Bool, ::Nothing, ::Base.Iterators.Pairs{Union{},Union{},Tuple{},NamedTuple{,Tuple{}}}, ::typeof(Pkg.API.test), ::Pkg.Types.Context, ::Array{Pkg.Types.PackageSpec,1}) at /buildworker/worker/package_linux64/build/usr/share/julia/stdlib/v1.2/Pkg/src/API.jl:245
 [5] test at /buildworker/worker/package_linux64/build/usr/share/julia/stdlib/v1.2/Pkg/src/API.jl:233 [inlined]
 [6] #test#61 at /buildworker/worker/package_linux64/build/usr/share/julia/stdlib/v1.2/Pkg/src/API.jl:230 [inlined]
 [7] test at /buildworker/worker/package_linux64/build/usr/share/julia/stdlib/v1.2/Pkg/src/API.jl:230 [inlined]
 [8] #test#60 at /buildworker/worker/package_linux64/build/usr/share/julia/stdlib/v1.2/Pkg/src/API.jl:229 [inlined]
 [9] test(::Array{String,1}) at /buildworker/worker/package_linux64/build/usr/share/julia/stdlib/v1.2/Pkg/src/API.jl:229
 [10] top-level scope at /root/.julia/packages/StatsKit/GbRKr/test/runtests.jl:8
 [11] include at ./boot.jl:328 [inlined]
 [12] include_relative(::Module, ::String) at ./loading.jl:1094
 [13] include(::Module, ::String) at ./Base.jl:31
 [14] include(::String) at ./client.jl:431
 [15] top-level scope at none:5
in expression starting at /root/.julia/packages/StatsKit/GbRKr/test/runtests.jl:8
ERROR: Package StatsKit errored during testing
Stacktrace:
 [1] pkgerror(::String, ::Vararg{String,N} where N) at /buildworker/worker/package_linux64/build/usr/share/julia/stdlib/v1.2/Pkg/src/Types.jl:112
 [2] #test#119(::Bool, ::Nothing, ::typeof(Pkg.Operations.test), ::Pkg.Types.Context, ::Array{Pkg.Types.PackageSpec,1}) at /buildworker/worker/package_linux64/build/usr/share/julia/stdlib/v1.2/Pkg/src/Operations.jl:1288
 [3] #test at ./none:0 [inlined]
 [4] #test#62(::Bool, ::Nothing, ::Base.Iterators.Pairs{Union{},Union{},Tuple{},NamedTuple{(),Tuple{}}}, ::typeof(Pkg.API.test), ::Pkg.Types.Context, ::Array{Pkg.Types.PackageSpec,1}) at /buildworker/worker/package_linux64/build/usr/share/julia/stdlib/v1.2/Pkg/src/API.jl:245
 [5] test at /buildworker/worker/package_linux64/build/usr/share/julia/stdlib/v1.2/Pkg/src/API.jl:233 [inlined]
 [6] #test#61 at /buildworker/worker/package_linux64/build/usr/share/julia/stdlib/v1.2/Pkg/src/API.jl:230 [inlined]
 [7] test at /buildworker/worker/package_linux64/build/usr/share/julia/stdlib/v1.2/Pkg/src/API.jl:230 [inlined]
 [8] #test#60 at /buildworker/worker/package_linux64/build/usr/share/julia/stdlib/v1.2/Pkg/src/API.jl:229 [inlined]
 [9] test at /buildworker/worker/package_linux64/build/usr/share/julia/stdlib/v1.2/Pkg/src/API.jl:229 [inlined]
 [10] #test#59(::Base.Iterators.Pairs{Union{},Union{},Tuple{},NamedTuple{(),Tuple{}}}, ::typeof(Pkg.API.test), ::String) at /buildworker/worker/package_linux64/build/usr/share/julia/stdlib/v1.2/Pkg/src/API.jl:228
 [11] test(::String) at /buildworker/worker/package_linux64/build/usr/share/julia/stdlib/v1.2/Pkg/src/API.jl:228
 [12] top-level scope at none:10
