<!DOCTYPE html>
<html lang="en">
  <head>
    <meta charset="utf-8">
    <meta http-equiv="X-UA-Compatible" content="IE=edge">
    <meta name="viewport" content="width=device-width, initial-scale=1">
    <title>Julia Package Listing - Testing Information</title>

    <style>/* -- Mix of julialang.org, Bootstrap 3, and custom -- */
body {
  background-color: white;
  font-family: Georgia, 'Liberation Serif', serif;
  font-size: 14px;
  color: #333;
  line-height: 1.42857143;
}
.site {
  max-width: 785px;
  margin: 2.5em auto 2em;
  padding: 0 1.5em;
}
a {
  color: #428bca;
  text-decoration: none;
}
h1, h2, h3, h4, h5, h6 {
  font-family: inherit;
  font-weight: 500;
  line-height: 1.1;
  color: inherit;
}
h1, h2, h3 {
    margin-top: 20px;
    margin-bottom: 10px;
}
h2 {
  font-size: 30px;
}
h3 {
    font-size: 24px;
}
h4 {
  font-size: 18px;
  margin-top: 10px;
  margin-bottom: 10px;
}
.titlebox {
  text-align: center;
  font-size: 120%;
  margin-top: 3em;
}
.ok     { background-color: #11AA11; } /*Tests passing*/
.fail   { background-color: #DD3333; } /*Tests failed*/
.skip   { background-color: #3333DD; } /*Tests skipped*/
.kill   { background-color: #222222; } /*Tests interrupted*/
.statusbox {
  width: 12px;
  height: 12px;
  display: inline-block;
}
hr {
  margin-top: 10px;
  margin-bottom: 0px;
  border: 0;
  border-top: 1px solid #eee;
}
.pkglisting h2 { margin-bottom: 0px; }
pre {margin: 0;}
@media (min-width: 785px) {
  .pkglisting {
    display: table;
    width: 100%;
  }
  .pkgnamedesc {
    display: table-cell;
    width: 50%;
  }
  .pkgvertest {
    display: table-cell;
    width:50%;
    text-align: right
  }
}
/* collapsible sections */
.collapsible {
  font-family: Georgia, 'Liberation Serif', serif;
  font-size: 14px;
  background: none;
  border: none;
  margin: 0;
  padding: 0;
  cursor: pointer;
}
.content {
  display: none;
  overflow: hidden;
}
</style>
  </head>

  <body>
  <div class="site">
    <!-- HEADER -->
    <div class="titlebox">
        <svg version="1.1" id="Layer_1" xmlns="http://www.w3.org/2000/svg" xmlns:xlink="http://www.w3.org/1999/xlink" x="0px" y="0px" width="210px" height="142px" viewBox="0 0 310 216" enable-background="new 0 0 310 216" xml:space="preserve">

<!-- blue dot -->
<circle fill="#6b85dd" stroke="#4266d5" stroke-width="3" cx="50.5" cy="58.665" r="16.5"></circle>
<!-- red dot -->
<circle fill="#d66661" stroke="#c93d39" stroke-width="3" cx="212.459" cy="60.249" r="16.5"></circle>
<!-- green dot -->
<circle fill="#6bab5b" stroke="#3b972e" stroke-width="3" cx="233.834" cy="23.874" r="16.5"></circle>
<!-- purple dot -->
<circle fill="#aa7dc0" stroke="#945bb0" stroke-width="3" cx="255.459" cy="59.999" r="16.5"></circle>

<!-- "j" -->
<path fill="#252525" d="M37.216,138.427c0-15.839,0.006-31.679-0.018-47.517c-0.001-0.827,0.169-1.234,1.043-1.47
    c7.876-2.127,15.739-4.308,23.606-6.47c1.33-0.366,1.333-0.36,1.333,1.019c0,25.758,0.015,51.517-0.012,77.274
    c-0.006,5.514,0.245,11.032-0.272,16.543c-0.628,6.69-2.15,13.092-6.438,18.506c-3.781,4.771-8.898,7.25-14.767,8.338
    c-6.599,1.222-13.251,1.552-19.934,0.938c-4.616-0.423-9.045-1.486-12.844-4.363c-2.863-2.168-4.454-4.935-3.745-8.603
    c0.736-3.806,3.348-5.978,6.861-7.127c2.262-0.74,4.628-0.872,6.994-0.53c1.823,0.264,3.42,1.023,4.779,2.288
    c1.38,1.284,2.641,2.674,3.778,4.177c0.872,1.15,1.793,2.256,2.991,3.086c2.055,1.426,4,0.965,5.213-1.216
    c0.819-1.473,0.997-3.106,1.173-4.731c0.255-2.348,0.255-4.707,0.256-7.062C37.218,167.145,37.216,152.786,37.216,138.427z"></path>

<!-- "u" -->
<path fill="#252525" d="M125.536,162.479c-2.908,2.385-5.783,4.312-8.88,5.904c-10.348,5.323-20.514,4.521-30.324-1.253
    c-6.71-3.95-11.012-9.849-12.52-17.606c-0.236-1.213-0.363-2.438-0.363-3.688c0.01-19.797,0.017-39.593-0.02-59.39
    c-0.002-1.102,0.285-1.357,1.363-1.351c7.798,0.049,15.597,0.044,23.396,0.003c0.95-0.005,1.177,0.25,1.175,1.183
    c-0.027,19.356-0.025,38.713-0.018,58.07c0.002,6.34,3.599,10.934,9.672,12.42c2.13,0.521,4.19,0.396,6.173-0.6
    c4.26-2.139,7.457-5.427,10.116-9.307c0.333-0.487,0.224-1,0.224-1.51c0.007-19.635,0.016-39.271-0.02-58.904
    c-0.002-1.083,0.255-1.369,1.353-1.361c7.838,0.052,15.677,0.045,23.515,0.004c0.916-0.005,1.103,0.244,1.102,1.124
    c-0.025,27.677-0.026,55.353,0.002,83.024c0.001,0.938-0.278,1.099-1.139,1.095c-7.918-0.028-15.837-0.028-23.756-0.001
    c-0.815,0.003-1.1-0.166-1.073-1.037C125.581,167.117,125.536,164.928,125.536,162.479z"></path>

<!-- "l" -->
<path fill="#252525" d="M187.423,107.08c0,20.637-0.011,41.273,0.026,61.91c0.003,1.119-0.309,1.361-1.381,1.355
    c-7.799-0.052-15.598-0.047-23.396-0.008c-0.898,0.008-1.117-0.222-1.115-1.115c0.021-39.074,0.021-78.147,0-117.226
    c0-0.811,0.189-1.169,1.006-1.392c7.871-2.149,15.73-4.327,23.584-6.545c1.045-0.295,1.308-0.17,1.306,0.985
    C187.412,65.727,187.423,86.403,187.423,107.08z"></path>

<!-- "i" -->
<path fill="#252525" d="M223.46,126.477c0,14.155-0.011,28.312,0.021,42.467c0.002,1.027-0.164,1.418-1.332,1.408
    c-7.838-0.061-15.676-0.047-23.516-0.01c-0.881,0.004-1.121-0.189-1.119-1.104c0.026-26.153,0.025-52.307,0-78.458
    c0-0.776,0.203-1.101,0.941-1.302c7.984-2.172,15.972-4.35,23.938-6.596c1.049-0.296,1.08,0.031,1.078,0.886
    C223.454,98.004,223.46,112.239,223.46,126.477z"></path>

<!-- "a" -->
<path fill="#252525" d="M277.695,163.6c-0.786,0.646-1.404,1.125-2,1.635c-4.375,3.746-9.42,5.898-15.16,6.42
    c-5.792,0.527-11.479,0.244-16.934-2.047c-12.08-5.071-15.554-17.188-11.938-27.448c1.799-5.111,5.472-8.868,9.831-11.94
    c5.681-4.003,12.009-6.732,18.504-9.074c5.576-2.014,11.186-3.939,16.955-5.347c0.445-0.104,0.773-0.243,0.757-0.854
    c-0.136-4.389,0.261-8.79-0.479-13.165c-1.225-7.209-6.617-10.013-12.895-9.348c-0.516,0.055-1.029,0.129-1.536,0.241
    c-4.877,1.081-7.312,4.413-7.374,10.127c-0.02,1.729-0.229,3.418-0.693,5.084c-0.906,3.229-2.969,5.354-6.168,6.266
    c-3.422,0.979-6.893,0.998-10.23-0.305c-6.529-2.543-8.877-10.164-5.12-16.512c2.249-3.799,5.606-6.4,9.461-8.405
    c6.238-3.246,12.914-4.974,19.896-5.537c7.565-0.61,15.096-0.366,22.49,1.507c4.285,1.085,8.312,2.776,11.744,5.657
    c4.473,3.749,6.776,8.647,6.812,14.374c0.139,21.477,0.096,42.951,0.143,64.428c0.002,0.799-0.248,0.983-1.021,0.98
    c-8.035-0.025-16.074-0.023-24.113-0.001c-0.716,0.002-0.973-0.146-0.941-0.915C277.736,167.562,277.695,165.698,277.695,163.6z
     M277.695,126.393c-4.793,2.104-9.25,4.373-13.287,7.408c-2.151,1.618-4.033,3.483-5.732,5.581
    c-4.229,5.226-1.988,13.343,1.693,16.599c1.592,1.406,3.359,1.906,5.419,1.521c1.621-0.307,3.149-0.857,4.549-1.734
    c1.521-0.951,2.949-2.072,4.539-2.887c2.31-1.18,2.97-2.861,2.894-5.445C277.561,140.484,277.695,133.527,277.695,126.393z"></path>

</svg>

        <h1>
          <a name="ADCME">ADCME</a>
        </h1>

        <p>
          <a href="../index.html#ADCME">â† Back to package list</a>
        </p>

    </div>

    <p>
      If you think that there is an error in how your package is being tested or represented, please file an issue at <a href="https://github.com/JuliaComputing/NewPkgEval.jl">NewPkgEval.jl</a>, making sure to read the FAQ first.
    </p>


    <h3>Results with Julia v1.0.5</h3>

    <p>
      Testing was <strong>unsuccessful</strong>: package requires a missing binary dependency.
      Last evaluation was 1 day, 13 hours ago and took 14 minutes, 10 seconds.
    </p>

    <p>
      Click <a href="/home/tim/Julia/pkg/NewPkgEval/site/build/logs/ADCME/1.0.5.log">here</a> to download the log file.
      
    </p>

      <button class="collapsible">Click here to show the log contents.</button>
      <div class="content">
      <pre> Resolving package versions...
 Installed VersionParsing â”€â”€â”€â”€â”€â”€â”€â”€â”€ v1.1.3
 Installed Requires â”€â”€â”€â”€â”€â”€â”€â”€â”€â”€â”€â”€â”€â”€â”€ v0.5.2
 Installed NaNMath â”€â”€â”€â”€â”€â”€â”€â”€â”€â”€â”€â”€â”€â”€â”€â”€ v0.3.3
 Installed DiffEqDiffTools â”€â”€â”€â”€â”€â”€â”€â”€ v1.4.0
 Installed CommonSubexpressions â”€â”€â”€ v0.2.0
 Installed ColorTypes â”€â”€â”€â”€â”€â”€â”€â”€â”€â”€â”€â”€â”€ v0.8.0
 Installed BinaryProvider â”€â”€â”€â”€â”€â”€â”€â”€â”€ v0.5.8
 Installed FFTW â”€â”€â”€â”€â”€â”€â”€â”€â”€â”€â”€â”€â”€â”€â”€â”€â”€â”€â”€ v1.1.0
 Installed ArrayInterface â”€â”€â”€â”€â”€â”€â”€â”€â”€ v1.2.1
 Installed Blosc â”€â”€â”€â”€â”€â”€â”€â”€â”€â”€â”€â”€â”€â”€â”€â”€â”€â”€ v0.5.1
 Installed DiffRules â”€â”€â”€â”€â”€â”€â”€â”€â”€â”€â”€â”€â”€â”€ v0.1.0
 Installed PyPlot â”€â”€â”€â”€â”€â”€â”€â”€â”€â”€â”€â”€â”€â”€â”€â”€â”€ v2.8.2
 Installed DataStructures â”€â”€â”€â”€â”€â”€â”€â”€â”€ v0.17.6
 Installed Parsers â”€â”€â”€â”€â”€â”€â”€â”€â”€â”€â”€â”€â”€â”€â”€â”€ v0.3.10
 Installed PositiveFactorizations â”€ v0.2.3
 Installed FixedPointNumbers â”€â”€â”€â”€â”€â”€ v0.6.1
 Installed MacroTools â”€â”€â”€â”€â”€â”€â”€â”€â”€â”€â”€â”€â”€ v0.5.2
 Installed Reexport â”€â”€â”€â”€â”€â”€â”€â”€â”€â”€â”€â”€â”€â”€â”€ v0.2.0
 Installed Conda â”€â”€â”€â”€â”€â”€â”€â”€â”€â”€â”€â”€â”€â”€â”€â”€â”€â”€ v1.3.0
 Installed BinDeps â”€â”€â”€â”€â”€â”€â”€â”€â”€â”€â”€â”€â”€â”€â”€â”€ v0.8.10
 Installed JSON â”€â”€â”€â”€â”€â”€â”€â”€â”€â”€â”€â”€â”€â”€â”€â”€â”€â”€â”€ v0.21.0
 Installed Suppressor â”€â”€â”€â”€â”€â”€â”€â”€â”€â”€â”€â”€â”€ v0.1.1
 Installed ADCME â”€â”€â”€â”€â”€â”€â”€â”€â”€â”€â”€â”€â”€â”€â”€â”€â”€â”€ v0.3.3
 Installed SpecialFunctions â”€â”€â”€â”€â”€â”€â”€ v0.8.0
 Installed AbstractFFTs â”€â”€â”€â”€â”€â”€â”€â”€â”€â”€â”€ v0.5.0
 Installed DataAPI â”€â”€â”€â”€â”€â”€â”€â”€â”€â”€â”€â”€â”€â”€â”€â”€ v1.1.0
 Installed HDF5 â”€â”€â”€â”€â”€â”€â”€â”€â”€â”€â”€â”€â”€â”€â”€â”€â”€â”€â”€ v0.12.5
 Installed DiffResults â”€â”€â”€â”€â”€â”€â”€â”€â”€â”€â”€â”€ v0.0.4
 Installed LineSearches â”€â”€â”€â”€â”€â”€â”€â”€â”€â”€â”€ v7.0.1
 Installed StaticArrays â”€â”€â”€â”€â”€â”€â”€â”€â”€â”€â”€ v0.12.1
 Installed URIParser â”€â”€â”€â”€â”€â”€â”€â”€â”€â”€â”€â”€â”€â”€ v0.4.0
 Installed Colors â”€â”€â”€â”€â”€â”€â”€â”€â”€â”€â”€â”€â”€â”€â”€â”€â”€ v0.9.6
 Installed SortingAlgorithms â”€â”€â”€â”€â”€â”€ v0.3.1
 Installed StatsBase â”€â”€â”€â”€â”€â”€â”€â”€â”€â”€â”€â”€â”€â”€ v0.32.0
 Installed Libz â”€â”€â”€â”€â”€â”€â”€â”€â”€â”€â”€â”€â”€â”€â”€â”€â”€â”€â”€ v1.0.0
 Installed FillArrays â”€â”€â”€â”€â”€â”€â”€â”€â”€â”€â”€â”€â”€ v0.7.4
 Installed PyCall â”€â”€â”€â”€â”€â”€â”€â”€â”€â”€â”€â”€â”€â”€â”€â”€â”€ v1.91.2
 Installed Missings â”€â”€â”€â”€â”€â”€â”€â”€â”€â”€â”€â”€â”€â”€â”€ v0.4.3
 Installed OrderedCollections â”€â”€â”€â”€â”€ v1.1.0
 Installed NLSolversBase â”€â”€â”€â”€â”€â”€â”€â”€â”€â”€ v7.5.0
 Installed LaTeXStrings â”€â”€â”€â”€â”€â”€â”€â”€â”€â”€â”€ v1.0.3
 Installed CMakeWrapper â”€â”€â”€â”€â”€â”€â”€â”€â”€â”€â”€ v0.2.3
 Installed Optim â”€â”€â”€â”€â”€â”€â”€â”€â”€â”€â”€â”€â”€â”€â”€â”€â”€â”€ v0.19.4
 Installed Calculus â”€â”€â”€â”€â”€â”€â”€â”€â”€â”€â”€â”€â”€â”€â”€ v0.5.1
 Installed MAT â”€â”€â”€â”€â”€â”€â”€â”€â”€â”€â”€â”€â”€â”€â”€â”€â”€â”€â”€â”€ v0.5.1
 Installed CMake â”€â”€â”€â”€â”€â”€â”€â”€â”€â”€â”€â”€â”€â”€â”€â”€â”€â”€ v1.1.2
 Installed ForwardDiff â”€â”€â”€â”€â”€â”€â”€â”€â”€â”€â”€â”€ v0.10.6
 Installed BufferedStreams â”€â”€â”€â”€â”€â”€â”€â”€ v1.0.0
 Installed Parameters â”€â”€â”€â”€â”€â”€â”€â”€â”€â”€â”€â”€â”€ v0.12.0
 Installed Compat â”€â”€â”€â”€â”€â”€â”€â”€â”€â”€â”€â”€â”€â”€â”€â”€â”€ v2.2.0
  Updating `~&#x2F;.julia&#x2F;environments&#x2F;v1.0&#x2F;Project.toml`
  [07b341a0] + ADCME v0.3.3
  Updating `~&#x2F;.julia&#x2F;environments&#x2F;v1.0&#x2F;Manifest.toml`
  [07b341a0] + ADCME v0.3.3
  [621f4979] + AbstractFFTs v0.5.0
  [4fba245c] + ArrayInterface v1.2.1
  [9e28174c] + BinDeps v0.8.10
  [b99e7846] + BinaryProvider v0.5.8
  [a74b3585] + Blosc v0.5.1
  [e1450e63] + BufferedStreams v1.0.0
  [631607c0] + CMake v1.1.2
  [d5fb7624] + CMakeWrapper v0.2.3
  [49dc2e85] + Calculus v0.5.1
  [3da002f7] + ColorTypes v0.8.0
  [5ae59095] + Colors v0.9.6
  [bbf7d656] + CommonSubexpressions v0.2.0
  [34da2185] + Compat v2.2.0
  [8f4d0f93] + Conda v1.3.0
  [9a962f9c] + DataAPI v1.1.0
  [864edb3b] + DataStructures v0.17.6
  [01453d9d] + DiffEqDiffTools v1.4.0
  [163ba53b] + DiffResults v0.0.4
  [b552c78f] + DiffRules v0.1.0
  [7a1cc6ca] + FFTW v1.1.0
  [1a297f60] + FillArrays v0.7.4
  [53c48c17] + FixedPointNumbers v0.6.1
  [f6369f11] + ForwardDiff v0.10.6
  [f67ccb44] + HDF5 v0.12.5
  [682c06a0] + JSON v0.21.0
  [b964fa9f] + LaTeXStrings v1.0.3
  [2ec943e9] + Libz v1.0.0
  [d3d80556] + LineSearches v7.0.1
  [23992714] + MAT v0.5.1
  [1914dd2f] + MacroTools v0.5.2
  [e1d29d7a] + Missings v0.4.3
  [d41bc354] + NLSolversBase v7.5.0
  [77ba4419] + NaNMath v0.3.3
  [429524aa] + Optim v0.19.4
  [bac558e1] + OrderedCollections v1.1.0
  [d96e819e] + Parameters v0.12.0
  [69de0a69] + Parsers v0.3.10
  [85a6dd25] + PositiveFactorizations v0.2.3
  [438e738f] + PyCall v1.91.2
  [d330b81b] + PyPlot v2.8.2
  [189a3867] + Reexport v0.2.0
  [ae029012] + Requires v0.5.2
  [a2af1166] + SortingAlgorithms v0.3.1
  [276daf66] + SpecialFunctions v0.8.0
  [90137ffa] + StaticArrays v0.12.1
  [2913bbd2] + StatsBase v0.32.0
  [fd094767] + Suppressor v0.1.1
  [30578b45] + URIParser v0.4.0
  [81def892] + VersionParsing v1.1.3
  [2a0f44e3] + Base64 
  [ade2ca70] + Dates 
  [8bb1440f] + DelimitedFiles 
  [8ba89e20] + Distributed 
  [b77e0a4c] + InteractiveUtils 
  [76f85450] + LibGit2 
  [8f399da3] + Libdl 
  [37e2e46d] + LinearAlgebra 
  [56ddb016] + Logging 
  [d6f4376e] + Markdown 
  [a63ad114] + Mmap 
  [44cfe95a] + Pkg 
  [de0858da] + Printf 
  [3fa0cd96] + REPL 
  [9a3f8284] + Random 
  [ea8e919c] + SHA 
  [9e88b42a] + Serialization 
  [1a1011a3] + SharedArrays 
  [6462fe0b] + Sockets 
  [2f01184e] + SparseArrays 
  [10745b16] + Statistics 
  [8dfed614] + Test 
  [cf7118a7] + UUIDs 
  [4ec0a83e] + Unicode 
  Building SpecialFunctions â†’ `~&#x2F;.julia&#x2F;packages&#x2F;SpecialFunctions&#x2F;ne2iw&#x2F;deps&#x2F;build.log`
  Building Conda â”€â”€â”€â”€â”€â”€â”€â”€â”€â”€â”€â†’ `~&#x2F;.julia&#x2F;packages&#x2F;Conda&#x2F;kLXeC&#x2F;deps&#x2F;build.log`
  Building PyCall â”€â”€â”€â”€â”€â”€â”€â”€â”€â”€â†’ `~&#x2F;.julia&#x2F;packages&#x2F;PyCall&#x2F;ttONZ&#x2F;deps&#x2F;build.log`
  Building CMake â”€â”€â”€â”€â”€â”€â”€â”€â”€â”€â”€â†’ `~&#x2F;.julia&#x2F;packages&#x2F;CMake&#x2F;nSK2r&#x2F;deps&#x2F;build.log`
  Building Blosc â”€â”€â”€â”€â”€â”€â”€â”€â”€â”€â”€â†’ `~&#x2F;.julia&#x2F;packages&#x2F;Blosc&#x2F;lzFr0&#x2F;deps&#x2F;build.log`
  Building HDF5 â”€â”€â”€â”€â”€â”€â”€â”€â”€â”€â”€â”€â†’ `~&#x2F;.julia&#x2F;packages&#x2F;HDF5&#x2F;Zh9on&#x2F;deps&#x2F;build.log`
  Building FFTW â”€â”€â”€â”€â”€â”€â”€â”€â”€â”€â”€â”€â†’ `~&#x2F;.julia&#x2F;packages&#x2F;FFTW&#x2F;loJ3F&#x2F;deps&#x2F;build.log`
  Building ADCME â”€â”€â”€â”€â”€â”€â”€â”€â”€â”€â”€â†’ `~&#x2F;.julia&#x2F;packages&#x2F;ADCME&#x2F;b8Yy9&#x2F;deps&#x2F;build.log`
   Testing ADCME
 Resolving package versions...
 Installed NLopt â”€â”€â”€â”€â”€â”€â”€â”€ v0.5.1
 Installed MathProgBase â”€ v0.7.7
  Building NLopt â†’ `~&#x2F;.julia&#x2F;packages&#x2F;NLopt&#x2F;eqN9a&#x2F;deps&#x2F;build.log`
    Status `&#x2F;tmp&#x2F;tmpN1Nay2&#x2F;Manifest.toml`
  [07b341a0] ADCME v0.3.3
  [621f4979] AbstractFFTs v0.5.0
  [4fba245c] ArrayInterface v1.2.1
  [9e28174c] BinDeps v0.8.10
  [b99e7846] BinaryProvider v0.5.8
  [a74b3585] Blosc v0.5.1
  [e1450e63] BufferedStreams v1.0.0
  [631607c0] CMake v1.1.2
  [d5fb7624] CMakeWrapper v0.2.3
  [49dc2e85] Calculus v0.5.1
  [3da002f7] ColorTypes v0.8.0
  [5ae59095] Colors v0.9.6
  [bbf7d656] CommonSubexpressions v0.2.0
  [34da2185] Compat v2.2.0
  [8f4d0f93] Conda v1.3.0
  [9a962f9c] DataAPI v1.1.0
  [864edb3b] DataStructures v0.17.6
  [01453d9d] DiffEqDiffTools v1.4.0
  [163ba53b] DiffResults v0.0.4
  [b552c78f] DiffRules v0.1.0
  [7a1cc6ca] FFTW v1.1.0
  [1a297f60] FillArrays v0.7.4
  [53c48c17] FixedPointNumbers v0.6.1
  [f6369f11] ForwardDiff v0.10.6
  [f67ccb44] HDF5 v0.12.5
  [682c06a0] JSON v0.21.0
  [b964fa9f] LaTeXStrings v1.0.3
  [2ec943e9] Libz v1.0.0
  [d3d80556] LineSearches v7.0.1
  [23992714] MAT v0.5.1
  [1914dd2f] MacroTools v0.5.2
  [fdba3010] MathProgBase v0.7.7
  [e1d29d7a] Missings v0.4.3
  [d41bc354] NLSolversBase v7.5.0
  [76087f3c] NLopt v0.5.1
  [77ba4419] NaNMath v0.3.3
  [429524aa] Optim v0.19.4
  [bac558e1] OrderedCollections v1.1.0
  [d96e819e] Parameters v0.12.0
  [69de0a69] Parsers v0.3.10
  [85a6dd25] PositiveFactorizations v0.2.3
  [438e738f] PyCall v1.91.2
  [d330b81b] PyPlot v2.8.2
  [189a3867] Reexport v0.2.0
  [ae029012] Requires v0.5.2
  [a2af1166] SortingAlgorithms v0.3.1
  [276daf66] SpecialFunctions v0.8.0
  [90137ffa] StaticArrays v0.12.1
  [2913bbd2] StatsBase v0.32.0
  [fd094767] Suppressor v0.1.1
  [30578b45] URIParser v0.4.0
  [81def892] VersionParsing v1.1.3
  [2a0f44e3] Base64  [`@stdlib&#x2F;Base64`]
  [ade2ca70] Dates  [`@stdlib&#x2F;Dates`]
  [8bb1440f] DelimitedFiles  [`@stdlib&#x2F;DelimitedFiles`]
  [8ba89e20] Distributed  [`@stdlib&#x2F;Distributed`]
  [b77e0a4c] InteractiveUtils  [`@stdlib&#x2F;InteractiveUtils`]
  [76f85450] LibGit2  [`@stdlib&#x2F;LibGit2`]
  [8f399da3] Libdl  [`@stdlib&#x2F;Libdl`]
  [37e2e46d] LinearAlgebra  [`@stdlib&#x2F;LinearAlgebra`]
  [56ddb016] Logging  [`@stdlib&#x2F;Logging`]
  [d6f4376e] Markdown  [`@stdlib&#x2F;Markdown`]
  [a63ad114] Mmap  [`@stdlib&#x2F;Mmap`]
  [44cfe95a] Pkg  [`@stdlib&#x2F;Pkg`]
  [de0858da] Printf  [`@stdlib&#x2F;Printf`]
  [3fa0cd96] REPL  [`@stdlib&#x2F;REPL`]
  [9a3f8284] Random  [`@stdlib&#x2F;Random`]
  [ea8e919c] SHA  [`@stdlib&#x2F;SHA`]
  [9e88b42a] Serialization  [`@stdlib&#x2F;Serialization`]
  [1a1011a3] SharedArrays  [`@stdlib&#x2F;SharedArrays`]
  [6462fe0b] Sockets  [`@stdlib&#x2F;Sockets`]
  [2f01184e] SparseArrays  [`@stdlib&#x2F;SparseArrays`]
  [10745b16] Statistics  [`@stdlib&#x2F;Statistics`]
  [8dfed614] Test  [`@stdlib&#x2F;Test`]
  [cf7118a7] UUIDs  [`@stdlib&#x2F;UUIDs`]
  [4ec0a83e] Unicode  [`@stdlib&#x2F;Unicode`]
ERROR: LoadError: LoadError: error compiling version: could not load library &quot;libz&quot;
libz.so: cannot open shared object file: No such file or directory
Stacktrace:
 [1] top-level scope at none:0
 [2] include at .&#x2F;boot.jl:317 [inlined]
 [3] include_relative(::Module, ::String) at .&#x2F;loading.jl:1044
 [4] include at .&#x2F;sysimg.jl:29 [inlined]
 [5] include(::String) at &#x2F;root&#x2F;.julia&#x2F;packages&#x2F;Libz&#x2F;zMAun&#x2F;src&#x2F;Libz.jl:3
 [6] top-level scope at none:0
 [7] include at .&#x2F;boot.jl:317 [inlined]
 [8] include_relative(::Module, ::String) at .&#x2F;loading.jl:1044
 [9] include(::Module, ::String) at .&#x2F;sysimg.jl:29
 [10] top-level scope at none:2
 [11] eval at .&#x2F;boot.jl:319 [inlined]
 [12] eval(::Expr) at .&#x2F;client.jl:393
 [13] top-level scope at .&#x2F;none:3
in expression starting at &#x2F;root&#x2F;.julia&#x2F;packages&#x2F;Libz&#x2F;zMAun&#x2F;src&#x2F;lowlevel.jl:110
in expression starting at &#x2F;root&#x2F;.julia&#x2F;packages&#x2F;Libz&#x2F;zMAun&#x2F;src&#x2F;Libz.jl:11
ERROR: LoadError: LoadError: Failed to precompile Libz [2ec943e9-cfe8-584d-b93d-64dcb6d567b7] to &#x2F;root&#x2F;.julia&#x2F;compiled&#x2F;v1.0&#x2F;Libz&#x2F;0KnGZ.ji.
Stacktrace:
 [1] error(::String) at .&#x2F;error.jl:33
 [2] compilecache(::Base.PkgId, ::String) at .&#x2F;loading.jl:1203
 [3] _require(::Base.PkgId) at .&#x2F;loading.jl:960
 [4] require(::Base.PkgId) at .&#x2F;loading.jl:858
 [5] require(::Module, ::Symbol) at .&#x2F;loading.jl:853
 [6] include at .&#x2F;boot.jl:317 [inlined]
 [7] include_relative(::Module, ::String) at .&#x2F;loading.jl:1044
 [8] include at .&#x2F;sysimg.jl:29 [inlined]
 [9] include(::String) at &#x2F;root&#x2F;.julia&#x2F;packages&#x2F;MAT&#x2F;ZSlC2&#x2F;src&#x2F;MAT.jl:25
 [10] top-level scope at none:0
 [11] include at .&#x2F;boot.jl:317 [inlined]
 [12] include_relative(::Module, ::String) at .&#x2F;loading.jl:1044
 [13] include(::Module, ::String) at .&#x2F;sysimg.jl:29
 [14] top-level scope at none:2
 [15] eval at .&#x2F;boot.jl:319 [inlined]
 [16] eval(::Expr) at .&#x2F;client.jl:393
 [17] top-level scope at .&#x2F;none:3
in expression starting at &#x2F;root&#x2F;.julia&#x2F;packages&#x2F;MAT&#x2F;ZSlC2&#x2F;src&#x2F;MAT_v5.jl:29
in expression starting at &#x2F;root&#x2F;.julia&#x2F;packages&#x2F;MAT&#x2F;ZSlC2&#x2F;src&#x2F;MAT.jl:30
ERROR: LoadError: LoadError: Failed to precompile MAT [23992714-dd62-5051-b70f-ba57cb901cac] to &#x2F;root&#x2F;.julia&#x2F;compiled&#x2F;v1.0&#x2F;MAT&#x2F;3FHIv.ji.
Stacktrace:
 [1] error(::String) at .&#x2F;error.jl:33
 [2] compilecache(::Base.PkgId, ::String) at .&#x2F;loading.jl:1203
 [3] _require(::Base.PkgId) at .&#x2F;loading.jl:960
 [4] require(::Base.PkgId) at .&#x2F;loading.jl:858
 [5] require(::Module, ::Symbol) at .&#x2F;loading.jl:853
 [6] include at .&#x2F;boot.jl:317 [inlined]
 [7] include_relative(::Module, ::String) at .&#x2F;loading.jl:1044
 [8] include at .&#x2F;sysimg.jl:29 [inlined]
 [9] include(::String) at &#x2F;root&#x2F;.julia&#x2F;packages&#x2F;ADCME&#x2F;b8Yy9&#x2F;src&#x2F;ADCME.jl:3
 [10] top-level scope at none:0
 [11] include at .&#x2F;boot.jl:317 [inlined]
 [12] include_relative(::Module, ::String) at .&#x2F;loading.jl:1044
 [13] include(::Module, ::String) at .&#x2F;sysimg.jl:29
 [14] top-level scope at none:2
 [15] eval at .&#x2F;boot.jl:319 [inlined]
 [16] eval(::Expr) at .&#x2F;client.jl:393
 [17] top-level scope at .&#x2F;none:3
in expression starting at &#x2F;root&#x2F;.julia&#x2F;packages&#x2F;ADCME&#x2F;b8Yy9&#x2F;src&#x2F;io.jl:1
in expression starting at &#x2F;root&#x2F;.julia&#x2F;packages&#x2F;ADCME&#x2F;b8Yy9&#x2F;src&#x2F;ADCME.jl:91
ERROR: LoadError: Failed to precompile ADCME [07b341a0-ce75-57c6-b2de-414ffdc00be5] to &#x2F;root&#x2F;.julia&#x2F;compiled&#x2F;v1.0&#x2F;ADCME&#x2F;b8Ld2.ji.
Stacktrace:
 [1] error(::String) at .&#x2F;error.jl:33
 [2] compilecache(::Base.PkgId, ::String) at .&#x2F;loading.jl:1203
 [3] _require(::Base.PkgId) at .&#x2F;loading.jl:960
 [4] require(::Base.PkgId) at .&#x2F;loading.jl:858
 [5] require(::Module, ::Symbol) at .&#x2F;loading.jl:853
 [6] include at .&#x2F;boot.jl:317 [inlined]
 [7] include_relative(::Module, ::String) at .&#x2F;loading.jl:1044
 [8] include(::Module, ::String) at .&#x2F;sysimg.jl:29
 [9] include(::String) at .&#x2F;client.jl:392
 [10] top-level scope at none:0
in expression starting at &#x2F;root&#x2F;.julia&#x2F;packages&#x2F;ADCME&#x2F;b8Yy9&#x2F;test&#x2F;runtests.jl:3
ERROR: Package ADCME errored during testing
Stacktrace:
 [1] pkgerror(::String, ::Vararg{String,N} where N) at &#x2F;buildworker&#x2F;worker&#x2F;package_linux64&#x2F;build&#x2F;usr&#x2F;share&#x2F;julia&#x2F;stdlib&#x2F;v1.0&#x2F;Pkg&#x2F;src&#x2F;Types.jl:120
 [2] #test#65(::Bool, ::Function, ::Pkg.Types.Context, ::Array{Pkg.Types.PackageSpec,1}) at &#x2F;buildworker&#x2F;worker&#x2F;package_linux64&#x2F;build&#x2F;usr&#x2F;share&#x2F;julia&#x2F;stdlib&#x2F;v1.0&#x2F;Pkg&#x2F;src&#x2F;Operations.jl:1357
 [3] #test at &#x2F;buildworker&#x2F;worker&#x2F;package_linux64&#x2F;build&#x2F;usr&#x2F;share&#x2F;julia&#x2F;stdlib&#x2F;v1.0&#x2F;Pkg&#x2F;src&#x2F;API.jl:0 [inlined]
 [4] #test#44(::Bool, ::Base.Iterators.Pairs{Union{},Union{},Tuple{},NamedTuple{(),Tuple{}}}, ::Function, ::Pkg.Types.Context, ::Array{Pkg.Types.PackageSpec,1}) at &#x2F;buildworker&#x2F;worker&#x2F;package_linux64&#x2F;build&#x2F;usr&#x2F;share&#x2F;julia&#x2F;stdlib&#x2F;v1.0&#x2F;Pkg&#x2F;src&#x2F;API.jl:278
 [5] test at &#x2F;buildworker&#x2F;worker&#x2F;package_linux64&#x2F;build&#x2F;usr&#x2F;share&#x2F;julia&#x2F;stdlib&#x2F;v1.0&#x2F;Pkg&#x2F;src&#x2F;API.jl:263 [inlined]
 [6] #test#43 at &#x2F;buildworker&#x2F;worker&#x2F;package_linux64&#x2F;build&#x2F;usr&#x2F;share&#x2F;julia&#x2F;stdlib&#x2F;v1.0&#x2F;Pkg&#x2F;src&#x2F;API.jl:260 [inlined]
 [7] test at &#x2F;buildworker&#x2F;worker&#x2F;package_linux64&#x2F;build&#x2F;usr&#x2F;share&#x2F;julia&#x2F;stdlib&#x2F;v1.0&#x2F;Pkg&#x2F;src&#x2F;API.jl:260 [inlined]
 [8] #test#42 at &#x2F;buildworker&#x2F;worker&#x2F;package_linux64&#x2F;build&#x2F;usr&#x2F;share&#x2F;julia&#x2F;stdlib&#x2F;v1.0&#x2F;Pkg&#x2F;src&#x2F;API.jl:259 [inlined]
 [9] test at &#x2F;buildworker&#x2F;worker&#x2F;package_linux64&#x2F;build&#x2F;usr&#x2F;share&#x2F;julia&#x2F;stdlib&#x2F;v1.0&#x2F;Pkg&#x2F;src&#x2F;API.jl:259 [inlined]
 [10] #test#41 at &#x2F;buildworker&#x2F;worker&#x2F;package_linux64&#x2F;build&#x2F;usr&#x2F;share&#x2F;julia&#x2F;stdlib&#x2F;v1.0&#x2F;Pkg&#x2F;src&#x2F;API.jl:258 [inlined]
 [11] test(::String) at &#x2F;buildworker&#x2F;worker&#x2F;package_linux64&#x2F;build&#x2F;usr&#x2F;share&#x2F;julia&#x2F;stdlib&#x2F;v1.0&#x2F;Pkg&#x2F;src&#x2F;API.jl:258
 [12] top-level scope at none:0
</pre>
      </div>

    <h3>Results with Julia v1.2.0</h3>

    <p>
      Testing was <strong>unsuccessful</strong>: package requires a missing binary dependency.
      Last evaluation was 1 day, 14 hours ago and took 12 minutes, 8 seconds.
    </p>

    <p>
      Click <a href="/home/tim/Julia/pkg/NewPkgEval/site/build/logs/ADCME/1.2.0.log">here</a> to download the log file.
      
    </p>

      <button class="collapsible">Click here to show the log contents.</button>
      <div class="content">
      <pre> Resolving package versions...
 Installed DataAPI â”€â”€â”€â”€â”€â”€â”€â”€â”€â”€â”€â”€â”€â”€â”€â”€ v1.1.0
 Installed Missings â”€â”€â”€â”€â”€â”€â”€â”€â”€â”€â”€â”€â”€â”€â”€ v0.4.3
 Installed AbstractFFTs â”€â”€â”€â”€â”€â”€â”€â”€â”€â”€â”€ v0.5.0
 Installed LineSearches â”€â”€â”€â”€â”€â”€â”€â”€â”€â”€â”€ v7.0.1
 Installed BinaryProvider â”€â”€â”€â”€â”€â”€â”€â”€â”€ v0.5.8
 Installed StatsBase â”€â”€â”€â”€â”€â”€â”€â”€â”€â”€â”€â”€â”€â”€ v0.32.0
 Installed Colors â”€â”€â”€â”€â”€â”€â”€â”€â”€â”€â”€â”€â”€â”€â”€â”€â”€ v0.9.6
 Installed Conda â”€â”€â”€â”€â”€â”€â”€â”€â”€â”€â”€â”€â”€â”€â”€â”€â”€â”€ v1.3.0
 Installed CommonSubexpressions â”€â”€â”€ v0.2.0
 Installed Blosc â”€â”€â”€â”€â”€â”€â”€â”€â”€â”€â”€â”€â”€â”€â”€â”€â”€â”€ v0.5.1
 Installed URIParser â”€â”€â”€â”€â”€â”€â”€â”€â”€â”€â”€â”€â”€â”€ v0.4.0
 Installed HDF5 â”€â”€â”€â”€â”€â”€â”€â”€â”€â”€â”€â”€â”€â”€â”€â”€â”€â”€â”€ v0.12.5
 Installed Libz â”€â”€â”€â”€â”€â”€â”€â”€â”€â”€â”€â”€â”€â”€â”€â”€â”€â”€â”€ v1.0.0
 Installed NLSolversBase â”€â”€â”€â”€â”€â”€â”€â”€â”€â”€ v7.5.0
 Installed Reexport â”€â”€â”€â”€â”€â”€â”€â”€â”€â”€â”€â”€â”€â”€â”€ v0.2.0
 Installed ADCME â”€â”€â”€â”€â”€â”€â”€â”€â”€â”€â”€â”€â”€â”€â”€â”€â”€â”€ v0.3.3
 Installed Compat â”€â”€â”€â”€â”€â”€â”€â”€â”€â”€â”€â”€â”€â”€â”€â”€â”€ v2.2.0
 Installed OrderedCollections â”€â”€â”€â”€â”€ v1.1.0
 Installed ForwardDiff â”€â”€â”€â”€â”€â”€â”€â”€â”€â”€â”€â”€ v0.10.6
 Installed PyCall â”€â”€â”€â”€â”€â”€â”€â”€â”€â”€â”€â”€â”€â”€â”€â”€â”€ v1.91.2
 Installed Calculus â”€â”€â”€â”€â”€â”€â”€â”€â”€â”€â”€â”€â”€â”€â”€ v0.5.1
 Installed Suppressor â”€â”€â”€â”€â”€â”€â”€â”€â”€â”€â”€â”€â”€ v0.1.1
 Installed FixedPointNumbers â”€â”€â”€â”€â”€â”€ v0.6.1
 Installed FillArrays â”€â”€â”€â”€â”€â”€â”€â”€â”€â”€â”€â”€â”€ v0.7.4
 Installed Parsers â”€â”€â”€â”€â”€â”€â”€â”€â”€â”€â”€â”€â”€â”€â”€â”€ v0.3.10
 Installed DataStructures â”€â”€â”€â”€â”€â”€â”€â”€â”€ v0.17.6
 Installed DiffEqDiffTools â”€â”€â”€â”€â”€â”€â”€â”€ v1.4.0
 Installed DiffRules â”€â”€â”€â”€â”€â”€â”€â”€â”€â”€â”€â”€â”€â”€ v0.1.0
 Installed JSON â”€â”€â”€â”€â”€â”€â”€â”€â”€â”€â”€â”€â”€â”€â”€â”€â”€â”€â”€ v0.21.0
 Installed LaTeXStrings â”€â”€â”€â”€â”€â”€â”€â”€â”€â”€â”€ v1.0.3
 Installed ArrayInterface â”€â”€â”€â”€â”€â”€â”€â”€â”€ v1.2.1
 Installed NaNMath â”€â”€â”€â”€â”€â”€â”€â”€â”€â”€â”€â”€â”€â”€â”€â”€ v0.3.3
 Installed DiffResults â”€â”€â”€â”€â”€â”€â”€â”€â”€â”€â”€â”€ v0.0.4
 Installed StaticArrays â”€â”€â”€â”€â”€â”€â”€â”€â”€â”€â”€ v0.12.1
 Installed MAT â”€â”€â”€â”€â”€â”€â”€â”€â”€â”€â”€â”€â”€â”€â”€â”€â”€â”€â”€â”€ v0.5.1
 Installed FFTW â”€â”€â”€â”€â”€â”€â”€â”€â”€â”€â”€â”€â”€â”€â”€â”€â”€â”€â”€ v1.1.0
 Installed Parameters â”€â”€â”€â”€â”€â”€â”€â”€â”€â”€â”€â”€â”€ v0.12.0
 Installed CMake â”€â”€â”€â”€â”€â”€â”€â”€â”€â”€â”€â”€â”€â”€â”€â”€â”€â”€ v1.1.2
 Installed BufferedStreams â”€â”€â”€â”€â”€â”€â”€â”€ v1.0.0
 Installed PyPlot â”€â”€â”€â”€â”€â”€â”€â”€â”€â”€â”€â”€â”€â”€â”€â”€â”€ v2.8.2
 Installed SortingAlgorithms â”€â”€â”€â”€â”€â”€ v0.3.1
 Installed VersionParsing â”€â”€â”€â”€â”€â”€â”€â”€â”€ v1.1.3
 Installed CMakeWrapper â”€â”€â”€â”€â”€â”€â”€â”€â”€â”€â”€ v0.2.3
 Installed PositiveFactorizations â”€ v0.2.3
 Installed MacroTools â”€â”€â”€â”€â”€â”€â”€â”€â”€â”€â”€â”€â”€ v0.5.2
 Installed SpecialFunctions â”€â”€â”€â”€â”€â”€â”€ v0.8.0
 Installed ColorTypes â”€â”€â”€â”€â”€â”€â”€â”€â”€â”€â”€â”€â”€ v0.8.0
 Installed BinDeps â”€â”€â”€â”€â”€â”€â”€â”€â”€â”€â”€â”€â”€â”€â”€â”€ v0.8.10
 Installed Optim â”€â”€â”€â”€â”€â”€â”€â”€â”€â”€â”€â”€â”€â”€â”€â”€â”€â”€ v0.19.4
   Cloning [ae029012-a4dd-5104-9daa-d747884805df] Requires from https:&#x2F;&#x2F;github.com&#x2F;MikeInnes&#x2F;Requires.jl.git
[?25l    Fetching: [&gt;                                        ]  0.0 %[2K[?25h Installed Requires â”€â”€â”€â”€â”€â”€â”€â”€â”€â”€â”€â”€â”€â”€â”€ v0.5.2
  Updating `~&#x2F;.julia&#x2F;environments&#x2F;v1.2&#x2F;Project.toml`
  [07b341a0] + ADCME v0.3.3
  Updating `~&#x2F;.julia&#x2F;environments&#x2F;v1.2&#x2F;Manifest.toml`
  [07b341a0] + ADCME v0.3.3
  [621f4979] + AbstractFFTs v0.5.0
  [4fba245c] + ArrayInterface v1.2.1
  [9e28174c] + BinDeps v0.8.10
  [b99e7846] + BinaryProvider v0.5.8
  [a74b3585] + Blosc v0.5.1
  [e1450e63] + BufferedStreams v1.0.0
  [631607c0] + CMake v1.1.2
  [d5fb7624] + CMakeWrapper v0.2.3
  [49dc2e85] + Calculus v0.5.1
  [3da002f7] + ColorTypes v0.8.0
  [5ae59095] + Colors v0.9.6
  [bbf7d656] + CommonSubexpressions v0.2.0
  [34da2185] + Compat v2.2.0
  [8f4d0f93] + Conda v1.3.0
  [9a962f9c] + DataAPI v1.1.0
  [864edb3b] + DataStructures v0.17.6
  [01453d9d] + DiffEqDiffTools v1.4.0
  [163ba53b] + DiffResults v0.0.4
  [b552c78f] + DiffRules v0.1.0
  [7a1cc6ca] + FFTW v1.1.0
  [1a297f60] + FillArrays v0.7.4
  [53c48c17] + FixedPointNumbers v0.6.1
  [f6369f11] + ForwardDiff v0.10.6
  [f67ccb44] + HDF5 v0.12.5
  [682c06a0] + JSON v0.21.0
  [b964fa9f] + LaTeXStrings v1.0.3
  [2ec943e9] + Libz v1.0.0
  [d3d80556] + LineSearches v7.0.1
  [23992714] + MAT v0.5.1
  [1914dd2f] + MacroTools v0.5.2
  [e1d29d7a] + Missings v0.4.3
  [d41bc354] + NLSolversBase v7.5.0
  [77ba4419] + NaNMath v0.3.3
  [429524aa] + Optim v0.19.4
  [bac558e1] + OrderedCollections v1.1.0
  [d96e819e] + Parameters v0.12.0
  [69de0a69] + Parsers v0.3.10
  [85a6dd25] + PositiveFactorizations v0.2.3
  [438e738f] + PyCall v1.91.2
  [d330b81b] + PyPlot v2.8.2
  [189a3867] + Reexport v0.2.0
  [ae029012] + Requires v0.5.2
  [a2af1166] + SortingAlgorithms v0.3.1
  [276daf66] + SpecialFunctions v0.8.0
  [90137ffa] + StaticArrays v0.12.1
  [2913bbd2] + StatsBase v0.32.0
  [fd094767] + Suppressor v0.1.1
  [30578b45] + URIParser v0.4.0
  [81def892] + VersionParsing v1.1.3
  [2a0f44e3] + Base64 
  [ade2ca70] + Dates 
  [8bb1440f] + DelimitedFiles 
  [8ba89e20] + Distributed 
  [b77e0a4c] + InteractiveUtils 
  [76f85450] + LibGit2 
  [8f399da3] + Libdl 
  [37e2e46d] + LinearAlgebra 
  [56ddb016] + Logging 
  [d6f4376e] + Markdown 
  [a63ad114] + Mmap 
  [44cfe95a] + Pkg 
  [de0858da] + Printf 
  [3fa0cd96] + REPL 
  [9a3f8284] + Random 
  [ea8e919c] + SHA 
  [9e88b42a] + Serialization 
  [1a1011a3] + SharedArrays 
  [6462fe0b] + Sockets 
  [2f01184e] + SparseArrays 
  [10745b16] + Statistics 
  [8dfed614] + Test 
  [cf7118a7] + UUIDs 
  [4ec0a83e] + Unicode 
  Building SpecialFunctions â†’ `~&#x2F;.julia&#x2F;packages&#x2F;SpecialFunctions&#x2F;ne2iw&#x2F;deps&#x2F;build.log`
  Building Conda â”€â”€â”€â”€â”€â”€â”€â”€â”€â”€â”€â†’ `~&#x2F;.julia&#x2F;packages&#x2F;Conda&#x2F;kLXeC&#x2F;deps&#x2F;build.log`
  Building PyCall â”€â”€â”€â”€â”€â”€â”€â”€â”€â”€â†’ `~&#x2F;.julia&#x2F;packages&#x2F;PyCall&#x2F;ttONZ&#x2F;deps&#x2F;build.log`
  Building CMake â”€â”€â”€â”€â”€â”€â”€â”€â”€â”€â”€â†’ `~&#x2F;.julia&#x2F;packages&#x2F;CMake&#x2F;nSK2r&#x2F;deps&#x2F;build.log`
  Building Blosc â”€â”€â”€â”€â”€â”€â”€â”€â”€â”€â”€â†’ `~&#x2F;.julia&#x2F;packages&#x2F;Blosc&#x2F;lzFr0&#x2F;deps&#x2F;build.log`
  Building HDF5 â”€â”€â”€â”€â”€â”€â”€â”€â”€â”€â”€â”€â†’ `~&#x2F;.julia&#x2F;packages&#x2F;HDF5&#x2F;Zh9on&#x2F;deps&#x2F;build.log`
  Building FFTW â”€â”€â”€â”€â”€â”€â”€â”€â”€â”€â”€â”€â†’ `~&#x2F;.julia&#x2F;packages&#x2F;FFTW&#x2F;loJ3F&#x2F;deps&#x2F;build.log`
  Building ADCME â”€â”€â”€â”€â”€â”€â”€â”€â”€â”€â”€â†’ `~&#x2F;.julia&#x2F;packages&#x2F;ADCME&#x2F;b8Yy9&#x2F;deps&#x2F;build.log`
   Testing ADCME
 Resolving package versions...
 Installed NLopt â”€â”€â”€â”€â”€â”€â”€â”€ v0.5.1
 Installed MathProgBase â”€ v0.7.7
  Building NLopt â†’ `~&#x2F;.julia&#x2F;packages&#x2F;NLopt&#x2F;eqN9a&#x2F;deps&#x2F;build.log`
    Status `&#x2F;tmp&#x2F;jl_3NYNHk&#x2F;Manifest.toml`
  [07b341a0] ADCME v0.3.3
  [621f4979] AbstractFFTs v0.5.0
  [4fba245c] ArrayInterface v1.2.1
  [9e28174c] BinDeps v0.8.10
  [b99e7846] BinaryProvider v0.5.8
  [a74b3585] Blosc v0.5.1
  [e1450e63] BufferedStreams v1.0.0
  [631607c0] CMake v1.1.2
  [d5fb7624] CMakeWrapper v0.2.3
  [49dc2e85] Calculus v0.5.1
  [3da002f7] ColorTypes v0.8.0
  [5ae59095] Colors v0.9.6
  [bbf7d656] CommonSubexpressions v0.2.0
  [34da2185] Compat v2.2.0
  [8f4d0f93] Conda v1.3.0
  [9a962f9c] DataAPI v1.1.0
  [864edb3b] DataStructures v0.17.6
  [01453d9d] DiffEqDiffTools v1.4.0
  [163ba53b] DiffResults v0.0.4
  [b552c78f] DiffRules v0.1.0
  [7a1cc6ca] FFTW v1.1.0
  [1a297f60] FillArrays v0.7.4
  [53c48c17] FixedPointNumbers v0.6.1
  [f6369f11] ForwardDiff v0.10.6
  [f67ccb44] HDF5 v0.12.5
  [682c06a0] JSON v0.21.0
  [b964fa9f] LaTeXStrings v1.0.3
  [2ec943e9] Libz v1.0.0
  [d3d80556] LineSearches v7.0.1
  [23992714] MAT v0.5.1
  [1914dd2f] MacroTools v0.5.2
  [fdba3010] MathProgBase v0.7.7
  [e1d29d7a] Missings v0.4.3
  [d41bc354] NLSolversBase v7.5.0
  [76087f3c] NLopt v0.5.1
  [77ba4419] NaNMath v0.3.3
  [429524aa] Optim v0.19.4
  [bac558e1] OrderedCollections v1.1.0
  [d96e819e] Parameters v0.12.0
  [69de0a69] Parsers v0.3.10
  [85a6dd25] PositiveFactorizations v0.2.3
  [438e738f] PyCall v1.91.2
  [d330b81b] PyPlot v2.8.2
  [189a3867] Reexport v0.2.0
  [ae029012] Requires v0.5.2
  [a2af1166] SortingAlgorithms v0.3.1
  [276daf66] SpecialFunctions v0.8.0
  [90137ffa] StaticArrays v0.12.1
  [2913bbd2] StatsBase v0.32.0
  [fd094767] Suppressor v0.1.1
  [30578b45] URIParser v0.4.0
  [81def892] VersionParsing v1.1.3
  [2a0f44e3] Base64  [`@stdlib&#x2F;Base64`]
  [ade2ca70] Dates  [`@stdlib&#x2F;Dates`]
  [8bb1440f] DelimitedFiles  [`@stdlib&#x2F;DelimitedFiles`]
  [8ba89e20] Distributed  [`@stdlib&#x2F;Distributed`]
  [b77e0a4c] InteractiveUtils  [`@stdlib&#x2F;InteractiveUtils`]
  [76f85450] LibGit2  [`@stdlib&#x2F;LibGit2`]
  [8f399da3] Libdl  [`@stdlib&#x2F;Libdl`]
  [37e2e46d] LinearAlgebra  [`@stdlib&#x2F;LinearAlgebra`]
  [56ddb016] Logging  [`@stdlib&#x2F;Logging`]
  [d6f4376e] Markdown  [`@stdlib&#x2F;Markdown`]
  [a63ad114] Mmap  [`@stdlib&#x2F;Mmap`]
  [44cfe95a] Pkg  [`@stdlib&#x2F;Pkg`]
  [de0858da] Printf  [`@stdlib&#x2F;Printf`]
  [3fa0cd96] REPL  [`@stdlib&#x2F;REPL`]
  [9a3f8284] Random  [`@stdlib&#x2F;Random`]
  [ea8e919c] SHA  [`@stdlib&#x2F;SHA`]
  [9e88b42a] Serialization  [`@stdlib&#x2F;Serialization`]
  [1a1011a3] SharedArrays  [`@stdlib&#x2F;SharedArrays`]
  [6462fe0b] Sockets  [`@stdlib&#x2F;Sockets`]
  [2f01184e] SparseArrays  [`@stdlib&#x2F;SparseArrays`]
  [10745b16] Statistics  [`@stdlib&#x2F;Statistics`]
  [8dfed614] Test  [`@stdlib&#x2F;Test`]
  [cf7118a7] UUIDs  [`@stdlib&#x2F;UUIDs`]
  [4ec0a83e] Unicode  [`@stdlib&#x2F;Unicode`]
ERROR: LoadError: LoadError: error compiling version: could not load library &quot;libz&quot;
libz.so: cannot open shared object file: No such file or directory
Stacktrace:
 [1] top-level scope at &#x2F;root&#x2F;.julia&#x2F;packages&#x2F;Libz&#x2F;zMAun&#x2F;src&#x2F;lowlevel.jl:110
 [2] include at .&#x2F;boot.jl:328 [inlined]
 [3] include_relative(::Module, ::String) at .&#x2F;loading.jl:1094
 [4] include at .&#x2F;Base.jl:31 [inlined]
 [5] include(::String) at &#x2F;root&#x2F;.julia&#x2F;packages&#x2F;Libz&#x2F;zMAun&#x2F;src&#x2F;Libz.jl:3
 [6] top-level scope at &#x2F;root&#x2F;.julia&#x2F;packages&#x2F;Libz&#x2F;zMAun&#x2F;src&#x2F;Libz.jl:11
 [7] include at .&#x2F;boot.jl:328 [inlined]
 [8] include_relative(::Module, ::String) at .&#x2F;loading.jl:1094
 [9] include(::Module, ::String) at .&#x2F;Base.jl:31
 [10] top-level scope at none:2
 [11] eval at .&#x2F;boot.jl:330 [inlined]
 [12] eval(::Expr) at .&#x2F;client.jl:432
 [13] top-level scope at .&#x2F;none:3
in expression starting at &#x2F;root&#x2F;.julia&#x2F;packages&#x2F;Libz&#x2F;zMAun&#x2F;src&#x2F;lowlevel.jl:110
in expression starting at &#x2F;root&#x2F;.julia&#x2F;packages&#x2F;Libz&#x2F;zMAun&#x2F;src&#x2F;Libz.jl:11
caused by [exception 1]
could not load library &quot;libz&quot;
libz.so: cannot open shared object file: No such file or directory
Stacktrace:
 [1] top-level scope at &#x2F;root&#x2F;.julia&#x2F;packages&#x2F;Libz&#x2F;zMAun&#x2F;src&#x2F;lowlevel.jl:110
 [2] include at .&#x2F;boot.jl:328 [inlined]
 [3] include_relative(::Module, ::String) at .&#x2F;loading.jl:1094
 [4] include at .&#x2F;Base.jl:31 [inlined]
 [5] include(::String) at &#x2F;root&#x2F;.julia&#x2F;packages&#x2F;Libz&#x2F;zMAun&#x2F;src&#x2F;Libz.jl:3
 [6] top-level scope at &#x2F;root&#x2F;.julia&#x2F;packages&#x2F;Libz&#x2F;zMAun&#x2F;src&#x2F;Libz.jl:11
 [7] include at .&#x2F;boot.jl:328 [inlined]
 [8] include_relative(::Module, ::String) at .&#x2F;loading.jl:1094
 [9] include(::Module, ::String) at .&#x2F;Base.jl:31
 [10] top-level scope at none:2
 [11] eval at .&#x2F;boot.jl:330 [inlined]
 [12] eval(::Expr) at .&#x2F;client.jl:432
 [13] top-level scope at .&#x2F;none:3
ERROR: LoadError: LoadError: Failed to precompile Libz [2ec943e9-cfe8-584d-b93d-64dcb6d567b7] to &#x2F;root&#x2F;.julia&#x2F;compiled&#x2F;v1.2&#x2F;Libz&#x2F;0KnGZ.ji.
Stacktrace:
 [1] error(::String) at .&#x2F;error.jl:33
 [2] compilecache(::Base.PkgId, ::String) at .&#x2F;loading.jl:1253
 [3] _require(::Base.PkgId) at .&#x2F;loading.jl:1013
 [4] require(::Base.PkgId) at .&#x2F;loading.jl:911
 [5] require(::Module, ::Symbol) at .&#x2F;loading.jl:906
 [6] include at .&#x2F;boot.jl:328 [inlined]
 [7] include_relative(::Module, ::String) at .&#x2F;loading.jl:1094
 [8] include at .&#x2F;Base.jl:31 [inlined]
 [9] include(::String) at &#x2F;root&#x2F;.julia&#x2F;packages&#x2F;MAT&#x2F;ZSlC2&#x2F;src&#x2F;MAT.jl:25
 [10] top-level scope at &#x2F;root&#x2F;.julia&#x2F;packages&#x2F;MAT&#x2F;ZSlC2&#x2F;src&#x2F;MAT.jl:30
 [11] include at .&#x2F;boot.jl:328 [inlined]
 [12] include_relative(::Module, ::String) at .&#x2F;loading.jl:1094
 [13] include(::Module, ::String) at .&#x2F;Base.jl:31
 [14] top-level scope at none:2
 [15] eval at .&#x2F;boot.jl:330 [inlined]
 [16] eval(::Expr) at .&#x2F;client.jl:432
 [17] top-level scope at .&#x2F;none:3
in expression starting at &#x2F;root&#x2F;.julia&#x2F;packages&#x2F;MAT&#x2F;ZSlC2&#x2F;src&#x2F;MAT_v5.jl:29
in expression starting at &#x2F;root&#x2F;.julia&#x2F;packages&#x2F;MAT&#x2F;ZSlC2&#x2F;src&#x2F;MAT.jl:30
ERROR: LoadError: LoadError: Failed to precompile MAT [23992714-dd62-5051-b70f-ba57cb901cac] to &#x2F;root&#x2F;.julia&#x2F;compiled&#x2F;v1.2&#x2F;MAT&#x2F;3FHIv.ji.
Stacktrace:
 [1] error(::String) at .&#x2F;error.jl:33
 [2] compilecache(::Base.PkgId, ::String) at .&#x2F;loading.jl:1253
 [3] _require(::Base.PkgId) at .&#x2F;loading.jl:1013
 [4] require(::Base.PkgId) at .&#x2F;loading.jl:911
 [5] require(::Module, ::Symbol) at .&#x2F;loading.jl:906
 [6] include at .&#x2F;boot.jl:328 [inlined]
 [7] include_relative(::Module, ::String) at .&#x2F;loading.jl:1094
 [8] include at .&#x2F;Base.jl:31 [inlined]
 [9] include(::String) at &#x2F;root&#x2F;.julia&#x2F;packages&#x2F;ADCME&#x2F;b8Yy9&#x2F;src&#x2F;ADCME.jl:3
 [10] top-level scope at &#x2F;root&#x2F;.julia&#x2F;packages&#x2F;ADCME&#x2F;b8Yy9&#x2F;src&#x2F;ADCME.jl:91
 [11] include at .&#x2F;boot.jl:328 [inlined]
 [12] include_relative(::Module, ::String) at .&#x2F;loading.jl:1094
 [13] include(::Module, ::String) at .&#x2F;Base.jl:31
 [14] top-level scope at none:2
 [15] eval at .&#x2F;boot.jl:330 [inlined]
 [16] eval(::Expr) at .&#x2F;client.jl:432
 [17] top-level scope at .&#x2F;none:3
in expression starting at &#x2F;root&#x2F;.julia&#x2F;packages&#x2F;ADCME&#x2F;b8Yy9&#x2F;src&#x2F;io.jl:1
in expression starting at &#x2F;root&#x2F;.julia&#x2F;packages&#x2F;ADCME&#x2F;b8Yy9&#x2F;src&#x2F;ADCME.jl:91
ERROR: LoadError: Failed to precompile ADCME [07b341a0-ce75-57c6-b2de-414ffdc00be5] to &#x2F;root&#x2F;.julia&#x2F;compiled&#x2F;v1.2&#x2F;ADCME&#x2F;b8Ld2.ji.
Stacktrace:
 [1] error(::String) at .&#x2F;error.jl:33
 [2] compilecache(::Base.PkgId, ::String) at .&#x2F;loading.jl:1253
 [3] _require(::Base.PkgId) at .&#x2F;loading.jl:1013
 [4] require(::Base.PkgId) at .&#x2F;loading.jl:911
 [5] require(::Module, ::Symbol) at .&#x2F;loading.jl:906
 [6] include at .&#x2F;boot.jl:328 [inlined]
 [7] include_relative(::Module, ::String) at .&#x2F;loading.jl:1094
 [8] include(::Module, ::String) at .&#x2F;Base.jl:31
 [9] include(::String) at .&#x2F;client.jl:431
 [10] top-level scope at none:5
in expression starting at &#x2F;root&#x2F;.julia&#x2F;packages&#x2F;ADCME&#x2F;b8Yy9&#x2F;test&#x2F;runtests.jl:3
ERROR: Package ADCME errored during testing
Stacktrace:
 [1] pkgerror(::String, ::Vararg{String,N} where N) at &#x2F;buildworker&#x2F;worker&#x2F;package_linux64&#x2F;build&#x2F;usr&#x2F;share&#x2F;julia&#x2F;stdlib&#x2F;v1.2&#x2F;Pkg&#x2F;src&#x2F;Types.jl:112
 [2] #test#119(::Bool, ::Nothing, ::typeof(Pkg.Operations.test), ::Pkg.Types.Context, ::Array{Pkg.Types.PackageSpec,1}) at &#x2F;buildworker&#x2F;worker&#x2F;package_linux64&#x2F;build&#x2F;usr&#x2F;share&#x2F;julia&#x2F;stdlib&#x2F;v1.2&#x2F;Pkg&#x2F;src&#x2F;Operations.jl:1288
 [3] #test at .&#x2F;none:0 [inlined]
 [4] #test#62(::Bool, ::Nothing, ::Base.Iterators.Pairs{Union{},Union{},Tuple{},NamedTuple{(),Tuple{}}}, ::typeof(Pkg.API.test), ::Pkg.Types.Context, ::Array{Pkg.Types.PackageSpec,1}) at &#x2F;buildworker&#x2F;worker&#x2F;package_linux64&#x2F;build&#x2F;usr&#x2F;share&#x2F;julia&#x2F;stdlib&#x2F;v1.2&#x2F;Pkg&#x2F;src&#x2F;API.jl:245
 [5] test at &#x2F;buildworker&#x2F;worker&#x2F;package_linux64&#x2F;build&#x2F;usr&#x2F;share&#x2F;julia&#x2F;stdlib&#x2F;v1.2&#x2F;Pkg&#x2F;src&#x2F;API.jl:233 [inlined]
 [6] #test#61 at &#x2F;buildworker&#x2F;worker&#x2F;package_linux64&#x2F;build&#x2F;usr&#x2F;share&#x2F;julia&#x2F;stdlib&#x2F;v1.2&#x2F;Pkg&#x2F;src&#x2F;API.jl:230 [inlined]
 [7] test at &#x2F;buildworker&#x2F;worker&#x2F;package_linux64&#x2F;build&#x2F;usr&#x2F;share&#x2F;julia&#x2F;stdlib&#x2F;v1.2&#x2F;Pkg&#x2F;src&#x2F;API.jl:230 [inlined]
 [8] #test#60 at &#x2F;buildworker&#x2F;worker&#x2F;package_linux64&#x2F;build&#x2F;usr&#x2F;share&#x2F;julia&#x2F;stdlib&#x2F;v1.2&#x2F;Pkg&#x2F;src&#x2F;API.jl:229 [inlined]
 [9] test at &#x2F;buildworker&#x2F;worker&#x2F;package_linux64&#x2F;build&#x2F;usr&#x2F;share&#x2F;julia&#x2F;stdlib&#x2F;v1.2&#x2F;Pkg&#x2F;src&#x2F;API.jl:229 [inlined]
 [10] #test#59(::Base.Iterators.Pairs{Union{},Union{},Tuple{},NamedTuple{(),Tuple{}}}, ::typeof(Pkg.API.test), ::String) at &#x2F;buildworker&#x2F;worker&#x2F;package_linux64&#x2F;build&#x2F;usr&#x2F;share&#x2F;julia&#x2F;stdlib&#x2F;v1.2&#x2F;Pkg&#x2F;src&#x2F;API.jl:228
 [11] test(::String) at &#x2F;buildworker&#x2F;worker&#x2F;package_linux64&#x2F;build&#x2F;usr&#x2F;share&#x2F;julia&#x2F;stdlib&#x2F;v1.2&#x2F;Pkg&#x2F;src&#x2F;API.jl:228
 [12] top-level scope at none:10
</pre>
      </div>

    <h3>Results with Julia v1.4.0-DEV-1ee8965da4</h3>

    <p>
      Testing was <strong>unsuccessful</strong>: package has test failures.
      Last evaluation was 1 day, 11 hours ago and took 12 minutes, 16 seconds.
    </p>

    <p>
      Click <a href="/home/tim/Julia/pkg/NewPkgEval/site/build/logs/ADCME/1.4.0-DEV-1ee8965da4.log">here</a> to download the log file.
      
    </p>

      <button class="collapsible">Click here to show the log contents.</button>
      <div class="content">
      <pre> Resolving package versions...
 Installed DiffEqDiffTools â”€â”€â”€â”€â”€â”€â”€â”€ v1.4.0
 Installed VersionParsing â”€â”€â”€â”€â”€â”€â”€â”€â”€ v1.1.3
 Installed PyPlot â”€â”€â”€â”€â”€â”€â”€â”€â”€â”€â”€â”€â”€â”€â”€â”€â”€ v2.8.2
 Installed FillArrays â”€â”€â”€â”€â”€â”€â”€â”€â”€â”€â”€â”€â”€ v0.7.4
 Installed DiffResults â”€â”€â”€â”€â”€â”€â”€â”€â”€â”€â”€â”€ v0.0.4
 Installed MAT â”€â”€â”€â”€â”€â”€â”€â”€â”€â”€â”€â”€â”€â”€â”€â”€â”€â”€â”€â”€ v0.5.1
 Installed Optim â”€â”€â”€â”€â”€â”€â”€â”€â”€â”€â”€â”€â”€â”€â”€â”€â”€â”€ v0.19.4
 Installed ArrayInterface â”€â”€â”€â”€â”€â”€â”€â”€â”€ v1.2.1
 Installed AbstractFFTs â”€â”€â”€â”€â”€â”€â”€â”€â”€â”€â”€ v0.5.0
 Installed BinDeps â”€â”€â”€â”€â”€â”€â”€â”€â”€â”€â”€â”€â”€â”€â”€â”€ v0.8.10
 Installed LineSearches â”€â”€â”€â”€â”€â”€â”€â”€â”€â”€â”€ v7.0.1
 Installed Missings â”€â”€â”€â”€â”€â”€â”€â”€â”€â”€â”€â”€â”€â”€â”€ v0.4.3
 Installed ForwardDiff â”€â”€â”€â”€â”€â”€â”€â”€â”€â”€â”€â”€ v0.10.6
 Installed PyCall â”€â”€â”€â”€â”€â”€â”€â”€â”€â”€â”€â”€â”€â”€â”€â”€â”€ v1.91.2
 Installed ADCME â”€â”€â”€â”€â”€â”€â”€â”€â”€â”€â”€â”€â”€â”€â”€â”€â”€â”€ v0.3.3
 Installed Reexport â”€â”€â”€â”€â”€â”€â”€â”€â”€â”€â”€â”€â”€â”€â”€ v0.2.0
 Installed NLSolversBase â”€â”€â”€â”€â”€â”€â”€â”€â”€â”€ v7.5.0
 Installed Parameters â”€â”€â”€â”€â”€â”€â”€â”€â”€â”€â”€â”€â”€ v0.12.0
 Installed SortingAlgorithms â”€â”€â”€â”€â”€â”€ v0.3.1
 Installed Calculus â”€â”€â”€â”€â”€â”€â”€â”€â”€â”€â”€â”€â”€â”€â”€ v0.5.1
 Installed DataAPI â”€â”€â”€â”€â”€â”€â”€â”€â”€â”€â”€â”€â”€â”€â”€â”€ v1.1.0
 Installed JSON â”€â”€â”€â”€â”€â”€â”€â”€â”€â”€â”€â”€â”€â”€â”€â”€â”€â”€â”€ v0.21.0
 Installed BufferedStreams â”€â”€â”€â”€â”€â”€â”€â”€ v1.0.0
 Installed CMake â”€â”€â”€â”€â”€â”€â”€â”€â”€â”€â”€â”€â”€â”€â”€â”€â”€â”€ v1.1.2
 Installed DiffRules â”€â”€â”€â”€â”€â”€â”€â”€â”€â”€â”€â”€â”€â”€ v0.1.0
 Installed Blosc â”€â”€â”€â”€â”€â”€â”€â”€â”€â”€â”€â”€â”€â”€â”€â”€â”€â”€ v0.5.1
 Installed DataStructures â”€â”€â”€â”€â”€â”€â”€â”€â”€ v0.17.6
 Installed FixedPointNumbers â”€â”€â”€â”€â”€â”€ v0.6.1
 Installed CMakeWrapper â”€â”€â”€â”€â”€â”€â”€â”€â”€â”€â”€ v0.2.3
 Installed URIParser â”€â”€â”€â”€â”€â”€â”€â”€â”€â”€â”€â”€â”€â”€ v0.4.0
 Installed Parsers â”€â”€â”€â”€â”€â”€â”€â”€â”€â”€â”€â”€â”€â”€â”€â”€ v0.3.10
 Installed PositiveFactorizations â”€ v0.2.3
 Installed Requires â”€â”€â”€â”€â”€â”€â”€â”€â”€â”€â”€â”€â”€â”€â”€ v0.5.2
 Installed Suppressor â”€â”€â”€â”€â”€â”€â”€â”€â”€â”€â”€â”€â”€ v0.1.1
 Installed StaticArrays â”€â”€â”€â”€â”€â”€â”€â”€â”€â”€â”€ v0.12.1
 Installed LaTeXStrings â”€â”€â”€â”€â”€â”€â”€â”€â”€â”€â”€ v1.0.3
 Installed NaNMath â”€â”€â”€â”€â”€â”€â”€â”€â”€â”€â”€â”€â”€â”€â”€â”€ v0.3.3
 Installed CommonSubexpressions â”€â”€â”€ v0.2.0
 Installed Conda â”€â”€â”€â”€â”€â”€â”€â”€â”€â”€â”€â”€â”€â”€â”€â”€â”€â”€ v1.3.0
 Installed MacroTools â”€â”€â”€â”€â”€â”€â”€â”€â”€â”€â”€â”€â”€ v0.5.2
 Installed StatsBase â”€â”€â”€â”€â”€â”€â”€â”€â”€â”€â”€â”€â”€â”€ v0.32.0
 Installed OrderedCollections â”€â”€â”€â”€â”€ v1.1.0
 Installed HDF5 â”€â”€â”€â”€â”€â”€â”€â”€â”€â”€â”€â”€â”€â”€â”€â”€â”€â”€â”€ v0.12.5
 Installed BinaryProvider â”€â”€â”€â”€â”€â”€â”€â”€â”€ v0.5.8
 Installed ColorTypes â”€â”€â”€â”€â”€â”€â”€â”€â”€â”€â”€â”€â”€ v0.8.0
 Installed SpecialFunctions â”€â”€â”€â”€â”€â”€â”€ v0.8.0
 Installed Compat â”€â”€â”€â”€â”€â”€â”€â”€â”€â”€â”€â”€â”€â”€â”€â”€â”€ v2.2.0
 Installed FFTW â”€â”€â”€â”€â”€â”€â”€â”€â”€â”€â”€â”€â”€â”€â”€â”€â”€â”€â”€ v1.1.0
 Installed Libz â”€â”€â”€â”€â”€â”€â”€â”€â”€â”€â”€â”€â”€â”€â”€â”€â”€â”€â”€ v1.0.0
 Installed Colors â”€â”€â”€â”€â”€â”€â”€â”€â”€â”€â”€â”€â”€â”€â”€â”€â”€ v0.9.6
  Updating `~&#x2F;.julia&#x2F;environments&#x2F;v1.4&#x2F;Project.toml`
  [07b341a0] + ADCME v0.3.3
  Updating `~&#x2F;.julia&#x2F;environments&#x2F;v1.4&#x2F;Manifest.toml`
  [07b341a0] + ADCME v0.3.3
  [621f4979] + AbstractFFTs v0.5.0
  [4fba245c] + ArrayInterface v1.2.1
  [9e28174c] + BinDeps v0.8.10
  [b99e7846] + BinaryProvider v0.5.8
  [a74b3585] + Blosc v0.5.1
  [e1450e63] + BufferedStreams v1.0.0
  [631607c0] + CMake v1.1.2
  [d5fb7624] + CMakeWrapper v0.2.3
  [49dc2e85] + Calculus v0.5.1
  [3da002f7] + ColorTypes v0.8.0
  [5ae59095] + Colors v0.9.6
  [bbf7d656] + CommonSubexpressions v0.2.0
  [34da2185] + Compat v2.2.0
  [8f4d0f93] + Conda v1.3.0
  [9a962f9c] + DataAPI v1.1.0
  [864edb3b] + DataStructures v0.17.6
  [01453d9d] + DiffEqDiffTools v1.4.0
  [163ba53b] + DiffResults v0.0.4
  [b552c78f] + DiffRules v0.1.0
  [7a1cc6ca] + FFTW v1.1.0
  [1a297f60] + FillArrays v0.7.4
  [53c48c17] + FixedPointNumbers v0.6.1
  [f6369f11] + ForwardDiff v0.10.6
  [f67ccb44] + HDF5 v0.12.5
  [682c06a0] + JSON v0.21.0
  [b964fa9f] + LaTeXStrings v1.0.3
  [2ec943e9] + Libz v1.0.0
  [d3d80556] + LineSearches v7.0.1
  [23992714] + MAT v0.5.1
  [1914dd2f] + MacroTools v0.5.2
  [e1d29d7a] + Missings v0.4.3
  [d41bc354] + NLSolversBase v7.5.0
  [77ba4419] + NaNMath v0.3.3
  [429524aa] + Optim v0.19.4
  [bac558e1] + OrderedCollections v1.1.0
  [d96e819e] + Parameters v0.12.0
  [69de0a69] + Parsers v0.3.10
  [85a6dd25] + PositiveFactorizations v0.2.3
  [438e738f] + PyCall v1.91.2
  [d330b81b] + PyPlot v2.8.2
  [189a3867] + Reexport v0.2.0
  [ae029012] + Requires v0.5.2
  [a2af1166] + SortingAlgorithms v0.3.1
  [276daf66] + SpecialFunctions v0.8.0
  [90137ffa] + StaticArrays v0.12.1
  [2913bbd2] + StatsBase v0.32.0
  [fd094767] + Suppressor v0.1.1
  [30578b45] + URIParser v0.4.0
  [81def892] + VersionParsing v1.1.3
  [2a0f44e3] + Base64 
  [ade2ca70] + Dates 
  [8bb1440f] + DelimitedFiles 
  [8ba89e20] + Distributed 
  [b77e0a4c] + InteractiveUtils 
  [76f85450] + LibGit2 
  [8f399da3] + Libdl 
  [37e2e46d] + LinearAlgebra 
  [56ddb016] + Logging 
  [d6f4376e] + Markdown 
  [a63ad114] + Mmap 
  [44cfe95a] + Pkg 
  [de0858da] + Printf 
  [3fa0cd96] + REPL 
  [9a3f8284] + Random 
  [ea8e919c] + SHA 
  [9e88b42a] + Serialization 
  [1a1011a3] + SharedArrays 
  [6462fe0b] + Sockets 
  [2f01184e] + SparseArrays 
  [10745b16] + Statistics 
  [8dfed614] + Test 
  [cf7118a7] + UUIDs 
  [4ec0a83e] + Unicode 
  Building SpecialFunctions â†’ `~&#x2F;.julia&#x2F;packages&#x2F;SpecialFunctions&#x2F;ne2iw&#x2F;deps&#x2F;build.log`
  Building Conda â”€â”€â”€â”€â”€â”€â”€â”€â”€â”€â”€â†’ `~&#x2F;.julia&#x2F;packages&#x2F;Conda&#x2F;kLXeC&#x2F;deps&#x2F;build.log`
  Building PyCall â”€â”€â”€â”€â”€â”€â”€â”€â”€â”€â†’ `~&#x2F;.julia&#x2F;packages&#x2F;PyCall&#x2F;ttONZ&#x2F;deps&#x2F;build.log`
  Building CMake â”€â”€â”€â”€â”€â”€â”€â”€â”€â”€â”€â†’ `~&#x2F;.julia&#x2F;packages&#x2F;CMake&#x2F;nSK2r&#x2F;deps&#x2F;build.log`
  Building Blosc â”€â”€â”€â”€â”€â”€â”€â”€â”€â”€â”€â†’ `~&#x2F;.julia&#x2F;packages&#x2F;Blosc&#x2F;lzFr0&#x2F;deps&#x2F;build.log`
  Building HDF5 â”€â”€â”€â”€â”€â”€â”€â”€â”€â”€â”€â”€â†’ `~&#x2F;.julia&#x2F;packages&#x2F;HDF5&#x2F;Zh9on&#x2F;deps&#x2F;build.log`
  Building FFTW â”€â”€â”€â”€â”€â”€â”€â”€â”€â”€â”€â”€â†’ `~&#x2F;.julia&#x2F;packages&#x2F;FFTW&#x2F;loJ3F&#x2F;deps&#x2F;build.log`
  Building ADCME â”€â”€â”€â”€â”€â”€â”€â”€â”€â”€â”€â†’ `~&#x2F;.julia&#x2F;packages&#x2F;ADCME&#x2F;b8Yy9&#x2F;deps&#x2F;build.log`
   Testing ADCME
 Resolving package versions...
 Installed MathProgBase â”€ v0.7.7
 Installed NLopt â”€â”€â”€â”€â”€â”€â”€â”€ v0.5.1
  Building NLopt â†’ `~&#x2F;.julia&#x2F;packages&#x2F;NLopt&#x2F;eqN9a&#x2F;deps&#x2F;build.log`
Status `&#x2F;tmp&#x2F;jl_5F1DYx&#x2F;Manifest.toml`
  [07b341a0] ADCME v0.3.3
  [621f4979] AbstractFFTs v0.5.0
  [4fba245c] ArrayInterface v1.2.1
  [9e28174c] BinDeps v0.8.10
  [b99e7846] BinaryProvider v0.5.8
  [a74b3585] Blosc v0.5.1
  [e1450e63] BufferedStreams v1.0.0
  [631607c0] CMake v1.1.2
  [d5fb7624] CMakeWrapper v0.2.3
  [49dc2e85] Calculus v0.5.1
  [3da002f7] ColorTypes v0.8.0
  [5ae59095] Colors v0.9.6
  [bbf7d656] CommonSubexpressions v0.2.0
  [34da2185] Compat v2.2.0
  [8f4d0f93] Conda v1.3.0
  [9a962f9c] DataAPI v1.1.0
  [864edb3b] DataStructures v0.17.6
  [01453d9d] DiffEqDiffTools v1.4.0
  [163ba53b] DiffResults v0.0.4
  [b552c78f] DiffRules v0.1.0
  [7a1cc6ca] FFTW v1.1.0
  [1a297f60] FillArrays v0.7.4
  [53c48c17] FixedPointNumbers v0.6.1
  [f6369f11] ForwardDiff v0.10.6
  [f67ccb44] HDF5 v0.12.5
  [682c06a0] JSON v0.21.0
  [b964fa9f] LaTeXStrings v1.0.3
  [2ec943e9] Libz v1.0.0
  [d3d80556] LineSearches v7.0.1
  [23992714] MAT v0.5.1
  [1914dd2f] MacroTools v0.5.2
  [fdba3010] MathProgBase v0.7.7
  [e1d29d7a] Missings v0.4.3
  [d41bc354] NLSolversBase v7.5.0
  [76087f3c] NLopt v0.5.1
  [77ba4419] NaNMath v0.3.3
  [429524aa] Optim v0.19.4
  [bac558e1] OrderedCollections v1.1.0
  [d96e819e] Parameters v0.12.0
  [69de0a69] Parsers v0.3.10
  [85a6dd25] PositiveFactorizations v0.2.3
  [438e738f] PyCall v1.91.2
  [d330b81b] PyPlot v2.8.2
  [189a3867] Reexport v0.2.0
  [ae029012] Requires v0.5.2
  [a2af1166] SortingAlgorithms v0.3.1
  [276daf66] SpecialFunctions v0.8.0
  [90137ffa] StaticArrays v0.12.1
  [2913bbd2] StatsBase v0.32.0
  [fd094767] Suppressor v0.1.1
  [30578b45] URIParser v0.4.0
  [81def892] VersionParsing v1.1.3
  [2a0f44e3] Base64  [`@stdlib&#x2F;Base64`]
  [ade2ca70] Dates  [`@stdlib&#x2F;Dates`]
  [8bb1440f] DelimitedFiles  [`@stdlib&#x2F;DelimitedFiles`]
  [8ba89e20] Distributed  [`@stdlib&#x2F;Distributed`]
  [b77e0a4c] InteractiveUtils  [`@stdlib&#x2F;InteractiveUtils`]
  [76f85450] LibGit2  [`@stdlib&#x2F;LibGit2`]
  [8f399da3] Libdl  [`@stdlib&#x2F;Libdl`]
  [37e2e46d] LinearAlgebra  [`@stdlib&#x2F;LinearAlgebra`]
  [56ddb016] Logging  [`@stdlib&#x2F;Logging`]
  [d6f4376e] Markdown  [`@stdlib&#x2F;Markdown`]
  [a63ad114] Mmap  [`@stdlib&#x2F;Mmap`]
  [44cfe95a] Pkg  [`@stdlib&#x2F;Pkg`]
  [de0858da] Printf  [`@stdlib&#x2F;Printf`]
  [3fa0cd96] REPL  [`@stdlib&#x2F;REPL`]
  [9a3f8284] Random  [`@stdlib&#x2F;Random`]
  [ea8e919c] SHA  [`@stdlib&#x2F;SHA`]
  [9e88b42a] Serialization  [`@stdlib&#x2F;Serialization`]
  [1a1011a3] SharedArrays  [`@stdlib&#x2F;SharedArrays`]
  [6462fe0b] Sockets  [`@stdlib&#x2F;Sockets`]
  [2f01184e] SparseArrays  [`@stdlib&#x2F;SparseArrays`]
  [10745b16] Statistics  [`@stdlib&#x2F;Statistics`]
  [8dfed614] Test  [`@stdlib&#x2F;Test`]
  [cf7118a7] UUIDs  [`@stdlib&#x2F;UUIDs`]
  [4ec0a83e] Unicode  [`@stdlib&#x2F;Unicode`]
â”Œ Warning: Parsing command &quot;tensorboard --logdir=&quot;$(sw.tdir)&quot; --port $port &amp;&quot;. Special characters &quot;#{}()[]&lt;&gt;|&amp;*?~;&quot; should now be quoted in commands
â”‚   caller = shell_parse(::String, ::Bool; special::String) at shell.jl:107
â”” @ Base .&#x2F;shell.jl:107
WARNING: Method definition size(PyCall.PyObject) in module PyCall at &#x2F;root&#x2F;.julia&#x2F;packages&#x2F;PyCall&#x2F;ttONZ&#x2F;src&#x2F;PyCall.jl:806 overwritten in module ADCME at &#x2F;root&#x2F;.julia&#x2F;packages&#x2F;ADCME&#x2F;b8Yy9&#x2F;src&#x2F;variable.jl:106.
  ** incremental compilation may be fatally broken for this module **

WARNING: Method definition length(PyCall.PyObject) in module PyCall at &#x2F;root&#x2F;.julia&#x2F;packages&#x2F;PyCall&#x2F;ttONZ&#x2F;src&#x2F;PyCall.jl:805 overwritten in module ADCME at &#x2F;root&#x2F;.julia&#x2F;packages&#x2F;ADCME&#x2F;b8Yy9&#x2F;src&#x2F;variable.jl:129.
  ** incremental compilation may be fatally broken for this module **

WARNING: Method definition lastindex(PyCall.PyObject) in module PyCall at deprecated.jl:65 overwritten in module ADCME at &#x2F;root&#x2F;.julia&#x2F;packages&#x2F;ADCME&#x2F;b8Yy9&#x2F;src&#x2F;variable.jl:285.
  ** incremental compilation may be fatally broken for this module **

WARNING: Method definition *(PyCall.PyObject, PyCall.PyObject) in module PyCall at &#x2F;root&#x2F;.julia&#x2F;packages&#x2F;PyCall&#x2F;ttONZ&#x2F;src&#x2F;pyoperators.jl:11 overwritten in module ADCME at &#x2F;root&#x2F;.julia&#x2F;packages&#x2F;ADCME&#x2F;b8Yy9&#x2F;src&#x2F;ops.jl:65.
  ** incremental compilation may be fatally broken for this module **

â”Œ Warning: `getindex(o::PyObject, i::Integer)` is deprecated, use `get(o, i - 1)` instead.
â”‚   caller = (::ADCME.var&quot;#94#95&quot;{PyObject})(::Int64) at none:0
â”” @ ADCME .&#x2F;none:0
2019-11-23 23:44:45.022182: W tensorflow&#x2F;compiler&#x2F;jit&#x2F;mark_for_compilation_pass.cc:1412] (One-time warning): Not using XLA:CPU for cluster because envvar TF_XLA_FLAGS=--tf_xla_cpu_global_jit was not set.  If you want XLA:CPU, either set that envvar, or use experimental_jit_scope to enable XLA:CPU.  To confirm that XLA is active, pass --vmodule=xla_compilation_cache=1 (as a proper command-line flag, not via TF_XLA_FLAGS) or set the envvar XLA_FLAGS=--xla_hlo_profile.
â”Œ Warning: `getindex(o::PyObject, i::Integer)` is deprecated, use `get(o, i - 1)` instead.
â”‚   caller = size(::SparseTensor) at sparse.jl:115
â”” @ ADCME ~&#x2F;.julia&#x2F;packages&#x2F;ADCME&#x2F;b8Yy9&#x2F;src&#x2F;sparse.jl:115
â”Œ Warning: `getindex(o::PyObject, i::Integer)` is deprecated, use `get(o, i - 1)` instead.
â”‚   caller = size(::SparseTensor) at sparse.jl:115
â”” @ ADCME ~&#x2F;.julia&#x2F;packages&#x2F;ADCME&#x2F;b8Yy9&#x2F;src&#x2F;sparse.jl:115
â”Œ Warning: `getindex(o::PyObject, i::Integer)` is deprecated, use `get(o, i - 1)` instead.
â”‚   caller = size(::SparseTensor, ::Int64) at sparse.jl:119
â”” @ ADCME ~&#x2F;.julia&#x2F;packages&#x2F;ADCME&#x2F;b8Yy9&#x2F;src&#x2F;sparse.jl:119
Test Summary:      | Pass  Total
sparse_constructor |    7      7
Test Summary:     | Pass  Total
sparse_arithmetic |    4      4
Test Summary:  | Pass  Total
sparse_adjoint |    1      1
Test Summary: | Pass  Total
sparse_mul    |    6      6
Test Summary:    | Pass  Total
sparse_vcat_hcat |    2      2
â”Œ Warning: `getindex(o::PyObject, i::Integer)` is deprecated, use `get(o, i - 1)` instead.
â”‚   caller = getindex(::SparseTensor, ::UnitRange{Int64}, ::UnitRange{Int64}) at sparse.jl:202
â”” @ ADCME ~&#x2F;.julia&#x2F;packages&#x2F;ADCME&#x2F;b8Yy9&#x2F;src&#x2F;sparse.jl:202
â”Œ Warning: `getindex(o::PyObject, i::Integer)` is deprecated, use `get(o, i - 1)` instead.
â”‚   caller = getindex(::SparseTensor, ::UnitRange{Int64}, ::UnitRange{Int64}) at sparse.jl:203
â”” @ ADCME ~&#x2F;.julia&#x2F;packages&#x2F;ADCME&#x2F;b8Yy9&#x2F;src&#x2F;sparse.jl:203
[ Info: Lib SparseIndexing exists in registery but was not initialized. Compiling...
-- The C compiler identification is GNU 5.2.0
-- The CXX compiler identification is GNU 5.2.0
-- Check for working C compiler: &#x2F;root&#x2F;.julia&#x2F;conda&#x2F;3&#x2F;bin&#x2F;gcc
-- Check for working C compiler: &#x2F;root&#x2F;.julia&#x2F;conda&#x2F;3&#x2F;bin&#x2F;gcc -- works
-- Detecting C compiler ABI info
-- Detecting C compiler ABI info - done
-- Detecting C compile features
-- Detecting C compile features - done
-- Check for working CXX compiler: &#x2F;root&#x2F;.julia&#x2F;conda&#x2F;3&#x2F;bin&#x2F;g++
-- Check for working CXX compiler: &#x2F;root&#x2F;.julia&#x2F;conda&#x2F;3&#x2F;bin&#x2F;g++ -- works
-- Detecting CXX compiler ABI info
-- Detecting CXX compiler ABI info - done
-- Detecting CXX compile features
-- Detecting CXX compile features - done
Python path=
-- Configuring done
-- Generating done
-- Build files have been written to: &#x2F;root&#x2F;.julia&#x2F;packages&#x2F;ADCME&#x2F;b8Yy9&#x2F;deps&#x2F;CustomOps&#x2F;SparseIndexing&#x2F;build
Scanning dependencies of target SparseIndexing
[ 50%] Building CXX object CMakeFiles&#x2F;SparseIndexing.dir&#x2F;SparseIndexing.cpp.o
&#x2F;root&#x2F;.julia&#x2F;packages&#x2F;ADCME&#x2F;b8Yy9&#x2F;deps&#x2F;CustomOps&#x2F;SparseIndexing&#x2F;SparseIndexing.cpp:1:49: fatal error: tensorflow&#x2F;core&#x2F;framework&#x2F;op_kernel.h: No such file or directory
compilation terminated.
make[2]: *** [CMakeFiles&#x2F;SparseIndexing.dir&#x2F;build.make:63: CMakeFiles&#x2F;SparseIndexing.dir&#x2F;SparseIndexing.cpp.o] Error 1
make[1]: *** [CMakeFiles&#x2F;Makefile2:73: CMakeFiles&#x2F;SparseIndexing.dir&#x2F;all] Error 2
make: *** [Makefile:84: all] Error 2
sparse_indexing: Error During Test at &#x2F;root&#x2F;.julia&#x2F;packages&#x2F;ADCME&#x2F;b8Yy9&#x2F;test&#x2F;sparse.jl:66
  Test threw exception
  Expression: run(sess, B[2:3, 2:3]) â‰ˆ B1[2:3, 2:3]
  Compilation error: ProcessFailedException(Base.Process[Process(`&#x2F;root&#x2F;.julia&#x2F;conda&#x2F;3&#x2F;bin&#x2F;make -j`, ProcessExited(2))])
  Stacktrace:
   [1] error(::String) at .&#x2F;error.jl:33
   [2] compile(::String) at &#x2F;root&#x2F;.julia&#x2F;packages&#x2F;ADCME&#x2F;b8Yy9&#x2F;src&#x2F;extra.jl:212
   [3] load_system_op(::String, ::String, ::String, ::Bool; return_str::Bool) at &#x2F;root&#x2F;.julia&#x2F;packages&#x2F;ADCME&#x2F;b8Yy9&#x2F;src&#x2F;extra.jl:181
   [4] load_system_op(::String, ::String, ::String, ::Bool) at &#x2F;root&#x2F;.julia&#x2F;packages&#x2F;ADCME&#x2F;b8Yy9&#x2F;src&#x2F;extra.jl:170
   [5] getindex(::SparseTensor, ::UnitRange{Int64}, ::UnitRange{Int64}) at &#x2F;root&#x2F;.julia&#x2F;packages&#x2F;ADCME&#x2F;b8Yy9&#x2F;src&#x2F;sparse.jl:204
   [6] macro expansion at &#x2F;root&#x2F;.julia&#x2F;packages&#x2F;ADCME&#x2F;b8Yy9&#x2F;test&#x2F;sparse.jl:66 [inlined]
   [7] macro expansion at &#x2F;buildworker&#x2F;worker&#x2F;package_linux64&#x2F;build&#x2F;usr&#x2F;share&#x2F;julia&#x2F;stdlib&#x2F;v1.4&#x2F;Test&#x2F;src&#x2F;Test.jl:1110 [inlined]
   [8] top-level scope at &#x2F;root&#x2F;.julia&#x2F;packages&#x2F;ADCME&#x2F;b8Yy9&#x2F;test&#x2F;sparse.jl:64
  caused by [exception 1]
  failed process: Process(`&#x2F;root&#x2F;.julia&#x2F;conda&#x2F;3&#x2F;bin&#x2F;make -j`, ProcessExited(2)) [2]
  
  Stacktrace:
   [1] pipeline_error at .&#x2F;process.jl:525 [inlined]
   [2] run(::Cmd; wait::Bool) at .&#x2F;process.jl:440
   [3] run at .&#x2F;process.jl:438 [inlined]
   [4] compile(::String) at &#x2F;root&#x2F;.julia&#x2F;packages&#x2F;ADCME&#x2F;b8Yy9&#x2F;src&#x2F;extra.jl:210
   [5] load_system_op(::String, ::String, ::String, ::Bool; return_str::Bool) at &#x2F;root&#x2F;.julia&#x2F;packages&#x2F;ADCME&#x2F;b8Yy9&#x2F;src&#x2F;extra.jl:181
   [6] load_system_op(::String, ::String, ::String, ::Bool) at &#x2F;root&#x2F;.julia&#x2F;packages&#x2F;ADCME&#x2F;b8Yy9&#x2F;src&#x2F;extra.jl:170
   [7] getindex(::SparseTensor, ::UnitRange{Int64}, ::UnitRange{Int64}) at &#x2F;root&#x2F;.julia&#x2F;packages&#x2F;ADCME&#x2F;b8Yy9&#x2F;src&#x2F;sparse.jl:204
   [8] macro expansion at &#x2F;root&#x2F;.julia&#x2F;packages&#x2F;ADCME&#x2F;b8Yy9&#x2F;test&#x2F;sparse.jl:66 [inlined]
   [9] macro expansion at &#x2F;buildworker&#x2F;worker&#x2F;package_linux64&#x2F;build&#x2F;usr&#x2F;share&#x2F;julia&#x2F;stdlib&#x2F;v1.4&#x2F;Test&#x2F;src&#x2F;Test.jl:1110 [inlined]
   [10] top-level scope at &#x2F;root&#x2F;.julia&#x2F;packages&#x2F;ADCME&#x2F;b8Yy9&#x2F;test&#x2F;sparse.jl:64
  
â”Œ Warning: `getindex(o::PyObject, i::Integer)` is deprecated, use `get(o, i - 1)` instead.
â”‚   caller = getindex(::SparseTensor, ::UnitRange{Int64}, ::Colon) at sparse.jl:202
â”” @ ADCME ~&#x2F;.julia&#x2F;packages&#x2F;ADCME&#x2F;b8Yy9&#x2F;src&#x2F;sparse.jl:202
â”Œ Warning: `getindex(o::PyObject, i::Integer)` is deprecated, use `get(o, i - 1)` instead.
â”‚   caller = getindex(::SparseTensor, ::UnitRange{Int64}, ::Colon) at sparse.jl:203
â”” @ ADCME ~&#x2F;.julia&#x2F;packages&#x2F;ADCME&#x2F;b8Yy9&#x2F;src&#x2F;sparse.jl:203
[ Info: Lib SparseIndexing exists in registery but was not initialized. Compiling...
-- The C compiler identification is GNU 5.2.0
-- The CXX compiler identification is GNU 5.2.0
-- Check for working C compiler: &#x2F;root&#x2F;.julia&#x2F;conda&#x2F;3&#x2F;bin&#x2F;gcc
-- Check for working C compiler: &#x2F;root&#x2F;.julia&#x2F;conda&#x2F;3&#x2F;bin&#x2F;gcc -- works
-- Detecting C compiler ABI info
-- Detecting C compiler ABI info - done
-- Detecting C compile features
-- Detecting C compile features - done
-- Check for working CXX compiler: &#x2F;root&#x2F;.julia&#x2F;conda&#x2F;3&#x2F;bin&#x2F;g++
-- Check for working CXX compiler: &#x2F;root&#x2F;.julia&#x2F;conda&#x2F;3&#x2F;bin&#x2F;g++ -- works
-- Detecting CXX compiler ABI info
-- Detecting CXX compiler ABI info - done
-- Detecting CXX compile features
Python path=
-- Detecting CXX compile features - done
-- Configuring done
-- Generating done
-- Build files have been written to: &#x2F;root&#x2F;.julia&#x2F;packages&#x2F;ADCME&#x2F;b8Yy9&#x2F;deps&#x2F;CustomOps&#x2F;SparseIndexing&#x2F;build
Scanning dependencies of target SparseIndexing
[ 50%] Building CXX object CMakeFiles&#x2F;SparseIndexing.dir&#x2F;SparseIndexing.cpp.o
&#x2F;root&#x2F;.julia&#x2F;packages&#x2F;ADCME&#x2F;b8Yy9&#x2F;deps&#x2F;CustomOps&#x2F;SparseIndexing&#x2F;SparseIndexing.cpp:1:49: fatal error: tensorflow&#x2F;core&#x2F;framework&#x2F;op_kernel.h: No such file or directory
compilation terminated.
make[2]: *** [CMakeFiles&#x2F;SparseIndexing.dir&#x2F;build.make:63: CMakeFiles&#x2F;SparseIndexing.dir&#x2F;SparseIndexing.cpp.o] Error 1
make[1]: *** [CMakeFiles&#x2F;Makefile2:73: CMakeFiles&#x2F;SparseIndexing.dir&#x2F;all] Error 2
make: *** [Makefile:84: all] Error 2
sparse_indexing: Error During Test at &#x2F;root&#x2F;.julia&#x2F;packages&#x2F;ADCME&#x2F;b8Yy9&#x2F;test&#x2F;sparse.jl:67
  Test threw exception
  Expression: run(sess, B[2:3, :]) â‰ˆ B1[2:3, :]
  Compilation error: ProcessFailedException(Base.Process[Process(`&#x2F;root&#x2F;.julia&#x2F;conda&#x2F;3&#x2F;bin&#x2F;make -j`, ProcessExited(2))])
  Stacktrace:
   [1] error(::String) at .&#x2F;error.jl:33
   [2] compile(::String) at &#x2F;root&#x2F;.julia&#x2F;packages&#x2F;ADCME&#x2F;b8Yy9&#x2F;src&#x2F;extra.jl:212
   [3] load_system_op(::String, ::String, ::String, ::Bool; return_str::Bool) at &#x2F;root&#x2F;.julia&#x2F;packages&#x2F;ADCME&#x2F;b8Yy9&#x2F;src&#x2F;extra.jl:181
   [4] load_system_op(::String, ::String, ::String, ::Bool) at &#x2F;root&#x2F;.julia&#x2F;packages&#x2F;ADCME&#x2F;b8Yy9&#x2F;src&#x2F;extra.jl:170
   [5] getindex(::SparseTensor, ::UnitRange{Int64}, ::Colon) at &#x2F;root&#x2F;.julia&#x2F;packages&#x2F;ADCME&#x2F;b8Yy9&#x2F;src&#x2F;sparse.jl:204
   [6] macro expansion at &#x2F;root&#x2F;.julia&#x2F;packages&#x2F;ADCME&#x2F;b8Yy9&#x2F;test&#x2F;sparse.jl:67 [inlined]
   [7] macro expansion at &#x2F;buildworker&#x2F;worker&#x2F;package_linux64&#x2F;build&#x2F;usr&#x2F;share&#x2F;julia&#x2F;stdlib&#x2F;v1.4&#x2F;Test&#x2F;src&#x2F;Test.jl:1110 [inlined]
   [8] top-level scope at &#x2F;root&#x2F;.julia&#x2F;packages&#x2F;ADCME&#x2F;b8Yy9&#x2F;test&#x2F;sparse.jl:64
  caused by [exception 1]
  failed process: Process(`&#x2F;root&#x2F;.julia&#x2F;conda&#x2F;3&#x2F;bin&#x2F;make -j`, ProcessExited(2)) [2]
  
  Stacktrace:
   [1] pipeline_error at .&#x2F;process.jl:525 [inlined]
   [2] run(::Cmd; wait::Bool) at .&#x2F;process.jl:440
   [3] run at .&#x2F;process.jl:438 [inlined]
   [4] compile(::String) at &#x2F;root&#x2F;.julia&#x2F;packages&#x2F;ADCME&#x2F;b8Yy9&#x2F;src&#x2F;extra.jl:210
   [5] load_system_op(::String, ::String, ::String, ::Bool; return_str::Bool) at &#x2F;root&#x2F;.julia&#x2F;packages&#x2F;ADCME&#x2F;b8Yy9&#x2F;src&#x2F;extra.jl:181
   [6] load_system_op(::String, ::String, ::String, ::Bool) at &#x2F;root&#x2F;.julia&#x2F;packages&#x2F;ADCME&#x2F;b8Yy9&#x2F;src&#x2F;extra.jl:170
   [7] getindex(::SparseTensor, ::UnitRange{Int64}, ::Colon) at &#x2F;root&#x2F;.julia&#x2F;packages&#x2F;ADCME&#x2F;b8Yy9&#x2F;src&#x2F;sparse.jl:204
   [8] macro expansion at &#x2F;root&#x2F;.julia&#x2F;packages&#x2F;ADCME&#x2F;b8Yy9&#x2F;test&#x2F;sparse.jl:67 [inlined]
   [9] macro expansion at &#x2F;buildworker&#x2F;worker&#x2F;package_linux64&#x2F;build&#x2F;usr&#x2F;share&#x2F;julia&#x2F;stdlib&#x2F;v1.4&#x2F;Test&#x2F;src&#x2F;Test.jl:1110 [inlined]
   [10] top-level scope at &#x2F;root&#x2F;.julia&#x2F;packages&#x2F;ADCME&#x2F;b8Yy9&#x2F;test&#x2F;sparse.jl:64
  
â”Œ Warning: `getindex(o::PyObject, i::Integer)` is deprecated, use `get(o, i - 1)` instead.
â”‚   caller = getindex(::SparseTensor, ::Colon, ::UnitRange{Int64}) at sparse.jl:202
â”” @ ADCME ~&#x2F;.julia&#x2F;packages&#x2F;ADCME&#x2F;b8Yy9&#x2F;src&#x2F;sparse.jl:202
â”Œ Warning: `getindex(o::PyObject, i::Integer)` is deprecated, use `get(o, i - 1)` instead.
â”‚   caller = getindex(::SparseTensor, ::Colon, ::UnitRange{Int64}) at sparse.jl:203
â”” @ ADCME ~&#x2F;.julia&#x2F;packages&#x2F;ADCME&#x2F;b8Yy9&#x2F;src&#x2F;sparse.jl:203
[ Info: Lib SparseIndexing exists in registery but was not initialized. Compiling...
-- The C compiler identification is GNU 5.2.0
-- The CXX compiler identification is GNU 5.2.0
-- Check for working C compiler: &#x2F;root&#x2F;.julia&#x2F;conda&#x2F;3&#x2F;bin&#x2F;gcc
-- Check for working C compiler: &#x2F;root&#x2F;.julia&#x2F;conda&#x2F;3&#x2F;bin&#x2F;gcc -- works
-- Detecting C compiler ABI info
-- Detecting C compiler ABI info - done
-- Detecting C compile features
-- Detecting C compile features - done
-- Check for working CXX compiler: &#x2F;root&#x2F;.julia&#x2F;conda&#x2F;3&#x2F;bin&#x2F;g++
-- Check for working CXX compiler: &#x2F;root&#x2F;.julia&#x2F;conda&#x2F;3&#x2F;bin&#x2F;g++ -- works
-- Detecting CXX compiler ABI info
-- Detecting CXX compiler ABI info - done
-- Detecting CXX compile features
-- Detecting CXX compile features - done
Python path=
-- Configuring done
-- Generating done
-- Build files have been written to: &#x2F;root&#x2F;.julia&#x2F;packages&#x2F;ADCME&#x2F;b8Yy9&#x2F;deps&#x2F;CustomOps&#x2F;SparseIndexing&#x2F;build
Scanning dependencies of target SparseIndexing
[ 50%] Building CXX object CMakeFiles&#x2F;SparseIndexing.dir&#x2F;SparseIndexing.cpp.o
&#x2F;root&#x2F;.julia&#x2F;packages&#x2F;ADCME&#x2F;b8Yy9&#x2F;deps&#x2F;CustomOps&#x2F;SparseIndexing&#x2F;SparseIndexing.cpp:1:49: fatal error: tensorflow&#x2F;core&#x2F;framework&#x2F;op_kernel.h: No such file or directory
compilation terminated.
make[2]: *** [CMakeFiles&#x2F;SparseIndexing.dir&#x2F;build.make:63: CMakeFiles&#x2F;SparseIndexing.dir&#x2F;SparseIndexing.cpp.o] Error 1
make[1]: *** [CMakeFiles&#x2F;Makefile2:73: CMakeFiles&#x2F;SparseIndexing.dir&#x2F;all] Error 2
make: *** [Makefile:84: all] Error 2
sparse_indexing: Error During Test at &#x2F;root&#x2F;.julia&#x2F;packages&#x2F;ADCME&#x2F;b8Yy9&#x2F;test&#x2F;sparse.jl:68
  Test threw exception
  Expression: run(sess, B[:, 2:3]) â‰ˆ B1[:, 2:3]
  Compilation error: ProcessFailedException(Base.Process[Process(`&#x2F;root&#x2F;.julia&#x2F;conda&#x2F;3&#x2F;bin&#x2F;make -j`, ProcessExited(2))])
  Stacktrace:
   [1] error(::String) at .&#x2F;error.jl:33
   [2] compile(::String) at &#x2F;root&#x2F;.julia&#x2F;packages&#x2F;ADCME&#x2F;b8Yy9&#x2F;src&#x2F;extra.jl:212
   [3] load_system_op(::String, ::String, ::String, ::Bool; return_str::Bool) at &#x2F;root&#x2F;.julia&#x2F;packages&#x2F;ADCME&#x2F;b8Yy9&#x2F;src&#x2F;extra.jl:181
   [4] load_system_op(::String, ::String, ::String, ::Bool) at &#x2F;root&#x2F;.julia&#x2F;packages&#x2F;ADCME&#x2F;b8Yy9&#x2F;src&#x2F;extra.jl:170
   [5] getindex(::SparseTensor, ::Colon, ::UnitRange{Int64}) at &#x2F;root&#x2F;.julia&#x2F;packages&#x2F;ADCME&#x2F;b8Yy9&#x2F;src&#x2F;sparse.jl:204
   [6] macro expansion at &#x2F;root&#x2F;.julia&#x2F;packages&#x2F;ADCME&#x2F;b8Yy9&#x2F;test&#x2F;sparse.jl:68 [inlined]
   [7] macro expansion at &#x2F;buildworker&#x2F;worker&#x2F;package_linux64&#x2F;build&#x2F;usr&#x2F;share&#x2F;julia&#x2F;stdlib&#x2F;v1.4&#x2F;Test&#x2F;src&#x2F;Test.jl:1110 [inlined]
   [8] top-level scope at &#x2F;root&#x2F;.julia&#x2F;packages&#x2F;ADCME&#x2F;b8Yy9&#x2F;test&#x2F;sparse.jl:64
  caused by [exception 1]
  failed process: Process(`&#x2F;root&#x2F;.julia&#x2F;conda&#x2F;3&#x2F;bin&#x2F;make -j`, ProcessExited(2)) [2]
  
  Stacktrace:
   [1] pipeline_error at .&#x2F;process.jl:525 [inlined]
   [2] run(::Cmd; wait::Bool) at .&#x2F;process.jl:440
   [3] run at .&#x2F;process.jl:438 [inlined]
   [4] compile(::String) at &#x2F;root&#x2F;.julia&#x2F;packages&#x2F;ADCME&#x2F;b8Yy9&#x2F;src&#x2F;extra.jl:210
   [5] load_system_op(::String, ::String, ::String, ::Bool; return_str::Bool) at &#x2F;root&#x2F;.julia&#x2F;packages&#x2F;ADCME&#x2F;b8Yy9&#x2F;src&#x2F;extra.jl:181
   [6] load_system_op(::String, ::String, ::String, ::Bool) at &#x2F;root&#x2F;.julia&#x2F;packages&#x2F;ADCME&#x2F;b8Yy9&#x2F;src&#x2F;extra.jl:170
   [7] getindex(::SparseTensor, ::Colon, ::UnitRange{Int64}) at &#x2F;root&#x2F;.julia&#x2F;packages&#x2F;ADCME&#x2F;b8Yy9&#x2F;src&#x2F;sparse.jl:204
   [8] macro expansion at &#x2F;root&#x2F;.julia&#x2F;packages&#x2F;ADCME&#x2F;b8Yy9&#x2F;test&#x2F;sparse.jl:68 [inlined]
   [9] macro expansion at &#x2F;buildworker&#x2F;worker&#x2F;package_linux64&#x2F;build&#x2F;usr&#x2F;share&#x2F;julia&#x2F;stdlib&#x2F;v1.4&#x2F;Test&#x2F;src&#x2F;Test.jl:1110 [inlined]
   [10] top-level scope at &#x2F;root&#x2F;.julia&#x2F;packages&#x2F;ADCME&#x2F;b8Yy9&#x2F;test&#x2F;sparse.jl:64
  
Test Summary:   | Error  Total
sparse_indexing |     3      3
ERROR: LoadError: LoadError: Some tests did not pass: 0 passed, 0 failed, 3 errored, 0 broken.
in expression starting at &#x2F;root&#x2F;.julia&#x2F;packages&#x2F;ADCME&#x2F;b8Yy9&#x2F;test&#x2F;sparse.jl:63
in expression starting at &#x2F;root&#x2F;.julia&#x2F;packages&#x2F;ADCME&#x2F;b8Yy9&#x2F;test&#x2F;runtests.jl:12
&#x2F;root&#x2F;.julia&#x2F;conda&#x2F;3&#x2F;lib&#x2F;python3.7&#x2F;site-packages&#x2F;tensorflow&#x2F;python&#x2F;framework&#x2F;dtypes.py:516: FutureWarning: Passing (type, 1) or &#39;1type&#39; as a synonym of type is deprecated; in a future version of numpy, it will be understood as (type, (1,)) &#x2F; &#39;(1,)type&#39;.
  _np_qint8 = np.dtype([(&quot;qint8&quot;, np.int8, 1)])
&#x2F;root&#x2F;.julia&#x2F;conda&#x2F;3&#x2F;lib&#x2F;python3.7&#x2F;site-packages&#x2F;tensorflow&#x2F;python&#x2F;framework&#x2F;dtypes.py:517: FutureWarning: Passing (type, 1) or &#39;1type&#39; as a synonym of type is deprecated; in a future version of numpy, it will be understood as (type, (1,)) &#x2F; &#39;(1,)type&#39;.
  _np_quint8 = np.dtype([(&quot;quint8&quot;, np.uint8, 1)])
&#x2F;root&#x2F;.julia&#x2F;conda&#x2F;3&#x2F;lib&#x2F;python3.7&#x2F;site-packages&#x2F;tensorflow&#x2F;python&#x2F;framework&#x2F;dtypes.py:518: FutureWarning: Passing (type, 1) or &#39;1type&#39; as a synonym of type is deprecated; in a future version of numpy, it will be understood as (type, (1,)) &#x2F; &#39;(1,)type&#39;.
  _np_qint16 = np.dtype([(&quot;qint16&quot;, np.int16, 1)])
&#x2F;root&#x2F;.julia&#x2F;conda&#x2F;3&#x2F;lib&#x2F;python3.7&#x2F;site-packages&#x2F;tensorflow&#x2F;python&#x2F;framework&#x2F;dtypes.py:519: FutureWarning: Passing (type, 1) or &#39;1type&#39; as a synonym of type is deprecated; in a future version of numpy, it will be understood as (type, (1,)) &#x2F; &#39;(1,)type&#39;.
  _np_quint16 = np.dtype([(&quot;quint16&quot;, np.uint16, 1)])
&#x2F;root&#x2F;.julia&#x2F;conda&#x2F;3&#x2F;lib&#x2F;python3.7&#x2F;site-packages&#x2F;tensorflow&#x2F;python&#x2F;framework&#x2F;dtypes.py:520: FutureWarning: Passing (type, 1) or &#39;1type&#39; as a synonym of type is deprecated; in a future version of numpy, it will be understood as (type, (1,)) &#x2F; &#39;(1,)type&#39;.
  _np_qint32 = np.dtype([(&quot;qint32&quot;, np.int32, 1)])
&#x2F;root&#x2F;.julia&#x2F;conda&#x2F;3&#x2F;lib&#x2F;python3.7&#x2F;site-packages&#x2F;tensorflow&#x2F;python&#x2F;framework&#x2F;dtypes.py:525: FutureWarning: Passing (type, 1) or &#39;1type&#39; as a synonym of type is deprecated; in a future version of numpy, it will be understood as (type, (1,)) &#x2F; &#39;(1,)type&#39;.
  np_resource = np.dtype([(&quot;resource&quot;, np.ubyte, 1)])
&#x2F;root&#x2F;.julia&#x2F;conda&#x2F;3&#x2F;lib&#x2F;python3.7&#x2F;site-packages&#x2F;tensorboard&#x2F;compat&#x2F;tensorflow_stub&#x2F;dtypes.py:541: FutureWarning: Passing (type, 1) or &#39;1type&#39; as a synonym of type is deprecated; in a future version of numpy, it will be understood as (type, (1,)) &#x2F; &#39;(1,)type&#39;.
  _np_qint8 = np.dtype([(&quot;qint8&quot;, np.int8, 1)])
&#x2F;root&#x2F;.julia&#x2F;conda&#x2F;3&#x2F;lib&#x2F;python3.7&#x2F;site-packages&#x2F;tensorboard&#x2F;compat&#x2F;tensorflow_stub&#x2F;dtypes.py:542: FutureWarning: Passing (type, 1) or &#39;1type&#39; as a synonym of type is deprecated; in a future version of numpy, it will be understood as (type, (1,)) &#x2F; &#39;(1,)type&#39;.
  _np_quint8 = np.dtype([(&quot;quint8&quot;, np.uint8, 1)])
&#x2F;root&#x2F;.julia&#x2F;conda&#x2F;3&#x2F;lib&#x2F;python3.7&#x2F;site-packages&#x2F;tensorboard&#x2F;compat&#x2F;tensorflow_stub&#x2F;dtypes.py:543: FutureWarning: Passing (type, 1) or &#39;1type&#39; as a synonym of type is deprecated; in a future version of numpy, it will be understood as (type, (1,)) &#x2F; &#39;(1,)type&#39;.
  _np_qint16 = np.dtype([(&quot;qint16&quot;, np.int16, 1)])
&#x2F;root&#x2F;.julia&#x2F;conda&#x2F;3&#x2F;lib&#x2F;python3.7&#x2F;site-packages&#x2F;tensorboard&#x2F;compat&#x2F;tensorflow_stub&#x2F;dtypes.py:544: FutureWarning: Passing (type, 1) or &#39;1type&#39; as a synonym of type is deprecated; in a future version of numpy, it will be understood as (type, (1,)) &#x2F; &#39;(1,)type&#39;.
  _np_quint16 = np.dtype([(&quot;quint16&quot;, np.uint16, 1)])
&#x2F;root&#x2F;.julia&#x2F;conda&#x2F;3&#x2F;lib&#x2F;python3.7&#x2F;site-packages&#x2F;tensorboard&#x2F;compat&#x2F;tensorflow_stub&#x2F;dtypes.py:545: FutureWarning: Passing (type, 1) or &#39;1type&#39; as a synonym of type is deprecated; in a future version of numpy, it will be understood as (type, (1,)) &#x2F; &#39;(1,)type&#39;.
  _np_qint32 = np.dtype([(&quot;qint32&quot;, np.int32, 1)])
&#x2F;root&#x2F;.julia&#x2F;conda&#x2F;3&#x2F;lib&#x2F;python3.7&#x2F;site-packages&#x2F;tensorboard&#x2F;compat&#x2F;tensorflow_stub&#x2F;dtypes.py:550: FutureWarning: Passing (type, 1) or &#39;1type&#39; as a synonym of type is deprecated; in a future version of numpy, it will be understood as (type, (1,)) &#x2F; &#39;(1,)type&#39;.
  np_resource = np.dtype([(&quot;resource&quot;, np.ubyte, 1)])
ERROR: Package ADCME errored during testing
Stacktrace:
 [1] pkgerror(::String, ::Vararg{String,N} where N) at &#x2F;buildworker&#x2F;worker&#x2F;package_linux64&#x2F;build&#x2F;usr&#x2F;share&#x2F;julia&#x2F;stdlib&#x2F;v1.4&#x2F;Pkg&#x2F;src&#x2F;Types.jl:53
 [2] test(::Pkg.Types.Context, ::Array{Pkg.Types.PackageSpec,1}; coverage::Bool, test_fn::Nothing, julia_args::Cmd, test_args::Cmd) at &#x2F;buildworker&#x2F;worker&#x2F;package_linux64&#x2F;build&#x2F;usr&#x2F;share&#x2F;julia&#x2F;stdlib&#x2F;v1.4&#x2F;Pkg&#x2F;src&#x2F;Operations.jl:1379
 [3] test(::Pkg.Types.Context, ::Array{Pkg.Types.PackageSpec,1}; coverage::Bool, test_fn::Nothing, julia_args::Cmd, test_args::Cmd, kwargs::Base.Iterators.Pairs{Union{},Union{},Tuple{},NamedTuple{(),Tuple{}}}) at &#x2F;buildworker&#x2F;worker&#x2F;package_linux64&#x2F;build&#x2F;usr&#x2F;share&#x2F;julia&#x2F;stdlib&#x2F;v1.4&#x2F;Pkg&#x2F;src&#x2F;API.jl:287
 [4] test(::Pkg.Types.Context, ::Array{Pkg.Types.PackageSpec,1}) at &#x2F;buildworker&#x2F;worker&#x2F;package_linux64&#x2F;build&#x2F;usr&#x2F;share&#x2F;julia&#x2F;stdlib&#x2F;v1.4&#x2F;Pkg&#x2F;src&#x2F;API.jl:274
 [5] #test#56 at &#x2F;buildworker&#x2F;worker&#x2F;package_linux64&#x2F;build&#x2F;usr&#x2F;share&#x2F;julia&#x2F;stdlib&#x2F;v1.4&#x2F;Pkg&#x2F;src&#x2F;API.jl:268 [inlined]
 [6] test at &#x2F;buildworker&#x2F;worker&#x2F;package_linux64&#x2F;build&#x2F;usr&#x2F;share&#x2F;julia&#x2F;stdlib&#x2F;v1.4&#x2F;Pkg&#x2F;src&#x2F;API.jl:268 [inlined]
 [7] #test#55 at &#x2F;buildworker&#x2F;worker&#x2F;package_linux64&#x2F;build&#x2F;usr&#x2F;share&#x2F;julia&#x2F;stdlib&#x2F;v1.4&#x2F;Pkg&#x2F;src&#x2F;API.jl:267 [inlined]
 [8] test at &#x2F;buildworker&#x2F;worker&#x2F;package_linux64&#x2F;build&#x2F;usr&#x2F;share&#x2F;julia&#x2F;stdlib&#x2F;v1.4&#x2F;Pkg&#x2F;src&#x2F;API.jl:267 [inlined]
 [9] test(::String; kwargs::Base.Iterators.Pairs{Union{},Union{},Tuple{},NamedTuple{(),Tuple{}}}) at &#x2F;buildworker&#x2F;worker&#x2F;package_linux64&#x2F;build&#x2F;usr&#x2F;share&#x2F;julia&#x2F;stdlib&#x2F;v1.4&#x2F;Pkg&#x2F;src&#x2F;API.jl:266
 [10] test(::String) at &#x2F;buildworker&#x2F;worker&#x2F;package_linux64&#x2F;build&#x2F;usr&#x2F;share&#x2F;julia&#x2F;stdlib&#x2F;v1.4&#x2F;Pkg&#x2F;src&#x2F;API.jl:266
 [11] top-level scope at none:10
</pre>
      </div>


  </div>
  </body>

  <script type="text/javascript">// handle collapsibles
var coll = document.getElementsByClassName("collapsible");
for (var i = 0; i < coll.length; i++) {
    coll[i].textContent = "â–¸ " + coll[i].textContent
    coll[i].addEventListener("click", function() {
        this.classList.toggle("active");
        var content = this.nextElementSibling;
        if (content.style.display === "block") {
            this.textContent = "â–¸" + this.textContent.substr(1)
            content.style.display = "none";
        } else {
            this.textContent = "â–¾" + this.textContent.substr(1)
            content.style.display = "block";
        }
    });
}
</script>
</html>

