<!DOCTYPE html>
<html lang="en">
  <head>
    <meta charset="utf-8">
    <meta http-equiv="X-UA-Compatible" content="IE=edge">
    <meta name="viewport" content="width=device-width, initial-scale=1">
    <title>Julia Package Listing - Testing Information</title>

    <style>/* -- Mix of julialang.org, Bootstrap 3, and custom -- */
body {
  background-color: white;
  font-family: Georgia, 'Liberation Serif', serif;
  font-size: 14px;
  color: #333;
  line-height: 1.42857143;
}
.site {
  max-width: 785px;
  margin: 2.5em auto 2em;
  padding: 0 1.5em;
}
a {
  color: #428bca;
  text-decoration: none;
}
h1, h2, h3, h4, h5, h6 {
  font-family: inherit;
  font-weight: 500;
  line-height: 1.1;
  color: inherit;
}
h1, h2, h3 {
    margin-top: 20px;
    margin-bottom: 10px;
}
h2 {
  font-size: 30px;
}
h3 {
    font-size: 24px;
}
h4 {
  font-size: 18px;
  margin-top: 10px;
  margin-bottom: 10px;
}
.titlebox {
  text-align: center;
  font-size: 120%;
  margin-top: 3em;
}
.ok     { background-color: #11AA11; } /*Tests passing*/
.fail   { background-color: #DD3333; } /*Tests failed*/
.skip   { background-color: #3333DD; } /*Tests skipped*/
.kill   { background-color: #222222; } /*Tests interrupted*/
.statusbox {
  width: 12px;
  height: 12px;
  display: inline-block;
}
hr {
  margin-top: 10px;
  margin-bottom: 0px;
  border: 0;
  border-top: 1px solid #eee;
}
.pkglisting h2 { margin-bottom: 0px; }
pre {margin: 0;}
@media (min-width: 785px) {
  .pkglisting {
    display: table;
    width: 100%;
  }
  .pkgnamedesc {
    display: table-cell;
    width: 50%;
  }
  .pkgvertest {
    display: table-cell;
    width:50%;
    text-align: right
  }
}
/* collapsible sections */
.collapsible {
  font-family: Georgia, 'Liberation Serif', serif;
  font-size: 14px;
  background: none;
  border: none;
  margin: 0;
  padding: 0;
  cursor: pointer;
}
.content {
  display: none;
  overflow: hidden;
}
</style>
  </head>

  <body>
  <div class="site">
    <!-- HEADER -->
    <div class="titlebox">
        <svg version="1.1" id="Layer_1" xmlns="http://www.w3.org/2000/svg" xmlns:xlink="http://www.w3.org/1999/xlink" x="0px" y="0px" width="210px" height="142px" viewBox="0 0 310 216" enable-background="new 0 0 310 216" xml:space="preserve">

<!-- blue dot -->
<circle fill="#6b85dd" stroke="#4266d5" stroke-width="3" cx="50.5" cy="58.665" r="16.5"></circle>
<!-- red dot -->
<circle fill="#d66661" stroke="#c93d39" stroke-width="3" cx="212.459" cy="60.249" r="16.5"></circle>
<!-- green dot -->
<circle fill="#6bab5b" stroke="#3b972e" stroke-width="3" cx="233.834" cy="23.874" r="16.5"></circle>
<!-- purple dot -->
<circle fill="#aa7dc0" stroke="#945bb0" stroke-width="3" cx="255.459" cy="59.999" r="16.5"></circle>

<!-- "j" -->
<path fill="#252525" d="M37.216,138.427c0-15.839,0.006-31.679-0.018-47.517c-0.001-0.827,0.169-1.234,1.043-1.47
    c7.876-2.127,15.739-4.308,23.606-6.47c1.33-0.366,1.333-0.36,1.333,1.019c0,25.758,0.015,51.517-0.012,77.274
    c-0.006,5.514,0.245,11.032-0.272,16.543c-0.628,6.69-2.15,13.092-6.438,18.506c-3.781,4.771-8.898,7.25-14.767,8.338
    c-6.599,1.222-13.251,1.552-19.934,0.938c-4.616-0.423-9.045-1.486-12.844-4.363c-2.863-2.168-4.454-4.935-3.745-8.603
    c0.736-3.806,3.348-5.978,6.861-7.127c2.262-0.74,4.628-0.872,6.994-0.53c1.823,0.264,3.42,1.023,4.779,2.288
    c1.38,1.284,2.641,2.674,3.778,4.177c0.872,1.15,1.793,2.256,2.991,3.086c2.055,1.426,4,0.965,5.213-1.216
    c0.819-1.473,0.997-3.106,1.173-4.731c0.255-2.348,0.255-4.707,0.256-7.062C37.218,167.145,37.216,152.786,37.216,138.427z"></path>

<!-- "u" -->
<path fill="#252525" d="M125.536,162.479c-2.908,2.385-5.783,4.312-8.88,5.904c-10.348,5.323-20.514,4.521-30.324-1.253
    c-6.71-3.95-11.012-9.849-12.52-17.606c-0.236-1.213-0.363-2.438-0.363-3.688c0.01-19.797,0.017-39.593-0.02-59.39
    c-0.002-1.102,0.285-1.357,1.363-1.351c7.798,0.049,15.597,0.044,23.396,0.003c0.95-0.005,1.177,0.25,1.175,1.183
    c-0.027,19.356-0.025,38.713-0.018,58.07c0.002,6.34,3.599,10.934,9.672,12.42c2.13,0.521,4.19,0.396,6.173-0.6
    c4.26-2.139,7.457-5.427,10.116-9.307c0.333-0.487,0.224-1,0.224-1.51c0.007-19.635,0.016-39.271-0.02-58.904
    c-0.002-1.083,0.255-1.369,1.353-1.361c7.838,0.052,15.677,0.045,23.515,0.004c0.916-0.005,1.103,0.244,1.102,1.124
    c-0.025,27.677-0.026,55.353,0.002,83.024c0.001,0.938-0.278,1.099-1.139,1.095c-7.918-0.028-15.837-0.028-23.756-0.001
    c-0.815,0.003-1.1-0.166-1.073-1.037C125.581,167.117,125.536,164.928,125.536,162.479z"></path>

<!-- "l" -->
<path fill="#252525" d="M187.423,107.08c0,20.637-0.011,41.273,0.026,61.91c0.003,1.119-0.309,1.361-1.381,1.355
    c-7.799-0.052-15.598-0.047-23.396-0.008c-0.898,0.008-1.117-0.222-1.115-1.115c0.021-39.074,0.021-78.147,0-117.226
    c0-0.811,0.189-1.169,1.006-1.392c7.871-2.149,15.73-4.327,23.584-6.545c1.045-0.295,1.308-0.17,1.306,0.985
    C187.412,65.727,187.423,86.403,187.423,107.08z"></path>

<!-- "i" -->
<path fill="#252525" d="M223.46,126.477c0,14.155-0.011,28.312,0.021,42.467c0.002,1.027-0.164,1.418-1.332,1.408
    c-7.838-0.061-15.676-0.047-23.516-0.01c-0.881,0.004-1.121-0.189-1.119-1.104c0.026-26.153,0.025-52.307,0-78.458
    c0-0.776,0.203-1.101,0.941-1.302c7.984-2.172,15.972-4.35,23.938-6.596c1.049-0.296,1.08,0.031,1.078,0.886
    C223.454,98.004,223.46,112.239,223.46,126.477z"></path>

<!-- "a" -->
<path fill="#252525" d="M277.695,163.6c-0.786,0.646-1.404,1.125-2,1.635c-4.375,3.746-9.42,5.898-15.16,6.42
    c-5.792,0.527-11.479,0.244-16.934-2.047c-12.08-5.071-15.554-17.188-11.938-27.448c1.799-5.111,5.472-8.868,9.831-11.94
    c5.681-4.003,12.009-6.732,18.504-9.074c5.576-2.014,11.186-3.939,16.955-5.347c0.445-0.104,0.773-0.243,0.757-0.854
    c-0.136-4.389,0.261-8.79-0.479-13.165c-1.225-7.209-6.617-10.013-12.895-9.348c-0.516,0.055-1.029,0.129-1.536,0.241
    c-4.877,1.081-7.312,4.413-7.374,10.127c-0.02,1.729-0.229,3.418-0.693,5.084c-0.906,3.229-2.969,5.354-6.168,6.266
    c-3.422,0.979-6.893,0.998-10.23-0.305c-6.529-2.543-8.877-10.164-5.12-16.512c2.249-3.799,5.606-6.4,9.461-8.405
    c6.238-3.246,12.914-4.974,19.896-5.537c7.565-0.61,15.096-0.366,22.49,1.507c4.285,1.085,8.312,2.776,11.744,5.657
    c4.473,3.749,6.776,8.647,6.812,14.374c0.139,21.477,0.096,42.951,0.143,64.428c0.002,0.799-0.248,0.983-1.021,0.98
    c-8.035-0.025-16.074-0.023-24.113-0.001c-0.716,0.002-0.973-0.146-0.941-0.915C277.736,167.562,277.695,165.698,277.695,163.6z
     M277.695,126.393c-4.793,2.104-9.25,4.373-13.287,7.408c-2.151,1.618-4.033,3.483-5.732,5.581
    c-4.229,5.226-1.988,13.343,1.693,16.599c1.592,1.406,3.359,1.906,5.419,1.521c1.621-0.307,3.149-0.857,4.549-1.734
    c1.521-0.951,2.949-2.072,4.539-2.887c2.31-1.18,2.97-2.861,2.894-5.445C277.561,140.484,277.695,133.527,277.695,126.393z"></path>

</svg>

        <h1>
          <a name="ElasticFDA">ElasticFDA</a>
        </h1>

        <p>
          <a href="../index.html#ElasticFDA">← Back to package list</a>
        </p>

    </div>

    <p>
      If you think that there is an error in how your package is being tested or represented, please file an issue at <a href="https://github.com/JuliaComputing/NewPkgEval.jl">NewPkgEval.jl</a>, making sure to read the FAQ first.
    </p>


    <h3>Results with Julia v1.0.5</h3>

    <p>
      Testing was <strong>successful</strong>.
      Last evaluation was 1 day, 15 hours ago and took 9 minutes, 38 seconds.
    </p>

    <p>
      Click <a href="/home/tim/Julia/pkg/NewPkgEval/site/build/logs/ElasticFDA/1.0.5.log">here</a> to download the log file.
      
    </p>

      <button class="collapsible">Click here to show the log contents.</button>
      <div class="content">
      <pre> Resolving package versions...
 Installed WoodburyMatrices ─── v0.4.1
 Installed RecipesBase ──────── v0.7.0
 Installed Arpack ───────────── v0.3.1
 Installed BinaryProvider ───── v0.5.8
 Installed DataStructures ───── v0.17.6
 Installed MathProgBase ─────── v0.7.7
 Installed ElasticFDA ───────── v0.5.2
 Installed AxisAlgorithms ───── v1.0.0
 Installed DataAPI ──────────── v1.1.0
 Installed BinDeps ──────────── v0.8.10
 Installed PDMats ───────────── v0.9.10
 Installed Distributions ────── v0.21.8
 Installed SpecialFunctions ─── v0.8.0
 Installed Dierckx ──────────── v0.4.1
 Installed ProgressMeter ────── v0.9.0
 Installed NLopt ────────────── v0.5.1
 Installed URIParser ────────── v0.4.0
 Installed OffsetArrays ─────── v0.11.1
 Installed StaticArrays ─────── v0.12.1
 Installed StatsBase ────────── v0.32.0
 Installed SortingAlgorithms ── v0.3.1
 Installed Ratios ───────────── v0.3.1
 Installed Missings ─────────── v0.4.3
 Installed Rmath ────────────── v0.5.1
 Installed OrderedCollections ─ v1.1.0
 Installed CMakeWrapper ─────── v0.2.3
 Installed Interpolations ───── v0.12.5
 Installed Parameters ───────── v0.12.0
 Installed QuadGK ───────────── v2.1.1
 Installed StatsFuns ────────── v0.9.0
 Installed CMake ────────────── v1.1.2
 Installed Compat ───────────── v2.2.0
  Updating `~&#x2F;.julia&#x2F;environments&#x2F;v1.0&#x2F;Project.toml`
  [f9e31aca] + ElasticFDA v0.5.2
  Updating `~&#x2F;.julia&#x2F;environments&#x2F;v1.0&#x2F;Manifest.toml`
  [7d9fca2a] + Arpack v0.3.1
  [13072b0f] + AxisAlgorithms v1.0.0
  [9e28174c] + BinDeps v0.8.10
  [b99e7846] + BinaryProvider v0.5.8
  [631607c0] + CMake v1.1.2
  [d5fb7624] + CMakeWrapper v0.2.3
  [34da2185] + Compat v2.2.0
  [9a962f9c] + DataAPI v1.1.0
  [864edb3b] + DataStructures v0.17.6
  [39dd38d3] + Dierckx v0.4.1
  [31c24e10] + Distributions v0.21.8
  [f9e31aca] + ElasticFDA v0.5.2
  [a98d9a8b] + Interpolations v0.12.5
  [fdba3010] + MathProgBase v0.7.7
  [e1d29d7a] + Missings v0.4.3
  [76087f3c] + NLopt v0.5.1
  [6fe1bfb0] + OffsetArrays v0.11.1
  [bac558e1] + OrderedCollections v1.1.0
  [90014a1f] + PDMats v0.9.10
  [d96e819e] + Parameters v0.12.0
  [92933f4c] + ProgressMeter v0.9.0
  [1fd47b50] + QuadGK v2.1.1
  [c84ed2f1] + Ratios v0.3.1
  [3cdcf5f2] + RecipesBase v0.7.0
  [79098fc4] + Rmath v0.5.1
  [a2af1166] + SortingAlgorithms v0.3.1
  [276daf66] + SpecialFunctions v0.8.0
  [90137ffa] + StaticArrays v0.12.1
  [2913bbd2] + StatsBase v0.32.0
  [4c63d2b9] + StatsFuns v0.9.0
  [30578b45] + URIParser v0.4.0
  [efce3f68] + WoodburyMatrices v0.4.1
  [2a0f44e3] + Base64 
  [ade2ca70] + Dates 
  [8bb1440f] + DelimitedFiles 
  [8ba89e20] + Distributed 
  [b77e0a4c] + InteractiveUtils 
  [76f85450] + LibGit2 
  [8f399da3] + Libdl 
  [37e2e46d] + LinearAlgebra 
  [56ddb016] + Logging 
  [d6f4376e] + Markdown 
  [a63ad114] + Mmap 
  [44cfe95a] + Pkg 
  [de0858da] + Printf 
  [3fa0cd96] + REPL 
  [9a3f8284] + Random 
  [ea8e919c] + SHA 
  [9e88b42a] + Serialization 
  [1a1011a3] + SharedArrays 
  [6462fe0b] + Sockets 
  [2f01184e] + SparseArrays 
  [10745b16] + Statistics 
  [4607b0f0] + SuiteSparse 
  [8dfed614] + Test 
  [cf7118a7] + UUIDs 
  [4ec0a83e] + Unicode 
  Building Arpack ──────────→ `~&#x2F;.julia&#x2F;packages&#x2F;Arpack&#x2F;cu5By&#x2F;deps&#x2F;build.log`
  Building SpecialFunctions → `~&#x2F;.julia&#x2F;packages&#x2F;SpecialFunctions&#x2F;ne2iw&#x2F;deps&#x2F;build.log`
  Building Rmath ───────────→ `~&#x2F;.julia&#x2F;packages&#x2F;Rmath&#x2F;4wt82&#x2F;deps&#x2F;build.log`
  Building CMake ───────────→ `~&#x2F;.julia&#x2F;packages&#x2F;CMake&#x2F;nSK2r&#x2F;deps&#x2F;build.log`
  Building NLopt ───────────→ `~&#x2F;.julia&#x2F;packages&#x2F;NLopt&#x2F;eqN9a&#x2F;deps&#x2F;build.log`
  Building Dierckx ─────────→ `~&#x2F;.julia&#x2F;packages&#x2F;Dierckx&#x2F;9SY4A&#x2F;deps&#x2F;build.log`
  Building ElasticFDA ──────→ `~&#x2F;.julia&#x2F;packages&#x2F;ElasticFDA&#x2F;d5Ypy&#x2F;deps&#x2F;build.log`
┌ Error: Error building `ElasticFDA`: 
│ rm -f DP.o DynamicProgrammingQ2.o dp_grid.o fpls_warp_grad.o misc_funcs.o mlogit_warp_grad.o oclogit_warp_grad.o ocmlogit_warp_grad.o fdasrsf.so
│ gcc -fPIC -Wall -Wextra -O3 -g    -c -o DP.o DP.c
│ DP.c: In function &#39;DP&#39;:
│ DP.c:52:70: warning: unused parameter &#39;Disp&#39; [-Wunused-parameter]
│  void DP(double *q1, double *q2, int *n1, int *N1, double *lam1, int *Disp, double *yy) {
│                                                                       ^~~~
│ DP.c: In function &#39;CostFn2&#39;:
│ DP.c:192:105: warning: unused parameter &#39;lam&#39; [-Wunused-parameter]
│  double CostFn2(const double *q1L, const double *q2L, int k, int l, int i, int j, int n, int scl, double lam) {
│                                                                                                          ^~~
│ gcc -fPIC -Wall -Wextra -O3 -g    -c -o DynamicProgrammingQ2.o DynamicProgrammingQ2.c
│ gcc -fPIC -Wall -Wextra -O3 -g    -c -o dp_grid.o dp_grid.c
│ gcc -fPIC -Wall -Wextra -O3 -g    -c -o fpls_warp_grad.o fpls_warp_grad.c
│ fpls_warp_grad.c: In function &#39;fpls_warp_grad&#39;:
│ fpls_warp_grad.c:35:41: warning: unused variable &#39;gamI_ptr&#39; [-Wunused-variable]
│   double *grad_ptr, *rfi_ptr, *rgi_ptr, *gamI_ptr;
│                                          ^~~~~~~~
│ fpls_warp_grad.c:34:53: warning: unused variable &#39;tmpj_ptr&#39; [-Wunused-variable]
│   double *xout_ptr, *tmp_ptr, *tmp1_ptr, *tmpi_ptr, *tmpj_ptr;
│                                                      ^~~~~~~~
│ fpls_warp_grad.c:23:80: warning: unused variable &#39;gamI&#39; [-Wunused-variable]
│   double psi1[TT*N], gam2[TT*N], rfi_diff[TT], rgi_diff[TT], grad[TT], vec[TT], gamI[TT];
│                                                                                 ^~~~
│ fpls_warp_grad.c:21:9: warning: unused variable &#39;tmp2&#39; [-Wunused-variable]
│   double tmp2 = 0;
│          ^~~~
│ fpls_warp_grad.c:14:18: warning: unused variable &#39;gam&#39; [-Wunused-variable]
│   double t = *ti, gam = *gami;
│                   ^~~
│ fpls_warp_grad.c:14:9: warning: unused variable &#39;t&#39; [-Wunused-variable]
│   double t = *ti, gam = *gami;
│          ^
│ gcc -fPIC -Wall -Wextra -O3 -g    -c -o misc_funcs.o misc_funcs.c
│ misc_funcs.c: In function &#39;SqrtMeanInverse&#39;:
│ misc_funcs.c:462:49: warning: variable &#39;v&#39; set but not used [-Wunused-but-set-variable]
│      double psi[T*n], gam[T*n], mu[T], vec[T*n], v[T], y[T], tmpi, len, vm[T], mnpsi[T], dqq[n];
│                                                  ^
│ gcc -fPIC -Wall -Wextra -O3 -g    -c -o mlogit_warp_grad.o mlogit_warp_grad.c
│ mlogit_warp_grad.c: In function &#39;mlogit_warp_grad&#39;:
│ mlogit_warp_grad.c:15:9: warning: unused variable &#39;t&#39; [-Wunused-variable]
│   double t = *ti;
│          ^
│ gcc -fPIC -Wall -Wextra -O3 -g    -c -o oclogit_warp_grad.o oclogit_warp_grad.c
│ oclogit_warp_grad.c: In function &#39;oclogit_warp_grad&#39;:
│ oclogit_warp_grad.c:33:40: warning: variable &#39;tmp5_ptr&#39; set but not used [-Wunused-but-set-variable]
│   double *ftmp_ptr, *c_ptr, *cbar_ptr, *tmp5_ptr, *hpsi_ptr, *psi_ptr;
│                                         ^~~~~~~~
│ oclogit_warp_grad.c:31:57: warning: unused variable &#39;A_ptr&#39; [-Wunused-variable]
│   double *t_ptr, *gam1_ptr, *f_basis_ptr, *q_tilde_ptr, *A_ptr, *nu_ptr;
│                                                          ^~~~~
│ oclogit_warp_grad.c:31:29: warning: variable &#39;f_basis_ptr&#39; set but not used [-Wunused-but-set-variable]
│   double *t_ptr, *gam1_ptr, *f_basis_ptr, *q_tilde_ptr, *A_ptr, *nu_ptr;
│                              ^~~~~~~~~~~
│ oclogit_warp_grad.c:28:9: warning: variable &#39;max_val_change&#39; set but not used [-Wunused-but-set-variable]
│   double max_val_change, res_cos, res_sin, hO;
│          ^~~~~~~~~~~~~~
│ gcc -fPIC -Wall -Wextra -O3 -g    -c -o ocmlogit_warp_grad.o ocmlogit_warp_grad.c
│ ocmlogit_warp_grad.c: In function &#39;ocmlogit_warp_grad&#39;:
│ ocmlogit_warp_grad.c:38:21: warning: variable &#39;tmp5_ptr&#39; set but not used [-Wunused-but-set-variable]
│   double *ftmp_ptr, *tmp5_ptr, *tmp6_ptr, *tmp7_ptr, *tmp8_ptr;
│                      ^~~~~~~~
│ ocmlogit_warp_grad.c:37:10: warning: unused variable &#39;hO_ptr&#39; [-Wunused-variable]
│   double *hO_ptr, *O_tmp_ptr, *q_tilde_diff_ptr, *c_ptr, *cbar_ptr;
│           ^~~~~~
│ ocmlogit_warp_grad.c:36:50: warning: unused variable &#39;tmp4_ptr&#39; [-Wunused-variable]
│   double *tmp2_ptr, *tmp3_ptr, *O1_ptr, *O2_ptr, *tmp4_ptr;
│                                                   ^~~~~~~~
│ ocmlogit_warp_grad.c:36:41: warning: unused variable &#39;O2_ptr&#39; [-Wunused-variable]
│   double *tmp2_ptr, *tmp3_ptr, *O1_ptr, *O2_ptr, *tmp4_ptr;
│                                          ^~~~~~
│ ocmlogit_warp_grad.c:36:21: warning: unused variable &#39;tmp3_ptr&#39; [-Wunused-variable]
│   double *tmp2_ptr, *tmp3_ptr, *O1_ptr, *O2_ptr, *tmp4_ptr;
│                      ^~~~~~~~
│ ocmlogit_warp_grad.c:35:27: warning: unused variable &#39;E_ptr&#39; [-Wunused-variable]
│   double *nu_ptr, *B_ptr, *E_ptr, *q_tmp_ptr, *alpha_ptr;
│                            ^~~~~
│ ocmlogit_warp_grad.c:34:40: warning: unused variable &#39;tmpi_ptr&#39; [-Wunused-variable]
│   double *t_ptr, *f_basis_ptr, *A_ptr, *tmpi_ptr, *q_tilde_ptr;
│                                         ^~~~~~~~
│ ocmlogit_warp_grad.c:34:18: warning: variable &#39;f_basis_ptr&#39; set but not used [-Wunused-but-set-variable]
│   double *t_ptr, *f_basis_ptr, *A_ptr, *tmpi_ptr, *q_tilde_ptr;
│                   ^~~~~~~~~~~
│ ocmlogit_warp_grad.c:31:9: warning: variable &#39;max_val_change&#39; set but not used [-Wunused-but-set-variable]
│   double max_val_change, res_cos, res_sin, theta, thetanew;
│          ^~~~~~~~~~~~~~
│ ocmlogit_warp_grad.c:24:39: warning: unused variable &#39;E&#39; [-Wunused-variable]
│   double t[TT], O1[4], O2[4], binsize, E[4], A[m], O_tmp[4];
│                                        ^
│ ocmlogit_warp_grad.c:19:15: warning: unused variable &#39;kk&#39; [-Wunused-variable]
│   int k, j, l, kk, jj;
│                ^~
│ gcc -fPIC -Wall -Wextra -O3 -g  DP.o DynamicProgrammingQ2.o dp_grid.o fpls_warp_grad.o misc_funcs.o mlogit_warp_grad.o oclogit_warp_grad.o ocmlogit_warp_grad.o -o fdasrsf.so -shared   
│ rm -f src&#x2F;DriverElasticCurvesRO.o src&#x2F;DriverMexProb.o src&#x2F;ElasticCurvesRO.o src&#x2F;ElasticCurvesReparam.o src&#x2F;Element.o src&#x2F;EucFrechetMean.o src&#x2F;EucQuadratic.o src&#x2F;EucVariable.o src&#x2F;EucVector.o src&#x2F;Euclidean.o src&#x2F;ForDebug.o src&#x2F;L2Sphere.o src&#x2F;L2SphereVariable.o src&#x2F;L2SphereVector.o src&#x2F;LRBFGS.o src&#x2F;LRTRSR1.o src&#x2F;LinearOPE.o src&#x2F;LowRank.o src&#x2F;LowRankVariable.o src&#x2F;LowRankVector.o src&#x2F;Manifold.o src&#x2F;Oblique.o src&#x2F;ObliqueTestSparsePCA.o src&#x2F;ObliqueVariable.o src&#x2F;ObliqueVector.o src&#x2F;OrthGroup.o src&#x2F;OrthGroupVariable.o src&#x2F;OrthGroupVector.o src&#x2F;Problem.o src&#x2F;ProductElement.o src&#x2F;ProductManifold.o src&#x2F;RBFGS.o src&#x2F;RBroydenFamily.o src&#x2F;RCG.o src&#x2F;RNewton.o src&#x2F;RSD.o src&#x2F;RTRNewton.o src&#x2F;RTRSD.o src&#x2F;RTRSR1.o src&#x2F;RWRBFGS.o src&#x2F;SharedSpace.o src&#x2F;SmartSpace.o src&#x2F;Solvers.o src&#x2F;SolversLS.o src&#x2F;SolversTR.o src&#x2F;Sphere.o src&#x2F;SphereVariable.o src&#x2F;SphereVector.o src&#x2F;Spline.o src&#x2F;StieBrockett.o src&#x2F;StieSoftICA.o src&#x2F;StieSumBrockett.o src&#x2F;StieVariable.o src&#x2F;StieVector.o src&#x2F;Stiefel.o src&#x2F;TestElasticCurvesRO.o src&#x2F;Timer.o src&#x2F;WeightedLowRank.o src&#x2F;randgen.o gropt.so
│ g++ -fPIC -std=c++11 -O3 -g   -Iincl&#x2F; -c -o src&#x2F;DriverElasticCurvesRO.o src&#x2F;DriverElasticCurvesRO.cpp
│ g++ -fPIC -std=c++11 -O3 -g   -Iincl&#x2F; -c -o src&#x2F;DriverMexProb.o src&#x2F;DriverMexProb.cpp
│ g++ -fPIC -std=c++11 -O3 -g   -Iincl&#x2F; -c -o src&#x2F;ElasticCurvesRO.o src&#x2F;ElasticCurvesRO.cpp
│ g++ -fPIC -std=c++11 -O3 -g   -Iincl&#x2F; -c -o src&#x2F;ElasticCurvesReparam.o src&#x2F;ElasticCurvesReparam.cpp
│ g++ -fPIC -std=c++11 -O3 -g   -Iincl&#x2F; -c -o src&#x2F;Element.o src&#x2F;Element.cpp
│ g++ -fPIC -std=c++11 -O3 -g   -Iincl&#x2F; -c -o src&#x2F;EucFrechetMean.o src&#x2F;EucFrechetMean.cpp
│ g++ -fPIC -std=c++11 -O3 -g   -Iincl&#x2F; -c -o src&#x2F;EucQuadratic.o src&#x2F;EucQuadratic.cpp
│ g++ -fPIC -std=c++11 -O3 -g   -Iincl&#x2F; -c -o src&#x2F;EucVariable.o src&#x2F;EucVariable.cpp
│ g++ -fPIC -std=c++11 -O3 -g   -Iincl&#x2F; -c -o src&#x2F;EucVector.o src&#x2F;EucVector.cpp
│ g++ -fPIC -std=c++11 -O3 -g   -Iincl&#x2F; -c -o src&#x2F;Euclidean.o src&#x2F;Euclidean.cpp
│ g++ -fPIC -std=c++11 -O3 -g   -Iincl&#x2F; -c -o src&#x2F;ForDebug.o src&#x2F;ForDebug.cpp
│ g++ -fPIC -std=c++11 -O3 -g   -Iincl&#x2F; -c -o src&#x2F;L2Sphere.o src&#x2F;L2Sphere.cpp
│ g++ -fPIC -std=c++11 -O3 -g   -Iincl&#x2F; -c -o src&#x2F;L2SphereVariable.o src&#x2F;L2SphereVariable.cpp
│ g++ -fPIC -std=c++11 -O3 -g   -Iincl&#x2F; -c -o src&#x2F;L2SphereVector.o src&#x2F;L2SphereVector.cpp
│ g++ -fPIC -std=c++11 -O3 -g   -Iincl&#x2F; -c -o src&#x2F;LRBFGS.o src&#x2F;LRBFGS.cpp
│ g++ -fPIC -std=c++11 -O3 -g   -Iincl&#x2F; -c -o src&#x2F;LRTRSR1.o src&#x2F;LRTRSR1.cpp
│ g++ -fPIC -std=c++11 -O3 -g   -Iincl&#x2F; -c -o src&#x2F;LinearOPE.o src&#x2F;LinearOPE.cpp
│ g++ -fPIC -std=c++11 -O3 -g   -Iincl&#x2F; -c -o src&#x2F;LowRank.o src&#x2F;LowRank.cpp
│ g++ -fPIC -std=c++11 -O3 -g   -Iincl&#x2F; -c -o src&#x2F;LowRankVariable.o src&#x2F;LowRankVariable.cpp
│ g++ -fPIC -std=c++11 -O3 -g   -Iincl&#x2F; -c -o src&#x2F;LowRankVector.o src&#x2F;LowRankVector.cpp
│ g++ -fPIC -std=c++11 -O3 -g   -Iincl&#x2F; -c -o src&#x2F;Manifold.o src&#x2F;Manifold.cpp
│ g++ -fPIC -std=c++11 -O3 -g   -Iincl&#x2F; -c -o src&#x2F;Oblique.o src&#x2F;Oblique.cpp
│ g++ -fPIC -std=c++11 -O3 -g   -Iincl&#x2F; -c -o src&#x2F;ObliqueTestSparsePCA.o src&#x2F;ObliqueTestSparsePCA.cpp
│ g++ -fPIC -std=c++11 -O3 -g   -Iincl&#x2F; -c -o src&#x2F;ObliqueVariable.o src&#x2F;ObliqueVariable.cpp
│ g++ -fPIC -std=c++11 -O3 -g   -Iincl&#x2F; -c -o src&#x2F;ObliqueVector.o src&#x2F;ObliqueVector.cpp
│ g++ -fPIC -std=c++11 -O3 -g   -Iincl&#x2F; -c -o src&#x2F;OrthGroup.o src&#x2F;OrthGroup.cpp
│ g++ -fPIC -std=c++11 -O3 -g   -Iincl&#x2F; -c -o src&#x2F;OrthGroupVariable.o src&#x2F;OrthGroupVariable.cpp
│ g++ -fPIC -std=c++11 -O3 -g   -Iincl&#x2F; -c -o src&#x2F;OrthGroupVector.o src&#x2F;OrthGroupVector.cpp
│ g++ -fPIC -std=c++11 -O3 -g   -Iincl&#x2F; -c -o src&#x2F;Problem.o src&#x2F;Problem.cpp
│ src&#x2F;Problem.cpp: In member function &#39;virtual void Problem::CheckGradHessian(const Element*) const&#39;:
│ src&#x2F;Problem.cpp:55:78: warning: format &#39;%d&#39; expects argument of type &#39;int&#39;, but argument 2 has type &#39;std::ptrdiff_t {aka long int}&#39; [-Wformat=]
│     (fy - fx - Domain-&gt;Metric(x, gfx, xi)) &#x2F; (0.5 * Domain-&gt;Metric(x, xi, Hv)));
│                                                                               ^
│ g++ -fPIC -std=c++11 -O3 -g   -Iincl&#x2F; -c -o src&#x2F;ProductElement.o src&#x2F;ProductElement.cpp
│ g++ -fPIC -std=c++11 -O3 -g   -Iincl&#x2F; -c -o src&#x2F;ProductManifold.o src&#x2F;ProductManifold.cpp
│ g++ -fPIC -std=c++11 -O3 -g   -Iincl&#x2F; -c -o src&#x2F;RBFGS.o src&#x2F;RBFGS.cpp
│ g++ -fPIC -std=c++11 -O3 -g   -Iincl&#x2F; -c -o src&#x2F;RBroydenFamily.o src&#x2F;RBroydenFamily.cpp
│ g++ -fPIC -std=c++11 -O3 -g   -Iincl&#x2F; -c -o src&#x2F;RCG.o src&#x2F;RCG.cpp
│ g++ -fPIC -std=c++11 -O3 -g   -Iincl&#x2F; -c -o src&#x2F;RNewton.o src&#x2F;RNewton.cpp
│ src&#x2F;RNewton.cpp: In member function &#39;virtual void RNewton::PrintInfo()&#39;:
│ src&#x2F;RNewton.cpp:80:104: warning: format &#39;%d&#39; expects argument of type &#39;int&#39;, but argument 2 has type &#39;std::ptrdiff_t {aka long int}&#39; [-Wformat=]
│   printf(&quot;\n\tnH:%d,tCGstatus:%s,innerIter:%d,&quot;, nH, tCGLSstatusSetnames[tCGLSstatus].c_str(), innerIter);
│                                                  ~~                                                     ^
│ src&#x2F;RNewton.cpp:80:104: warning: format &#39;%d&#39; expects argument of type &#39;int&#39;, but argument 4 has type &#39;std::ptrdiff_t {aka long int}&#39; [-Wformat=]
│ g++ -fPIC -std=c++11 -O3 -g   -Iincl&#x2F; -c -o src&#x2F;RSD.o src&#x2F;RSD.cpp
│ g++ -fPIC -std=c++11 -O3 -g   -Iincl&#x2F; -c -o src&#x2F;RTRNewton.o src&#x2F;RTRNewton.cpp
│ g++ -fPIC -std=c++11 -O3 -g   -Iincl&#x2F; -c -o src&#x2F;RTRSD.o src&#x2F;RTRSD.cpp
│ g++ -fPIC -std=c++11 -O3 -g   -Iincl&#x2F; -c -o src&#x2F;RTRSR1.o src&#x2F;RTRSR1.cpp
│ g++ -fPIC -std=c++11 -O3 -g   -Iincl&#x2F; -c -o src&#x2F;RWRBFGS.o src&#x2F;RWRBFGS.cpp
│ g++ -fPIC -std=c++11 -O3 -g   -Iincl&#x2F; -c -o src&#x2F;SharedSpace.o src&#x2F;SharedSpace.cpp
│ g++ -fPIC -std=c++11 -O3 -g   -Iincl&#x2F; -c -o src&#x2F;SmartSpace.o src&#x2F;SmartSpace.cpp
│ g++ -fPIC -std=c++11 -O3 -g   -Iincl&#x2F; -c -o src&#x2F;Solvers.o src&#x2F;Solvers.cpp
│ src&#x2F;Solvers.cpp: In member function &#39;virtual void Solvers::PrintGenInfo()&#39;:
│ src&#x2F;Solvers.cpp:17:95: warning: format &#39;%d&#39; expects argument of type &#39;int&#39;, but argument 2 has type &#39;std::ptrdiff_t {aka long int}&#39; [-Wformat=]
│    printf(&quot;i:%d,f:%.3e,df&#x2F;f:%.3e,|gf|:%.3e,time:%.2e,nf:%d,ng:%d,nR:%d,&quot;, iter, f2, 
│                                                                           ~~~~                  
│     ((f1 - f2) &#x2F; f2), ngf, static_cast&lt;double&gt;(getTickCount() - starttime) &#x2F; CLK_PS, nf, ng, nR);
│                                                                                                ^
│ src&#x2F;Solvers.cpp:17:95: warning: format &#39;%d&#39; expects argument of type &#39;int&#39;, but argument 7 has type &#39;std::ptrdiff_t {aka long int}&#39; [-Wformat=]
│ src&#x2F;Solvers.cpp:17:95: warning: format &#39;%d&#39; expects argument of type &#39;int&#39;, but argument 8 has type &#39;std::ptrdiff_t {aka long int}&#39; [-Wformat=]
│ src&#x2F;Solvers.cpp:17:95: warning: format &#39;%d&#39; expects argument of type &#39;int&#39;, but argument 9 has type &#39;std::ptrdiff_t {aka long int}&#39; [-Wformat=]
│ src&#x2F;Solvers.cpp:20:104: warning: format &#39;%d&#39; expects argument of type &#39;int&#39;, but argument 2 has type &#39;std::ptrdiff_t {aka long int}&#39; [-Wformat=]
│    printf(&quot;i:%d,f:%.3e,df&#x2F;f:%.3e,|gf|:%.3e,time:%.2e,nf:%d,ng:%d,nR:%d,nV(nVp):%d(%d),&quot;, iter, f2,
│                                                                                          ~~~~            
│     ((f1 - f2) &#x2F; f2), ngf, static_cast&lt;double&gt;(getTickCount() - starttime) &#x2F; CLK_PS, nf, ng, nR, nV, nVp);
│                                                                                                         ^
│ src&#x2F;Solvers.cpp:20:104: warning: format &#39;%d&#39; expects argument of type &#39;int&#39;, but argument 7 has type &#39;std::ptrdiff_t {aka long int}&#39; [-Wformat=]
│ src&#x2F;Solvers.cpp:20:104: warning: format &#39;%d&#39; expects argument of type &#39;int&#39;, but argument 8 has type &#39;std::ptrdiff_t {aka long int}&#39; [-Wformat=]
│ src&#x2F;Solvers.cpp:20:104: warning: format &#39;%d&#39; expects argument of type &#39;int&#39;, but argument 9 has type &#39;std::ptrdiff_t {aka long int}&#39; [-Wformat=]
│ src&#x2F;Solvers.cpp:20:104: warning: format &#39;%d&#39; expects argument of type &#39;int&#39;, but argument 10 has type &#39;std::ptrdiff_t {aka long int}&#39; [-Wformat=]
│ src&#x2F;Solvers.cpp:20:104: warning: format &#39;%d&#39; expects argument of type &#39;int&#39;, but argument 11 has type &#39;std::ptrdiff_t {aka long int}&#39; [-Wformat=]
│ g++ -fPIC -std=c++11 -O3 -g   -Iincl&#x2F; -c -o src&#x2F;SolversLS.o src&#x2F;SolversLS.cpp
│ src&#x2F;SolversLS.cpp: In member function &#39;virtual void SolversLS::Run()&#39;:
│ src&#x2F;SolversLS.cpp:42:51: warning: format &#39;%d&#39; expects argument of type &#39;int&#39;, but argument 2 has type &#39;std::ptrdiff_t {aka long int}&#39; [-Wformat=]
│    printf(&quot;i:%d,f:%.3e,|gf|:%.3e,\n&quot;, iter, f1, ngf);
│                                       ~~~~         ^
│ src&#x2F;SolversLS.cpp:92:40: warning: format &#39;%d&#39; expects argument of type &#39;int&#39;, but argument 2 has type &#39;std::ptrdiff_t {aka long int}&#39; [-Wformat=]
│    printf(&quot;Iter:%d,f:%.3e,|gf|:%.3e,|gf|&#x2F;|gf0|:%.3e,time:%.2e,nf:%d,ng:%d,nR:%d,&quot;, iter, f2,
│                                                                                    ~~~~
│     ngf, ngf &#x2F; ngf0, ComTime, nf, ng, nR);
│                                         ^
│ src&#x2F;SolversLS.cpp:92:40: warning: format &#39;%d&#39; expects argument of type &#39;int&#39;, but argument 7 has type &#39;std::ptrdiff_t {aka long int}&#39; [-Wformat=]
│ src&#x2F;SolversLS.cpp:92:40: warning: format &#39;%d&#39; expects argument of type &#39;int&#39;, but argument 8 has type &#39;std::ptrdiff_t {aka long int}&#39; [-Wformat=]
│ src&#x2F;SolversLS.cpp:92:40: warning: format &#39;%d&#39; expects argument of type &#39;int&#39;, but argument 9 has type &#39;std::ptrdiff_t {aka long int}&#39; [-Wformat=]
│ src&#x2F;SolversLS.cpp:95:23: warning: format &#39;%d&#39; expects argument of type &#39;int&#39;, but argument 2 has type &#39;std::ptrdiff_t {aka long int}&#39; [-Wformat=]
│     printf(&quot;nH:%d,&quot;, nH);
│                      ~~^
│ src&#x2F;SolversLS.cpp:99:37: warning: format &#39;%d&#39; expects argument of type &#39;int&#39;, but argument 2 has type &#39;std::ptrdiff_t {aka long int}&#39; [-Wformat=]
│     printf(&quot;nV(nVp):%d(%d),&quot;, nV, nVp);
│                               ~~     ^
│ src&#x2F;SolversLS.cpp:99:37: warning: format &#39;%d&#39; expects argument of type &#39;int&#39;, but argument 3 has type &#39;std::ptrdiff_t {aka long int}&#39; [-Wformat=]
│ g++ -fPIC -std=c++11 -O3 -g   -Iincl&#x2F; -c -o src&#x2F;SolversTR.o src&#x2F;SolversTR.cpp
│ src&#x2F;SolversTR.cpp: In member function &#39;virtual void SolversTR::Run()&#39;:
│ src&#x2F;SolversTR.cpp:21:51: warning: format &#39;%d&#39; expects argument of type &#39;int&#39;, but argument 2 has type &#39;std::ptrdiff_t {aka long int}&#39; [-Wformat=]
│    printf(&quot;i:%d,f:%.3e,|gf|:%.3e,\n&quot;, iter, f1, ngf);
│                                       ~~~~         ^
│ src&#x2F;SolversTR.cpp:99:40: warning: format &#39;%d&#39; expects argument of type &#39;int&#39;, but argument 2 has type &#39;std::ptrdiff_t {aka long int}&#39; [-Wformat=]
│    printf(&quot;Iter:%d,f:%.3e,|gf|:%.3e,|gf|&#x2F;|gf0|:%.3e,time:%.2e,nf:%d,ng:%d,nR:%d,&quot;, iter, f2,
│                                                                                    ~~~~
│     ngf, ngf &#x2F; ngf0, ComTime, nf, ng, nR);
│                                         ^
│ src&#x2F;SolversTR.cpp:99:40: warning: format &#39;%d&#39; expects argument of type &#39;int&#39;, but argument 7 has type &#39;std::ptrdiff_t {aka long int}&#39; [-Wformat=]
│ src&#x2F;SolversTR.cpp:99:40: warning: format &#39;%d&#39; expects argument of type &#39;int&#39;, but argument 8 has type &#39;std::ptrdiff_t {aka long int}&#39; [-Wformat=]
│ src&#x2F;SolversTR.cpp:99:40: warning: format &#39;%d&#39; expects argument of type &#39;int&#39;, but argument 9 has type &#39;std::ptrdiff_t {aka long int}&#39; [-Wformat=]
│ src&#x2F;SolversTR.cpp:102:23: warning: format &#39;%d&#39; expects argument of type &#39;int&#39;, but argument 2 has type &#39;std::ptrdiff_t {aka long int}&#39; [-Wformat=]
│     printf(&quot;nH:%d,&quot;, nH);
│                      ~~^
│ src&#x2F;SolversTR.cpp:106:37: warning: format &#39;%d&#39; expects argument of type &#39;int&#39;, but argument 2 has type &#39;std::ptrdiff_t {aka long int}&#39; [-Wformat=]
│     printf(&quot;nV(nVp):%d(%d),&quot;, nV, nVp);
│                               ~~     ^
│ src&#x2F;SolversTR.cpp:106:37: warning: format &#39;%d&#39; expects argument of type &#39;int&#39;, but argument 3 has type &#39;std::ptrdiff_t {aka long int}&#39; [-Wformat=]
│ src&#x2F;SolversTR.cpp: In member function &#39;virtual void SolversTR::PrintGenInfo()&#39;:
│ src&#x2F;SolversTR.cpp:215:129: warning: format &#39;%d&#39; expects argument of type &#39;int&#39;, but argument 2 has type &#39;std::ptrdiff_t {aka long int}&#39; [-Wformat=]
│   printf(&quot;nH:%d,rho:%.2e,radius:%.3e,tCGstatus:%s,innerIter:%d,&quot;, nH, rho, Delta, tCGstatusSetnames[tCGstatus].c_str(), innerIter);
│                                                                   ~~                                                             ^
│ src&#x2F;SolversTR.cpp:215:129: warning: format &#39;%d&#39; expects argument of type &#39;int&#39;, but argument 6 has type &#39;std::ptrdiff_t {aka long int}&#39; [-Wformat=]
│ g++ -fPIC -std=c++11 -O3 -g   -Iincl&#x2F; -c -o src&#x2F;Sphere.o src&#x2F;Sphere.cpp
│ g++ -fPIC -std=c++11 -O3 -g   -Iincl&#x2F; -c -o src&#x2F;SphereVariable.o src&#x2F;SphereVariable.cpp
│ g++ -fPIC -std=c++11 -O3 -g   -Iincl&#x2F; -c -o src&#x2F;SphereVector.o src&#x2F;SphereVector.cpp
│ g++ -fPIC -std=c++11 -O3 -g   -Iincl&#x2F; -c -o src&#x2F;Spline.o src&#x2F;Spline.cpp
│ g++ -fPIC -std=c++11 -O3 -g   -Iincl&#x2F; -c -o src&#x2F;StieBrockett.o src&#x2F;StieBrockett.cpp
│ g++ -fPIC -std=c++11 -O3 -g   -Iincl&#x2F; -c -o src&#x2F;StieSoftICA.o src&#x2F;StieSoftICA.cpp
│ g++ -fPIC -std=c++11 -O3 -g   -Iincl&#x2F; -c -o src&#x2F;StieSumBrockett.o src&#x2F;StieSumBrockett.cpp
│ g++ -fPIC -std=c++11 -O3 -g   -Iincl&#x2F; -c -o src&#x2F;StieVariable.o src&#x2F;StieVariable.cpp
│ g++ -fPIC -std=c++11 -O3 -g   -Iincl&#x2F; -c -o src&#x2F;StieVector.o src&#x2F;StieVector.cpp
│ g++ -fPIC -std=c++11 -O3 -g   -Iincl&#x2F; -c -o src&#x2F;Stiefel.o src&#x2F;Stiefel.cpp
│ g++ -fPIC -std=c++11 -O3 -g   -Iincl&#x2F; -c -o src&#x2F;TestElasticCurvesRO.o src&#x2F;TestElasticCurvesRO.cpp
│ g++ -fPIC -std=c++11 -O3 -g   -Iincl&#x2F; -c -o src&#x2F;Timer.o src&#x2F;Timer.cpp
│ g++ -fPIC -std=c++11 -O3 -g   -Iincl&#x2F; -c -o src&#x2F;WeightedLowRank.o src&#x2F;WeightedLowRank.cpp
│ g++ -fPIC -std=c++11 -O3 -g   -Iincl&#x2F; -c -o src&#x2F;randgen.o src&#x2F;randgen.cpp
│ g++ -shared  -o gropt.so src&#x2F;DriverElasticCurvesRO.o src&#x2F;DriverMexProb.o src&#x2F;ElasticCurvesRO.o src&#x2F;ElasticCurvesReparam.o src&#x2F;Element.o src&#x2F;EucFrechetMean.o src&#x2F;EucQuadratic.o src&#x2F;EucVariable.o src&#x2F;EucVector.o src&#x2F;Euclidean.o src&#x2F;ForDebug.o src&#x2F;L2Sphere.o src&#x2F;L2SphereVariable.o src&#x2F;L2SphereVector.o src&#x2F;LRBFGS.o src&#x2F;LRTRSR1.o src&#x2F;LinearOPE.o src&#x2F;LowRank.o src&#x2F;LowRankVariable.o src&#x2F;LowRankVector.o src&#x2F;Manifold.o src&#x2F;Oblique.o src&#x2F;ObliqueTestSparsePCA.o src&#x2F;ObliqueVariable.o src&#x2F;ObliqueVector.o src&#x2F;OrthGroup.o src&#x2F;OrthGroupVariable.o src&#x2F;OrthGroupVector.o src&#x2F;Problem.o src&#x2F;ProductElement.o src&#x2F;ProductManifold.o src&#x2F;RBFGS.o src&#x2F;RBroydenFamily.o src&#x2F;RCG.o src&#x2F;RNewton.o src&#x2F;RSD.o src&#x2F;RTRNewton.o src&#x2F;RTRSD.o src&#x2F;RTRSR1.o src&#x2F;RWRBFGS.o src&#x2F;SharedSpace.o src&#x2F;SmartSpace.o src&#x2F;Solvers.o src&#x2F;SolversLS.o src&#x2F;SolversTR.o src&#x2F;Sphere.o src&#x2F;SphereVariable.o src&#x2F;SphereVector.o src&#x2F;Spline.o src&#x2F;StieBrockett.o src&#x2F;StieSoftICA.o src&#x2F;StieSumBrockett.o src&#x2F;StieVariable.o src&#x2F;StieVector.o src&#x2F;Stiefel.o src&#x2F;TestElasticCurvesRO.o src&#x2F;Timer.o src&#x2F;WeightedLowRank.o src&#x2F;randgen.o -lblas -llapack
│ &#x2F;usr&#x2F;bin&#x2F;ld: cannot find -lblas
│ &#x2F;usr&#x2F;bin&#x2F;ld: cannot find -llapack
│ collect2: error: ld returned 1 exit status
│ Makefile:46: recipe for target &#39;gropt.so&#39; failed
│ make: *** [gropt.so] Error 1
│ ERROR: LoadError: failed process: Process(`make SUFFIX=so`, ProcessExited(2)) [2]
│ Stacktrace:
│  [1] error(::String, ::Base.Process, ::String, ::Int64, ::String) at .&#x2F;error.jl:42
│  [2] pipeline_error at .&#x2F;process.jl:705 [inlined]
│  [3] #run#505(::Bool, ::Function, ::Cmd) at .&#x2F;process.jl:663
│  [4] run(::Cmd) at .&#x2F;process.jl:661
│  [5] top-level scope at &#x2F;root&#x2F;.julia&#x2F;packages&#x2F;ElasticFDA&#x2F;d5Ypy&#x2F;deps&#x2F;build.jl:8
│  [6] include at .&#x2F;boot.jl:317 [inlined]
│  [7] include_relative(::Module, ::String) at .&#x2F;loading.jl:1044
│  [8] include(::Module, ::String) at .&#x2F;sysimg.jl:29
│  [9] include(::String) at .&#x2F;client.jl:392
│  [10] top-level scope at none:0
│ in expression starting at &#x2F;root&#x2F;.julia&#x2F;packages&#x2F;ElasticFDA&#x2F;d5Ypy&#x2F;deps&#x2F;build.jl:1
└ @ Pkg.Operations &#x2F;buildworker&#x2F;worker&#x2F;package_linux64&#x2F;build&#x2F;usr&#x2F;share&#x2F;julia&#x2F;stdlib&#x2F;v1.0&#x2F;Pkg&#x2F;src&#x2F;Operations.jl:1096
   Testing ElasticFDA
 Resolving package versions...
 Installed CodecZlib ────────── v0.6.0
 Installed JLD2 ─────────────── v0.1.8
 Installed TranscodingStreams ─ v0.9.5
 Installed FileIO ───────────── v1.0.7
  Building CodecZlib → `~&#x2F;.julia&#x2F;packages&#x2F;CodecZlib&#x2F;5t9zO&#x2F;deps&#x2F;build.log`
    Status `&#x2F;tmp&#x2F;tmpZx2MSz&#x2F;Manifest.toml`
  [7d9fca2a] Arpack v0.3.1
  [13072b0f] AxisAlgorithms v1.0.0
  [9e28174c] BinDeps v0.8.10
  [b99e7846] BinaryProvider v0.5.8
  [631607c0] CMake v1.1.2
  [d5fb7624] CMakeWrapper v0.2.3
  [944b1d66] CodecZlib v0.6.0
  [34da2185] Compat v2.2.0
  [9a962f9c] DataAPI v1.1.0
  [864edb3b] DataStructures v0.17.6
  [39dd38d3] Dierckx v0.4.1
  [31c24e10] Distributions v0.21.8
  [f9e31aca] ElasticFDA v0.5.2
  [5789e2e9] FileIO v1.0.7
  [a98d9a8b] Interpolations v0.12.5
  [033835bb] JLD2 v0.1.8
  [fdba3010] MathProgBase v0.7.7
  [e1d29d7a] Missings v0.4.3
  [76087f3c] NLopt v0.5.1
  [6fe1bfb0] OffsetArrays v0.11.1
  [bac558e1] OrderedCollections v1.1.0
  [90014a1f] PDMats v0.9.10
  [d96e819e] Parameters v0.12.0
  [92933f4c] ProgressMeter v0.9.0
  [1fd47b50] QuadGK v2.1.1
  [c84ed2f1] Ratios v0.3.1
  [3cdcf5f2] RecipesBase v0.7.0
  [79098fc4] Rmath v0.5.1
  [a2af1166] SortingAlgorithms v0.3.1
  [276daf66] SpecialFunctions v0.8.0
  [90137ffa] StaticArrays v0.12.1
  [2913bbd2] StatsBase v0.32.0
  [4c63d2b9] StatsFuns v0.9.0
  [3bb67fe8] TranscodingStreams v0.9.5
  [30578b45] URIParser v0.4.0
  [efce3f68] WoodburyMatrices v0.4.1
  [2a0f44e3] Base64  [`@stdlib&#x2F;Base64`]
  [ade2ca70] Dates  [`@stdlib&#x2F;Dates`]
  [8bb1440f] DelimitedFiles  [`@stdlib&#x2F;DelimitedFiles`]
  [8ba89e20] Distributed  [`@stdlib&#x2F;Distributed`]
  [b77e0a4c] InteractiveUtils  [`@stdlib&#x2F;InteractiveUtils`]
  [76f85450] LibGit2  [`@stdlib&#x2F;LibGit2`]
  [8f399da3] Libdl  [`@stdlib&#x2F;Libdl`]
  [37e2e46d] LinearAlgebra  [`@stdlib&#x2F;LinearAlgebra`]
  [56ddb016] Logging  [`@stdlib&#x2F;Logging`]
  [d6f4376e] Markdown  [`@stdlib&#x2F;Markdown`]
  [a63ad114] Mmap  [`@stdlib&#x2F;Mmap`]
  [44cfe95a] Pkg  [`@stdlib&#x2F;Pkg`]
  [de0858da] Printf  [`@stdlib&#x2F;Printf`]
  [3fa0cd96] REPL  [`@stdlib&#x2F;REPL`]
  [9a3f8284] Random  [`@stdlib&#x2F;Random`]
  [ea8e919c] SHA  [`@stdlib&#x2F;SHA`]
  [9e88b42a] Serialization  [`@stdlib&#x2F;Serialization`]
  [1a1011a3] SharedArrays  [`@stdlib&#x2F;SharedArrays`]
  [6462fe0b] Sockets  [`@stdlib&#x2F;Sockets`]
  [2f01184e] SparseArrays  [`@stdlib&#x2F;SparseArrays`]
  [10745b16] Statistics  [`@stdlib&#x2F;Statistics`]
  [4607b0f0] SuiteSparse  [`@stdlib&#x2F;SuiteSparse`]
  [8dfed614] Test  [`@stdlib&#x2F;Test`]
  [cf7118a7] UUIDs  [`@stdlib&#x2F;UUIDs`]
  [4ec0a83e] Unicode  [`@stdlib&#x2F;Unicode`]
Initializing...
Compute Karcher Mean of 21 functions in SRSF space..
updating step: r=1
updating step: r=2
Initializing...
Compute 21 functions in SRSF space to 3 fPCA components..
updating step: r=1
updating step: r=2
maximal number of iterations reached
Iteration: 1
┌ Warning: `getindex(itp::AbstractInterpolation{T, N}, i::Vararg{ExpandedIndexTypes, N}) where {T, N}` is deprecated, use `itp(i...)` instead.
│   caller = #optimum_reparam#14(::String, ::Float64, ::Float64, ::Float64, ::Function, ::Array{Float64,1}, ::Array{Float64,1}, ::Array{Float64,1}, ::Float64) at srsf_funcs.jl:221
└ @ ElasticFDA ~&#x2F;.julia&#x2F;packages&#x2F;ElasticFDA&#x2F;d5Ypy&#x2F;src&#x2F;srsf_funcs.jl:221
Iteration: 1
   Testing ElasticFDA tests passed 
</pre>
      </div>

    <h3>Results with Julia v1.2.0</h3>

    <p>
      Testing was <strong>successful</strong>.
      Last evaluation was 1 day, 10 hours ago and took 7 minutes, 32 seconds.
    </p>

    <p>
      Click <a href="/home/tim/Julia/pkg/NewPkgEval/site/build/logs/ElasticFDA/1.2.0.log">here</a> to download the log file.
      
    </p>

      <button class="collapsible">Click here to show the log contents.</button>
      <div class="content">
      <pre> Resolving package versions...
 Installed Missings ─────────── v0.4.3
 Installed DataAPI ──────────── v1.1.0
 Installed PDMats ───────────── v0.9.10
 Installed URIParser ────────── v0.4.0
 Installed StatsFuns ────────── v0.9.0
 Installed BinaryProvider ───── v0.5.8
 Installed StatsBase ────────── v0.32.0
 Installed ElasticFDA ───────── v0.5.2
 Installed AxisAlgorithms ───── v1.0.0
 Installed Rmath ────────────── v0.5.1
 Installed OffsetArrays ─────── v0.11.1
 Installed OrderedCollections ─ v1.1.0
 Installed Compat ───────────── v2.2.0
 Installed DataStructures ───── v0.17.6
 Installed RecipesBase ──────── v0.7.0
 Installed MathProgBase ─────── v0.7.7
 Installed Ratios ───────────── v0.3.1
 Installed NLopt ────────────── v0.5.1
 Installed Parameters ───────── v0.12.0
 Installed Distributions ────── v0.21.8
 Installed QuadGK ───────────── v2.1.1
 Installed CMake ────────────── v1.1.2
 Installed WoodburyMatrices ─── v0.4.1
 Installed StaticArrays ─────── v0.12.1
 Installed SortingAlgorithms ── v0.3.1
 Installed CMakeWrapper ─────── v0.2.3
 Installed Dierckx ──────────── v0.4.1
 Installed SpecialFunctions ─── v0.8.0
 Installed BinDeps ──────────── v0.8.10
 Installed ProgressMeter ────── v0.9.0
 Installed Interpolations ───── v0.12.5
 Installed Arpack ───────────── v0.3.1
  Updating `~&#x2F;.julia&#x2F;environments&#x2F;v1.2&#x2F;Project.toml`
  [f9e31aca] + ElasticFDA v0.5.2
  Updating `~&#x2F;.julia&#x2F;environments&#x2F;v1.2&#x2F;Manifest.toml`
  [7d9fca2a] + Arpack v0.3.1
  [13072b0f] + AxisAlgorithms v1.0.0
  [9e28174c] + BinDeps v0.8.10
  [b99e7846] + BinaryProvider v0.5.8
  [631607c0] + CMake v1.1.2
  [d5fb7624] + CMakeWrapper v0.2.3
  [34da2185] + Compat v2.2.0
  [9a962f9c] + DataAPI v1.1.0
  [864edb3b] + DataStructures v0.17.6
  [39dd38d3] + Dierckx v0.4.1
  [31c24e10] + Distributions v0.21.8
  [f9e31aca] + ElasticFDA v0.5.2
  [a98d9a8b] + Interpolations v0.12.5
  [fdba3010] + MathProgBase v0.7.7
  [e1d29d7a] + Missings v0.4.3
  [76087f3c] + NLopt v0.5.1
  [6fe1bfb0] + OffsetArrays v0.11.1
  [bac558e1] + OrderedCollections v1.1.0
  [90014a1f] + PDMats v0.9.10
  [d96e819e] + Parameters v0.12.0
  [92933f4c] + ProgressMeter v0.9.0
  [1fd47b50] + QuadGK v2.1.1
  [c84ed2f1] + Ratios v0.3.1
  [3cdcf5f2] + RecipesBase v0.7.0
  [79098fc4] + Rmath v0.5.1
  [a2af1166] + SortingAlgorithms v0.3.1
  [276daf66] + SpecialFunctions v0.8.0
  [90137ffa] + StaticArrays v0.12.1
  [2913bbd2] + StatsBase v0.32.0
  [4c63d2b9] + StatsFuns v0.9.0
  [30578b45] + URIParser v0.4.0
  [efce3f68] + WoodburyMatrices v0.4.1
  [2a0f44e3] + Base64 
  [ade2ca70] + Dates 
  [8bb1440f] + DelimitedFiles 
  [8ba89e20] + Distributed 
  [b77e0a4c] + InteractiveUtils 
  [76f85450] + LibGit2 
  [8f399da3] + Libdl 
  [37e2e46d] + LinearAlgebra 
  [56ddb016] + Logging 
  [d6f4376e] + Markdown 
  [a63ad114] + Mmap 
  [44cfe95a] + Pkg 
  [de0858da] + Printf 
  [3fa0cd96] + REPL 
  [9a3f8284] + Random 
  [ea8e919c] + SHA 
  [9e88b42a] + Serialization 
  [1a1011a3] + SharedArrays 
  [6462fe0b] + Sockets 
  [2f01184e] + SparseArrays 
  [10745b16] + Statistics 
  [4607b0f0] + SuiteSparse 
  [8dfed614] + Test 
  [cf7118a7] + UUIDs 
  [4ec0a83e] + Unicode 
  Building Arpack ──────────→ `~&#x2F;.julia&#x2F;packages&#x2F;Arpack&#x2F;cu5By&#x2F;deps&#x2F;build.log`
  Building SpecialFunctions → `~&#x2F;.julia&#x2F;packages&#x2F;SpecialFunctions&#x2F;ne2iw&#x2F;deps&#x2F;build.log`
  Building Rmath ───────────→ `~&#x2F;.julia&#x2F;packages&#x2F;Rmath&#x2F;4wt82&#x2F;deps&#x2F;build.log`
  Building CMake ───────────→ `~&#x2F;.julia&#x2F;packages&#x2F;CMake&#x2F;nSK2r&#x2F;deps&#x2F;build.log`
  Building NLopt ───────────→ `~&#x2F;.julia&#x2F;packages&#x2F;NLopt&#x2F;eqN9a&#x2F;deps&#x2F;build.log`
  Building Dierckx ─────────→ `~&#x2F;.julia&#x2F;packages&#x2F;Dierckx&#x2F;9SY4A&#x2F;deps&#x2F;build.log`
  Building ElasticFDA ──────→ `~&#x2F;.julia&#x2F;packages&#x2F;ElasticFDA&#x2F;d5Ypy&#x2F;deps&#x2F;build.log`
┌ Error: Error building `ElasticFDA`: 
│ rm -f DP.o DynamicProgrammingQ2.o dp_grid.o fpls_warp_grad.o misc_funcs.o mlogit_warp_grad.o oclogit_warp_grad.o ocmlogit_warp_grad.o fdasrsf.so
│ gcc -fPIC -Wall -Wextra -O3 -g    -c -o DP.o DP.c
│ DP.c: In function &#39;DP&#39;:
│ DP.c:52:70: warning: unused parameter &#39;Disp&#39; [-Wunused-parameter]
│  void DP(double *q1, double *q2, int *n1, int *N1, double *lam1, int *Disp, double *yy) {
│                                                                       ^~~~
│ DP.c: In function &#39;CostFn2&#39;:
│ DP.c:192:105: warning: unused parameter &#39;lam&#39; [-Wunused-parameter]
│  double CostFn2(const double *q1L, const double *q2L, int k, int l, int i, int j, int n, int scl, double lam) {
│                                                                                                          ^~~
│ gcc -fPIC -Wall -Wextra -O3 -g    -c -o DynamicProgrammingQ2.o DynamicProgrammingQ2.c
│ gcc -fPIC -Wall -Wextra -O3 -g    -c -o dp_grid.o dp_grid.c
│ gcc -fPIC -Wall -Wextra -O3 -g    -c -o fpls_warp_grad.o fpls_warp_grad.c
│ fpls_warp_grad.c: In function &#39;fpls_warp_grad&#39;:
│ fpls_warp_grad.c:35:41: warning: unused variable &#39;gamI_ptr&#39; [-Wunused-variable]
│   double *grad_ptr, *rfi_ptr, *rgi_ptr, *gamI_ptr;
│                                          ^~~~~~~~
│ fpls_warp_grad.c:34:53: warning: unused variable &#39;tmpj_ptr&#39; [-Wunused-variable]
│   double *xout_ptr, *tmp_ptr, *tmp1_ptr, *tmpi_ptr, *tmpj_ptr;
│                                                      ^~~~~~~~
│ fpls_warp_grad.c:23:80: warning: unused variable &#39;gamI&#39; [-Wunused-variable]
│   double psi1[TT*N], gam2[TT*N], rfi_diff[TT], rgi_diff[TT], grad[TT], vec[TT], gamI[TT];
│                                                                                 ^~~~
│ fpls_warp_grad.c:21:9: warning: unused variable &#39;tmp2&#39; [-Wunused-variable]
│   double tmp2 = 0;
│          ^~~~
│ fpls_warp_grad.c:14:18: warning: unused variable &#39;gam&#39; [-Wunused-variable]
│   double t = *ti, gam = *gami;
│                   ^~~
│ fpls_warp_grad.c:14:9: warning: unused variable &#39;t&#39; [-Wunused-variable]
│   double t = *ti, gam = *gami;
│          ^
│ gcc -fPIC -Wall -Wextra -O3 -g    -c -o misc_funcs.o misc_funcs.c
│ misc_funcs.c: In function &#39;SqrtMeanInverse&#39;:
│ misc_funcs.c:462:49: warning: variable &#39;v&#39; set but not used [-Wunused-but-set-variable]
│      double psi[T*n], gam[T*n], mu[T], vec[T*n], v[T], y[T], tmpi, len, vm[T], mnpsi[T], dqq[n];
│                                                  ^
│ gcc -fPIC -Wall -Wextra -O3 -g    -c -o mlogit_warp_grad.o mlogit_warp_grad.c
│ mlogit_warp_grad.c: In function &#39;mlogit_warp_grad&#39;:
│ mlogit_warp_grad.c:15:9: warning: unused variable &#39;t&#39; [-Wunused-variable]
│   double t = *ti;
│          ^
│ gcc -fPIC -Wall -Wextra -O3 -g    -c -o oclogit_warp_grad.o oclogit_warp_grad.c
│ oclogit_warp_grad.c: In function &#39;oclogit_warp_grad&#39;:
│ oclogit_warp_grad.c:33:40: warning: variable &#39;tmp5_ptr&#39; set but not used [-Wunused-but-set-variable]
│   double *ftmp_ptr, *c_ptr, *cbar_ptr, *tmp5_ptr, *hpsi_ptr, *psi_ptr;
│                                         ^~~~~~~~
│ oclogit_warp_grad.c:31:57: warning: unused variable &#39;A_ptr&#39; [-Wunused-variable]
│   double *t_ptr, *gam1_ptr, *f_basis_ptr, *q_tilde_ptr, *A_ptr, *nu_ptr;
│                                                          ^~~~~
│ oclogit_warp_grad.c:31:29: warning: variable &#39;f_basis_ptr&#39; set but not used [-Wunused-but-set-variable]
│   double *t_ptr, *gam1_ptr, *f_basis_ptr, *q_tilde_ptr, *A_ptr, *nu_ptr;
│                              ^~~~~~~~~~~
│ oclogit_warp_grad.c:28:9: warning: variable &#39;max_val_change&#39; set but not used [-Wunused-but-set-variable]
│   double max_val_change, res_cos, res_sin, hO;
│          ^~~~~~~~~~~~~~
│ gcc -fPIC -Wall -Wextra -O3 -g    -c -o ocmlogit_warp_grad.o ocmlogit_warp_grad.c
│ ocmlogit_warp_grad.c: In function &#39;ocmlogit_warp_grad&#39;:
│ ocmlogit_warp_grad.c:38:21: warning: variable &#39;tmp5_ptr&#39; set but not used [-Wunused-but-set-variable]
│   double *ftmp_ptr, *tmp5_ptr, *tmp6_ptr, *tmp7_ptr, *tmp8_ptr;
│                      ^~~~~~~~
│ ocmlogit_warp_grad.c:37:10: warning: unused variable &#39;hO_ptr&#39; [-Wunused-variable]
│   double *hO_ptr, *O_tmp_ptr, *q_tilde_diff_ptr, *c_ptr, *cbar_ptr;
│           ^~~~~~
│ ocmlogit_warp_grad.c:36:50: warning: unused variable &#39;tmp4_ptr&#39; [-Wunused-variable]
│   double *tmp2_ptr, *tmp3_ptr, *O1_ptr, *O2_ptr, *tmp4_ptr;
│                                                   ^~~~~~~~
│ ocmlogit_warp_grad.c:36:41: warning: unused variable &#39;O2_ptr&#39; [-Wunused-variable]
│   double *tmp2_ptr, *tmp3_ptr, *O1_ptr, *O2_ptr, *tmp4_ptr;
│                                          ^~~~~~
│ ocmlogit_warp_grad.c:36:21: warning: unused variable &#39;tmp3_ptr&#39; [-Wunused-variable]
│   double *tmp2_ptr, *tmp3_ptr, *O1_ptr, *O2_ptr, *tmp4_ptr;
│                      ^~~~~~~~
│ ocmlogit_warp_grad.c:35:27: warning: unused variable &#39;E_ptr&#39; [-Wunused-variable]
│   double *nu_ptr, *B_ptr, *E_ptr, *q_tmp_ptr, *alpha_ptr;
│                            ^~~~~
│ ocmlogit_warp_grad.c:34:40: warning: unused variable &#39;tmpi_ptr&#39; [-Wunused-variable]
│   double *t_ptr, *f_basis_ptr, *A_ptr, *tmpi_ptr, *q_tilde_ptr;
│                                         ^~~~~~~~
│ ocmlogit_warp_grad.c:34:18: warning: variable &#39;f_basis_ptr&#39; set but not used [-Wunused-but-set-variable]
│   double *t_ptr, *f_basis_ptr, *A_ptr, *tmpi_ptr, *q_tilde_ptr;
│                   ^~~~~~~~~~~
│ ocmlogit_warp_grad.c:31:9: warning: variable &#39;max_val_change&#39; set but not used [-Wunused-but-set-variable]
│   double max_val_change, res_cos, res_sin, theta, thetanew;
│          ^~~~~~~~~~~~~~
│ ocmlogit_warp_grad.c:24:39: warning: unused variable &#39;E&#39; [-Wunused-variable]
│   double t[TT], O1[4], O2[4], binsize, E[4], A[m], O_tmp[4];
│                                        ^
│ ocmlogit_warp_grad.c:19:15: warning: unused variable &#39;kk&#39; [-Wunused-variable]
│   int k, j, l, kk, jj;
│                ^~
│ gcc -fPIC -Wall -Wextra -O3 -g  DP.o DynamicProgrammingQ2.o dp_grid.o fpls_warp_grad.o misc_funcs.o mlogit_warp_grad.o oclogit_warp_grad.o ocmlogit_warp_grad.o -o fdasrsf.so -shared   
│ rm -f src&#x2F;DriverElasticCurvesRO.o src&#x2F;DriverMexProb.o src&#x2F;ElasticCurvesRO.o src&#x2F;ElasticCurvesReparam.o src&#x2F;Element.o src&#x2F;EucFrechetMean.o src&#x2F;EucQuadratic.o src&#x2F;EucVariable.o src&#x2F;EucVector.o src&#x2F;Euclidean.o src&#x2F;ForDebug.o src&#x2F;L2Sphere.o src&#x2F;L2SphereVariable.o src&#x2F;L2SphereVector.o src&#x2F;LRBFGS.o src&#x2F;LRTRSR1.o src&#x2F;LinearOPE.o src&#x2F;LowRank.o src&#x2F;LowRankVariable.o src&#x2F;LowRankVector.o src&#x2F;Manifold.o src&#x2F;Oblique.o src&#x2F;ObliqueTestSparsePCA.o src&#x2F;ObliqueVariable.o src&#x2F;ObliqueVector.o src&#x2F;OrthGroup.o src&#x2F;OrthGroupVariable.o src&#x2F;OrthGroupVector.o src&#x2F;Problem.o src&#x2F;ProductElement.o src&#x2F;ProductManifold.o src&#x2F;RBFGS.o src&#x2F;RBroydenFamily.o src&#x2F;RCG.o src&#x2F;RNewton.o src&#x2F;RSD.o src&#x2F;RTRNewton.o src&#x2F;RTRSD.o src&#x2F;RTRSR1.o src&#x2F;RWRBFGS.o src&#x2F;SharedSpace.o src&#x2F;SmartSpace.o src&#x2F;Solvers.o src&#x2F;SolversLS.o src&#x2F;SolversTR.o src&#x2F;Sphere.o src&#x2F;SphereVariable.o src&#x2F;SphereVector.o src&#x2F;Spline.o src&#x2F;StieBrockett.o src&#x2F;StieSoftICA.o src&#x2F;StieSumBrockett.o src&#x2F;StieVariable.o src&#x2F;StieVector.o src&#x2F;Stiefel.o src&#x2F;TestElasticCurvesRO.o src&#x2F;Timer.o src&#x2F;WeightedLowRank.o src&#x2F;randgen.o gropt.so
│ g++ -fPIC -std=c++11 -O3 -g   -Iincl&#x2F; -c -o src&#x2F;DriverElasticCurvesRO.o src&#x2F;DriverElasticCurvesRO.cpp
│ g++ -fPIC -std=c++11 -O3 -g   -Iincl&#x2F; -c -o src&#x2F;DriverMexProb.o src&#x2F;DriverMexProb.cpp
│ g++ -fPIC -std=c++11 -O3 -g   -Iincl&#x2F; -c -o src&#x2F;ElasticCurvesRO.o src&#x2F;ElasticCurvesRO.cpp
│ g++ -fPIC -std=c++11 -O3 -g   -Iincl&#x2F; -c -o src&#x2F;ElasticCurvesReparam.o src&#x2F;ElasticCurvesReparam.cpp
│ g++ -fPIC -std=c++11 -O3 -g   -Iincl&#x2F; -c -o src&#x2F;Element.o src&#x2F;Element.cpp
│ g++ -fPIC -std=c++11 -O3 -g   -Iincl&#x2F; -c -o src&#x2F;EucFrechetMean.o src&#x2F;EucFrechetMean.cpp
│ g++ -fPIC -std=c++11 -O3 -g   -Iincl&#x2F; -c -o src&#x2F;EucQuadratic.o src&#x2F;EucQuadratic.cpp
│ g++ -fPIC -std=c++11 -O3 -g   -Iincl&#x2F; -c -o src&#x2F;EucVariable.o src&#x2F;EucVariable.cpp
│ g++ -fPIC -std=c++11 -O3 -g   -Iincl&#x2F; -c -o src&#x2F;EucVector.o src&#x2F;EucVector.cpp
│ g++ -fPIC -std=c++11 -O3 -g   -Iincl&#x2F; -c -o src&#x2F;Euclidean.o src&#x2F;Euclidean.cpp
│ g++ -fPIC -std=c++11 -O3 -g   -Iincl&#x2F; -c -o src&#x2F;ForDebug.o src&#x2F;ForDebug.cpp
│ g++ -fPIC -std=c++11 -O3 -g   -Iincl&#x2F; -c -o src&#x2F;L2Sphere.o src&#x2F;L2Sphere.cpp
│ g++ -fPIC -std=c++11 -O3 -g   -Iincl&#x2F; -c -o src&#x2F;L2SphereVariable.o src&#x2F;L2SphereVariable.cpp
│ g++ -fPIC -std=c++11 -O3 -g   -Iincl&#x2F; -c -o src&#x2F;L2SphereVector.o src&#x2F;L2SphereVector.cpp
│ g++ -fPIC -std=c++11 -O3 -g   -Iincl&#x2F; -c -o src&#x2F;LRBFGS.o src&#x2F;LRBFGS.cpp
│ g++ -fPIC -std=c++11 -O3 -g   -Iincl&#x2F; -c -o src&#x2F;LRTRSR1.o src&#x2F;LRTRSR1.cpp
│ g++ -fPIC -std=c++11 -O3 -g   -Iincl&#x2F; -c -o src&#x2F;LinearOPE.o src&#x2F;LinearOPE.cpp
│ g++ -fPIC -std=c++11 -O3 -g   -Iincl&#x2F; -c -o src&#x2F;LowRank.o src&#x2F;LowRank.cpp
│ g++ -fPIC -std=c++11 -O3 -g   -Iincl&#x2F; -c -o src&#x2F;LowRankVariable.o src&#x2F;LowRankVariable.cpp
│ g++ -fPIC -std=c++11 -O3 -g   -Iincl&#x2F; -c -o src&#x2F;LowRankVector.o src&#x2F;LowRankVector.cpp
│ g++ -fPIC -std=c++11 -O3 -g   -Iincl&#x2F; -c -o src&#x2F;Manifold.o src&#x2F;Manifold.cpp
│ g++ -fPIC -std=c++11 -O3 -g   -Iincl&#x2F; -c -o src&#x2F;Oblique.o src&#x2F;Oblique.cpp
│ g++ -fPIC -std=c++11 -O3 -g   -Iincl&#x2F; -c -o src&#x2F;ObliqueTestSparsePCA.o src&#x2F;ObliqueTestSparsePCA.cpp
│ g++ -fPIC -std=c++11 -O3 -g   -Iincl&#x2F; -c -o src&#x2F;ObliqueVariable.o src&#x2F;ObliqueVariable.cpp
│ g++ -fPIC -std=c++11 -O3 -g   -Iincl&#x2F; -c -o src&#x2F;ObliqueVector.o src&#x2F;ObliqueVector.cpp
│ g++ -fPIC -std=c++11 -O3 -g   -Iincl&#x2F; -c -o src&#x2F;OrthGroup.o src&#x2F;OrthGroup.cpp
│ g++ -fPIC -std=c++11 -O3 -g   -Iincl&#x2F; -c -o src&#x2F;OrthGroupVariable.o src&#x2F;OrthGroupVariable.cpp
│ g++ -fPIC -std=c++11 -O3 -g   -Iincl&#x2F; -c -o src&#x2F;OrthGroupVector.o src&#x2F;OrthGroupVector.cpp
│ g++ -fPIC -std=c++11 -O3 -g   -Iincl&#x2F; -c -o src&#x2F;Problem.o src&#x2F;Problem.cpp
│ src&#x2F;Problem.cpp: In member function &#39;virtual void Problem::CheckGradHessian(const Element*) const&#39;:
│ src&#x2F;Problem.cpp:55:78: warning: format &#39;%d&#39; expects argument of type &#39;int&#39;, but argument 2 has type &#39;std::ptrdiff_t {aka long int}&#39; [-Wformat=]
│     (fy - fx - Domain-&gt;Metric(x, gfx, xi)) &#x2F; (0.5 * Domain-&gt;Metric(x, xi, Hv)));
│                                                                               ^
│ g++ -fPIC -std=c++11 -O3 -g   -Iincl&#x2F; -c -o src&#x2F;ProductElement.o src&#x2F;ProductElement.cpp
│ g++ -fPIC -std=c++11 -O3 -g   -Iincl&#x2F; -c -o src&#x2F;ProductManifold.o src&#x2F;ProductManifold.cpp
│ g++ -fPIC -std=c++11 -O3 -g   -Iincl&#x2F; -c -o src&#x2F;RBFGS.o src&#x2F;RBFGS.cpp
│ g++ -fPIC -std=c++11 -O3 -g   -Iincl&#x2F; -c -o src&#x2F;RBroydenFamily.o src&#x2F;RBroydenFamily.cpp
│ g++ -fPIC -std=c++11 -O3 -g   -Iincl&#x2F; -c -o src&#x2F;RCG.o src&#x2F;RCG.cpp
│ g++ -fPIC -std=c++11 -O3 -g   -Iincl&#x2F; -c -o src&#x2F;RNewton.o src&#x2F;RNewton.cpp
│ src&#x2F;RNewton.cpp: In member function &#39;virtual void RNewton::PrintInfo()&#39;:
│ src&#x2F;RNewton.cpp:80:104: warning: format &#39;%d&#39; expects argument of type &#39;int&#39;, but argument 2 has type &#39;std::ptrdiff_t {aka long int}&#39; [-Wformat=]
│   printf(&quot;\n\tnH:%d,tCGstatus:%s,innerIter:%d,&quot;, nH, tCGLSstatusSetnames[tCGLSstatus].c_str(), innerIter);
│                                                  ~~                                                     ^
│ src&#x2F;RNewton.cpp:80:104: warning: format &#39;%d&#39; expects argument of type &#39;int&#39;, but argument 4 has type &#39;std::ptrdiff_t {aka long int}&#39; [-Wformat=]
│ g++ -fPIC -std=c++11 -O3 -g   -Iincl&#x2F; -c -o src&#x2F;RSD.o src&#x2F;RSD.cpp
│ g++ -fPIC -std=c++11 -O3 -g   -Iincl&#x2F; -c -o src&#x2F;RTRNewton.o src&#x2F;RTRNewton.cpp
│ g++ -fPIC -std=c++11 -O3 -g   -Iincl&#x2F; -c -o src&#x2F;RTRSD.o src&#x2F;RTRSD.cpp
│ g++ -fPIC -std=c++11 -O3 -g   -Iincl&#x2F; -c -o src&#x2F;RTRSR1.o src&#x2F;RTRSR1.cpp
│ g++ -fPIC -std=c++11 -O3 -g   -Iincl&#x2F; -c -o src&#x2F;RWRBFGS.o src&#x2F;RWRBFGS.cpp
│ g++ -fPIC -std=c++11 -O3 -g   -Iincl&#x2F; -c -o src&#x2F;SharedSpace.o src&#x2F;SharedSpace.cpp
│ g++ -fPIC -std=c++11 -O3 -g   -Iincl&#x2F; -c -o src&#x2F;SmartSpace.o src&#x2F;SmartSpace.cpp
│ g++ -fPIC -std=c++11 -O3 -g   -Iincl&#x2F; -c -o src&#x2F;Solvers.o src&#x2F;Solvers.cpp
│ src&#x2F;Solvers.cpp: In member function &#39;virtual void Solvers::PrintGenInfo()&#39;:
│ src&#x2F;Solvers.cpp:17:95: warning: format &#39;%d&#39; expects argument of type &#39;int&#39;, but argument 2 has type &#39;std::ptrdiff_t {aka long int}&#39; [-Wformat=]
│    printf(&quot;i:%d,f:%.3e,df&#x2F;f:%.3e,|gf|:%.3e,time:%.2e,nf:%d,ng:%d,nR:%d,&quot;, iter, f2, 
│                                                                           ~~~~                  
│     ((f1 - f2) &#x2F; f2), ngf, static_cast&lt;double&gt;(getTickCount() - starttime) &#x2F; CLK_PS, nf, ng, nR);
│                                                                                                ^
│ src&#x2F;Solvers.cpp:17:95: warning: format &#39;%d&#39; expects argument of type &#39;int&#39;, but argument 7 has type &#39;std::ptrdiff_t {aka long int}&#39; [-Wformat=]
│ src&#x2F;Solvers.cpp:17:95: warning: format &#39;%d&#39; expects argument of type &#39;int&#39;, but argument 8 has type &#39;std::ptrdiff_t {aka long int}&#39; [-Wformat=]
│ src&#x2F;Solvers.cpp:17:95: warning: format &#39;%d&#39; expects argument of type &#39;int&#39;, but argument 9 has type &#39;std::ptrdiff_t {aka long int}&#39; [-Wformat=]
│ src&#x2F;Solvers.cpp:20:104: warning: format &#39;%d&#39; expects argument of type &#39;int&#39;, but argument 2 has type &#39;std::ptrdiff_t {aka long int}&#39; [-Wformat=]
│    printf(&quot;i:%d,f:%.3e,df&#x2F;f:%.3e,|gf|:%.3e,time:%.2e,nf:%d,ng:%d,nR:%d,nV(nVp):%d(%d),&quot;, iter, f2,
│                                                                                          ~~~~            
│     ((f1 - f2) &#x2F; f2), ngf, static_cast&lt;double&gt;(getTickCount() - starttime) &#x2F; CLK_PS, nf, ng, nR, nV, nVp);
│                                                                                                         ^
│ src&#x2F;Solvers.cpp:20:104: warning: format &#39;%d&#39; expects argument of type &#39;int&#39;, but argument 7 has type &#39;std::ptrdiff_t {aka long int}&#39; [-Wformat=]
│ src&#x2F;Solvers.cpp:20:104: warning: format &#39;%d&#39; expects argument of type &#39;int&#39;, but argument 8 has type &#39;std::ptrdiff_t {aka long int}&#39; [-Wformat=]
│ src&#x2F;Solvers.cpp:20:104: warning: format &#39;%d&#39; expects argument of type &#39;int&#39;, but argument 9 has type &#39;std::ptrdiff_t {aka long int}&#39; [-Wformat=]
│ src&#x2F;Solvers.cpp:20:104: warning: format &#39;%d&#39; expects argument of type &#39;int&#39;, but argument 10 has type &#39;std::ptrdiff_t {aka long int}&#39; [-Wformat=]
│ src&#x2F;Solvers.cpp:20:104: warning: format &#39;%d&#39; expects argument of type &#39;int&#39;, but argument 11 has type &#39;std::ptrdiff_t {aka long int}&#39; [-Wformat=]
│ g++ -fPIC -std=c++11 -O3 -g   -Iincl&#x2F; -c -o src&#x2F;SolversLS.o src&#x2F;SolversLS.cpp
│ src&#x2F;SolversLS.cpp: In member function &#39;virtual void SolversLS::Run()&#39;:
│ src&#x2F;SolversLS.cpp:42:51: warning: format &#39;%d&#39; expects argument of type &#39;int&#39;, but argument 2 has type &#39;std::ptrdiff_t {aka long int}&#39; [-Wformat=]
│    printf(&quot;i:%d,f:%.3e,|gf|:%.3e,\n&quot;, iter, f1, ngf);
│                                       ~~~~         ^
│ src&#x2F;SolversLS.cpp:92:40: warning: format &#39;%d&#39; expects argument of type &#39;int&#39;, but argument 2 has type &#39;std::ptrdiff_t {aka long int}&#39; [-Wformat=]
│    printf(&quot;Iter:%d,f:%.3e,|gf|:%.3e,|gf|&#x2F;|gf0|:%.3e,time:%.2e,nf:%d,ng:%d,nR:%d,&quot;, iter, f2,
│                                                                                    ~~~~
│     ngf, ngf &#x2F; ngf0, ComTime, nf, ng, nR);
│                                         ^
│ src&#x2F;SolversLS.cpp:92:40: warning: format &#39;%d&#39; expects argument of type &#39;int&#39;, but argument 7 has type &#39;std::ptrdiff_t {aka long int}&#39; [-Wformat=]
│ src&#x2F;SolversLS.cpp:92:40: warning: format &#39;%d&#39; expects argument of type &#39;int&#39;, but argument 8 has type &#39;std::ptrdiff_t {aka long int}&#39; [-Wformat=]
│ src&#x2F;SolversLS.cpp:92:40: warning: format &#39;%d&#39; expects argument of type &#39;int&#39;, but argument 9 has type &#39;std::ptrdiff_t {aka long int}&#39; [-Wformat=]
│ src&#x2F;SolversLS.cpp:95:23: warning: format &#39;%d&#39; expects argument of type &#39;int&#39;, but argument 2 has type &#39;std::ptrdiff_t {aka long int}&#39; [-Wformat=]
│     printf(&quot;nH:%d,&quot;, nH);
│                      ~~^
│ src&#x2F;SolversLS.cpp:99:37: warning: format &#39;%d&#39; expects argument of type &#39;int&#39;, but argument 2 has type &#39;std::ptrdiff_t {aka long int}&#39; [-Wformat=]
│     printf(&quot;nV(nVp):%d(%d),&quot;, nV, nVp);
│                               ~~     ^
│ src&#x2F;SolversLS.cpp:99:37: warning: format &#39;%d&#39; expects argument of type &#39;int&#39;, but argument 3 has type &#39;std::ptrdiff_t {aka long int}&#39; [-Wformat=]
│ g++ -fPIC -std=c++11 -O3 -g   -Iincl&#x2F; -c -o src&#x2F;SolversTR.o src&#x2F;SolversTR.cpp
│ src&#x2F;SolversTR.cpp: In member function &#39;virtual void SolversTR::Run()&#39;:
│ src&#x2F;SolversTR.cpp:21:51: warning: format &#39;%d&#39; expects argument of type &#39;int&#39;, but argument 2 has type &#39;std::ptrdiff_t {aka long int}&#39; [-Wformat=]
│    printf(&quot;i:%d,f:%.3e,|gf|:%.3e,\n&quot;, iter, f1, ngf);
│                                       ~~~~         ^
│ src&#x2F;SolversTR.cpp:99:40: warning: format &#39;%d&#39; expects argument of type &#39;int&#39;, but argument 2 has type &#39;std::ptrdiff_t {aka long int}&#39; [-Wformat=]
│    printf(&quot;Iter:%d,f:%.3e,|gf|:%.3e,|gf|&#x2F;|gf0|:%.3e,time:%.2e,nf:%d,ng:%d,nR:%d,&quot;, iter, f2,
│                                                                                    ~~~~
│     ngf, ngf &#x2F; ngf0, ComTime, nf, ng, nR);
│                                         ^
│ src&#x2F;SolversTR.cpp:99:40: warning: format &#39;%d&#39; expects argument of type &#39;int&#39;, but argument 7 has type &#39;std::ptrdiff_t {aka long int}&#39; [-Wformat=]
│ src&#x2F;SolversTR.cpp:99:40: warning: format &#39;%d&#39; expects argument of type &#39;int&#39;, but argument 8 has type &#39;std::ptrdiff_t {aka long int}&#39; [-Wformat=]
│ src&#x2F;SolversTR.cpp:99:40: warning: format &#39;%d&#39; expects argument of type &#39;int&#39;, but argument 9 has type &#39;std::ptrdiff_t {aka long int}&#39; [-Wformat=]
│ src&#x2F;SolversTR.cpp:102:23: warning: format &#39;%d&#39; expects argument of type &#39;int&#39;, but argument 2 has type &#39;std::ptrdiff_t {aka long int}&#39; [-Wformat=]
│     printf(&quot;nH:%d,&quot;, nH);
│                      ~~^
│ src&#x2F;SolversTR.cpp:106:37: warning: format &#39;%d&#39; expects argument of type &#39;int&#39;, but argument 2 has type &#39;std::ptrdiff_t {aka long int}&#39; [-Wformat=]
│     printf(&quot;nV(nVp):%d(%d),&quot;, nV, nVp);
│                               ~~     ^
│ src&#x2F;SolversTR.cpp:106:37: warning: format &#39;%d&#39; expects argument of type &#39;int&#39;, but argument 3 has type &#39;std::ptrdiff_t {aka long int}&#39; [-Wformat=]
│ src&#x2F;SolversTR.cpp: In member function &#39;virtual void SolversTR::PrintGenInfo()&#39;:
│ src&#x2F;SolversTR.cpp:215:129: warning: format &#39;%d&#39; expects argument of type &#39;int&#39;, but argument 2 has type &#39;std::ptrdiff_t {aka long int}&#39; [-Wformat=]
│   printf(&quot;nH:%d,rho:%.2e,radius:%.3e,tCGstatus:%s,innerIter:%d,&quot;, nH, rho, Delta, tCGstatusSetnames[tCGstatus].c_str(), innerIter);
│                                                                   ~~                                                             ^
│ src&#x2F;SolversTR.cpp:215:129: warning: format &#39;%d&#39; expects argument of type &#39;int&#39;, but argument 6 has type &#39;std::ptrdiff_t {aka long int}&#39; [-Wformat=]
│ g++ -fPIC -std=c++11 -O3 -g   -Iincl&#x2F; -c -o src&#x2F;Sphere.o src&#x2F;Sphere.cpp
│ g++ -fPIC -std=c++11 -O3 -g   -Iincl&#x2F; -c -o src&#x2F;SphereVariable.o src&#x2F;SphereVariable.cpp
│ g++ -fPIC -std=c++11 -O3 -g   -Iincl&#x2F; -c -o src&#x2F;SphereVector.o src&#x2F;SphereVector.cpp
│ g++ -fPIC -std=c++11 -O3 -g   -Iincl&#x2F; -c -o src&#x2F;Spline.o src&#x2F;Spline.cpp
│ g++ -fPIC -std=c++11 -O3 -g   -Iincl&#x2F; -c -o src&#x2F;StieBrockett.o src&#x2F;StieBrockett.cpp
│ g++ -fPIC -std=c++11 -O3 -g   -Iincl&#x2F; -c -o src&#x2F;StieSoftICA.o src&#x2F;StieSoftICA.cpp
│ g++ -fPIC -std=c++11 -O3 -g   -Iincl&#x2F; -c -o src&#x2F;StieSumBrockett.o src&#x2F;StieSumBrockett.cpp
│ g++ -fPIC -std=c++11 -O3 -g   -Iincl&#x2F; -c -o src&#x2F;StieVariable.o src&#x2F;StieVariable.cpp
│ g++ -fPIC -std=c++11 -O3 -g   -Iincl&#x2F; -c -o src&#x2F;StieVector.o src&#x2F;StieVector.cpp
│ g++ -fPIC -std=c++11 -O3 -g   -Iincl&#x2F; -c -o src&#x2F;Stiefel.o src&#x2F;Stiefel.cpp
│ g++ -fPIC -std=c++11 -O3 -g   -Iincl&#x2F; -c -o src&#x2F;TestElasticCurvesRO.o src&#x2F;TestElasticCurvesRO.cpp
│ g++ -fPIC -std=c++11 -O3 -g   -Iincl&#x2F; -c -o src&#x2F;Timer.o src&#x2F;Timer.cpp
│ g++ -fPIC -std=c++11 -O3 -g   -Iincl&#x2F; -c -o src&#x2F;WeightedLowRank.o src&#x2F;WeightedLowRank.cpp
│ g++ -fPIC -std=c++11 -O3 -g   -Iincl&#x2F; -c -o src&#x2F;randgen.o src&#x2F;randgen.cpp
│ g++ -shared  -o gropt.so src&#x2F;DriverElasticCurvesRO.o src&#x2F;DriverMexProb.o src&#x2F;ElasticCurvesRO.o src&#x2F;ElasticCurvesReparam.o src&#x2F;Element.o src&#x2F;EucFrechetMean.o src&#x2F;EucQuadratic.o src&#x2F;EucVariable.o src&#x2F;EucVector.o src&#x2F;Euclidean.o src&#x2F;ForDebug.o src&#x2F;L2Sphere.o src&#x2F;L2SphereVariable.o src&#x2F;L2SphereVector.o src&#x2F;LRBFGS.o src&#x2F;LRTRSR1.o src&#x2F;LinearOPE.o src&#x2F;LowRank.o src&#x2F;LowRankVariable.o src&#x2F;LowRankVector.o src&#x2F;Manifold.o src&#x2F;Oblique.o src&#x2F;ObliqueTestSparsePCA.o src&#x2F;ObliqueVariable.o src&#x2F;ObliqueVector.o src&#x2F;OrthGroup.o src&#x2F;OrthGroupVariable.o src&#x2F;OrthGroupVector.o src&#x2F;Problem.o src&#x2F;ProductElement.o src&#x2F;ProductManifold.o src&#x2F;RBFGS.o src&#x2F;RBroydenFamily.o src&#x2F;RCG.o src&#x2F;RNewton.o src&#x2F;RSD.o src&#x2F;RTRNewton.o src&#x2F;RTRSD.o src&#x2F;RTRSR1.o src&#x2F;RWRBFGS.o src&#x2F;SharedSpace.o src&#x2F;SmartSpace.o src&#x2F;Solvers.o src&#x2F;SolversLS.o src&#x2F;SolversTR.o src&#x2F;Sphere.o src&#x2F;SphereVariable.o src&#x2F;SphereVector.o src&#x2F;Spline.o src&#x2F;StieBrockett.o src&#x2F;StieSoftICA.o src&#x2F;StieSumBrockett.o src&#x2F;StieVariable.o src&#x2F;StieVector.o src&#x2F;Stiefel.o src&#x2F;TestElasticCurvesRO.o src&#x2F;Timer.o src&#x2F;WeightedLowRank.o src&#x2F;randgen.o -lblas -llapack
│ &#x2F;usr&#x2F;bin&#x2F;ld: cannot find -lblas
│ &#x2F;usr&#x2F;bin&#x2F;ld: cannot find -llapack
│ collect2: error: ld returned 1 exit status
│ Makefile:46: recipe for target &#39;gropt.so&#39; failed
│ make: *** [gropt.so] Error 1
│ ERROR: LoadError: failed process: Process(`make SUFFIX=so`, ProcessExited(2)) [2]
│ 
│ Stacktrace:
│  [1] pipeline_error at .&#x2F;process.jl:813 [inlined]
│  [2] #run#536(::Bool, ::typeof(run), ::Cmd) at .&#x2F;process.jl:728
│  [3] run(::Cmd) at .&#x2F;process.jl:726
│  [4] top-level scope at &#x2F;root&#x2F;.julia&#x2F;packages&#x2F;ElasticFDA&#x2F;d5Ypy&#x2F;deps&#x2F;build.jl:8
│  [5] include at .&#x2F;boot.jl:328 [inlined]
│  [6] include_relative(::Module, ::String) at .&#x2F;loading.jl:1094
│  [7] include(::Module, ::String) at .&#x2F;Base.jl:31
│  [8] include(::String) at .&#x2F;client.jl:431
│  [9] top-level scope at none:5
│ in expression starting at &#x2F;root&#x2F;.julia&#x2F;packages&#x2F;ElasticFDA&#x2F;d5Ypy&#x2F;deps&#x2F;build.jl:1
└ @ Pkg.Operations &#x2F;buildworker&#x2F;worker&#x2F;package_linux64&#x2F;build&#x2F;usr&#x2F;share&#x2F;julia&#x2F;stdlib&#x2F;v1.2&#x2F;Pkg&#x2F;src&#x2F;backwards_compatible_isolation.jl:647
   Testing ElasticFDA
 Resolving package versions...
 Installed CodecZlib ────────── v0.6.0
 Installed JLD2 ─────────────── v0.1.8
 Installed FileIO ───────────── v1.0.7
 Installed TranscodingStreams ─ v0.9.5
  Building CodecZlib → `~&#x2F;.julia&#x2F;packages&#x2F;CodecZlib&#x2F;5t9zO&#x2F;deps&#x2F;build.log`
    Status `&#x2F;tmp&#x2F;jl_QX5lVP&#x2F;Manifest.toml`
  [7d9fca2a] Arpack v0.3.1
  [13072b0f] AxisAlgorithms v1.0.0
  [9e28174c] BinDeps v0.8.10
  [b99e7846] BinaryProvider v0.5.8
  [631607c0] CMake v1.1.2
  [d5fb7624] CMakeWrapper v0.2.3
  [944b1d66] CodecZlib v0.6.0
  [34da2185] Compat v2.2.0
  [9a962f9c] DataAPI v1.1.0
  [864edb3b] DataStructures v0.17.6
  [39dd38d3] Dierckx v0.4.1
  [31c24e10] Distributions v0.21.8
  [f9e31aca] ElasticFDA v0.5.2
  [5789e2e9] FileIO v1.0.7
  [a98d9a8b] Interpolations v0.12.5
  [033835bb] JLD2 v0.1.8
  [fdba3010] MathProgBase v0.7.7
  [e1d29d7a] Missings v0.4.3
  [76087f3c] NLopt v0.5.1
  [6fe1bfb0] OffsetArrays v0.11.1
  [bac558e1] OrderedCollections v1.1.0
  [90014a1f] PDMats v0.9.10
  [d96e819e] Parameters v0.12.0
  [92933f4c] ProgressMeter v0.9.0
  [1fd47b50] QuadGK v2.1.1
  [c84ed2f1] Ratios v0.3.1
  [3cdcf5f2] RecipesBase v0.7.0
  [79098fc4] Rmath v0.5.1
  [a2af1166] SortingAlgorithms v0.3.1
  [276daf66] SpecialFunctions v0.8.0
  [90137ffa] StaticArrays v0.12.1
  [2913bbd2] StatsBase v0.32.0
  [4c63d2b9] StatsFuns v0.9.0
  [3bb67fe8] TranscodingStreams v0.9.5
  [30578b45] URIParser v0.4.0
  [efce3f68] WoodburyMatrices v0.4.1
  [2a0f44e3] Base64  [`@stdlib&#x2F;Base64`]
  [ade2ca70] Dates  [`@stdlib&#x2F;Dates`]
  [8bb1440f] DelimitedFiles  [`@stdlib&#x2F;DelimitedFiles`]
  [8ba89e20] Distributed  [`@stdlib&#x2F;Distributed`]
  [b77e0a4c] InteractiveUtils  [`@stdlib&#x2F;InteractiveUtils`]
  [76f85450] LibGit2  [`@stdlib&#x2F;LibGit2`]
  [8f399da3] Libdl  [`@stdlib&#x2F;Libdl`]
  [37e2e46d] LinearAlgebra  [`@stdlib&#x2F;LinearAlgebra`]
  [56ddb016] Logging  [`@stdlib&#x2F;Logging`]
  [d6f4376e] Markdown  [`@stdlib&#x2F;Markdown`]
  [a63ad114] Mmap  [`@stdlib&#x2F;Mmap`]
  [44cfe95a] Pkg  [`@stdlib&#x2F;Pkg`]
  [de0858da] Printf  [`@stdlib&#x2F;Printf`]
  [3fa0cd96] REPL  [`@stdlib&#x2F;REPL`]
  [9a3f8284] Random  [`@stdlib&#x2F;Random`]
  [ea8e919c] SHA  [`@stdlib&#x2F;SHA`]
  [9e88b42a] Serialization  [`@stdlib&#x2F;Serialization`]
  [1a1011a3] SharedArrays  [`@stdlib&#x2F;SharedArrays`]
  [6462fe0b] Sockets  [`@stdlib&#x2F;Sockets`]
  [2f01184e] SparseArrays  [`@stdlib&#x2F;SparseArrays`]
  [10745b16] Statistics  [`@stdlib&#x2F;Statistics`]
  [4607b0f0] SuiteSparse  [`@stdlib&#x2F;SuiteSparse`]
  [8dfed614] Test  [`@stdlib&#x2F;Test`]
  [cf7118a7] UUIDs  [`@stdlib&#x2F;UUIDs`]
  [4ec0a83e] Unicode  [`@stdlib&#x2F;Unicode`]
Initializing...
Compute Karcher Mean of 21 functions in SRSF space..
updating step: r=1
updating step: r=2
Initializing...
Compute 21 functions in SRSF space to 3 fPCA components..
updating step: r=1
updating step: r=2
maximal number of iterations reached
Iteration: 1
┌ Warning: `getindex(itp::AbstractInterpolation{T, N}, i::Vararg{ExpandedIndexTypes, N}) where {T, N}` is deprecated, use `itp(i...)` instead.
│   caller = #optimum_reparam#14(::String, ::Float64, ::Float64, ::Float64, ::typeof(optimum_reparam), ::Array{Float64,1}, ::Array{Float64,1}, ::Array{Float64,1}, ::Float64) at srsf_funcs.jl:221
└ @ ElasticFDA ~&#x2F;.julia&#x2F;packages&#x2F;ElasticFDA&#x2F;d5Ypy&#x2F;src&#x2F;srsf_funcs.jl:221
Iteration: 1
   Testing ElasticFDA tests passed 
</pre>
      </div>

    <h3>Results with Julia v1.4.0-DEV-1ee8965da4</h3>

    <p>
      Testing was <strong>unsuccessful</strong>: testing failed for unknown reasons.
      Last evaluation was 1 day, 16 hours ago and took 4 minutes, 32 seconds.
    </p>

    <p>
      Click <a href="/home/tim/Julia/pkg/NewPkgEval/site/build/logs/ElasticFDA/1.4.0-DEV-1ee8965da4.log">here</a> to download the log file.
      
    </p>

      <button class="collapsible">Click here to show the log contents.</button>
      <div class="content">
      <pre> Resolving package versions...
 Installed RecipesBase ──────── v0.7.0
 Installed Missings ─────────── v0.4.3
 Installed SortingAlgorithms ── v0.3.1
 Installed Rmath ────────────── v0.5.1
 Installed NLopt ────────────── v0.5.1
 Installed BinDeps ──────────── v0.8.10
 Installed Parameters ───────── v0.12.0
 Installed ElasticFDA ───────── v0.5.2
 Installed DataAPI ──────────── v1.1.0
 Installed CMake ────────────── v1.1.2
 Installed OffsetArrays ─────── v0.11.1
 Installed ProgressMeter ────── v0.9.0
 Installed QuadGK ───────────── v2.1.1
 Installed Arpack ───────────── v0.3.1
 Installed DataStructures ───── v0.17.6
 Installed Distributions ────── v0.21.8
 Installed URIParser ────────── v0.4.0
 Installed CMakeWrapper ─────── v0.2.3
 Installed Ratios ───────────── v0.3.1
 Installed WoodburyMatrices ─── v0.4.1
 Installed StatsFuns ────────── v0.9.0
 Installed StaticArrays ─────── v0.12.1
 Installed MathProgBase ─────── v0.7.7
 Installed AxisAlgorithms ───── v1.0.0
 Installed OrderedCollections ─ v1.1.0
 Installed PDMats ───────────── v0.9.10
 Installed BinaryProvider ───── v0.5.8
 Installed StatsBase ────────── v0.32.0
 Installed SpecialFunctions ─── v0.8.0
 Installed Dierckx ──────────── v0.4.1
 Installed Compat ───────────── v2.2.0
 Installed Interpolations ───── v0.12.5
  Updating `~&#x2F;.julia&#x2F;environments&#x2F;v1.4&#x2F;Project.toml`
  [f9e31aca] + ElasticFDA v0.5.2
  Updating `~&#x2F;.julia&#x2F;environments&#x2F;v1.4&#x2F;Manifest.toml`
  [7d9fca2a] + Arpack v0.3.1
  [13072b0f] + AxisAlgorithms v1.0.0
  [9e28174c] + BinDeps v0.8.10
  [b99e7846] + BinaryProvider v0.5.8
  [631607c0] + CMake v1.1.2
  [d5fb7624] + CMakeWrapper v0.2.3
  [34da2185] + Compat v2.2.0
  [9a962f9c] + DataAPI v1.1.0
  [864edb3b] + DataStructures v0.17.6
  [39dd38d3] + Dierckx v0.4.1
  [31c24e10] + Distributions v0.21.8
  [f9e31aca] + ElasticFDA v0.5.2
  [a98d9a8b] + Interpolations v0.12.5
  [fdba3010] + MathProgBase v0.7.7
  [e1d29d7a] + Missings v0.4.3
  [76087f3c] + NLopt v0.5.1
  [6fe1bfb0] + OffsetArrays v0.11.1
  [bac558e1] + OrderedCollections v1.1.0
  [90014a1f] + PDMats v0.9.10
  [d96e819e] + Parameters v0.12.0
  [92933f4c] + ProgressMeter v0.9.0
  [1fd47b50] + QuadGK v2.1.1
  [c84ed2f1] + Ratios v0.3.1
  [3cdcf5f2] + RecipesBase v0.7.0
  [79098fc4] + Rmath v0.5.1
  [a2af1166] + SortingAlgorithms v0.3.1
  [276daf66] + SpecialFunctions v0.8.0
  [90137ffa] + StaticArrays v0.12.1
  [2913bbd2] + StatsBase v0.32.0
  [4c63d2b9] + StatsFuns v0.9.0
  [30578b45] + URIParser v0.4.0
  [efce3f68] + WoodburyMatrices v0.4.1
  [2a0f44e3] + Base64 
  [ade2ca70] + Dates 
  [8bb1440f] + DelimitedFiles 
  [8ba89e20] + Distributed 
  [b77e0a4c] + InteractiveUtils 
  [76f85450] + LibGit2 
  [8f399da3] + Libdl 
  [37e2e46d] + LinearAlgebra 
  [56ddb016] + Logging 
  [d6f4376e] + Markdown 
  [a63ad114] + Mmap 
  [44cfe95a] + Pkg 
  [de0858da] + Printf 
  [3fa0cd96] + REPL 
  [9a3f8284] + Random 
  [ea8e919c] + SHA 
  [9e88b42a] + Serialization 
  [1a1011a3] + SharedArrays 
  [6462fe0b] + Sockets 
  [2f01184e] + SparseArrays 
  [10745b16] + Statistics 
  [4607b0f0] + SuiteSparse 
  [8dfed614] + Test 
  [cf7118a7] + UUIDs 
  [4ec0a83e] + Unicode 
  Building Arpack ──────────→ `~&#x2F;.julia&#x2F;packages&#x2F;Arpack&#x2F;cu5By&#x2F;deps&#x2F;build.log`
  Building SpecialFunctions → `~&#x2F;.julia&#x2F;packages&#x2F;SpecialFunctions&#x2F;ne2iw&#x2F;deps&#x2F;build.log`
  Building Rmath ───────────→ `~&#x2F;.julia&#x2F;packages&#x2F;Rmath&#x2F;4wt82&#x2F;deps&#x2F;build.log`
  Building CMake ───────────→ `~&#x2F;.julia&#x2F;packages&#x2F;CMake&#x2F;nSK2r&#x2F;deps&#x2F;build.log`
  Building NLopt ───────────→ `~&#x2F;.julia&#x2F;packages&#x2F;NLopt&#x2F;eqN9a&#x2F;deps&#x2F;build.log`
  Building Dierckx ─────────→ `~&#x2F;.julia&#x2F;packages&#x2F;Dierckx&#x2F;9SY4A&#x2F;deps&#x2F;build.log`
  Building ElasticFDA ──────→ `~&#x2F;.julia&#x2F;packages&#x2F;ElasticFDA&#x2F;d5Ypy&#x2F;deps&#x2F;build.log`
┌ Error: Error building `ElasticFDA`: 
│ rm -f DP.o DynamicProgrammingQ2.o dp_grid.o fpls_warp_grad.o misc_funcs.o mlogit_warp_grad.o oclogit_warp_grad.o ocmlogit_warp_grad.o fdasrsf.so
│ gcc -fPIC -Wall -Wextra -O3 -g    -c -o DP.o DP.c
│ DP.c: In function &#39;DP&#39;:
│ DP.c:52:70: warning: unused parameter &#39;Disp&#39; [-Wunused-parameter]
│  void DP(double *q1, double *q2, int *n1, int *N1, double *lam1, int *Disp, double *yy) {
│                                                                       ^~~~
│ DP.c: In function &#39;CostFn2&#39;:
│ DP.c:192:105: warning: unused parameter &#39;lam&#39; [-Wunused-parameter]
│  double CostFn2(const double *q1L, const double *q2L, int k, int l, int i, int j, int n, int scl, double lam) {
│                                                                                                          ^~~
│ gcc -fPIC -Wall -Wextra -O3 -g    -c -o DynamicProgrammingQ2.o DynamicProgrammingQ2.c
│ gcc -fPIC -Wall -Wextra -O3 -g    -c -o dp_grid.o dp_grid.c
│ gcc -fPIC -Wall -Wextra -O3 -g    -c -o fpls_warp_grad.o fpls_warp_grad.c
│ fpls_warp_grad.c: In function &#39;fpls_warp_grad&#39;:
│ fpls_warp_grad.c:35:41: warning: unused variable &#39;gamI_ptr&#39; [-Wunused-variable]
│   double *grad_ptr, *rfi_ptr, *rgi_ptr, *gamI_ptr;
│                                          ^~~~~~~~
│ fpls_warp_grad.c:34:53: warning: unused variable &#39;tmpj_ptr&#39; [-Wunused-variable]
│   double *xout_ptr, *tmp_ptr, *tmp1_ptr, *tmpi_ptr, *tmpj_ptr;
│                                                      ^~~~~~~~
│ fpls_warp_grad.c:23:80: warning: unused variable &#39;gamI&#39; [-Wunused-variable]
│   double psi1[TT*N], gam2[TT*N], rfi_diff[TT], rgi_diff[TT], grad[TT], vec[TT], gamI[TT];
│                                                                                 ^~~~
│ fpls_warp_grad.c:21:9: warning: unused variable &#39;tmp2&#39; [-Wunused-variable]
│   double tmp2 = 0;
│          ^~~~
│ fpls_warp_grad.c:14:18: warning: unused variable &#39;gam&#39; [-Wunused-variable]
│   double t = *ti, gam = *gami;
│                   ^~~
│ fpls_warp_grad.c:14:9: warning: unused variable &#39;t&#39; [-Wunused-variable]
│   double t = *ti, gam = *gami;
│          ^
│ gcc -fPIC -Wall -Wextra -O3 -g    -c -o misc_funcs.o misc_funcs.c
│ misc_funcs.c: In function &#39;SqrtMeanInverse&#39;:
│ misc_funcs.c:462:49: warning: variable &#39;v&#39; set but not used [-Wunused-but-set-variable]
│      double psi[T*n], gam[T*n], mu[T], vec[T*n], v[T], y[T], tmpi, len, vm[T], mnpsi[T], dqq[n];
│                                                  ^
│ gcc -fPIC -Wall -Wextra -O3 -g    -c -o mlogit_warp_grad.o mlogit_warp_grad.c
│ mlogit_warp_grad.c: In function &#39;mlogit_warp_grad&#39;:
│ mlogit_warp_grad.c:15:9: warning: unused variable &#39;t&#39; [-Wunused-variable]
│   double t = *ti;
│          ^
│ gcc -fPIC -Wall -Wextra -O3 -g    -c -o oclogit_warp_grad.o oclogit_warp_grad.c
│ oclogit_warp_grad.c: In function &#39;oclogit_warp_grad&#39;:
│ oclogit_warp_grad.c:33:40: warning: variable &#39;tmp5_ptr&#39; set but not used [-Wunused-but-set-variable]
│   double *ftmp_ptr, *c_ptr, *cbar_ptr, *tmp5_ptr, *hpsi_ptr, *psi_ptr;
│                                         ^~~~~~~~
│ oclogit_warp_grad.c:31:57: warning: unused variable &#39;A_ptr&#39; [-Wunused-variable]
│   double *t_ptr, *gam1_ptr, *f_basis_ptr, *q_tilde_ptr, *A_ptr, *nu_ptr;
│                                                          ^~~~~
│ oclogit_warp_grad.c:31:29: warning: variable &#39;f_basis_ptr&#39; set but not used [-Wunused-but-set-variable]
│   double *t_ptr, *gam1_ptr, *f_basis_ptr, *q_tilde_ptr, *A_ptr, *nu_ptr;
│                              ^~~~~~~~~~~
│ oclogit_warp_grad.c:28:9: warning: variable &#39;max_val_change&#39; set but not used [-Wunused-but-set-variable]
│   double max_val_change, res_cos, res_sin, hO;
│          ^~~~~~~~~~~~~~
│ gcc -fPIC -Wall -Wextra -O3 -g    -c -o ocmlogit_warp_grad.o ocmlogit_warp_grad.c
│ ocmlogit_warp_grad.c: In function &#39;ocmlogit_warp_grad&#39;:
│ ocmlogit_warp_grad.c:38:21: warning: variable &#39;tmp5_ptr&#39; set but not used [-Wunused-but-set-variable]
│   double *ftmp_ptr, *tmp5_ptr, *tmp6_ptr, *tmp7_ptr, *tmp8_ptr;
│                      ^~~~~~~~
│ ocmlogit_warp_grad.c:37:10: warning: unused variable &#39;hO_ptr&#39; [-Wunused-variable]
│   double *hO_ptr, *O_tmp_ptr, *q_tilde_diff_ptr, *c_ptr, *cbar_ptr;
│           ^~~~~~
│ ocmlogit_warp_grad.c:36:50: warning: unused variable &#39;tmp4_ptr&#39; [-Wunused-variable]
│   double *tmp2_ptr, *tmp3_ptr, *O1_ptr, *O2_ptr, *tmp4_ptr;
│                                                   ^~~~~~~~
│ ocmlogit_warp_grad.c:36:41: warning: unused variable &#39;O2_ptr&#39; [-Wunused-variable]
│   double *tmp2_ptr, *tmp3_ptr, *O1_ptr, *O2_ptr, *tmp4_ptr;
│                                          ^~~~~~
│ ocmlogit_warp_grad.c:36:21: warning: unused variable &#39;tmp3_ptr&#39; [-Wunused-variable]
│   double *tmp2_ptr, *tmp3_ptr, *O1_ptr, *O2_ptr, *tmp4_ptr;
│                      ^~~~~~~~
│ ocmlogit_warp_grad.c:35:27: warning: unused variable &#39;E_ptr&#39; [-Wunused-variable]
│   double *nu_ptr, *B_ptr, *E_ptr, *q_tmp_ptr, *alpha_ptr;
│                            ^~~~~
│ ocmlogit_warp_grad.c:34:40: warning: unused variable &#39;tmpi_ptr&#39; [-Wunused-variable]
│   double *t_ptr, *f_basis_ptr, *A_ptr, *tmpi_ptr, *q_tilde_ptr;
│                                         ^~~~~~~~
│ ocmlogit_warp_grad.c:34:18: warning: variable &#39;f_basis_ptr&#39; set but not used [-Wunused-but-set-variable]
│   double *t_ptr, *f_basis_ptr, *A_ptr, *tmpi_ptr, *q_tilde_ptr;
│                   ^~~~~~~~~~~
│ ocmlogit_warp_grad.c:31:9: warning: variable &#39;max_val_change&#39; set but not used [-Wunused-but-set-variable]
│   double max_val_change, res_cos, res_sin, theta, thetanew;
│          ^~~~~~~~~~~~~~
│ ocmlogit_warp_grad.c:24:39: warning: unused variable &#39;E&#39; [-Wunused-variable]
│   double t[TT], O1[4], O2[4], binsize, E[4], A[m], O_tmp[4];
│                                        ^
│ ocmlogit_warp_grad.c:19:15: warning: unused variable &#39;kk&#39; [-Wunused-variable]
│   int k, j, l, kk, jj;
│                ^~
│ gcc -fPIC -Wall -Wextra -O3 -g  DP.o DynamicProgrammingQ2.o dp_grid.o fpls_warp_grad.o misc_funcs.o mlogit_warp_grad.o oclogit_warp_grad.o ocmlogit_warp_grad.o -o fdasrsf.so -shared   
│ rm -f src&#x2F;DriverElasticCurvesRO.o src&#x2F;DriverMexProb.o src&#x2F;ElasticCurvesRO.o src&#x2F;ElasticCurvesReparam.o src&#x2F;Element.o src&#x2F;EucFrechetMean.o src&#x2F;EucQuadratic.o src&#x2F;EucVariable.o src&#x2F;EucVector.o src&#x2F;Euclidean.o src&#x2F;ForDebug.o src&#x2F;L2Sphere.o src&#x2F;L2SphereVariable.o src&#x2F;L2SphereVector.o src&#x2F;LRBFGS.o src&#x2F;LRTRSR1.o src&#x2F;LinearOPE.o src&#x2F;LowRank.o src&#x2F;LowRankVariable.o src&#x2F;LowRankVector.o src&#x2F;Manifold.o src&#x2F;Oblique.o src&#x2F;ObliqueTestSparsePCA.o src&#x2F;ObliqueVariable.o src&#x2F;ObliqueVector.o src&#x2F;OrthGroup.o src&#x2F;OrthGroupVariable.o src&#x2F;OrthGroupVector.o src&#x2F;Problem.o src&#x2F;ProductElement.o src&#x2F;ProductManifold.o src&#x2F;RBFGS.o src&#x2F;RBroydenFamily.o src&#x2F;RCG.o src&#x2F;RNewton.o src&#x2F;RSD.o src&#x2F;RTRNewton.o src&#x2F;RTRSD.o src&#x2F;RTRSR1.o src&#x2F;RWRBFGS.o src&#x2F;SharedSpace.o src&#x2F;SmartSpace.o src&#x2F;Solvers.o src&#x2F;SolversLS.o src&#x2F;SolversTR.o src&#x2F;Sphere.o src&#x2F;SphereVariable.o src&#x2F;SphereVector.o src&#x2F;Spline.o src&#x2F;StieBrockett.o src&#x2F;StieSoftICA.o src&#x2F;StieSumBrockett.o src&#x2F;StieVariable.o src&#x2F;StieVector.o src&#x2F;Stiefel.o src&#x2F;TestElasticCurvesRO.o src&#x2F;Timer.o src&#x2F;WeightedLowRank.o src&#x2F;randgen.o gropt.so
│ g++ -fPIC -std=c++11 -O3 -g   -Iincl&#x2F; -c -o src&#x2F;DriverElasticCurvesRO.o src&#x2F;DriverElasticCurvesRO.cpp
│ g++ -fPIC -std=c++11 -O3 -g   -Iincl&#x2F; -c -o src&#x2F;DriverMexProb.o src&#x2F;DriverMexProb.cpp
│ g++ -fPIC -std=c++11 -O3 -g   -Iincl&#x2F; -c -o src&#x2F;ElasticCurvesRO.o src&#x2F;ElasticCurvesRO.cpp
│ g++ -fPIC -std=c++11 -O3 -g   -Iincl&#x2F; -c -o src&#x2F;ElasticCurvesReparam.o src&#x2F;ElasticCurvesReparam.cpp
│ g++ -fPIC -std=c++11 -O3 -g   -Iincl&#x2F; -c -o src&#x2F;Element.o src&#x2F;Element.cpp
│ g++ -fPIC -std=c++11 -O3 -g   -Iincl&#x2F; -c -o src&#x2F;EucFrechetMean.o src&#x2F;EucFrechetMean.cpp
│ g++ -fPIC -std=c++11 -O3 -g   -Iincl&#x2F; -c -o src&#x2F;EucQuadratic.o src&#x2F;EucQuadratic.cpp
│ g++ -fPIC -std=c++11 -O3 -g   -Iincl&#x2F; -c -o src&#x2F;EucVariable.o src&#x2F;EucVariable.cpp
│ g++ -fPIC -std=c++11 -O3 -g   -Iincl&#x2F; -c -o src&#x2F;EucVector.o src&#x2F;EucVector.cpp
│ g++ -fPIC -std=c++11 -O3 -g   -Iincl&#x2F; -c -o src&#x2F;Euclidean.o src&#x2F;Euclidean.cpp
│ g++ -fPIC -std=c++11 -O3 -g   -Iincl&#x2F; -c -o src&#x2F;ForDebug.o src&#x2F;ForDebug.cpp
│ g++ -fPIC -std=c++11 -O3 -g   -Iincl&#x2F; -c -o src&#x2F;L2Sphere.o src&#x2F;L2Sphere.cpp
│ g++ -fPIC -std=c++11 -O3 -g   -Iincl&#x2F; -c -o src&#x2F;L2SphereVariable.o src&#x2F;L2SphereVariable.cpp
│ g++ -fPIC -std=c++11 -O3 -g   -Iincl&#x2F; -c -o src&#x2F;L2SphereVector.o src&#x2F;L2SphereVector.cpp
│ g++ -fPIC -std=c++11 -O3 -g   -Iincl&#x2F; -c -o src&#x2F;LRBFGS.o src&#x2F;LRBFGS.cpp
│ g++ -fPIC -std=c++11 -O3 -g   -Iincl&#x2F; -c -o src&#x2F;LRTRSR1.o src&#x2F;LRTRSR1.cpp
│ g++ -fPIC -std=c++11 -O3 -g   -Iincl&#x2F; -c -o src&#x2F;LinearOPE.o src&#x2F;LinearOPE.cpp
│ g++ -fPIC -std=c++11 -O3 -g   -Iincl&#x2F; -c -o src&#x2F;LowRank.o src&#x2F;LowRank.cpp
│ g++ -fPIC -std=c++11 -O3 -g   -Iincl&#x2F; -c -o src&#x2F;LowRankVariable.o src&#x2F;LowRankVariable.cpp
│ g++ -fPIC -std=c++11 -O3 -g   -Iincl&#x2F; -c -o src&#x2F;LowRankVector.o src&#x2F;LowRankVector.cpp
│ g++ -fPIC -std=c++11 -O3 -g   -Iincl&#x2F; -c -o src&#x2F;Manifold.o src&#x2F;Manifold.cpp
│ g++ -fPIC -std=c++11 -O3 -g   -Iincl&#x2F; -c -o src&#x2F;Oblique.o src&#x2F;Oblique.cpp
│ g++ -fPIC -std=c++11 -O3 -g   -Iincl&#x2F; -c -o src&#x2F;ObliqueTestSparsePCA.o src&#x2F;ObliqueTestSparsePCA.cpp
│ g++ -fPIC -std=c++11 -O3 -g   -Iincl&#x2F; -c -o src&#x2F;ObliqueVariable.o src&#x2F;ObliqueVariable.cpp
│ g++ -fPIC -std=c++11 -O3 -g   -Iincl&#x2F; -c -o src&#x2F;ObliqueVector.o src&#x2F;ObliqueVector.cpp
│ g++ -fPIC -std=c++11 -O3 -g   -Iincl&#x2F; -c -o src&#x2F;OrthGroup.o src&#x2F;OrthGroup.cpp
│ g++ -fPIC -std=c++11 -O3 -g   -Iincl&#x2F; -c -o src&#x2F;OrthGroupVariable.o src&#x2F;OrthGroupVariable.cpp
│ g++ -fPIC -std=c++11 -O3 -g   -Iincl&#x2F; -c -o src&#x2F;OrthGroupVector.o src&#x2F;OrthGroupVector.cpp
│ g++ -fPIC -std=c++11 -O3 -g   -Iincl&#x2F; -c -o src&#x2F;Problem.o src&#x2F;Problem.cpp
│ src&#x2F;Problem.cpp: In member function &#39;virtual void Problem::CheckGradHessian(const Element*) const&#39;:
│ src&#x2F;Problem.cpp:55:78: warning: format &#39;%d&#39; expects argument of type &#39;int&#39;, but argument 2 has type &#39;std::ptrdiff_t {aka long int}&#39; [-Wformat=]
│     (fy - fx - Domain-&gt;Metric(x, gfx, xi)) &#x2F; (0.5 * Domain-&gt;Metric(x, xi, Hv)));
│                                                                               ^
│ g++ -fPIC -std=c++11 -O3 -g   -Iincl&#x2F; -c -o src&#x2F;ProductElement.o src&#x2F;ProductElement.cpp
│ g++ -fPIC -std=c++11 -O3 -g   -Iincl&#x2F; -c -o src&#x2F;ProductManifold.o src&#x2F;ProductManifold.cpp
│ g++ -fPIC -std=c++11 -O3 -g   -Iincl&#x2F; -c -o src&#x2F;RBFGS.o src&#x2F;RBFGS.cpp
│ g++ -fPIC -std=c++11 -O3 -g   -Iincl&#x2F; -c -o src&#x2F;RBroydenFamily.o src&#x2F;RBroydenFamily.cpp
│ g++ -fPIC -std=c++11 -O3 -g   -Iincl&#x2F; -c -o src&#x2F;RCG.o src&#x2F;RCG.cpp
│ g++ -fPIC -std=c++11 -O3 -g   -Iincl&#x2F; -c -o src&#x2F;RNewton.o src&#x2F;RNewton.cpp
│ src&#x2F;RNewton.cpp: In member function &#39;virtual void RNewton::PrintInfo()&#39;:
│ src&#x2F;RNewton.cpp:80:104: warning: format &#39;%d&#39; expects argument of type &#39;int&#39;, but argument 2 has type &#39;std::ptrdiff_t {aka long int}&#39; [-Wformat=]
│   printf(&quot;\n\tnH:%d,tCGstatus:%s,innerIter:%d,&quot;, nH, tCGLSstatusSetnames[tCGLSstatus].c_str(), innerIter);
│                                                  ~~                                                     ^
│ src&#x2F;RNewton.cpp:80:104: warning: format &#39;%d&#39; expects argument of type &#39;int&#39;, but argument 4 has type &#39;std::ptrdiff_t {aka long int}&#39; [-Wformat=]
│ g++ -fPIC -std=c++11 -O3 -g   -Iincl&#x2F; -c -o src&#x2F;RSD.o src&#x2F;RSD.cpp
│ g++ -fPIC -std=c++11 -O3 -g   -Iincl&#x2F; -c -o src&#x2F;RTRNewton.o src&#x2F;RTRNewton.cpp
│ g++ -fPIC -std=c++11 -O3 -g   -Iincl&#x2F; -c -o src&#x2F;RTRSD.o src&#x2F;RTRSD.cpp
│ g++ -fPIC -std=c++11 -O3 -g   -Iincl&#x2F; -c -o src&#x2F;RTRSR1.o src&#x2F;RTRSR1.cpp
│ g++ -fPIC -std=c++11 -O3 -g   -Iincl&#x2F; -c -o src&#x2F;RWRBFGS.o src&#x2F;RWRBFGS.cpp
│ g++ -fPIC -std=c++11 -O3 -g   -Iincl&#x2F; -c -o src&#x2F;SharedSpace.o src&#x2F;SharedSpace.cpp
│ g++ -fPIC -std=c++11 -O3 -g   -Iincl&#x2F; -c -o src&#x2F;SmartSpace.o src&#x2F;SmartSpace.cpp
│ g++ -fPIC -std=c++11 -O3 -g   -Iincl&#x2F; -c -o src&#x2F;Solvers.o src&#x2F;Solvers.cpp
│ src&#x2F;Solvers.cpp: In member function &#39;virtual void Solvers::PrintGenInfo()&#39;:
│ src&#x2F;Solvers.cpp:17:95: warning: format &#39;%d&#39; expects argument of type &#39;int&#39;, but argument 2 has type &#39;std::ptrdiff_t {aka long int}&#39; [-Wformat=]
│    printf(&quot;i:%d,f:%.3e,df&#x2F;f:%.3e,|gf|:%.3e,time:%.2e,nf:%d,ng:%d,nR:%d,&quot;, iter, f2, 
│                                                                           ~~~~                  
│     ((f1 - f2) &#x2F; f2), ngf, static_cast&lt;double&gt;(getTickCount() - starttime) &#x2F; CLK_PS, nf, ng, nR);
│                                                                                                ^
│ src&#x2F;Solvers.cpp:17:95: warning: format &#39;%d&#39; expects argument of type &#39;int&#39;, but argument 7 has type &#39;std::ptrdiff_t {aka long int}&#39; [-Wformat=]
│ src&#x2F;Solvers.cpp:17:95: warning: format &#39;%d&#39; expects argument of type &#39;int&#39;, but argument 8 has type &#39;std::ptrdiff_t {aka long int}&#39; [-Wformat=]
│ src&#x2F;Solvers.cpp:17:95: warning: format &#39;%d&#39; expects argument of type &#39;int&#39;, but argument 9 has type &#39;std::ptrdiff_t {aka long int}&#39; [-Wformat=]
│ src&#x2F;Solvers.cpp:20:104: warning: format &#39;%d&#39; expects argument of type &#39;int&#39;, but argument 2 has type &#39;std::ptrdiff_t {aka long int}&#39; [-Wformat=]
│    printf(&quot;i:%d,f:%.3e,df&#x2F;f:%.3e,|gf|:%.3e,time:%.2e,nf:%d,ng:%d,nR:%d,nV(nVp):%d(%d),&quot;, iter, f2,
│                                                                                          ~~~~            
│     ((f1 - f2) &#x2F; f2), ngf, static_cast&lt;double&gt;(getTickCount() - starttime) &#x2F; CLK_PS, nf, ng, nR, nV, nVp);
│                                                                                                         ^
│ src&#x2F;Solvers.cpp:20:104: warning: format &#39;%d&#39; expects argument of type &#39;int&#39;, but argument 7 has type &#39;std::ptrdiff_t {aka long int}&#39; [-Wformat=]
│ src&#x2F;Solvers.cpp:20:104: warning: format &#39;%d&#39; expects argument of type &#39;int&#39;, but argument 8 has type &#39;std::ptrdiff_t {aka long int}&#39; [-Wformat=]
│ src&#x2F;Solvers.cpp:20:104: warning: format &#39;%d&#39; expects argument of type &#39;int&#39;, but argument 9 has type &#39;std::ptrdiff_t {aka long int}&#39; [-Wformat=]
│ src&#x2F;Solvers.cpp:20:104: warning: format &#39;%d&#39; expects argument of type &#39;int&#39;, but argument 10 has type &#39;std::ptrdiff_t {aka long int}&#39; [-Wformat=]
│ src&#x2F;Solvers.cpp:20:104: warning: format &#39;%d&#39; expects argument of type &#39;int&#39;, but argument 11 has type &#39;std::ptrdiff_t {aka long int}&#39; [-Wformat=]
│ g++ -fPIC -std=c++11 -O3 -g   -Iincl&#x2F; -c -o src&#x2F;SolversLS.o src&#x2F;SolversLS.cpp
│ src&#x2F;SolversLS.cpp: In member function &#39;virtual void SolversLS::Run()&#39;:
│ src&#x2F;SolversLS.cpp:42:51: warning: format &#39;%d&#39; expects argument of type &#39;int&#39;, but argument 2 has type &#39;std::ptrdiff_t {aka long int}&#39; [-Wformat=]
│    printf(&quot;i:%d,f:%.3e,|gf|:%.3e,\n&quot;, iter, f1, ngf);
│                                       ~~~~         ^
│ src&#x2F;SolversLS.cpp:92:40: warning: format &#39;%d&#39; expects argument of type &#39;int&#39;, but argument 2 has type &#39;std::ptrdiff_t {aka long int}&#39; [-Wformat=]
│    printf(&quot;Iter:%d,f:%.3e,|gf|:%.3e,|gf|&#x2F;|gf0|:%.3e,time:%.2e,nf:%d,ng:%d,nR:%d,&quot;, iter, f2,
│                                                                                    ~~~~
│     ngf, ngf &#x2F; ngf0, ComTime, nf, ng, nR);
│                                         ^
│ src&#x2F;SolversLS.cpp:92:40: warning: format &#39;%d&#39; expects argument of type &#39;int&#39;, but argument 7 has type &#39;std::ptrdiff_t {aka long int}&#39; [-Wformat=]
│ src&#x2F;SolversLS.cpp:92:40: warning: format &#39;%d&#39; expects argument of type &#39;int&#39;, but argument 8 has type &#39;std::ptrdiff_t {aka long int}&#39; [-Wformat=]
│ src&#x2F;SolversLS.cpp:92:40: warning: format &#39;%d&#39; expects argument of type &#39;int&#39;, but argument 9 has type &#39;std::ptrdiff_t {aka long int}&#39; [-Wformat=]
│ src&#x2F;SolversLS.cpp:95:23: warning: format &#39;%d&#39; expects argument of type &#39;int&#39;, but argument 2 has type &#39;std::ptrdiff_t {aka long int}&#39; [-Wformat=]
│     printf(&quot;nH:%d,&quot;, nH);
│                      ~~^
│ src&#x2F;SolversLS.cpp:99:37: warning: format &#39;%d&#39; expects argument of type &#39;int&#39;, but argument 2 has type &#39;std::ptrdiff_t {aka long int}&#39; [-Wformat=]
│     printf(&quot;nV(nVp):%d(%d),&quot;, nV, nVp);
│                               ~~     ^
│ src&#x2F;SolversLS.cpp:99:37: warning: format &#39;%d&#39; expects argument of type &#39;int&#39;, but argument 3 has type &#39;std::ptrdiff_t {aka long int}&#39; [-Wformat=]
│ g++ -fPIC -std=c++11 -O3 -g   -Iincl&#x2F; -c -o src&#x2F;SolversTR.o src&#x2F;SolversTR.cpp
│ src&#x2F;SolversTR.cpp: In member function &#39;virtual void SolversTR::Run()&#39;:
│ src&#x2F;SolversTR.cpp:21:51: warning: format &#39;%d&#39; expects argument of type &#39;int&#39;, but argument 2 has type &#39;std::ptrdiff_t {aka long int}&#39; [-Wformat=]
│    printf(&quot;i:%d,f:%.3e,|gf|:%.3e,\n&quot;, iter, f1, ngf);
│                                       ~~~~         ^
│ src&#x2F;SolversTR.cpp:99:40: warning: format &#39;%d&#39; expects argument of type &#39;int&#39;, but argument 2 has type &#39;std::ptrdiff_t {aka long int}&#39; [-Wformat=]
│    printf(&quot;Iter:%d,f:%.3e,|gf|:%.3e,|gf|&#x2F;|gf0|:%.3e,time:%.2e,nf:%d,ng:%d,nR:%d,&quot;, iter, f2,
│                                                                                    ~~~~
│     ngf, ngf &#x2F; ngf0, ComTime, nf, ng, nR);
│                                         ^
│ src&#x2F;SolversTR.cpp:99:40: warning: format &#39;%d&#39; expects argument of type &#39;int&#39;, but argument 7 has type &#39;std::ptrdiff_t {aka long int}&#39; [-Wformat=]
│ src&#x2F;SolversTR.cpp:99:40: warning: format &#39;%d&#39; expects argument of type &#39;int&#39;, but argument 8 has type &#39;std::ptrdiff_t {aka long int}&#39; [-Wformat=]
│ src&#x2F;SolversTR.cpp:99:40: warning: format &#39;%d&#39; expects argument of type &#39;int&#39;, but argument 9 has type &#39;std::ptrdiff_t {aka long int}&#39; [-Wformat=]
│ src&#x2F;SolversTR.cpp:102:23: warning: format &#39;%d&#39; expects argument of type &#39;int&#39;, but argument 2 has type &#39;std::ptrdiff_t {aka long int}&#39; [-Wformat=]
│     printf(&quot;nH:%d,&quot;, nH);
│                      ~~^
│ src&#x2F;SolversTR.cpp:106:37: warning: format &#39;%d&#39; expects argument of type &#39;int&#39;, but argument 2 has type &#39;std::ptrdiff_t {aka long int}&#39; [-Wformat=]
│     printf(&quot;nV(nVp):%d(%d),&quot;, nV, nVp);
│                               ~~     ^
│ src&#x2F;SolversTR.cpp:106:37: warning: format &#39;%d&#39; expects argument of type &#39;int&#39;, but argument 3 has type &#39;std::ptrdiff_t {aka long int}&#39; [-Wformat=]
│ src&#x2F;SolversTR.cpp: In member function &#39;virtual void SolversTR::PrintGenInfo()&#39;:
│ src&#x2F;SolversTR.cpp:215:129: warning: format &#39;%d&#39; expects argument of type &#39;int&#39;, but argument 2 has type &#39;std::ptrdiff_t {aka long int}&#39; [-Wformat=]
│   printf(&quot;nH:%d,rho:%.2e,radius:%.3e,tCGstatus:%s,innerIter:%d,&quot;, nH, rho, Delta, tCGstatusSetnames[tCGstatus].c_str(), innerIter);
│                                                                   ~~                                                             ^
│ src&#x2F;SolversTR.cpp:215:129: warning: format &#39;%d&#39; expects argument of type &#39;int&#39;, but argument 6 has type &#39;std::ptrdiff_t {aka long int}&#39; [-Wformat=]
│ g++ -fPIC -std=c++11 -O3 -g   -Iincl&#x2F; -c -o src&#x2F;Sphere.o src&#x2F;Sphere.cpp
│ g++ -fPIC -std=c++11 -O3 -g   -Iincl&#x2F; -c -o src&#x2F;SphereVariable.o src&#x2F;SphereVariable.cpp
│ g++ -fPIC -std=c++11 -O3 -g   -Iincl&#x2F; -c -o src&#x2F;SphereVector.o src&#x2F;SphereVector.cpp
│ g++ -fPIC -std=c++11 -O3 -g   -Iincl&#x2F; -c -o src&#x2F;Spline.o src&#x2F;Spline.cpp
│ g++ -fPIC -std=c++11 -O3 -g   -Iincl&#x2F; -c -o src&#x2F;StieBrockett.o src&#x2F;StieBrockett.cpp
│ g++ -fPIC -std=c++11 -O3 -g   -Iincl&#x2F; -c -o src&#x2F;StieSoftICA.o src&#x2F;StieSoftICA.cpp
│ g++ -fPIC -std=c++11 -O3 -g   -Iincl&#x2F; -c -o src&#x2F;StieSumBrockett.o src&#x2F;StieSumBrockett.cpp
│ g++ -fPIC -std=c++11 -O3 -g   -Iincl&#x2F; -c -o src&#x2F;StieVariable.o src&#x2F;StieVariable.cpp
│ g++ -fPIC -std=c++11 -O3 -g   -Iincl&#x2F; -c -o src&#x2F;StieVector.o src&#x2F;StieVector.cpp
│ g++ -fPIC -std=c++11 -O3 -g   -Iincl&#x2F; -c -o src&#x2F;Stiefel.o src&#x2F;Stiefel.cpp
│ g++ -fPIC -std=c++11 -O3 -g   -Iincl&#x2F; -c -o src&#x2F;TestElasticCurvesRO.o src&#x2F;TestElasticCurvesRO.cpp
│ g++ -fPIC -std=c++11 -O3 -g   -Iincl&#x2F; -c -o src&#x2F;Timer.o src&#x2F;Timer.cpp
│ g++ -fPIC -std=c++11 -O3 -g   -Iincl&#x2F; -c -o src&#x2F;WeightedLowRank.o src&#x2F;WeightedLowRank.cpp
│ g++ -fPIC -std=c++11 -O3 -g   -Iincl&#x2F; -c -o src&#x2F;randgen.o src&#x2F;randgen.cpp
│ g++ -shared  -o gropt.so src&#x2F;DriverElasticCurvesRO.o src&#x2F;DriverMexProb.o src&#x2F;ElasticCurvesRO.o src&#x2F;ElasticCurvesReparam.o src&#x2F;Element.o src&#x2F;EucFrechetMean.o src&#x2F;EucQuadratic.o src&#x2F;EucVariable.o src&#x2F;EucVector.o src&#x2F;Euclidean.o src&#x2F;ForDebug.o src&#x2F;L2Sphere.o src&#x2F;L2SphereVariable.o src&#x2F;L2SphereVector.o src&#x2F;LRBFGS.o src&#x2F;LRTRSR1.o src&#x2F;LinearOPE.o src&#x2F;LowRank.o src&#x2F;LowRankVariable.o src&#x2F;LowRankVector.o src&#x2F;Manifold.o src&#x2F;Oblique.o src&#x2F;ObliqueTestSparsePCA.o src&#x2F;ObliqueVariable.o src&#x2F;ObliqueVector.o src&#x2F;OrthGroup.o src&#x2F;OrthGroupVariable.o src&#x2F;OrthGroupVector.o src&#x2F;Problem.o src&#x2F;ProductElement.o src&#x2F;ProductManifold.o src&#x2F;RBFGS.o src&#x2F;RBroydenFamily.o src&#x2F;RCG.o src&#x2F;RNewton.o src&#x2F;RSD.o src&#x2F;RTRNewton.o src&#x2F;RTRSD.o src&#x2F;RTRSR1.o src&#x2F;RWRBFGS.o src&#x2F;SharedSpace.o src&#x2F;SmartSpace.o src&#x2F;Solvers.o src&#x2F;SolversLS.o src&#x2F;SolversTR.o src&#x2F;Sphere.o src&#x2F;SphereVariable.o src&#x2F;SphereVector.o src&#x2F;Spline.o src&#x2F;StieBrockett.o src&#x2F;StieSoftICA.o src&#x2F;StieSumBrockett.o src&#x2F;StieVariable.o src&#x2F;StieVector.o src&#x2F;Stiefel.o src&#x2F;TestElasticCurvesRO.o src&#x2F;Timer.o src&#x2F;WeightedLowRank.o src&#x2F;randgen.o -lblas -llapack
│ &#x2F;usr&#x2F;bin&#x2F;ld: cannot find -lblas
│ &#x2F;usr&#x2F;bin&#x2F;ld: cannot find -llapack
│ collect2: error: ld returned 1 exit status
│ Makefile:46: recipe for target &#39;gropt.so&#39; failed
│ make: *** [gropt.so] Error 1
│ ERROR: LoadError: failed process: Process(`make SUFFIX=so`, ProcessExited(2)) [2]
│ 
│ Stacktrace:
│  [1] pipeline_error at .&#x2F;process.jl:525 [inlined]
│  [2] run(::Cmd; wait::Bool) at .&#x2F;process.jl:440
│  [3] run(::Cmd) at .&#x2F;process.jl:438
│  [4] top-level scope at &#x2F;root&#x2F;.julia&#x2F;packages&#x2F;ElasticFDA&#x2F;d5Ypy&#x2F;deps&#x2F;build.jl:8
│  [5] include(::String) at .&#x2F;client.jl:439
│  [6] top-level scope at none:5
│ in expression starting at &#x2F;root&#x2F;.julia&#x2F;packages&#x2F;ElasticFDA&#x2F;d5Ypy&#x2F;deps&#x2F;build.jl:1
└ @ Pkg.Operations &#x2F;buildworker&#x2F;worker&#x2F;package_linux64&#x2F;build&#x2F;usr&#x2F;share&#x2F;julia&#x2F;stdlib&#x2F;v1.4&#x2F;Pkg&#x2F;src&#x2F;backwards_compatible_isolation.jl:601
   Testing ElasticFDA
Status `&#x2F;tmp&#x2F;jl_645xv6&#x2F;Manifest.toml`
  [7d9fca2a] Arpack v0.3.1
  [13072b0f] AxisAlgorithms v1.0.0
  [9e28174c] BinDeps v0.8.10
  [b99e7846] BinaryProvider v0.5.8
  [631607c0] CMake v1.1.2
  [d5fb7624] CMakeWrapper v0.2.3
  [34da2185] Compat v2.2.0
  [9a962f9c] DataAPI v1.1.0
  [864edb3b] DataStructures v0.17.6
  [39dd38d3] Dierckx v0.4.1
  [31c24e10] Distributions v0.21.8
  [f9e31aca] ElasticFDA v0.5.2
  [a98d9a8b] Interpolations v0.12.5
  [fdba3010] MathProgBase v0.7.7
  [e1d29d7a] Missings v0.4.3
  [76087f3c] NLopt v0.5.1
  [6fe1bfb0] OffsetArrays v0.11.1
  [bac558e1] OrderedCollections v1.1.0
  [90014a1f] PDMats v0.9.10
  [d96e819e] Parameters v0.12.0
  [92933f4c] ProgressMeter v0.9.0
  [1fd47b50] QuadGK v2.1.1
  [c84ed2f1] Ratios v0.3.1
  [3cdcf5f2] RecipesBase v0.7.0
  [79098fc4] Rmath v0.5.1
  [a2af1166] SortingAlgorithms v0.3.1
  [276daf66] SpecialFunctions v0.8.0
  [90137ffa] StaticArrays v0.12.1
  [2913bbd2] StatsBase v0.32.0
  [4c63d2b9] StatsFuns v0.9.0
  [30578b45] URIParser v0.4.0
  [efce3f68] WoodburyMatrices v0.4.1
  [2a0f44e3] Base64  [`@stdlib&#x2F;Base64`]
  [ade2ca70] Dates  [`@stdlib&#x2F;Dates`]
  [8bb1440f] DelimitedFiles  [`@stdlib&#x2F;DelimitedFiles`]
  [8ba89e20] Distributed  [`@stdlib&#x2F;Distributed`]
  [b77e0a4c] InteractiveUtils  [`@stdlib&#x2F;InteractiveUtils`]
  [76f85450] LibGit2  [`@stdlib&#x2F;LibGit2`]
  [8f399da3] Libdl  [`@stdlib&#x2F;Libdl`]
  [37e2e46d] LinearAlgebra  [`@stdlib&#x2F;LinearAlgebra`]
  [56ddb016] Logging  [`@stdlib&#x2F;Logging`]
  [d6f4376e] Markdown  [`@stdlib&#x2F;Markdown`]
  [a63ad114] Mmap  [`@stdlib&#x2F;Mmap`]
  [44cfe95a] Pkg  [`@stdlib&#x2F;Pkg`]
  [de0858da] Printf  [`@stdlib&#x2F;Printf`]
  [3fa0cd96] REPL  [`@stdlib&#x2F;REPL`]
  [9a3f8284] Random  [`@stdlib&#x2F;Random`]
  [ea8e919c] SHA  [`@stdlib&#x2F;SHA`]
  [9e88b42a] Serialization  [`@stdlib&#x2F;Serialization`]
  [1a1011a3] SharedArrays  [`@stdlib&#x2F;SharedArrays`]
  [6462fe0b] Sockets  [`@stdlib&#x2F;Sockets`]
  [2f01184e] SparseArrays  [`@stdlib&#x2F;SparseArrays`]
  [10745b16] Statistics  [`@stdlib&#x2F;Statistics`]
  [4607b0f0] SuiteSparse  [`@stdlib&#x2F;SuiteSparse`]
  [8dfed614] Test  [`@stdlib&#x2F;Test`]
  [cf7118a7] UUIDs  [`@stdlib&#x2F;UUIDs`]
  [4ec0a83e] Unicode  [`@stdlib&#x2F;Unicode`]
ERROR: LoadError: ArgumentError: Package JLD2 not found in current path:
- Run `import Pkg; Pkg.add(&quot;JLD2&quot;)` to install the JLD2 package.

Stacktrace:
 [1] require(::Module, ::Symbol) at .&#x2F;loading.jl:885
 [2] include(::String) at .&#x2F;client.jl:439
 [3] top-level scope at none:6
in expression starting at &#x2F;root&#x2F;.julia&#x2F;packages&#x2F;ElasticFDA&#x2F;d5Ypy&#x2F;test&#x2F;runtests.jl:3
ERROR: Package ElasticFDA errored during testing
Stacktrace:
 [1] pkgerror(::String, ::Vararg{String,N} where N) at &#x2F;buildworker&#x2F;worker&#x2F;package_linux64&#x2F;build&#x2F;usr&#x2F;share&#x2F;julia&#x2F;stdlib&#x2F;v1.4&#x2F;Pkg&#x2F;src&#x2F;Types.jl:53
 [2] test(::Pkg.Types.Context, ::Array{Pkg.Types.PackageSpec,1}; coverage::Bool, test_fn::Nothing, julia_args::Cmd, test_args::Cmd) at &#x2F;buildworker&#x2F;worker&#x2F;package_linux64&#x2F;build&#x2F;usr&#x2F;share&#x2F;julia&#x2F;stdlib&#x2F;v1.4&#x2F;Pkg&#x2F;src&#x2F;Operations.jl:1379
 [3] test(::Pkg.Types.Context, ::Array{Pkg.Types.PackageSpec,1}; coverage::Bool, test_fn::Nothing, julia_args::Cmd, test_args::Cmd, kwargs::Base.Iterators.Pairs{Union{},Union{},Tuple{},NamedTuple{(),Tuple{}}}) at &#x2F;buildworker&#x2F;worker&#x2F;package_linux64&#x2F;build&#x2F;usr&#x2F;share&#x2F;julia&#x2F;stdlib&#x2F;v1.4&#x2F;Pkg&#x2F;src&#x2F;API.jl:287
 [4] test(::Pkg.Types.Context, ::Array{Pkg.Types.PackageSpec,1}) at &#x2F;buildworker&#x2F;worker&#x2F;package_linux64&#x2F;build&#x2F;usr&#x2F;share&#x2F;julia&#x2F;stdlib&#x2F;v1.4&#x2F;Pkg&#x2F;src&#x2F;API.jl:274
 [5] #test#56 at &#x2F;buildworker&#x2F;worker&#x2F;package_linux64&#x2F;build&#x2F;usr&#x2F;share&#x2F;julia&#x2F;stdlib&#x2F;v1.4&#x2F;Pkg&#x2F;src&#x2F;API.jl:268 [inlined]
 [6] test at &#x2F;buildworker&#x2F;worker&#x2F;package_linux64&#x2F;build&#x2F;usr&#x2F;share&#x2F;julia&#x2F;stdlib&#x2F;v1.4&#x2F;Pkg&#x2F;src&#x2F;API.jl:268 [inlined]
 [7] #test#55 at &#x2F;buildworker&#x2F;worker&#x2F;package_linux64&#x2F;build&#x2F;usr&#x2F;share&#x2F;julia&#x2F;stdlib&#x2F;v1.4&#x2F;Pkg&#x2F;src&#x2F;API.jl:267 [inlined]
 [8] test at &#x2F;buildworker&#x2F;worker&#x2F;package_linux64&#x2F;build&#x2F;usr&#x2F;share&#x2F;julia&#x2F;stdlib&#x2F;v1.4&#x2F;Pkg&#x2F;src&#x2F;API.jl:267 [inlined]
 [9] test(::String; kwargs::Base.Iterators.Pairs{Union{},Union{},Tuple{},NamedTuple{(),Tuple{}}}) at &#x2F;buildworker&#x2F;worker&#x2F;package_linux64&#x2F;build&#x2F;usr&#x2F;share&#x2F;julia&#x2F;stdlib&#x2F;v1.4&#x2F;Pkg&#x2F;src&#x2F;API.jl:266
 [10] test(::String) at &#x2F;buildworker&#x2F;worker&#x2F;package_linux64&#x2F;build&#x2F;usr&#x2F;share&#x2F;julia&#x2F;stdlib&#x2F;v1.4&#x2F;Pkg&#x2F;src&#x2F;API.jl:266
 [11] top-level scope at none:10
</pre>
      </div>


  </div>
  </body>

  <script type="text/javascript">// handle collapsibles
var coll = document.getElementsByClassName("collapsible");
for (var i = 0; i < coll.length; i++) {
    coll[i].textContent = "▸ " + coll[i].textContent
    coll[i].addEventListener("click", function() {
        this.classList.toggle("active");
        var content = this.nextElementSibling;
        if (content.style.display === "block") {
            this.textContent = "▸" + this.textContent.substr(1)
            content.style.display = "none";
        } else {
            this.textContent = "▾" + this.textContent.substr(1)
            content.style.display = "block";
        }
    });
}
</script>
</html>

