<!DOCTYPE html>
<html lang="en">
  <head>
    <meta charset="utf-8">
    <meta http-equiv="X-UA-Compatible" content="IE=edge">
    <meta name="viewport" content="width=device-width, initial-scale=1">
    <title>Julia Package Listing - Testing Information</title>

    <style>/* -- Mix of julialang.org, Bootstrap 3, and custom -- */
body {
  background-color: white;
  font-family: Georgia, 'Liberation Serif', serif;
  font-size: 14px;
  color: #333;
  line-height: 1.42857143;
}
.site {
  max-width: 785px;
  margin: 2.5em auto 2em;
  padding: 0 1.5em;
}
a {
  color: #428bca;
  text-decoration: none;
}
h1, h2, h3, h4, h5, h6 {
  font-family: inherit;
  font-weight: 500;
  line-height: 1.1;
  color: inherit;
}
h1, h2, h3 {
    margin-top: 20px;
    margin-bottom: 10px;
}
h2 {
  font-size: 30px;
}
h3 {
    font-size: 24px;
}
h4 {
  font-size: 18px;
  margin-top: 10px;
  margin-bottom: 10px;
}
.titlebox {
  text-align: center;
  font-size: 120%;
  margin-top: 3em;
}
.ok     { background-color: #11AA11; } /*Tests passing*/
.fail   { background-color: #DD3333; } /*Tests failed*/
.skip   { background-color: #3333DD; } /*Tests skipped*/
.kill   { background-color: #222222; } /*Tests interrupted*/
.statusbox {
  width: 12px;
  height: 12px;
  display: inline-block;
}
hr {
  margin-top: 10px;
  margin-bottom: 0px;
  border: 0;
  border-top: 1px solid #eee;
}
.pkglisting h2 { margin-bottom: 0px; }
pre {margin: 0;}
@media (min-width: 785px) {
  .pkglisting {
    display: table;
    width: 100%;
  }
  .pkgnamedesc {
    display: table-cell;
    width: 50%;
  }
  .pkgvertest {
    display: table-cell;
    width:50%;
    text-align: right
  }
}
/* collapsible sections */
.collapsible {
  font-family: Georgia, 'Liberation Serif', serif;
  font-size: 14px;
  background: none;
  border: none;
  margin: 0;
  padding: 0;
  cursor: pointer;
}
.content {
  display: none;
  overflow: hidden;
}
</style>
  </head>

  <body>
  <div class="site">
    <!-- HEADER -->
    <div class="titlebox">
        <svg version="1.1" id="Layer_1" xmlns="http://www.w3.org/2000/svg" xmlns:xlink="http://www.w3.org/1999/xlink" x="0px" y="0px" width="210px" height="142px" viewBox="0 0 310 216" enable-background="new 0 0 310 216" xml:space="preserve">

<!-- blue dot -->
<circle fill="#6b85dd" stroke="#4266d5" stroke-width="3" cx="50.5" cy="58.665" r="16.5"></circle>
<!-- red dot -->
<circle fill="#d66661" stroke="#c93d39" stroke-width="3" cx="212.459" cy="60.249" r="16.5"></circle>
<!-- green dot -->
<circle fill="#6bab5b" stroke="#3b972e" stroke-width="3" cx="233.834" cy="23.874" r="16.5"></circle>
<!-- purple dot -->
<circle fill="#aa7dc0" stroke="#945bb0" stroke-width="3" cx="255.459" cy="59.999" r="16.5"></circle>

<!-- "j" -->
<path fill="#252525" d="M37.216,138.427c0-15.839,0.006-31.679-0.018-47.517c-0.001-0.827,0.169-1.234,1.043-1.47
    c7.876-2.127,15.739-4.308,23.606-6.47c1.33-0.366,1.333-0.36,1.333,1.019c0,25.758,0.015,51.517-0.012,77.274
    c-0.006,5.514,0.245,11.032-0.272,16.543c-0.628,6.69-2.15,13.092-6.438,18.506c-3.781,4.771-8.898,7.25-14.767,8.338
    c-6.599,1.222-13.251,1.552-19.934,0.938c-4.616-0.423-9.045-1.486-12.844-4.363c-2.863-2.168-4.454-4.935-3.745-8.603
    c0.736-3.806,3.348-5.978,6.861-7.127c2.262-0.74,4.628-0.872,6.994-0.53c1.823,0.264,3.42,1.023,4.779,2.288
    c1.38,1.284,2.641,2.674,3.778,4.177c0.872,1.15,1.793,2.256,2.991,3.086c2.055,1.426,4,0.965,5.213-1.216
    c0.819-1.473,0.997-3.106,1.173-4.731c0.255-2.348,0.255-4.707,0.256-7.062C37.218,167.145,37.216,152.786,37.216,138.427z"></path>

<!-- "u" -->
<path fill="#252525" d="M125.536,162.479c-2.908,2.385-5.783,4.312-8.88,5.904c-10.348,5.323-20.514,4.521-30.324-1.253
    c-6.71-3.95-11.012-9.849-12.52-17.606c-0.236-1.213-0.363-2.438-0.363-3.688c0.01-19.797,0.017-39.593-0.02-59.39
    c-0.002-1.102,0.285-1.357,1.363-1.351c7.798,0.049,15.597,0.044,23.396,0.003c0.95-0.005,1.177,0.25,1.175,1.183
    c-0.027,19.356-0.025,38.713-0.018,58.07c0.002,6.34,3.599,10.934,9.672,12.42c2.13,0.521,4.19,0.396,6.173-0.6
    c4.26-2.139,7.457-5.427,10.116-9.307c0.333-0.487,0.224-1,0.224-1.51c0.007-19.635,0.016-39.271-0.02-58.904
    c-0.002-1.083,0.255-1.369,1.353-1.361c7.838,0.052,15.677,0.045,23.515,0.004c0.916-0.005,1.103,0.244,1.102,1.124
    c-0.025,27.677-0.026,55.353,0.002,83.024c0.001,0.938-0.278,1.099-1.139,1.095c-7.918-0.028-15.837-0.028-23.756-0.001
    c-0.815,0.003-1.1-0.166-1.073-1.037C125.581,167.117,125.536,164.928,125.536,162.479z"></path>

<!-- "l" -->
<path fill="#252525" d="M187.423,107.08c0,20.637-0.011,41.273,0.026,61.91c0.003,1.119-0.309,1.361-1.381,1.355
    c-7.799-0.052-15.598-0.047-23.396-0.008c-0.898,0.008-1.117-0.222-1.115-1.115c0.021-39.074,0.021-78.147,0-117.226
    c0-0.811,0.189-1.169,1.006-1.392c7.871-2.149,15.73-4.327,23.584-6.545c1.045-0.295,1.308-0.17,1.306,0.985
    C187.412,65.727,187.423,86.403,187.423,107.08z"></path>

<!-- "i" -->
<path fill="#252525" d="M223.46,126.477c0,14.155-0.011,28.312,0.021,42.467c0.002,1.027-0.164,1.418-1.332,1.408
    c-7.838-0.061-15.676-0.047-23.516-0.01c-0.881,0.004-1.121-0.189-1.119-1.104c0.026-26.153,0.025-52.307,0-78.458
    c0-0.776,0.203-1.101,0.941-1.302c7.984-2.172,15.972-4.35,23.938-6.596c1.049-0.296,1.08,0.031,1.078,0.886
    C223.454,98.004,223.46,112.239,223.46,126.477z"></path>

<!-- "a" -->
<path fill="#252525" d="M277.695,163.6c-0.786,0.646-1.404,1.125-2,1.635c-4.375,3.746-9.42,5.898-15.16,6.42
    c-5.792,0.527-11.479,0.244-16.934-2.047c-12.08-5.071-15.554-17.188-11.938-27.448c1.799-5.111,5.472-8.868,9.831-11.94
    c5.681-4.003,12.009-6.732,18.504-9.074c5.576-2.014,11.186-3.939,16.955-5.347c0.445-0.104,0.773-0.243,0.757-0.854
    c-0.136-4.389,0.261-8.79-0.479-13.165c-1.225-7.209-6.617-10.013-12.895-9.348c-0.516,0.055-1.029,0.129-1.536,0.241
    c-4.877,1.081-7.312,4.413-7.374,10.127c-0.02,1.729-0.229,3.418-0.693,5.084c-0.906,3.229-2.969,5.354-6.168,6.266
    c-3.422,0.979-6.893,0.998-10.23-0.305c-6.529-2.543-8.877-10.164-5.12-16.512c2.249-3.799,5.606-6.4,9.461-8.405
    c6.238-3.246,12.914-4.974,19.896-5.537c7.565-0.61,15.096-0.366,22.49,1.507c4.285,1.085,8.312,2.776,11.744,5.657
    c4.473,3.749,6.776,8.647,6.812,14.374c0.139,21.477,0.096,42.951,0.143,64.428c0.002,0.799-0.248,0.983-1.021,0.98
    c-8.035-0.025-16.074-0.023-24.113-0.001c-0.716,0.002-0.973-0.146-0.941-0.915C277.736,167.562,277.695,165.698,277.695,163.6z
     M277.695,126.393c-4.793,2.104-9.25,4.373-13.287,7.408c-2.151,1.618-4.033,3.483-5.732,5.581
    c-4.229,5.226-1.988,13.343,1.693,16.599c1.592,1.406,3.359,1.906,5.419,1.521c1.621-0.307,3.149-0.857,4.549-1.734
    c1.521-0.951,2.949-2.072,4.539-2.887c2.31-1.18,2.97-2.861,2.894-5.445C277.561,140.484,277.695,133.527,277.695,126.393z"></path>

</svg>

        <h1>
          <a name="Erdos">Erdos</a>
        </h1>

        <p>
          <a href="../index.html#Erdos">← Back to package list</a>
        </p>

    </div>

    <p>
      If you think that there is an error in how your package is being tested or represented, please file an issue at <a href="https://github.com/JuliaComputing/NewPkgEval.jl">NewPkgEval.jl</a>, making sure to read the FAQ first.
    </p>


    <h3>Results with Julia v1.0.5</h3>

    <p>
      Testing was <strong>unsuccessful</strong>: package requires a missing binary dependency.
      Last evaluation was 1 day, 17 hours ago and took 1 minute, 40 seconds.
    </p>

    <p>
      Click <a href="/home/tim/Julia/pkg/NewPkgEval/site/build/logs/Erdos/1.0.5.log">here</a> to download the log file.
      
    </p>

      <button class="collapsible">Click here to show the log contents.</button>
      <div class="content">
      <pre> Resolving package versions...
 Installed DataAPI ──────────── v1.1.0
 Installed Distances ────────── v0.8.2
 Installed Arpack ───────────── v0.3.1
 Installed BinDeps ──────────── v0.8.10
 Installed DataStructures ───── v0.17.6
 Installed SpecialFunctions ─── v0.8.0
 Installed BinaryProvider ───── v0.5.8
 Installed SortingAlgorithms ── v0.3.1
 Installed URIParser ────────── v0.4.0
 Installed Missings ─────────── v0.4.3
 Installed GZip ─────────────── v0.5.0
 Installed StaticArrays ─────── v0.12.1
 Installed StatsBase ────────── v0.32.0
 Installed OrderedCollections ─ v1.1.0
 Installed Rmath ────────────── v0.5.1
 Installed NearestNeighbors ─── v0.4.3
 Installed IterTools ────────── v1.3.0
 Installed EzXML ────────────── v0.9.4
 Installed StatsFuns ────────── v0.9.0
 Installed Compat ───────────── v2.2.0
 Installed Clustering ───────── v0.13.3
 Installed Erdos ────────────── v0.7.0
  Updating `~&#x2F;.julia&#x2F;environments&#x2F;v1.0&#x2F;Project.toml`
  [90d7349d] + Erdos v0.7.0
  Updating `~&#x2F;.julia&#x2F;environments&#x2F;v1.0&#x2F;Manifest.toml`
  [7d9fca2a] + Arpack v0.3.1
  [9e28174c] + BinDeps v0.8.10
  [b99e7846] + BinaryProvider v0.5.8
  [aaaa29a8] + Clustering v0.13.3
  [34da2185] + Compat v2.2.0
  [9a962f9c] + DataAPI v1.1.0
  [864edb3b] + DataStructures v0.17.6
  [b4f34e82] + Distances v0.8.2
  [90d7349d] + Erdos v0.7.0
  [8f5d6c58] + EzXML v0.9.4
  [92fee26a] + GZip v0.5.0
  [c8e1da08] + IterTools v1.3.0
  [e1d29d7a] + Missings v0.4.3
  [b8a86587] + NearestNeighbors v0.4.3
  [bac558e1] + OrderedCollections v1.1.0
  [79098fc4] + Rmath v0.5.1
  [a2af1166] + SortingAlgorithms v0.3.1
  [276daf66] + SpecialFunctions v0.8.0
  [90137ffa] + StaticArrays v0.12.1
  [2913bbd2] + StatsBase v0.32.0
  [4c63d2b9] + StatsFuns v0.9.0
  [30578b45] + URIParser v0.4.0
  [2a0f44e3] + Base64 
  [ade2ca70] + Dates 
  [8bb1440f] + DelimitedFiles 
  [8ba89e20] + Distributed 
  [b77e0a4c] + InteractiveUtils 
  [76f85450] + LibGit2 
  [8f399da3] + Libdl 
  [37e2e46d] + LinearAlgebra 
  [56ddb016] + Logging 
  [d6f4376e] + Markdown 
  [a63ad114] + Mmap 
  [44cfe95a] + Pkg 
  [de0858da] + Printf 
  [3fa0cd96] + REPL 
  [9a3f8284] + Random 
  [ea8e919c] + SHA 
  [9e88b42a] + Serialization 
  [1a1011a3] + SharedArrays 
  [6462fe0b] + Sockets 
  [2f01184e] + SparseArrays 
  [10745b16] + Statistics 
  [8dfed614] + Test 
  [cf7118a7] + UUIDs 
  [4ec0a83e] + Unicode 
  Building Arpack ──────────→ `~&#x2F;.julia&#x2F;packages&#x2F;Arpack&#x2F;cu5By&#x2F;deps&#x2F;build.log`
  Building SpecialFunctions → `~&#x2F;.julia&#x2F;packages&#x2F;SpecialFunctions&#x2F;ne2iw&#x2F;deps&#x2F;build.log`
  Building Rmath ───────────→ `~&#x2F;.julia&#x2F;packages&#x2F;Rmath&#x2F;4wt82&#x2F;deps&#x2F;build.log`
  Building EzXML ───────────→ `~&#x2F;.julia&#x2F;packages&#x2F;EzXML&#x2F;G0JeY&#x2F;deps&#x2F;build.log`
   Testing Erdos
    Status `&#x2F;tmp&#x2F;tmpsM2wrp&#x2F;Manifest.toml`
  [7d9fca2a] Arpack v0.3.1
  [9e28174c] BinDeps v0.8.10
  [b99e7846] BinaryProvider v0.5.8
  [aaaa29a8] Clustering v0.13.3
  [34da2185] Compat v2.2.0
  [9a962f9c] DataAPI v1.1.0
  [864edb3b] DataStructures v0.17.6
  [b4f34e82] Distances v0.8.2
  [90d7349d] Erdos v0.7.0
  [8f5d6c58] EzXML v0.9.4
  [92fee26a] GZip v0.5.0
  [c8e1da08] IterTools v1.3.0
  [e1d29d7a] Missings v0.4.3
  [b8a86587] NearestNeighbors v0.4.3
  [bac558e1] OrderedCollections v1.1.0
  [79098fc4] Rmath v0.5.1
  [a2af1166] SortingAlgorithms v0.3.1
  [276daf66] SpecialFunctions v0.8.0
  [90137ffa] StaticArrays v0.12.1
  [2913bbd2] StatsBase v0.32.0
  [4c63d2b9] StatsFuns v0.9.0
  [30578b45] URIParser v0.4.0
  [2a0f44e3] Base64  [`@stdlib&#x2F;Base64`]
  [ade2ca70] Dates  [`@stdlib&#x2F;Dates`]
  [8bb1440f] DelimitedFiles  [`@stdlib&#x2F;DelimitedFiles`]
  [8ba89e20] Distributed  [`@stdlib&#x2F;Distributed`]
  [b77e0a4c] InteractiveUtils  [`@stdlib&#x2F;InteractiveUtils`]
  [76f85450] LibGit2  [`@stdlib&#x2F;LibGit2`]
  [8f399da3] Libdl  [`@stdlib&#x2F;Libdl`]
  [37e2e46d] LinearAlgebra  [`@stdlib&#x2F;LinearAlgebra`]
  [56ddb016] Logging  [`@stdlib&#x2F;Logging`]
  [d6f4376e] Markdown  [`@stdlib&#x2F;Markdown`]
  [a63ad114] Mmap  [`@stdlib&#x2F;Mmap`]
  [44cfe95a] Pkg  [`@stdlib&#x2F;Pkg`]
  [de0858da] Printf  [`@stdlib&#x2F;Printf`]
  [3fa0cd96] REPL  [`@stdlib&#x2F;REPL`]
  [9a3f8284] Random  [`@stdlib&#x2F;Random`]
  [ea8e919c] SHA  [`@stdlib&#x2F;SHA`]
  [9e88b42a] Serialization  [`@stdlib&#x2F;Serialization`]
  [1a1011a3] SharedArrays  [`@stdlib&#x2F;SharedArrays`]
  [6462fe0b] Sockets  [`@stdlib&#x2F;Sockets`]
  [2f01184e] SparseArrays  [`@stdlib&#x2F;SparseArrays`]
  [10745b16] Statistics  [`@stdlib&#x2F;Statistics`]
  [8dfed614] Test  [`@stdlib&#x2F;Test`]
  [cf7118a7] UUIDs  [`@stdlib&#x2F;UUIDs`]
  [4ec0a83e] Unicode  [`@stdlib&#x2F;Unicode`]
ERROR: LoadError: LoadError: error compiling top-level scope: could not load library &quot;libz&quot;
libz.so: cannot open shared object file: No such file or directory
Stacktrace:
 [1] include at .&#x2F;boot.jl:317 [inlined]
 [2] include_relative(::Module, ::String) at .&#x2F;loading.jl:1044
 [3] include at .&#x2F;sysimg.jl:29 [inlined]
 [4] include(::String) at &#x2F;root&#x2F;.julia&#x2F;packages&#x2F;GZip&#x2F;LD2ly&#x2F;src&#x2F;GZip.jl:2
 [5] top-level scope at none:0
 [6] include at .&#x2F;boot.jl:317 [inlined]
 [7] include_relative(::Module, ::String) at .&#x2F;loading.jl:1044
 [8] include(::Module, ::String) at .&#x2F;sysimg.jl:29
 [9] top-level scope at none:2
 [10] eval at .&#x2F;boot.jl:319 [inlined]
 [11] eval(::Expr) at .&#x2F;client.jl:393
 [12] top-level scope at .&#x2F;none:3
in expression starting at &#x2F;root&#x2F;.julia&#x2F;packages&#x2F;GZip&#x2F;LD2ly&#x2F;src&#x2F;zlib_h.jl:11
in expression starting at &#x2F;root&#x2F;.julia&#x2F;packages&#x2F;GZip&#x2F;LD2ly&#x2F;src&#x2F;GZip.jl:73
ERROR: LoadError: Failed to precompile GZip [92fee26a-97fe-5a0c-ad85-20a5f3185b63] to &#x2F;root&#x2F;.julia&#x2F;compiled&#x2F;v1.0&#x2F;GZip&#x2F;s2LKY.ji.
Stacktrace:
 [1] error(::String) at .&#x2F;error.jl:33
 [2] compilecache(::Base.PkgId, ::String) at .&#x2F;loading.jl:1203
 [3] _require(::Base.PkgId) at .&#x2F;loading.jl:960
 [4] require(::Base.PkgId) at .&#x2F;loading.jl:858
 [5] require(::Module, ::Symbol) at .&#x2F;loading.jl:853
 [6] include at .&#x2F;boot.jl:317 [inlined]
 [7] include_relative(::Module, ::String) at .&#x2F;loading.jl:1044
 [8] include(::Module, ::String) at .&#x2F;sysimg.jl:29
 [9] top-level scope at none:2
 [10] eval at .&#x2F;boot.jl:319 [inlined]
 [11] eval(::Expr) at .&#x2F;client.jl:393
 [12] top-level scope at .&#x2F;none:3
in expression starting at &#x2F;root&#x2F;.julia&#x2F;packages&#x2F;Erdos&#x2F;astKo&#x2F;src&#x2F;Erdos.jl:12
ERROR: LoadError: Failed to precompile Erdos [90d7349d-81aa-5495-813a-883243abfe31] to &#x2F;root&#x2F;.julia&#x2F;compiled&#x2F;v1.0&#x2F;Erdos&#x2F;RjZXH.ji.
Stacktrace:
 [1] error(::String) at .&#x2F;error.jl:33
 [2] compilecache(::Base.PkgId, ::String) at .&#x2F;loading.jl:1203
 [3] _require(::Base.PkgId) at .&#x2F;loading.jl:960
 [4] require(::Base.PkgId) at .&#x2F;loading.jl:858
 [5] require(::Module, ::Symbol) at .&#x2F;loading.jl:853
 [6] include at .&#x2F;boot.jl:317 [inlined]
 [7] include_relative(::Module, ::String) at .&#x2F;loading.jl:1044
 [8] include(::Module, ::String) at .&#x2F;sysimg.jl:29
 [9] include(::String) at .&#x2F;client.jl:392
 [10] top-level scope at none:0
in expression starting at &#x2F;root&#x2F;.julia&#x2F;packages&#x2F;Erdos&#x2F;astKo&#x2F;test&#x2F;runtests.jl:1
ERROR: Package Erdos errored during testing
Stacktrace:
 [1] pkgerror(::String, ::Vararg{String,N} where N) at &#x2F;buildworker&#x2F;worker&#x2F;package_linux64&#x2F;build&#x2F;usr&#x2F;share&#x2F;julia&#x2F;stdlib&#x2F;v1.0&#x2F;Pkg&#x2F;src&#x2F;Types.jl:120
 [2] #test#65(::Bool, ::Function, ::Pkg.Types.Context, ::Array{Pkg.Types.PackageSpec,1}) at &#x2F;buildworker&#x2F;worker&#x2F;package_linux64&#x2F;build&#x2F;usr&#x2F;share&#x2F;julia&#x2F;stdlib&#x2F;v1.0&#x2F;Pkg&#x2F;src&#x2F;Operations.jl:1357
 [3] #test at &#x2F;buildworker&#x2F;worker&#x2F;package_linux64&#x2F;build&#x2F;usr&#x2F;share&#x2F;julia&#x2F;stdlib&#x2F;v1.0&#x2F;Pkg&#x2F;src&#x2F;API.jl:0 [inlined]
 [4] #test#44(::Bool, ::Base.Iterators.Pairs{Union{},Union{},Tuple{},NamedTuple{(),Tuple{}}}, ::Function, ::Pkg.Types.Context, ::Array{Pkg.Types.PackageSpec,1}) at &#x2F;buildworker&#x2F;worker&#x2F;package_linux64&#x2F;build&#x2F;usr&#x2F;share&#x2F;julia&#x2F;stdlib&#x2F;v1.0&#x2F;Pkg&#x2F;src&#x2F;API.jl:278
 [5] test at &#x2F;buildworker&#x2F;worker&#x2F;package_linux64&#x2F;build&#x2F;usr&#x2F;share&#x2F;julia&#x2F;stdlib&#x2F;v1.0&#x2F;Pkg&#x2F;src&#x2F;API.jl:263 [inlined]
 [6] #test#43 at &#x2F;buildworker&#x2F;worker&#x2F;package_linux64&#x2F;build&#x2F;usr&#x2F;share&#x2F;julia&#x2F;stdlib&#x2F;v1.0&#x2F;Pkg&#x2F;src&#x2F;API.jl:260 [inlined]
 [7] test at &#x2F;buildworker&#x2F;worker&#x2F;package_linux64&#x2F;build&#x2F;usr&#x2F;share&#x2F;julia&#x2F;stdlib&#x2F;v1.0&#x2F;Pkg&#x2F;src&#x2F;API.jl:260 [inlined]
 [8] #test#42 at &#x2F;buildworker&#x2F;worker&#x2F;package_linux64&#x2F;build&#x2F;usr&#x2F;share&#x2F;julia&#x2F;stdlib&#x2F;v1.0&#x2F;Pkg&#x2F;src&#x2F;API.jl:259 [inlined]
 [9] test at &#x2F;buildworker&#x2F;worker&#x2F;package_linux64&#x2F;build&#x2F;usr&#x2F;share&#x2F;julia&#x2F;stdlib&#x2F;v1.0&#x2F;Pkg&#x2F;src&#x2F;API.jl:259 [inlined]
 [10] #test#41 at &#x2F;buildworker&#x2F;worker&#x2F;package_linux64&#x2F;build&#x2F;usr&#x2F;share&#x2F;julia&#x2F;stdlib&#x2F;v1.0&#x2F;Pkg&#x2F;src&#x2F;API.jl:258 [inlined]
 [11] test(::String) at &#x2F;buildworker&#x2F;worker&#x2F;package_linux64&#x2F;build&#x2F;usr&#x2F;share&#x2F;julia&#x2F;stdlib&#x2F;v1.0&#x2F;Pkg&#x2F;src&#x2F;API.jl:258
 [12] top-level scope at none:0
</pre>
      </div>

    <h3>Results with Julia v1.2.0</h3>

    <p>
      Testing was <strong>unsuccessful</strong>: package requires a missing binary dependency.
      Last evaluation was 1 day, 12 hours ago and took 1 minute, 19 seconds.
    </p>

    <p>
      Click <a href="/home/tim/Julia/pkg/NewPkgEval/site/build/logs/Erdos/1.2.0.log">here</a> to download the log file.
      
    </p>

      <button class="collapsible">Click here to show the log contents.</button>
      <div class="content">
      <pre> Resolving package versions...
 Installed Missings ─────────── v0.4.3
 Installed DataAPI ──────────── v1.1.0
 Installed URIParser ────────── v0.4.0
 Installed NearestNeighbors ─── v0.4.3
 Installed BinaryProvider ───── v0.5.8
 Installed StatsBase ────────── v0.32.0
 Installed StatsFuns ────────── v0.9.0
 Installed Rmath ────────────── v0.5.1
 Installed OrderedCollections ─ v1.1.0
 Installed Compat ───────────── v2.2.0
 Installed GZip ─────────────── v0.5.0
 Installed IterTools ────────── v1.3.0
 Installed DataStructures ───── v0.17.6
 Installed Distances ────────── v0.8.2
 Installed EzXML ────────────── v0.9.4
 Installed SortingAlgorithms ── v0.3.1
 Installed StaticArrays ─────── v0.12.1
 Installed BinDeps ──────────── v0.8.10
 Installed SpecialFunctions ─── v0.8.0
 Installed Arpack ───────────── v0.3.1
 Installed Clustering ───────── v0.13.3
 Installed Erdos ────────────── v0.7.0
  Updating `~&#x2F;.julia&#x2F;environments&#x2F;v1.2&#x2F;Project.toml`
  [90d7349d] + Erdos v0.7.0
  Updating `~&#x2F;.julia&#x2F;environments&#x2F;v1.2&#x2F;Manifest.toml`
  [7d9fca2a] + Arpack v0.3.1
  [9e28174c] + BinDeps v0.8.10
  [b99e7846] + BinaryProvider v0.5.8
  [aaaa29a8] + Clustering v0.13.3
  [34da2185] + Compat v2.2.0
  [9a962f9c] + DataAPI v1.1.0
  [864edb3b] + DataStructures v0.17.6
  [b4f34e82] + Distances v0.8.2
  [90d7349d] + Erdos v0.7.0
  [8f5d6c58] + EzXML v0.9.4
  [92fee26a] + GZip v0.5.0
  [c8e1da08] + IterTools v1.3.0
  [e1d29d7a] + Missings v0.4.3
  [b8a86587] + NearestNeighbors v0.4.3
  [bac558e1] + OrderedCollections v1.1.0
  [79098fc4] + Rmath v0.5.1
  [a2af1166] + SortingAlgorithms v0.3.1
  [276daf66] + SpecialFunctions v0.8.0
  [90137ffa] + StaticArrays v0.12.1
  [2913bbd2] + StatsBase v0.32.0
  [4c63d2b9] + StatsFuns v0.9.0
  [30578b45] + URIParser v0.4.0
  [2a0f44e3] + Base64 
  [ade2ca70] + Dates 
  [8bb1440f] + DelimitedFiles 
  [8ba89e20] + Distributed 
  [b77e0a4c] + InteractiveUtils 
  [76f85450] + LibGit2 
  [8f399da3] + Libdl 
  [37e2e46d] + LinearAlgebra 
  [56ddb016] + Logging 
  [d6f4376e] + Markdown 
  [a63ad114] + Mmap 
  [44cfe95a] + Pkg 
  [de0858da] + Printf 
  [3fa0cd96] + REPL 
  [9a3f8284] + Random 
  [ea8e919c] + SHA 
  [9e88b42a] + Serialization 
  [1a1011a3] + SharedArrays 
  [6462fe0b] + Sockets 
  [2f01184e] + SparseArrays 
  [10745b16] + Statistics 
  [8dfed614] + Test 
  [cf7118a7] + UUIDs 
  [4ec0a83e] + Unicode 
  Building Rmath ───────────→ `~&#x2F;.julia&#x2F;packages&#x2F;Rmath&#x2F;4wt82&#x2F;deps&#x2F;build.log`
  Building EzXML ───────────→ `~&#x2F;.julia&#x2F;packages&#x2F;EzXML&#x2F;G0JeY&#x2F;deps&#x2F;build.log`
  Building SpecialFunctions → `~&#x2F;.julia&#x2F;packages&#x2F;SpecialFunctions&#x2F;ne2iw&#x2F;deps&#x2F;build.log`
  Building Arpack ──────────→ `~&#x2F;.julia&#x2F;packages&#x2F;Arpack&#x2F;cu5By&#x2F;deps&#x2F;build.log`
   Testing Erdos
    Status `&#x2F;tmp&#x2F;jl_VC5l4o&#x2F;Manifest.toml`
  [7d9fca2a] Arpack v0.3.1
  [9e28174c] BinDeps v0.8.10
  [b99e7846] BinaryProvider v0.5.8
  [aaaa29a8] Clustering v0.13.3
  [34da2185] Compat v2.2.0
  [9a962f9c] DataAPI v1.1.0
  [864edb3b] DataStructures v0.17.6
  [b4f34e82] Distances v0.8.2
  [90d7349d] Erdos v0.7.0
  [8f5d6c58] EzXML v0.9.4
  [92fee26a] GZip v0.5.0
  [c8e1da08] IterTools v1.3.0
  [e1d29d7a] Missings v0.4.3
  [b8a86587] NearestNeighbors v0.4.3
  [bac558e1] OrderedCollections v1.1.0
  [79098fc4] Rmath v0.5.1
  [a2af1166] SortingAlgorithms v0.3.1
  [276daf66] SpecialFunctions v0.8.0
  [90137ffa] StaticArrays v0.12.1
  [2913bbd2] StatsBase v0.32.0
  [4c63d2b9] StatsFuns v0.9.0
  [30578b45] URIParser v0.4.0
  [2a0f44e3] Base64  [`@stdlib&#x2F;Base64`]
  [ade2ca70] Dates  [`@stdlib&#x2F;Dates`]
  [8bb1440f] DelimitedFiles  [`@stdlib&#x2F;DelimitedFiles`]
  [8ba89e20] Distributed  [`@stdlib&#x2F;Distributed`]
  [b77e0a4c] InteractiveUtils  [`@stdlib&#x2F;InteractiveUtils`]
  [76f85450] LibGit2  [`@stdlib&#x2F;LibGit2`]
  [8f399da3] Libdl  [`@stdlib&#x2F;Libdl`]
  [37e2e46d] LinearAlgebra  [`@stdlib&#x2F;LinearAlgebra`]
  [56ddb016] Logging  [`@stdlib&#x2F;Logging`]
  [d6f4376e] Markdown  [`@stdlib&#x2F;Markdown`]
  [a63ad114] Mmap  [`@stdlib&#x2F;Mmap`]
  [44cfe95a] Pkg  [`@stdlib&#x2F;Pkg`]
  [de0858da] Printf  [`@stdlib&#x2F;Printf`]
  [3fa0cd96] REPL  [`@stdlib&#x2F;REPL`]
  [9a3f8284] Random  [`@stdlib&#x2F;Random`]
  [ea8e919c] SHA  [`@stdlib&#x2F;SHA`]
  [9e88b42a] Serialization  [`@stdlib&#x2F;Serialization`]
  [1a1011a3] SharedArrays  [`@stdlib&#x2F;SharedArrays`]
  [6462fe0b] Sockets  [`@stdlib&#x2F;Sockets`]
  [2f01184e] SparseArrays  [`@stdlib&#x2F;SparseArrays`]
  [10745b16] Statistics  [`@stdlib&#x2F;Statistics`]
  [8dfed614] Test  [`@stdlib&#x2F;Test`]
  [cf7118a7] UUIDs  [`@stdlib&#x2F;UUIDs`]
  [4ec0a83e] Unicode  [`@stdlib&#x2F;Unicode`]
ERROR: LoadError: LoadError: error compiling top-level scope: could not load library &quot;libz&quot;
libz.so: cannot open shared object file: No such file or directory
Stacktrace:
 [1] include at .&#x2F;boot.jl:328 [inlined]
 [2] include_relative(::Module, ::String) at .&#x2F;loading.jl:1094
 [3] include at .&#x2F;Base.jl:31 [inlined]
 [4] include(::String) at &#x2F;root&#x2F;.julia&#x2F;packages&#x2F;GZip&#x2F;LD2ly&#x2F;src&#x2F;GZip.jl:2
 [5] top-level scope at &#x2F;root&#x2F;.julia&#x2F;packages&#x2F;GZip&#x2F;LD2ly&#x2F;src&#x2F;GZip.jl:73
 [6] include at .&#x2F;boot.jl:328 [inlined]
 [7] include_relative(::Module, ::String) at .&#x2F;loading.jl:1094
 [8] include(::Module, ::String) at .&#x2F;Base.jl:31
 [9] top-level scope at none:2
 [10] eval at .&#x2F;boot.jl:330 [inlined]
 [11] eval(::Expr) at .&#x2F;client.jl:432
 [12] top-level scope at .&#x2F;none:3
in expression starting at &#x2F;root&#x2F;.julia&#x2F;packages&#x2F;GZip&#x2F;LD2ly&#x2F;src&#x2F;zlib_h.jl:11
in expression starting at &#x2F;root&#x2F;.julia&#x2F;packages&#x2F;GZip&#x2F;LD2ly&#x2F;src&#x2F;GZip.jl:73
caused by [exception 1]
could not load library &quot;libz&quot;
libz.so: cannot open shared object file: No such file or directory
Stacktrace:
 [1] include at .&#x2F;boot.jl:328 [inlined]
 [2] include_relative(::Module, ::String) at .&#x2F;loading.jl:1094
 [3] include at .&#x2F;Base.jl:31 [inlined]
 [4] include(::String) at &#x2F;root&#x2F;.julia&#x2F;packages&#x2F;GZip&#x2F;LD2ly&#x2F;src&#x2F;GZip.jl:2
 [5] top-level scope at &#x2F;root&#x2F;.julia&#x2F;packages&#x2F;GZip&#x2F;LD2ly&#x2F;src&#x2F;GZip.jl:73
 [6] include at .&#x2F;boot.jl:328 [inlined]
 [7] include_relative(::Module, ::String) at .&#x2F;loading.jl:1094
 [8] include(::Module, ::String) at .&#x2F;Base.jl:31
 [9] top-level scope at none:2
 [10] eval at .&#x2F;boot.jl:330 [inlined]
 [11] eval(::Expr) at .&#x2F;client.jl:432
 [12] top-level scope at .&#x2F;none:3
ERROR: LoadError: Failed to precompile GZip [92fee26a-97fe-5a0c-ad85-20a5f3185b63] to &#x2F;root&#x2F;.julia&#x2F;compiled&#x2F;v1.2&#x2F;GZip&#x2F;s2LKY.ji.
Stacktrace:
 [1] error(::String) at .&#x2F;error.jl:33
 [2] compilecache(::Base.PkgId, ::String) at .&#x2F;loading.jl:1253
 [3] _require(::Base.PkgId) at .&#x2F;loading.jl:1013
 [4] require(::Base.PkgId) at .&#x2F;loading.jl:911
 [5] require(::Module, ::Symbol) at .&#x2F;loading.jl:906
 [6] include at .&#x2F;boot.jl:328 [inlined]
 [7] include_relative(::Module, ::String) at .&#x2F;loading.jl:1094
 [8] include(::Module, ::String) at .&#x2F;Base.jl:31
 [9] top-level scope at none:2
 [10] eval at .&#x2F;boot.jl:330 [inlined]
 [11] eval(::Expr) at .&#x2F;client.jl:432
 [12] top-level scope at .&#x2F;none:3
in expression starting at &#x2F;root&#x2F;.julia&#x2F;packages&#x2F;Erdos&#x2F;astKo&#x2F;src&#x2F;Erdos.jl:12
ERROR: LoadError: Failed to precompile Erdos [90d7349d-81aa-5495-813a-883243abfe31] to &#x2F;root&#x2F;.julia&#x2F;compiled&#x2F;v1.2&#x2F;Erdos&#x2F;RjZXH.ji.
Stacktrace:
 [1] error(::String) at .&#x2F;error.jl:33
 [2] compilecache(::Base.PkgId, ::String) at .&#x2F;loading.jl:1253
 [3] _require(::Base.PkgId) at .&#x2F;loading.jl:1013
 [4] require(::Base.PkgId) at .&#x2F;loading.jl:911
 [5] require(::Module, ::Symbol) at .&#x2F;loading.jl:906
 [6] include at .&#x2F;boot.jl:328 [inlined]
 [7] include_relative(::Module, ::String) at .&#x2F;loading.jl:1094
 [8] include(::Module, ::String) at .&#x2F;Base.jl:31
 [9] include(::String) at .&#x2F;client.jl:431
 [10] top-level scope at none:5
in expression starting at &#x2F;root&#x2F;.julia&#x2F;packages&#x2F;Erdos&#x2F;astKo&#x2F;test&#x2F;runtests.jl:1
ERROR: Package Erdos errored during testing
Stacktrace:
 [1] pkgerror(::String, ::Vararg{String,N} where N) at &#x2F;buildworker&#x2F;worker&#x2F;package_linux64&#x2F;build&#x2F;usr&#x2F;share&#x2F;julia&#x2F;stdlib&#x2F;v1.2&#x2F;Pkg&#x2F;src&#x2F;Types.jl:112
 [2] #test#119(::Bool, ::Nothing, ::typeof(Pkg.Operations.test), ::Pkg.Types.Context, ::Array{Pkg.Types.PackageSpec,1}) at &#x2F;buildworker&#x2F;worker&#x2F;package_linux64&#x2F;build&#x2F;usr&#x2F;share&#x2F;julia&#x2F;stdlib&#x2F;v1.2&#x2F;Pkg&#x2F;src&#x2F;Operations.jl:1288
 [3] #test at .&#x2F;none:0 [inlined]
 [4] #test#62(::Bool, ::Nothing, ::Base.Iterators.Pairs{Union{},Union{},Tuple{},NamedTuple{(),Tuple{}}}, ::typeof(Pkg.API.test), ::Pkg.Types.Context, ::Array{Pkg.Types.PackageSpec,1}) at &#x2F;buildworker&#x2F;worker&#x2F;package_linux64&#x2F;build&#x2F;usr&#x2F;share&#x2F;julia&#x2F;stdlib&#x2F;v1.2&#x2F;Pkg&#x2F;src&#x2F;API.jl:245
 [5] test at &#x2F;buildworker&#x2F;worker&#x2F;package_linux64&#x2F;build&#x2F;usr&#x2F;share&#x2F;julia&#x2F;stdlib&#x2F;v1.2&#x2F;Pkg&#x2F;src&#x2F;API.jl:233 [inlined]
 [6] #test#61 at &#x2F;buildworker&#x2F;worker&#x2F;package_linux64&#x2F;build&#x2F;usr&#x2F;share&#x2F;julia&#x2F;stdlib&#x2F;v1.2&#x2F;Pkg&#x2F;src&#x2F;API.jl:230 [inlined]
 [7] test at &#x2F;buildworker&#x2F;worker&#x2F;package_linux64&#x2F;build&#x2F;usr&#x2F;share&#x2F;julia&#x2F;stdlib&#x2F;v1.2&#x2F;Pkg&#x2F;src&#x2F;API.jl:230 [inlined]
 [8] #test#60 at &#x2F;buildworker&#x2F;worker&#x2F;package_linux64&#x2F;build&#x2F;usr&#x2F;share&#x2F;julia&#x2F;stdlib&#x2F;v1.2&#x2F;Pkg&#x2F;src&#x2F;API.jl:229 [inlined]
 [9] test at &#x2F;buildworker&#x2F;worker&#x2F;package_linux64&#x2F;build&#x2F;usr&#x2F;share&#x2F;julia&#x2F;stdlib&#x2F;v1.2&#x2F;Pkg&#x2F;src&#x2F;API.jl:229 [inlined]
 [10] #test#59(::Base.Iterators.Pairs{Union{},Union{},Tuple{},NamedTuple{(),Tuple{}}}, ::typeof(Pkg.API.test), ::String) at &#x2F;buildworker&#x2F;worker&#x2F;package_linux64&#x2F;build&#x2F;usr&#x2F;share&#x2F;julia&#x2F;stdlib&#x2F;v1.2&#x2F;Pkg&#x2F;src&#x2F;API.jl:228
 [11] test(::String) at &#x2F;buildworker&#x2F;worker&#x2F;package_linux64&#x2F;build&#x2F;usr&#x2F;share&#x2F;julia&#x2F;stdlib&#x2F;v1.2&#x2F;Pkg&#x2F;src&#x2F;API.jl:228
 [12] top-level scope at none:10
</pre>
      </div>

    <h3>Results with Julia v1.4.0-DEV-1ee8965da4</h3>

    <p>
      Testing was <strong>unsuccessful</strong>: package has test failures.
      Last evaluation was 1 day, 12 hours ago and took 5 minutes.
    </p>

    <p>
      Click <a href="/home/tim/Julia/pkg/NewPkgEval/site/build/logs/Erdos/1.4.0-DEV-1ee8965da4.log">here</a> to download the log file.
      
    </p>

      <button class="collapsible">Click here to show the log contents.</button>
      <div class="content">
      <pre> Resolving package versions...
 Installed Missings ─────────── v0.4.3
 Installed SortingAlgorithms ── v0.3.1
 Installed Distances ────────── v0.8.2
 Installed Rmath ────────────── v0.5.1
 Installed NearestNeighbors ─── v0.4.3
 Installed BinDeps ──────────── v0.8.10
 Installed Clustering ───────── v0.13.3
 Installed DataAPI ──────────── v1.1.0
 Installed URIParser ────────── v0.4.0
 Installed Arpack ───────────── v0.3.1
 Installed GZip ─────────────── v0.5.0
 Installed DataStructures ───── v0.17.6
 Installed StatsFuns ────────── v0.9.0
 Installed StaticArrays ─────── v0.12.1
 Installed EzXML ────────────── v0.9.4
 Installed StatsBase ────────── v0.32.0
 Installed IterTools ────────── v1.3.0
 Installed OrderedCollections ─ v1.1.0
 Installed BinaryProvider ───── v0.5.8
 Installed Compat ───────────── v2.2.0
 Installed SpecialFunctions ─── v0.8.0
 Installed Erdos ────────────── v0.7.0
  Updating `~&#x2F;.julia&#x2F;environments&#x2F;v1.4&#x2F;Project.toml`
  [90d7349d] + Erdos v0.7.0
  Updating `~&#x2F;.julia&#x2F;environments&#x2F;v1.4&#x2F;Manifest.toml`
  [7d9fca2a] + Arpack v0.3.1
  [9e28174c] + BinDeps v0.8.10
  [b99e7846] + BinaryProvider v0.5.8
  [aaaa29a8] + Clustering v0.13.3
  [34da2185] + Compat v2.2.0
  [9a962f9c] + DataAPI v1.1.0
  [864edb3b] + DataStructures v0.17.6
  [b4f34e82] + Distances v0.8.2
  [90d7349d] + Erdos v0.7.0
  [8f5d6c58] + EzXML v0.9.4
  [92fee26a] + GZip v0.5.0
  [c8e1da08] + IterTools v1.3.0
  [e1d29d7a] + Missings v0.4.3
  [b8a86587] + NearestNeighbors v0.4.3
  [bac558e1] + OrderedCollections v1.1.0
  [79098fc4] + Rmath v0.5.1
  [a2af1166] + SortingAlgorithms v0.3.1
  [276daf66] + SpecialFunctions v0.8.0
  [90137ffa] + StaticArrays v0.12.1
  [2913bbd2] + StatsBase v0.32.0
  [4c63d2b9] + StatsFuns v0.9.0
  [30578b45] + URIParser v0.4.0
  [2a0f44e3] + Base64 
  [ade2ca70] + Dates 
  [8bb1440f] + DelimitedFiles 
  [8ba89e20] + Distributed 
  [b77e0a4c] + InteractiveUtils 
  [76f85450] + LibGit2 
  [8f399da3] + Libdl 
  [37e2e46d] + LinearAlgebra 
  [56ddb016] + Logging 
  [d6f4376e] + Markdown 
  [a63ad114] + Mmap 
  [44cfe95a] + Pkg 
  [de0858da] + Printf 
  [3fa0cd96] + REPL 
  [9a3f8284] + Random 
  [ea8e919c] + SHA 
  [9e88b42a] + Serialization 
  [1a1011a3] + SharedArrays 
  [6462fe0b] + Sockets 
  [2f01184e] + SparseArrays 
  [10745b16] + Statistics 
  [8dfed614] + Test 
  [cf7118a7] + UUIDs 
  [4ec0a83e] + Unicode 
  Building Rmath ───────────→ `~&#x2F;.julia&#x2F;packages&#x2F;Rmath&#x2F;4wt82&#x2F;deps&#x2F;build.log`
  Building Arpack ──────────→ `~&#x2F;.julia&#x2F;packages&#x2F;Arpack&#x2F;cu5By&#x2F;deps&#x2F;build.log`
  Building EzXML ───────────→ `~&#x2F;.julia&#x2F;packages&#x2F;EzXML&#x2F;G0JeY&#x2F;deps&#x2F;build.log`
  Building SpecialFunctions → `~&#x2F;.julia&#x2F;packages&#x2F;SpecialFunctions&#x2F;ne2iw&#x2F;deps&#x2F;build.log`
   Testing Erdos
Status `&#x2F;tmp&#x2F;jl_aSJI5F&#x2F;Manifest.toml`
  [7d9fca2a] Arpack v0.3.1
  [9e28174c] BinDeps v0.8.10
  [b99e7846] BinaryProvider v0.5.8
  [aaaa29a8] Clustering v0.13.3
  [34da2185] Compat v2.2.0
  [9a962f9c] DataAPI v1.1.0
  [864edb3b] DataStructures v0.17.6
  [b4f34e82] Distances v0.8.2
  [90d7349d] Erdos v0.7.0
  [8f5d6c58] EzXML v0.9.4
  [92fee26a] GZip v0.5.0
  [c8e1da08] IterTools v1.3.0
  [e1d29d7a] Missings v0.4.3
  [b8a86587] NearestNeighbors v0.4.3
  [bac558e1] OrderedCollections v1.1.0
  [79098fc4] Rmath v0.5.1
  [a2af1166] SortingAlgorithms v0.3.1
  [276daf66] SpecialFunctions v0.8.0
  [90137ffa] StaticArrays v0.12.1
  [2913bbd2] StatsBase v0.32.0
  [4c63d2b9] StatsFuns v0.9.0
  [30578b45] URIParser v0.4.0
  [2a0f44e3] Base64  [`@stdlib&#x2F;Base64`]
  [ade2ca70] Dates  [`@stdlib&#x2F;Dates`]
  [8bb1440f] DelimitedFiles  [`@stdlib&#x2F;DelimitedFiles`]
  [8ba89e20] Distributed  [`@stdlib&#x2F;Distributed`]
  [b77e0a4c] InteractiveUtils  [`@stdlib&#x2F;InteractiveUtils`]
  [76f85450] LibGit2  [`@stdlib&#x2F;LibGit2`]
  [8f399da3] Libdl  [`@stdlib&#x2F;Libdl`]
  [37e2e46d] LinearAlgebra  [`@stdlib&#x2F;LinearAlgebra`]
  [56ddb016] Logging  [`@stdlib&#x2F;Logging`]
  [d6f4376e] Markdown  [`@stdlib&#x2F;Markdown`]
  [a63ad114] Mmap  [`@stdlib&#x2F;Mmap`]
  [44cfe95a] Pkg  [`@stdlib&#x2F;Pkg`]
  [de0858da] Printf  [`@stdlib&#x2F;Printf`]
  [3fa0cd96] REPL  [`@stdlib&#x2F;REPL`]
  [9a3f8284] Random  [`@stdlib&#x2F;Random`]
  [ea8e919c] SHA  [`@stdlib&#x2F;SHA`]
  [9e88b42a] Serialization  [`@stdlib&#x2F;Serialization`]
  [1a1011a3] SharedArrays  [`@stdlib&#x2F;SharedArrays`]
  [6462fe0b] Sockets  [`@stdlib&#x2F;Sockets`]
  [2f01184e] SparseArrays  [`@stdlib&#x2F;SparseArrays`]
  [10745b16] Statistics  [`@stdlib&#x2F;Statistics`]
  [8dfed614] Test  [`@stdlib&#x2F;Test`]
  [cf7118a7] UUIDs  [`@stdlib&#x2F;UUIDs`]
  [4ec0a83e] Unicode  [`@stdlib&#x2F;Unicode`]
Test Summary:              | Pass  Total
factory&#x2F;graph Graph{Int64} |   13     13
Test Summary:            | Pass  Total
factory&#x2F;net Graph{Int64} |    8      8
Test Summary:          | Pass  Total
core&#x2F;edge Graph{Int64} |    7      7
Test Summary:                     | Pass  Total
core&#x2F;interface_graph Graph{Int64} |   26     26
Test Summary:                       | Pass  Total
core&#x2F;interface_network Graph{Int64} |    1      1
Test Summary:          | Pass  Total
core&#x2F;core Graph{Int64} |  346    346
Test Summary:              | Pass  Total
core&#x2F;edgeiter Graph{Int64} |   54     54
Test Summary:               | Pass  Total
maps&#x2F;vertexmap Graph{Int64} |   37     37
Test Summary:             | Pass  Total
maps&#x2F;edgemap Graph{Int64} |  200    200
Test Summary:                    |
maps&#x2F;property_store Graph{Int64} | No tests
Test Summary:                    | Pass  Total
operators&#x2F;operators Graph{Int64} |   88     88
Test Summary:                   | Pass  Total
distances&#x2F;distance Graph{Int64} |   12     12
Test Summary:                        | Pass  Total
distances&#x2F;edit_distance Graph{Int64} |   14     14
Test Summary:                | Pass  Total
linalg&#x2F;spectral Graph{Int64} |   71     71
Test Summary:                        | Pass  Total
persistence&#x2F;persistence Graph{Int64} |   44     44
Test Summary:                     | Pass  Total
persistence&#x2F;datasets Graph{Int64} |   84     84
Test Summary:               | Pass  Total
persistence&#x2F;gt Graph{Int64} |   20     20
Test Summary:                 | Pass  Total
persistence&#x2F;gexf Graph{Int64} |    6      6
Test Summary:                    | Pass  Total
persistence&#x2F;graphml Graph{Int64} |   10     10
Test Summary:                | Pass  Total
persistence&#x2F;gml Graph{Int64} |   16     16
Test Summary:                      | Pass  Total
generators&#x2F;randgraphs Graph{Int64} |  231    231
Test Summary:                        | Pass  Total
generators&#x2F;staticgraphs Graph{Int64} |   40     40
Test Summary:                       | Pass  Total
generators&#x2F;smallgraphs Graph{Int64} |   25     25
Test Summary:                           | Pass  Total
generators&#x2F;euclideangraphs Graph{Int64} |   10     10
Test Summary:                    | Pass  Total
shortestpaths&#x2F;astar Graph{Int64} |    2      2
Test Summary:                           | Pass  Total
shortestpaths&#x2F;bellman-ford Graph{Int64} |    5      5
Test Summary:                       | Pass  Total
shortestpaths&#x2F;dijkstra Graph{Int64} |    9      9
Test Summary:                             | Pass  Total
shortestpaths&#x2F;floyd-warshall Graph{Int64} |    4      4
Test Summary:               | Pass  Total
traversals&#x2F;bfs Graph{Int64} |    8      8
Test Summary:               | Pass  Total
traversals&#x2F;dfs Graph{Int64} |    4      4
Test Summary:                       | Pass  Total
traversals&#x2F;maxadjvisit Graph{Int64} |    9      9
Test Summary:                      |
traversals&#x2F;graphvisit Graph{Int64} | No tests
Test Summary:                       | Pass  Total
traversals&#x2F;randomwalks Graph{Int64} |  253    253
Test Summary:                        | Pass  Total
traversals&#x2F;connectivity Graph{Int64} |   90     90
Test Summary:                         | Pass  Total
community&#x2F;core-periphery Graph{Int64} |   31     31
Test Summary:                  | Pass  Total
community&#x2F;cliques Graph{Int64} |    4      4
Test Summary:                     | Pass  Total
community&#x2F;modularity Graph{Int64} |    2      2
Test Summary:                     | Pass  Total
community&#x2F;clustering Graph{Int64} |    5      5
Test Summary:                    | Pass  Total
community&#x2F;detection Graph{Int64} |  293    293
Test Summary:                       | Pass  Total
centrality&#x2F;betweenness Graph{Int64} |    7      7
Test Summary:                     | Pass  Total
centrality&#x2F;closeness Graph{Int64} |    4      4
Test Summary:                  | Pass  Total
centrality&#x2F;degree Graph{Int64} |    3      3
Test Summary:                | Pass  Total
centrality&#x2F;katz Graph{Int64} |    1      1
Test Summary:                    | Pass  Total
centrality&#x2F;pagerank Graph{Int64} |    3      3
Test Summary:                 | Pass  Total
centrality&#x2F;kcore Graph{Int64} |    7      7
Test Summary:                  | Pass  Total
flow&#x2F;edmonds_karp Graph{Int64} |    9      9
Test Summary:           | Pass  Total
flow&#x2F;dinic Graph{Int64} |    6      6
Test Summary:                       | Pass  Total
flow&#x2F;boykov_kolmogorov Graph{Int64} |    1      1
flow&#x2F;push_relabel Graph{Int64}: Error During Test at &#x2F;root&#x2F;.julia&#x2F;packages&#x2F;Erdos&#x2F;astKo&#x2F;test&#x2F;flow&#x2F;push_relabel.jl:94
  Test threw exception
  Expression: (maximum_flow(g448, 1, 2, M448, algorithm=PushRelabelAlgorithm()))[1] == 1
  MethodError: no method matching DataStructures.MutableBinaryHeap{Pair{Int64,Int64},Erdos.LessThan2}(::Erdos.LessThan2)
  Closest candidates are:
    DataStructures.MutableBinaryHeap{Pair{Int64,Int64},Erdos.LessThan2}() where {VT, Comp} at &#x2F;root&#x2F;.julia&#x2F;packages&#x2F;DataStructures&#x2F;iymwN&#x2F;src&#x2F;heaps&#x2F;mutable_binary_heap.jl:163
    DataStructures.MutableBinaryHeap{Pair{Int64,Int64},Erdos.LessThan2}(!Matched::AbstractArray{VT,1}) where {VT, Comp} at &#x2F;root&#x2F;.julia&#x2F;packages&#x2F;DataStructures&#x2F;iymwN&#x2F;src&#x2F;heaps&#x2F;mutable_binary_heap.jl:169
  Stacktrace:
   [1] Erdos.PushRelabelHeap{Int64,Int64}(::Int64) at &#x2F;root&#x2F;.julia&#x2F;packages&#x2F;Erdos&#x2F;astKo&#x2F;src&#x2F;flow&#x2F;push_relabel.jl:8
   [2] push_relabel_impl(::DiGraph{Int64}, ::Int64, ::Int64, ::Array{Array{Int64,1},1}, ::Array{Array{Int64,1},1}) at &#x2F;root&#x2F;.julia&#x2F;packages&#x2F;Erdos&#x2F;astKo&#x2F;src&#x2F;flow&#x2F;push_relabel.jl:78
   [3] maximum_flow(::DiGraph{Int64}, ::Int64, ::Int64, ::Array{Int64,2}; algorithm::PushRelabelAlgorithm, restriction::Int64) at &#x2F;root&#x2F;.julia&#x2F;packages&#x2F;Erdos&#x2F;astKo&#x2F;src&#x2F;flow&#x2F;maximum_flow.jl:192
   [4] macro expansion at &#x2F;root&#x2F;.julia&#x2F;packages&#x2F;Erdos&#x2F;astKo&#x2F;test&#x2F;flow&#x2F;push_relabel.jl:94 [inlined]
   [5] macro expansion at &#x2F;buildworker&#x2F;worker&#x2F;package_linux64&#x2F;build&#x2F;usr&#x2F;share&#x2F;julia&#x2F;stdlib&#x2F;v1.4&#x2F;Test&#x2F;src&#x2F;Test.jl:1110 [inlined]
   [6] top-level scope at &#x2F;root&#x2F;.julia&#x2F;packages&#x2F;Erdos&#x2F;astKo&#x2F;test&#x2F;flow&#x2F;push_relabel.jl:87
  
Test Summary:                  | Error  Total
flow&#x2F;push_relabel Graph{Int64} |     1      1
ERROR: LoadError: LoadError: Some tests did not pass: 0 passed, 0 failed, 1 errored, 0 broken.
in expression starting at &#x2F;root&#x2F;.julia&#x2F;packages&#x2F;Erdos&#x2F;astKo&#x2F;test&#x2F;flow&#x2F;push_relabel.jl:1
in expression starting at &#x2F;root&#x2F;.julia&#x2F;packages&#x2F;Erdos&#x2F;astKo&#x2F;test&#x2F;runtests.jl:77
ERROR: Package Erdos errored during testing
Stacktrace:
 [1] pkgerror(::String, ::Vararg{String,N} where N) at &#x2F;buildworker&#x2F;worker&#x2F;package_linux64&#x2F;build&#x2F;usr&#x2F;share&#x2F;julia&#x2F;stdlib&#x2F;v1.4&#x2F;Pkg&#x2F;src&#x2F;Types.jl:53
 [2] test(::Pkg.Types.Context, ::Array{Pkg.Types.PackageSpec,1}; coverage::Bool, test_fn::Nothing, julia_args::Cmd, test_args::Cmd) at &#x2F;buildworker&#x2F;worker&#x2F;package_linux64&#x2F;build&#x2F;usr&#x2F;share&#x2F;julia&#x2F;stdlib&#x2F;v1.4&#x2F;Pkg&#x2F;src&#x2F;Operations.jl:1379
 [3] test(::Pkg.Types.Context, ::Array{Pkg.Types.PackageSpec,1}; coverage::Bool, test_fn::Nothing, julia_args::Cmd, test_args::Cmd, kwargs::Base.Iterators.Pairs{Union{},Union{},Tuple{},NamedTuple{(),Tuple{}}}) at &#x2F;buildworker&#x2F;worker&#x2F;package_linux64&#x2F;build&#x2F;usr&#x2F;share&#x2F;julia&#x2F;stdlib&#x2F;v1.4&#x2F;Pkg&#x2F;src&#x2F;API.jl:287
 [4] test(::Pkg.Types.Context, ::Array{Pkg.Types.PackageSpec,1}) at &#x2F;buildworker&#x2F;worker&#x2F;package_linux64&#x2F;build&#x2F;usr&#x2F;share&#x2F;julia&#x2F;stdlib&#x2F;v1.4&#x2F;Pkg&#x2F;src&#x2F;API.jl:274
 [5] #test#56 at &#x2F;buildworker&#x2F;worker&#x2F;package_linux64&#x2F;build&#x2F;usr&#x2F;share&#x2F;julia&#x2F;stdlib&#x2F;v1.4&#x2F;Pkg&#x2F;src&#x2F;API.jl:268 [inlined]
 [6] test at &#x2F;buildworker&#x2F;worker&#x2F;package_linux64&#x2F;build&#x2F;usr&#x2F;share&#x2F;julia&#x2F;stdlib&#x2F;v1.4&#x2F;Pkg&#x2F;src&#x2F;API.jl:268 [inlined]
 [7] #test#55 at &#x2F;buildworker&#x2F;worker&#x2F;package_linux64&#x2F;build&#x2F;usr&#x2F;share&#x2F;julia&#x2F;stdlib&#x2F;v1.4&#x2F;Pkg&#x2F;src&#x2F;API.jl:267 [inlined]
 [8] test at &#x2F;buildworker&#x2F;worker&#x2F;package_linux64&#x2F;build&#x2F;usr&#x2F;share&#x2F;julia&#x2F;stdlib&#x2F;v1.4&#x2F;Pkg&#x2F;src&#x2F;API.jl:267 [inlined]
 [9] test(::String; kwargs::Base.Iterators.Pairs{Union{},Union{},Tuple{},NamedTuple{(),Tuple{}}}) at &#x2F;buildworker&#x2F;worker&#x2F;package_linux64&#x2F;build&#x2F;usr&#x2F;share&#x2F;julia&#x2F;stdlib&#x2F;v1.4&#x2F;Pkg&#x2F;src&#x2F;API.jl:266
 [10] test(::String) at &#x2F;buildworker&#x2F;worker&#x2F;package_linux64&#x2F;build&#x2F;usr&#x2F;share&#x2F;julia&#x2F;stdlib&#x2F;v1.4&#x2F;Pkg&#x2F;src&#x2F;API.jl:266
 [11] top-level scope at none:10
</pre>
      </div>


  </div>
  </body>

  <script type="text/javascript">// handle collapsibles
var coll = document.getElementsByClassName("collapsible");
for (var i = 0; i < coll.length; i++) {
    coll[i].textContent = "▸ " + coll[i].textContent
    coll[i].addEventListener("click", function() {
        this.classList.toggle("active");
        var content = this.nextElementSibling;
        if (content.style.display === "block") {
            this.textContent = "▸" + this.textContent.substr(1)
            content.style.display = "none";
        } else {
            this.textContent = "▾" + this.textContent.substr(1)
            content.style.display = "block";
        }
    });
}
</script>
</html>

