<!DOCTYPE html>
<html lang="en">
  <head>
    <meta charset="utf-8">
    <meta http-equiv="X-UA-Compatible" content="IE=edge">
    <meta name="viewport" content="width=device-width, initial-scale=1">
    <title>Julia Package Listing - Testing Information</title>

    <style>/* -- Mix of julialang.org, Bootstrap 3, and custom -- */
body {
  background-color: white;
  font-family: Georgia, 'Liberation Serif', serif;
  font-size: 14px;
  color: #333;
  line-height: 1.42857143;
}
.site {
  max-width: 785px;
  margin: 2.5em auto 2em;
  padding: 0 1.5em;
}
a {
  color: #428bca;
  text-decoration: none;
}
h1, h2, h3, h4, h5, h6 {
  font-family: inherit;
  font-weight: 500;
  line-height: 1.1;
  color: inherit;
}
h1, h2, h3 {
    margin-top: 20px;
    margin-bottom: 10px;
}
h2 {
  font-size: 30px;
}
h3 {
    font-size: 24px;
}
h4 {
  font-size: 18px;
  margin-top: 10px;
  margin-bottom: 10px;
}
.titlebox {
  text-align: center;
  font-size: 120%;
  margin-top: 3em;
}
.ok     { background-color: #11AA11; } /*Tests passing*/
.fail   { background-color: #DD3333; } /*Tests failed*/
.skip   { background-color: #3333DD; } /*Tests skipped*/
.kill   { background-color: #222222; } /*Tests interrupted*/
.statusbox {
  width: 12px;
  height: 12px;
  display: inline-block;
}
hr {
  margin-top: 10px;
  margin-bottom: 0px;
  border: 0;
  border-top: 1px solid #eee;
}
.pkglisting h2 { margin-bottom: 0px; }
pre {margin: 0;}
@media (min-width: 785px) {
  .pkglisting {
    display: table;
    width: 100%;
  }
  .pkgnamedesc {
    display: table-cell;
    width: 50%;
  }
  .pkgvertest {
    display: table-cell;
    width:50%;
    text-align: right
  }
}
/* collapsible sections */
.collapsible {
  font-family: Georgia, 'Liberation Serif', serif;
  font-size: 14px;
  background: none;
  border: none;
  margin: 0;
  padding: 0;
  cursor: pointer;
}
.content {
  display: none;
  overflow: hidden;
}
</style>
  </head>

  <body>
  <div class="site">
    <!-- HEADER -->
    <div class="titlebox">
        <svg version="1.1" id="Layer_1" xmlns="http://www.w3.org/2000/svg" xmlns:xlink="http://www.w3.org/1999/xlink" x="0px" y="0px" width="210px" height="142px" viewBox="0 0 310 216" enable-background="new 0 0 310 216" xml:space="preserve">

<!-- blue dot -->
<circle fill="#6b85dd" stroke="#4266d5" stroke-width="3" cx="50.5" cy="58.665" r="16.5"></circle>
<!-- red dot -->
<circle fill="#d66661" stroke="#c93d39" stroke-width="3" cx="212.459" cy="60.249" r="16.5"></circle>
<!-- green dot -->
<circle fill="#6bab5b" stroke="#3b972e" stroke-width="3" cx="233.834" cy="23.874" r="16.5"></circle>
<!-- purple dot -->
<circle fill="#aa7dc0" stroke="#945bb0" stroke-width="3" cx="255.459" cy="59.999" r="16.5"></circle>

<!-- "j" -->
<path fill="#252525" d="M37.216,138.427c0-15.839,0.006-31.679-0.018-47.517c-0.001-0.827,0.169-1.234,1.043-1.47
    c7.876-2.127,15.739-4.308,23.606-6.47c1.33-0.366,1.333-0.36,1.333,1.019c0,25.758,0.015,51.517-0.012,77.274
    c-0.006,5.514,0.245,11.032-0.272,16.543c-0.628,6.69-2.15,13.092-6.438,18.506c-3.781,4.771-8.898,7.25-14.767,8.338
    c-6.599,1.222-13.251,1.552-19.934,0.938c-4.616-0.423-9.045-1.486-12.844-4.363c-2.863-2.168-4.454-4.935-3.745-8.603
    c0.736-3.806,3.348-5.978,6.861-7.127c2.262-0.74,4.628-0.872,6.994-0.53c1.823,0.264,3.42,1.023,4.779,2.288
    c1.38,1.284,2.641,2.674,3.778,4.177c0.872,1.15,1.793,2.256,2.991,3.086c2.055,1.426,4,0.965,5.213-1.216
    c0.819-1.473,0.997-3.106,1.173-4.731c0.255-2.348,0.255-4.707,0.256-7.062C37.218,167.145,37.216,152.786,37.216,138.427z"></path>

<!-- "u" -->
<path fill="#252525" d="M125.536,162.479c-2.908,2.385-5.783,4.312-8.88,5.904c-10.348,5.323-20.514,4.521-30.324-1.253
    c-6.71-3.95-11.012-9.849-12.52-17.606c-0.236-1.213-0.363-2.438-0.363-3.688c0.01-19.797,0.017-39.593-0.02-59.39
    c-0.002-1.102,0.285-1.357,1.363-1.351c7.798,0.049,15.597,0.044,23.396,0.003c0.95-0.005,1.177,0.25,1.175,1.183
    c-0.027,19.356-0.025,38.713-0.018,58.07c0.002,6.34,3.599,10.934,9.672,12.42c2.13,0.521,4.19,0.396,6.173-0.6
    c4.26-2.139,7.457-5.427,10.116-9.307c0.333-0.487,0.224-1,0.224-1.51c0.007-19.635,0.016-39.271-0.02-58.904
    c-0.002-1.083,0.255-1.369,1.353-1.361c7.838,0.052,15.677,0.045,23.515,0.004c0.916-0.005,1.103,0.244,1.102,1.124
    c-0.025,27.677-0.026,55.353,0.002,83.024c0.001,0.938-0.278,1.099-1.139,1.095c-7.918-0.028-15.837-0.028-23.756-0.001
    c-0.815,0.003-1.1-0.166-1.073-1.037C125.581,167.117,125.536,164.928,125.536,162.479z"></path>

<!-- "l" -->
<path fill="#252525" d="M187.423,107.08c0,20.637-0.011,41.273,0.026,61.91c0.003,1.119-0.309,1.361-1.381,1.355
    c-7.799-0.052-15.598-0.047-23.396-0.008c-0.898,0.008-1.117-0.222-1.115-1.115c0.021-39.074,0.021-78.147,0-117.226
    c0-0.811,0.189-1.169,1.006-1.392c7.871-2.149,15.73-4.327,23.584-6.545c1.045-0.295,1.308-0.17,1.306,0.985
    C187.412,65.727,187.423,86.403,187.423,107.08z"></path>

<!-- "i" -->
<path fill="#252525" d="M223.46,126.477c0,14.155-0.011,28.312,0.021,42.467c0.002,1.027-0.164,1.418-1.332,1.408
    c-7.838-0.061-15.676-0.047-23.516-0.01c-0.881,0.004-1.121-0.189-1.119-1.104c0.026-26.153,0.025-52.307,0-78.458
    c0-0.776,0.203-1.101,0.941-1.302c7.984-2.172,15.972-4.35,23.938-6.596c1.049-0.296,1.08,0.031,1.078,0.886
    C223.454,98.004,223.46,112.239,223.46,126.477z"></path>

<!-- "a" -->
<path fill="#252525" d="M277.695,163.6c-0.786,0.646-1.404,1.125-2,1.635c-4.375,3.746-9.42,5.898-15.16,6.42
    c-5.792,0.527-11.479,0.244-16.934-2.047c-12.08-5.071-15.554-17.188-11.938-27.448c1.799-5.111,5.472-8.868,9.831-11.94
    c5.681-4.003,12.009-6.732,18.504-9.074c5.576-2.014,11.186-3.939,16.955-5.347c0.445-0.104,0.773-0.243,0.757-0.854
    c-0.136-4.389,0.261-8.79-0.479-13.165c-1.225-7.209-6.617-10.013-12.895-9.348c-0.516,0.055-1.029,0.129-1.536,0.241
    c-4.877,1.081-7.312,4.413-7.374,10.127c-0.02,1.729-0.229,3.418-0.693,5.084c-0.906,3.229-2.969,5.354-6.168,6.266
    c-3.422,0.979-6.893,0.998-10.23-0.305c-6.529-2.543-8.877-10.164-5.12-16.512c2.249-3.799,5.606-6.4,9.461-8.405
    c6.238-3.246,12.914-4.974,19.896-5.537c7.565-0.61,15.096-0.366,22.49,1.507c4.285,1.085,8.312,2.776,11.744,5.657
    c4.473,3.749,6.776,8.647,6.812,14.374c0.139,21.477,0.096,42.951,0.143,64.428c0.002,0.799-0.248,0.983-1.021,0.98
    c-8.035-0.025-16.074-0.023-24.113-0.001c-0.716,0.002-0.973-0.146-0.941-0.915C277.736,167.562,277.695,165.698,277.695,163.6z
     M277.695,126.393c-4.793,2.104-9.25,4.373-13.287,7.408c-2.151,1.618-4.033,3.483-5.732,5.581
    c-4.229,5.226-1.988,13.343,1.693,16.599c1.592,1.406,3.359,1.906,5.419,1.521c1.621-0.307,3.149-0.857,4.549-1.734
    c1.521-0.951,2.949-2.072,4.539-2.887c2.31-1.18,2.97-2.861,2.894-5.445C277.561,140.484,277.695,133.527,277.695,126.393z"></path>

</svg>

        <h1>
          <a name="LibPQ">LibPQ</a>
        </h1>

        <p>
          <a href="../index.html#LibPQ">← Back to package list</a>
        </p>

    </div>

    <p>
      If you think that there is an error in how your package is being tested or represented, please file an issue at <a href="https://github.com/JuliaComputing/NewPkgEval.jl">NewPkgEval.jl</a>, making sure to read the FAQ first.
    </p>


    <h3>Results with Julia v1.0.5</h3>

    <p>
      Testing was <strong>successful</strong>.
      Last evaluation was 1 day, 14 hours ago and took 5 minutes, 44 seconds.
    </p>

    <p>
      Click <a href="/home/tim/Julia/pkg/NewPkgEval/site/build/logs/LibPQ/1.0.5.log">here</a> to download the log file.
      
    </p>

      <button class="collapsible">Click here to show the log contents.</button>
      <div class="content">
      <pre> Resolving package versions...
 Installed Decimals ──────────────────── v0.4.0
 Installed CEnum ─────────────────────── v0.2.0
 Installed Mocking ───────────────────── v0.7.0
 Installed DataValueInterfaces ───────── v1.0.0
 Installed LibPQ ─────────────────────── v1.0.2
 Installed DocStringExtensions ───────── v0.8.1
 Installed BinaryProvider ────────────── v0.5.8
 Installed Memento ───────────────────── v0.12.1
 Installed TableTraits ───────────────── v1.0.0
 Installed LayerDicts ────────────────── v1.0.0
 Installed IteratorInterfaceExtensions ─ v1.0.0
 Installed TimeZones ─────────────────── v0.10.3
 Installed DataAPI ───────────────────── v1.1.0
 Installed Parsers ───────────────────── v0.3.10
 Installed JSON ──────────────────────── v0.21.0
 Installed Tables ────────────────────── v0.2.11
 Installed OffsetArrays ──────────────── v0.11.1
 Installed Syslogs ───────────────────── v0.3.0
 Installed EzXML ─────────────────────── v0.9.4
 Installed IterTools ─────────────────── v1.3.0
  Updating `~&#x2F;.julia&#x2F;environments&#x2F;v1.0&#x2F;Project.toml`
  [194296ae] + LibPQ v1.0.2
  Updating `~&#x2F;.julia&#x2F;environments&#x2F;v1.0&#x2F;Manifest.toml`
  [b99e7846] + BinaryProvider v0.5.8
  [fa961155] + CEnum v0.2.0
  [9a962f9c] + DataAPI v1.1.0
  [e2d170a0] + DataValueInterfaces v1.0.0
  [abce61dc] + Decimals v0.4.0
  [ffbed154] + DocStringExtensions v0.8.1
  [8f5d6c58] + EzXML v0.9.4
  [c8e1da08] + IterTools v1.3.0
  [82899510] + IteratorInterfaceExtensions v1.0.0
  [682c06a0] + JSON v0.21.0
  [6f188dcb] + LayerDicts v1.0.0
  [194296ae] + LibPQ v1.0.2
  [f28f55f0] + Memento v0.12.1
  [78c3b35d] + Mocking v0.7.0
  [6fe1bfb0] + OffsetArrays v0.11.1
  [69de0a69] + Parsers v0.3.10
  [cea106d9] + Syslogs v0.3.0
  [3783bdb8] + TableTraits v1.0.0
  [bd369af6] + Tables v0.2.11
  [f269a46b] + TimeZones v0.10.3
  [2a0f44e3] + Base64 
  [ade2ca70] + Dates 
  [8ba89e20] + Distributed 
  [7b1f6079] + FileWatching 
  [b77e0a4c] + InteractiveUtils 
  [76f85450] + LibGit2 
  [8f399da3] + Libdl 
  [37e2e46d] + LinearAlgebra 
  [56ddb016] + Logging 
  [d6f4376e] + Markdown 
  [a63ad114] + Mmap 
  [44cfe95a] + Pkg 
  [de0858da] + Printf 
  [3fa0cd96] + REPL 
  [9a3f8284] + Random 
  [ea8e919c] + SHA 
  [9e88b42a] + Serialization 
  [6462fe0b] + Sockets 
  [8dfed614] + Test 
  [cf7118a7] + UUIDs 
  [4ec0a83e] + Unicode 
  Building EzXML ────→ `~&#x2F;.julia&#x2F;packages&#x2F;EzXML&#x2F;G0JeY&#x2F;deps&#x2F;build.log`
  Building TimeZones → `~&#x2F;.julia&#x2F;packages&#x2F;TimeZones&#x2F;pjvlM&#x2F;deps&#x2F;build.log`
  Building LibPQ ────→ `~&#x2F;.julia&#x2F;packages&#x2F;LibPQ&#x2F;WrMcC&#x2F;deps&#x2F;build.log`
   Testing LibPQ
 Resolving package versions...
 Installed InvertedIndices ──── v1.0.0
 Installed PooledArrays ─────── v0.5.2
 Installed SortingAlgorithms ── v0.3.1
 Installed Missings ─────────── v0.4.3
 Installed Reexport ─────────── v0.2.0
 Installed OrderedCollections ─ v1.1.0
 Installed DataFrames ───────── v0.19.4
 Installed CategoricalArrays ── v0.7.3
 Installed Compat ───────────── v2.2.0
 Installed DataStructures ───── v0.17.6
    Status `&#x2F;tmp&#x2F;tmpcKc9y1&#x2F;Manifest.toml`
  [b99e7846] BinaryProvider v0.5.8
  [fa961155] CEnum v0.2.0
  [324d7699] CategoricalArrays v0.7.3
  [34da2185] Compat v2.2.0
  [9a962f9c] DataAPI v1.1.0
  [a93c6f00] DataFrames v0.19.4
  [864edb3b] DataStructures v0.17.6
  [e2d170a0] DataValueInterfaces v1.0.0
  [abce61dc] Decimals v0.4.0
  [ffbed154] DocStringExtensions v0.8.1
  [8f5d6c58] EzXML v0.9.4
  [41ab1584] InvertedIndices v1.0.0
  [c8e1da08] IterTools v1.3.0
  [82899510] IteratorInterfaceExtensions v1.0.0
  [682c06a0] JSON v0.21.0
  [6f188dcb] LayerDicts v1.0.0
  [194296ae] LibPQ v1.0.2
  [f28f55f0] Memento v0.12.1
  [e1d29d7a] Missings v0.4.3
  [78c3b35d] Mocking v0.7.0
  [6fe1bfb0] OffsetArrays v0.11.1
  [bac558e1] OrderedCollections v1.1.0
  [69de0a69] Parsers v0.3.10
  [2dfb63ee] PooledArrays v0.5.2
  [189a3867] Reexport v0.2.0
  [a2af1166] SortingAlgorithms v0.3.1
  [cea106d9] Syslogs v0.3.0
  [3783bdb8] TableTraits v1.0.0
  [bd369af6] Tables v0.2.11
  [f269a46b] TimeZones v0.10.3
  [2a0f44e3] Base64  [`@stdlib&#x2F;Base64`]
  [ade2ca70] Dates  [`@stdlib&#x2F;Dates`]
  [8bb1440f] DelimitedFiles  [`@stdlib&#x2F;DelimitedFiles`]
  [8ba89e20] Distributed  [`@stdlib&#x2F;Distributed`]
  [7b1f6079] FileWatching  [`@stdlib&#x2F;FileWatching`]
  [9fa8497b] Future  [`@stdlib&#x2F;Future`]
  [b77e0a4c] InteractiveUtils  [`@stdlib&#x2F;InteractiveUtils`]
  [76f85450] LibGit2  [`@stdlib&#x2F;LibGit2`]
  [8f399da3] Libdl  [`@stdlib&#x2F;Libdl`]
  [37e2e46d] LinearAlgebra  [`@stdlib&#x2F;LinearAlgebra`]
  [56ddb016] Logging  [`@stdlib&#x2F;Logging`]
  [d6f4376e] Markdown  [`@stdlib&#x2F;Markdown`]
  [a63ad114] Mmap  [`@stdlib&#x2F;Mmap`]
  [44cfe95a] Pkg  [`@stdlib&#x2F;Pkg`]
  [de0858da] Printf  [`@stdlib&#x2F;Printf`]
  [3fa0cd96] REPL  [`@stdlib&#x2F;REPL`]
  [9a3f8284] Random  [`@stdlib&#x2F;Random`]
  [ea8e919c] SHA  [`@stdlib&#x2F;SHA`]
  [9e88b42a] Serialization  [`@stdlib&#x2F;Serialization`]
  [1a1011a3] SharedArrays  [`@stdlib&#x2F;SharedArrays`]
  [6462fe0b] Sockets  [`@stdlib&#x2F;Sockets`]
  [2f01184e] SparseArrays  [`@stdlib&#x2F;SparseArrays`]
  [10745b16] Statistics  [`@stdlib&#x2F;Statistics`]
  [8dfed614] Test  [`@stdlib&#x2F;Test`]
  [cf7118a7] UUIDs  [`@stdlib&#x2F;UUIDs`]
  [4ec0a83e] Unicode  [`@stdlib&#x2F;Unicode`]
Example SELECT: Test Failed at &#x2F;root&#x2F;.julia&#x2F;packages&#x2F;LibPQ&#x2F;WrMcC&#x2F;test&#x2F;runtests.jl:76
  Expression: status(conn) == (LibPQ.libpq_c).CONNECTION_OK
   Evaluated: CONNECTION_BAD::ConnStatusType = 1 == CONNECTION_OK::ConnStatusType = 0
Stacktrace:
 [1] macro expansion at &#x2F;root&#x2F;.julia&#x2F;packages&#x2F;LibPQ&#x2F;WrMcC&#x2F;test&#x2F;runtests.jl:76 [inlined]
 [2] macro expansion at &#x2F;buildworker&#x2F;worker&#x2F;package_linux64&#x2F;build&#x2F;usr&#x2F;share&#x2F;julia&#x2F;stdlib&#x2F;v1.0&#x2F;Test&#x2F;src&#x2F;Test.jl:1083 [inlined]
 [3] macro expansion at &#x2F;root&#x2F;.julia&#x2F;packages&#x2F;LibPQ&#x2F;WrMcC&#x2F;test&#x2F;runtests.jl:73 [inlined]
 [4] macro expansion at &#x2F;buildworker&#x2F;worker&#x2F;package_linux64&#x2F;build&#x2F;usr&#x2F;share&#x2F;julia&#x2F;stdlib&#x2F;v1.0&#x2F;Test&#x2F;src&#x2F;Test.jl:1083 [inlined]
 [5] macro expansion at &#x2F;root&#x2F;.julia&#x2F;packages&#x2F;LibPQ&#x2F;WrMcC&#x2F;test&#x2F;runtests.jl:70 [inlined]
 [6] macro expansion at &#x2F;buildworker&#x2F;worker&#x2F;package_linux64&#x2F;build&#x2F;usr&#x2F;share&#x2F;julia&#x2F;stdlib&#x2F;v1.0&#x2F;Test&#x2F;src&#x2F;Test.jl:1083 [inlined]
 [7] top-level scope at &#x2F;root&#x2F;.julia&#x2F;packages&#x2F;LibPQ&#x2F;WrMcC&#x2F;test&#x2F;runtests.jl:34
Example SELECT: Test Failed at &#x2F;root&#x2F;.julia&#x2F;packages&#x2F;LibPQ&#x2F;WrMcC&#x2F;test&#x2F;runtests.jl:89
  Expression: status(result) == (LibPQ.libpq_c).PGRES_TUPLES_OK
   Evaluated: PGRES_FATAL_ERROR::ExecStatusType = 7 == PGRES_TUPLES_OK::ExecStatusType = 2
Stacktrace:
 [1] macro expansion at &#x2F;root&#x2F;.julia&#x2F;packages&#x2F;LibPQ&#x2F;WrMcC&#x2F;test&#x2F;runtests.jl:89 [inlined]
 [2] macro expansion at &#x2F;buildworker&#x2F;worker&#x2F;package_linux64&#x2F;build&#x2F;usr&#x2F;share&#x2F;julia&#x2F;stdlib&#x2F;v1.0&#x2F;Test&#x2F;src&#x2F;Test.jl:1083 [inlined]
 [3] macro expansion at &#x2F;root&#x2F;.julia&#x2F;packages&#x2F;LibPQ&#x2F;WrMcC&#x2F;test&#x2F;runtests.jl:73 [inlined]
 [4] macro expansion at &#x2F;buildworker&#x2F;worker&#x2F;package_linux64&#x2F;build&#x2F;usr&#x2F;share&#x2F;julia&#x2F;stdlib&#x2F;v1.0&#x2F;Test&#x2F;src&#x2F;Test.jl:1083 [inlined]
 [5] macro expansion at &#x2F;root&#x2F;.julia&#x2F;packages&#x2F;LibPQ&#x2F;WrMcC&#x2F;test&#x2F;runtests.jl:70 [inlined]
 [6] macro expansion at &#x2F;buildworker&#x2F;worker&#x2F;package_linux64&#x2F;build&#x2F;usr&#x2F;share&#x2F;julia&#x2F;stdlib&#x2F;v1.0&#x2F;Test&#x2F;src&#x2F;Test.jl:1083 [inlined]
 [7] top-level scope at &#x2F;root&#x2F;.julia&#x2F;packages&#x2F;LibPQ&#x2F;WrMcC&#x2F;test&#x2F;runtests.jl:34
Example SELECT: Test Failed at &#x2F;root&#x2F;.julia&#x2F;packages&#x2F;LibPQ&#x2F;WrMcC&#x2F;test&#x2F;runtests.jl:90
  Expression: isopen(result)
Stacktrace:
 [1] macro expansion at &#x2F;root&#x2F;.julia&#x2F;packages&#x2F;LibPQ&#x2F;WrMcC&#x2F;test&#x2F;runtests.jl:90 [inlined]
 [2] macro expansion at &#x2F;buildworker&#x2F;worker&#x2F;package_linux64&#x2F;build&#x2F;usr&#x2F;share&#x2F;julia&#x2F;stdlib&#x2F;v1.0&#x2F;Test&#x2F;src&#x2F;Test.jl:1083 [inlined]
 [3] macro expansion at &#x2F;root&#x2F;.julia&#x2F;packages&#x2F;LibPQ&#x2F;WrMcC&#x2F;test&#x2F;runtests.jl:73 [inlined]
 [4] macro expansion at &#x2F;buildworker&#x2F;worker&#x2F;package_linux64&#x2F;build&#x2F;usr&#x2F;share&#x2F;julia&#x2F;stdlib&#x2F;v1.0&#x2F;Test&#x2F;src&#x2F;Test.jl:1083 [inlined]
 [5] macro expansion at &#x2F;root&#x2F;.julia&#x2F;packages&#x2F;LibPQ&#x2F;WrMcC&#x2F;test&#x2F;runtests.jl:70 [inlined]
 [6] macro expansion at &#x2F;buildworker&#x2F;worker&#x2F;package_linux64&#x2F;build&#x2F;usr&#x2F;share&#x2F;julia&#x2F;stdlib&#x2F;v1.0&#x2F;Test&#x2F;src&#x2F;Test.jl:1083 [inlined]
 [7] top-level scope at &#x2F;root&#x2F;.julia&#x2F;packages&#x2F;LibPQ&#x2F;WrMcC&#x2F;test&#x2F;runtests.jl:34
Example SELECT: Test Failed at &#x2F;root&#x2F;.julia&#x2F;packages&#x2F;LibPQ&#x2F;WrMcC&#x2F;test&#x2F;runtests.jl:91
  Expression: LibPQ.num_columns(result) == 1
   Evaluated: 0 == 1
Stacktrace:
 [1] macro expansion at &#x2F;root&#x2F;.julia&#x2F;packages&#x2F;LibPQ&#x2F;WrMcC&#x2F;test&#x2F;runtests.jl:91 [inlined]
 [2] macro expansion at &#x2F;buildworker&#x2F;worker&#x2F;package_linux64&#x2F;build&#x2F;usr&#x2F;share&#x2F;julia&#x2F;stdlib&#x2F;v1.0&#x2F;Test&#x2F;src&#x2F;Test.jl:1083 [inlined]
 [3] macro expansion at &#x2F;root&#x2F;.julia&#x2F;packages&#x2F;LibPQ&#x2F;WrMcC&#x2F;test&#x2F;runtests.jl:73 [inlined]
 [4] macro expansion at &#x2F;buildworker&#x2F;worker&#x2F;package_linux64&#x2F;build&#x2F;usr&#x2F;share&#x2F;julia&#x2F;stdlib&#x2F;v1.0&#x2F;Test&#x2F;src&#x2F;Test.jl:1083 [inlined]
 [5] macro expansion at &#x2F;root&#x2F;.julia&#x2F;packages&#x2F;LibPQ&#x2F;WrMcC&#x2F;test&#x2F;runtests.jl:70 [inlined]
 [6] macro expansion at &#x2F;buildworker&#x2F;worker&#x2F;package_linux64&#x2F;build&#x2F;usr&#x2F;share&#x2F;julia&#x2F;stdlib&#x2F;v1.0&#x2F;Test&#x2F;src&#x2F;Test.jl:1083 [inlined]
 [7] top-level scope at &#x2F;root&#x2F;.julia&#x2F;packages&#x2F;LibPQ&#x2F;WrMcC&#x2F;test&#x2F;runtests.jl:34
Example SELECT: Test Failed at &#x2F;root&#x2F;.julia&#x2F;packages&#x2F;LibPQ&#x2F;WrMcC&#x2F;test&#x2F;runtests.jl:92
  Expression: LibPQ.num_rows(result) == 1
   Evaluated: 0 == 1
Stacktrace:
 [1] macro expansion at &#x2F;root&#x2F;.julia&#x2F;packages&#x2F;LibPQ&#x2F;WrMcC&#x2F;test&#x2F;runtests.jl:92 [inlined]
 [2] macro expansion at &#x2F;buildworker&#x2F;worker&#x2F;package_linux64&#x2F;build&#x2F;usr&#x2F;share&#x2F;julia&#x2F;stdlib&#x2F;v1.0&#x2F;Test&#x2F;src&#x2F;Test.jl:1083 [inlined]
 [3] macro expansion at &#x2F;root&#x2F;.julia&#x2F;packages&#x2F;LibPQ&#x2F;WrMcC&#x2F;test&#x2F;runtests.jl:73 [inlined]
 [4] macro expansion at &#x2F;buildworker&#x2F;worker&#x2F;package_linux64&#x2F;build&#x2F;usr&#x2F;share&#x2F;julia&#x2F;stdlib&#x2F;v1.0&#x2F;Test&#x2F;src&#x2F;Test.jl:1083 [inlined]
 [5] macro expansion at &#x2F;root&#x2F;.julia&#x2F;packages&#x2F;LibPQ&#x2F;WrMcC&#x2F;test&#x2F;runtests.jl:70 [inlined]
 [6] macro expansion at &#x2F;buildworker&#x2F;worker&#x2F;package_linux64&#x2F;build&#x2F;usr&#x2F;share&#x2F;julia&#x2F;stdlib&#x2F;v1.0&#x2F;Test&#x2F;src&#x2F;Test.jl:1083 [inlined]
 [7] top-level scope at &#x2F;root&#x2F;.julia&#x2F;packages&#x2F;LibPQ&#x2F;WrMcC&#x2F;test&#x2F;runtests.jl:34
Example SELECT: Error During Test at &#x2F;root&#x2F;.julia&#x2F;packages&#x2F;LibPQ&#x2F;WrMcC&#x2F;test&#x2F;runtests.jl:93
  Test threw exception
  Expression: LibPQ.column_name(result, 1) == &quot;typname&quot;
  BoundsError: attempt to access 0-element Array{String,1} at index [1]
  Stacktrace:
   [1] getindex at .&#x2F;array.jl:731 [inlined]
   [2] column_name(::LibPQ.Result, ::Int64) at &#x2F;root&#x2F;.julia&#x2F;packages&#x2F;LibPQ&#x2F;WrMcC&#x2F;src&#x2F;results.jl:433
   [3] macro expansion at &#x2F;root&#x2F;.julia&#x2F;packages&#x2F;LibPQ&#x2F;WrMcC&#x2F;test&#x2F;runtests.jl:93 [inlined]
   [4] macro expansion at &#x2F;buildworker&#x2F;worker&#x2F;package_linux64&#x2F;build&#x2F;usr&#x2F;share&#x2F;julia&#x2F;stdlib&#x2F;v1.0&#x2F;Test&#x2F;src&#x2F;Test.jl:1083 [inlined]
   [5] macro expansion at &#x2F;root&#x2F;.julia&#x2F;packages&#x2F;LibPQ&#x2F;WrMcC&#x2F;test&#x2F;runtests.jl:73 [inlined]
   [6] macro expansion at &#x2F;buildworker&#x2F;worker&#x2F;package_linux64&#x2F;build&#x2F;usr&#x2F;share&#x2F;julia&#x2F;stdlib&#x2F;v1.0&#x2F;Test&#x2F;src&#x2F;Test.jl:1083 [inlined]
   [7] macro expansion at &#x2F;root&#x2F;.julia&#x2F;packages&#x2F;LibPQ&#x2F;WrMcC&#x2F;test&#x2F;runtests.jl:70 [inlined]
   [8] macro expansion at &#x2F;buildworker&#x2F;worker&#x2F;package_linux64&#x2F;build&#x2F;usr&#x2F;share&#x2F;julia&#x2F;stdlib&#x2F;v1.0&#x2F;Test&#x2F;src&#x2F;Test.jl:1083 [inlined]
   [9] top-level scope at &#x2F;root&#x2F;.julia&#x2F;packages&#x2F;LibPQ&#x2F;WrMcC&#x2F;test&#x2F;runtests.jl:34
Example SELECT: Test Failed at &#x2F;root&#x2F;.julia&#x2F;packages&#x2F;LibPQ&#x2F;WrMcC&#x2F;test&#x2F;runtests.jl:94
  Expression: LibPQ.column_number(result, &quot;typname&quot;) == 1
   Evaluated: 0 == 1
Stacktrace:
 [1] macro expansion at &#x2F;root&#x2F;.julia&#x2F;packages&#x2F;LibPQ&#x2F;WrMcC&#x2F;test&#x2F;runtests.jl:94 [inlined]
 [2] macro expansion at &#x2F;buildworker&#x2F;worker&#x2F;package_linux64&#x2F;build&#x2F;usr&#x2F;share&#x2F;julia&#x2F;stdlib&#x2F;v1.0&#x2F;Test&#x2F;src&#x2F;Test.jl:1083 [inlined]
 [3] macro expansion at &#x2F;root&#x2F;.julia&#x2F;packages&#x2F;LibPQ&#x2F;WrMcC&#x2F;test&#x2F;runtests.jl:73 [inlined]
 [4] macro expansion at &#x2F;buildworker&#x2F;worker&#x2F;package_linux64&#x2F;build&#x2F;usr&#x2F;share&#x2F;julia&#x2F;stdlib&#x2F;v1.0&#x2F;Test&#x2F;src&#x2F;Test.jl:1083 [inlined]
 [5] macro expansion at &#x2F;root&#x2F;.julia&#x2F;packages&#x2F;LibPQ&#x2F;WrMcC&#x2F;test&#x2F;runtests.jl:70 [inlined]
 [6] macro expansion at &#x2F;buildworker&#x2F;worker&#x2F;package_linux64&#x2F;build&#x2F;usr&#x2F;share&#x2F;julia&#x2F;stdlib&#x2F;v1.0&#x2F;Test&#x2F;src&#x2F;Test.jl:1083 [inlined]
 [7] top-level scope at &#x2F;root&#x2F;.julia&#x2F;packages&#x2F;LibPQ&#x2F;WrMcC&#x2F;test&#x2F;runtests.jl:34
Example SELECT: Error During Test at &#x2F;root&#x2F;.julia&#x2F;packages&#x2F;LibPQ&#x2F;WrMcC&#x2F;test&#x2F;runtests.jl:98
  Test threw exception
  Expression: (data[:typname])[1] == &quot;bool&quot;
  type NamedTuple has no field typname
  Stacktrace:
   [1] getindex(::NamedTuple{(),Tuple{}}, ::Symbol) at .&#x2F;namedtuple.jl:102
   [2] macro expansion at &#x2F;root&#x2F;.julia&#x2F;packages&#x2F;LibPQ&#x2F;WrMcC&#x2F;test&#x2F;runtests.jl:98 [inlined]
   [3] macro expansion at &#x2F;buildworker&#x2F;worker&#x2F;package_linux64&#x2F;build&#x2F;usr&#x2F;share&#x2F;julia&#x2F;stdlib&#x2F;v1.0&#x2F;Test&#x2F;src&#x2F;Test.jl:1083 [inlined]
   [4] macro expansion at &#x2F;root&#x2F;.julia&#x2F;packages&#x2F;LibPQ&#x2F;WrMcC&#x2F;test&#x2F;runtests.jl:73 [inlined]
   [5] macro expansion at &#x2F;buildworker&#x2F;worker&#x2F;package_linux64&#x2F;build&#x2F;usr&#x2F;share&#x2F;julia&#x2F;stdlib&#x2F;v1.0&#x2F;Test&#x2F;src&#x2F;Test.jl:1083 [inlined]
   [6] macro expansion at &#x2F;root&#x2F;.julia&#x2F;packages&#x2F;LibPQ&#x2F;WrMcC&#x2F;test&#x2F;runtests.jl:70 [inlined]
   [7] macro expansion at &#x2F;buildworker&#x2F;worker&#x2F;package_linux64&#x2F;build&#x2F;usr&#x2F;share&#x2F;julia&#x2F;stdlib&#x2F;v1.0&#x2F;Test&#x2F;src&#x2F;Test.jl:1083 [inlined]
   [8] top-level scope at &#x2F;root&#x2F;.julia&#x2F;packages&#x2F;LibPQ&#x2F;WrMcC&#x2F;test&#x2F;runtests.jl:34
Example SELECT: Test Failed at &#x2F;root&#x2F;.julia&#x2F;packages&#x2F;LibPQ&#x2F;WrMcC&#x2F;test&#x2F;runtests.jl:111
  Expression: status(result) == (LibPQ.libpq_c).PGRES_TUPLES_OK
   Evaluated: PGRES_FATAL_ERROR::ExecStatusType = 7 == PGRES_TUPLES_OK::ExecStatusType = 2
Stacktrace:
 [1] macro expansion at &#x2F;root&#x2F;.julia&#x2F;packages&#x2F;LibPQ&#x2F;WrMcC&#x2F;test&#x2F;runtests.jl:111 [inlined]
 [2] macro expansion at &#x2F;buildworker&#x2F;worker&#x2F;package_linux64&#x2F;build&#x2F;usr&#x2F;share&#x2F;julia&#x2F;stdlib&#x2F;v1.0&#x2F;Test&#x2F;src&#x2F;Test.jl:1083 [inlined]
 [3] macro expansion at &#x2F;root&#x2F;.julia&#x2F;packages&#x2F;LibPQ&#x2F;WrMcC&#x2F;test&#x2F;runtests.jl:73 [inlined]
 [4] macro expansion at &#x2F;buildworker&#x2F;worker&#x2F;package_linux64&#x2F;build&#x2F;usr&#x2F;share&#x2F;julia&#x2F;stdlib&#x2F;v1.0&#x2F;Test&#x2F;src&#x2F;Test.jl:1083 [inlined]
 [5] macro expansion at &#x2F;root&#x2F;.julia&#x2F;packages&#x2F;LibPQ&#x2F;WrMcC&#x2F;test&#x2F;runtests.jl:70 [inlined]
 [6] macro expansion at &#x2F;buildworker&#x2F;worker&#x2F;package_linux64&#x2F;build&#x2F;usr&#x2F;share&#x2F;julia&#x2F;stdlib&#x2F;v1.0&#x2F;Test&#x2F;src&#x2F;Test.jl:1083 [inlined]
 [7] top-level scope at &#x2F;root&#x2F;.julia&#x2F;packages&#x2F;LibPQ&#x2F;WrMcC&#x2F;test&#x2F;runtests.jl:34
Example SELECT: Test Failed at &#x2F;root&#x2F;.julia&#x2F;packages&#x2F;LibPQ&#x2F;WrMcC&#x2F;test&#x2F;runtests.jl:112
  Expression: isopen(result)
Stacktrace:
 [1] macro expansion at &#x2F;root&#x2F;.julia&#x2F;packages&#x2F;LibPQ&#x2F;WrMcC&#x2F;test&#x2F;runtests.jl:112 [inlined]
 [2] macro expansion at &#x2F;buildworker&#x2F;worker&#x2F;package_linux64&#x2F;build&#x2F;usr&#x2F;share&#x2F;julia&#x2F;stdlib&#x2F;v1.0&#x2F;Test&#x2F;src&#x2F;Test.jl:1083 [inlined]
 [3] macro expansion at &#x2F;root&#x2F;.julia&#x2F;packages&#x2F;LibPQ&#x2F;WrMcC&#x2F;test&#x2F;runtests.jl:73 [inlined]
 [4] macro expansion at &#x2F;buildworker&#x2F;worker&#x2F;package_linux64&#x2F;build&#x2F;usr&#x2F;share&#x2F;julia&#x2F;stdlib&#x2F;v1.0&#x2F;Test&#x2F;src&#x2F;Test.jl:1083 [inlined]
 [5] macro expansion at &#x2F;root&#x2F;.julia&#x2F;packages&#x2F;LibPQ&#x2F;WrMcC&#x2F;test&#x2F;runtests.jl:70 [inlined]
 [6] macro expansion at &#x2F;buildworker&#x2F;worker&#x2F;package_linux64&#x2F;build&#x2F;usr&#x2F;share&#x2F;julia&#x2F;stdlib&#x2F;v1.0&#x2F;Test&#x2F;src&#x2F;Test.jl:1083 [inlined]
 [7] top-level scope at &#x2F;root&#x2F;.julia&#x2F;packages&#x2F;LibPQ&#x2F;WrMcC&#x2F;test&#x2F;runtests.jl:34
Example SELECT: Test Failed at &#x2F;root&#x2F;.julia&#x2F;packages&#x2F;LibPQ&#x2F;WrMcC&#x2F;test&#x2F;runtests.jl:113
  Expression: LibPQ.num_columns(result) == 1
   Evaluated: 0 == 1
Stacktrace:
 [1] macro expansion at &#x2F;root&#x2F;.julia&#x2F;packages&#x2F;LibPQ&#x2F;WrMcC&#x2F;test&#x2F;runtests.jl:113 [inlined]
 [2] macro expansion at &#x2F;buildworker&#x2F;worker&#x2F;package_linux64&#x2F;build&#x2F;usr&#x2F;share&#x2F;julia&#x2F;stdlib&#x2F;v1.0&#x2F;Test&#x2F;src&#x2F;Test.jl:1083 [inlined]
 [3] macro expansion at &#x2F;root&#x2F;.julia&#x2F;packages&#x2F;LibPQ&#x2F;WrMcC&#x2F;test&#x2F;runtests.jl:73 [inlined]
 [4] macro expansion at &#x2F;buildworker&#x2F;worker&#x2F;package_linux64&#x2F;build&#x2F;usr&#x2F;share&#x2F;julia&#x2F;stdlib&#x2F;v1.0&#x2F;Test&#x2F;src&#x2F;Test.jl:1083 [inlined]
 [5] macro expansion at &#x2F;root&#x2F;.julia&#x2F;packages&#x2F;LibPQ&#x2F;WrMcC&#x2F;test&#x2F;runtests.jl:70 [inlined]
 [6] macro expansion at &#x2F;buildworker&#x2F;worker&#x2F;package_linux64&#x2F;build&#x2F;usr&#x2F;share&#x2F;julia&#x2F;stdlib&#x2F;v1.0&#x2F;Test&#x2F;src&#x2F;Test.jl:1083 [inlined]
 [7] top-level scope at &#x2F;root&#x2F;.julia&#x2F;packages&#x2F;LibPQ&#x2F;WrMcC&#x2F;test&#x2F;runtests.jl:34
Example SELECT: Test Failed at &#x2F;root&#x2F;.julia&#x2F;packages&#x2F;LibPQ&#x2F;WrMcC&#x2F;test&#x2F;runtests.jl:114
  Expression: LibPQ.num_rows(result) == 1
   Evaluated: 0 == 1
Stacktrace:
 [1] macro expansion at &#x2F;root&#x2F;.julia&#x2F;packages&#x2F;LibPQ&#x2F;WrMcC&#x2F;test&#x2F;runtests.jl:114 [inlined]
 [2] macro expansion at &#x2F;buildworker&#x2F;worker&#x2F;package_linux64&#x2F;build&#x2F;usr&#x2F;share&#x2F;julia&#x2F;stdlib&#x2F;v1.0&#x2F;Test&#x2F;src&#x2F;Test.jl:1083 [inlined]
 [3] macro expansion at &#x2F;root&#x2F;.julia&#x2F;packages&#x2F;LibPQ&#x2F;WrMcC&#x2F;test&#x2F;runtests.jl:73 [inlined]
 [4] macro expansion at &#x2F;buildworker&#x2F;worker&#x2F;package_linux64&#x2F;build&#x2F;usr&#x2F;share&#x2F;julia&#x2F;stdlib&#x2F;v1.0&#x2F;Test&#x2F;src&#x2F;Test.jl:1083 [inlined]
 [5] macro expansion at &#x2F;root&#x2F;.julia&#x2F;packages&#x2F;LibPQ&#x2F;WrMcC&#x2F;test&#x2F;runtests.jl:70 [inlined]
 [6] macro expansion at &#x2F;buildworker&#x2F;worker&#x2F;package_linux64&#x2F;build&#x2F;usr&#x2F;share&#x2F;julia&#x2F;stdlib&#x2F;v1.0&#x2F;Test&#x2F;src&#x2F;Test.jl:1083 [inlined]
 [7] top-level scope at &#x2F;root&#x2F;.julia&#x2F;packages&#x2F;LibPQ&#x2F;WrMcC&#x2F;test&#x2F;runtests.jl:34
Example SELECT: Error During Test at &#x2F;root&#x2F;.julia&#x2F;packages&#x2F;LibPQ&#x2F;WrMcC&#x2F;test&#x2F;runtests.jl:115
  Test threw exception
  Expression: LibPQ.column_name(result, 1) == &quot;typname&quot;
  BoundsError: attempt to access 0-element Array{String,1} at index [1]
  Stacktrace:
   [1] getindex at .&#x2F;array.jl:731 [inlined]
   [2] column_name(::LibPQ.Result, ::Int64) at &#x2F;root&#x2F;.julia&#x2F;packages&#x2F;LibPQ&#x2F;WrMcC&#x2F;src&#x2F;results.jl:433
   [3] macro expansion at &#x2F;root&#x2F;.julia&#x2F;packages&#x2F;LibPQ&#x2F;WrMcC&#x2F;test&#x2F;runtests.jl:115 [inlined]
   [4] macro expansion at &#x2F;buildworker&#x2F;worker&#x2F;package_linux64&#x2F;build&#x2F;usr&#x2F;share&#x2F;julia&#x2F;stdlib&#x2F;v1.0&#x2F;Test&#x2F;src&#x2F;Test.jl:1083 [inlined]
   [5] macro expansion at &#x2F;root&#x2F;.julia&#x2F;packages&#x2F;LibPQ&#x2F;WrMcC&#x2F;test&#x2F;runtests.jl:73 [inlined]
   [6] macro expansion at &#x2F;buildworker&#x2F;worker&#x2F;package_linux64&#x2F;build&#x2F;usr&#x2F;share&#x2F;julia&#x2F;stdlib&#x2F;v1.0&#x2F;Test&#x2F;src&#x2F;Test.jl:1083 [inlined]
   [7] macro expansion at &#x2F;root&#x2F;.julia&#x2F;packages&#x2F;LibPQ&#x2F;WrMcC&#x2F;test&#x2F;runtests.jl:70 [inlined]
   [8] macro expansion at &#x2F;buildworker&#x2F;worker&#x2F;package_linux64&#x2F;build&#x2F;usr&#x2F;share&#x2F;julia&#x2F;stdlib&#x2F;v1.0&#x2F;Test&#x2F;src&#x2F;Test.jl:1083 [inlined]
   [9] top-level scope at &#x2F;root&#x2F;.julia&#x2F;packages&#x2F;LibPQ&#x2F;WrMcC&#x2F;test&#x2F;runtests.jl:34
Example SELECT: Error During Test at &#x2F;root&#x2F;.julia&#x2F;packages&#x2F;LibPQ&#x2F;WrMcC&#x2F;test&#x2F;runtests.jl:119
  Test threw exception
  Expression: (data[:typname])[1] == &quot;bool&quot;
  type NamedTuple has no field typname
  Stacktrace:
   [1] getindex(::NamedTuple{(),Tuple{}}, ::Symbol) at .&#x2F;namedtuple.jl:102
   [2] macro expansion at &#x2F;root&#x2F;.julia&#x2F;packages&#x2F;LibPQ&#x2F;WrMcC&#x2F;test&#x2F;runtests.jl:119 [inlined]
   [3] macro expansion at &#x2F;buildworker&#x2F;worker&#x2F;package_linux64&#x2F;build&#x2F;usr&#x2F;share&#x2F;julia&#x2F;stdlib&#x2F;v1.0&#x2F;Test&#x2F;src&#x2F;Test.jl:1083 [inlined]
   [4] macro expansion at &#x2F;root&#x2F;.julia&#x2F;packages&#x2F;LibPQ&#x2F;WrMcC&#x2F;test&#x2F;runtests.jl:73 [inlined]
   [5] macro expansion at &#x2F;buildworker&#x2F;worker&#x2F;package_linux64&#x2F;build&#x2F;usr&#x2F;share&#x2F;julia&#x2F;stdlib&#x2F;v1.0&#x2F;Test&#x2F;src&#x2F;Test.jl:1083 [inlined]
   [6] macro expansion at &#x2F;root&#x2F;.julia&#x2F;packages&#x2F;LibPQ&#x2F;WrMcC&#x2F;test&#x2F;runtests.jl:70 [inlined]
   [7] macro expansion at &#x2F;buildworker&#x2F;worker&#x2F;package_linux64&#x2F;build&#x2F;usr&#x2F;share&#x2F;julia&#x2F;stdlib&#x2F;v1.0&#x2F;Test&#x2F;src&#x2F;Test.jl:1083 [inlined]
   [8] top-level scope at &#x2F;root&#x2F;.julia&#x2F;packages&#x2F;LibPQ&#x2F;WrMcC&#x2F;test&#x2F;runtests.jl:34
LibPQ: Error During Test at &#x2F;root&#x2F;.julia&#x2F;packages&#x2F;LibPQ&#x2F;WrMcC&#x2F;test&#x2F;runtests.jl:32
  Got exception outside of a @test
  UndefVarError: enum_name not defined
  Stacktrace:
   [1] getproperty at .&#x2F;sysimg.jl:13 [inlined]
   [2] show(::IOContext{Base.GenericIOBuffer{Array{UInt8,1}}}, ::LibPQ.Errors.Class) at &#x2F;root&#x2F;.julia&#x2F;packages&#x2F;LibPQ&#x2F;WrMcC&#x2F;src&#x2F;exceptions.jl:78
   [3] show_datatype(::IOContext{Base.GenericIOBuffer{Array{UInt8,1}}}, ::DataType) at .&#x2F;show.jl:526
   [4] show(::IOContext{Base.GenericIOBuffer{Array{UInt8,1}}}, ::DataType) at .&#x2F;show.jl:436
   [5] print(::IOContext{Base.GenericIOBuffer{Array{UInt8,1}}}, ::Type) at .&#x2F;strings&#x2F;io.jl:31
   [6] print(::IOContext{Base.GenericIOBuffer{Array{UInt8,1}}}, ::String, ::Type) at .&#x2F;strings&#x2F;io.jl:42
   [7] show_tuple_as_call(::IOContext{Base.GenericIOBuffer{Array{UInt8,1}}}, ::Symbol, ::Type) at .&#x2F;show.jl:1490
   [8] show_spec_linfo(::IOContext{Base.GenericIOBuffer{Array{UInt8,1}}}, ::Base.StackTraces.StackFrame) at .&#x2F;stacktraces.jl:262
   [9] #show#9(::Bool, ::Function, ::IOContext{Base.GenericIOBuffer{Array{UInt8,1}}}, ::Base.StackTraces.StackFrame) at .&#x2F;stacktraces.jl:272
   [10] #show at .&#x2F;none:0 [inlined]
   [11] #show_trace_entry#631(::String, ::Function, ::IOContext{Base.GenericIOBuffer{Array{UInt8,1}}}, ::Base.StackTraces.StackFrame, ::Int64) at .&#x2F;errorshow.jl:471
   [12] (::getfield(Base, Symbol(&quot;#kw##show_trace_entry&quot;)))(::NamedTuple{(:prefix,),Tuple{String}}, ::typeof(Base.show_trace_entry), ::IOContext{Base.GenericIOBuffer{Array{UInt8,1}}}, ::Base.StackTraces.StackFrame, ::Int64) at .&#x2F;none:0
   [13] show_backtrace(::Base.GenericIOBuffer{Array{UInt8,1}}, ::Array{Union{Ptr{Nothing}, InterpreterIP},1}) at .&#x2F;errorshow.jl:574
   [14] #showerror#613(::Bool, ::Function, ::Base.GenericIOBuffer{Array{UInt8,1}}, ::UndefVarError, ::Array{Union{Ptr{Nothing}, InterpreterIP},1}) at .&#x2F;errorshow.jl:79
   [15] showerror(::Base.GenericIOBuffer{Array{UInt8,1}}, ::UndefVarError, ::Array{Union{Ptr{Nothing}, InterpreterIP},1}) at .&#x2F;errorshow.jl:74
   [16] #sprint#326(::Nothing, ::Int64, ::Function, ::Function, ::UndefVarError, ::Vararg{Any,N} where N) at .&#x2F;strings&#x2F;io.jl:101
   [17] sprint at .&#x2F;strings&#x2F;io.jl:97 [inlined]
   [18] Test.Error(::Symbol, ::Expr, ::UndefVarError, ::Array{Union{Ptr{Nothing}, InterpreterIP},1}, ::LineNumberNode) at &#x2F;buildworker&#x2F;worker&#x2F;package_linux64&#x2F;build&#x2F;usr&#x2F;share&#x2F;julia&#x2F;stdlib&#x2F;v1.0&#x2F;Test&#x2F;src&#x2F;Test.jl:140
   [19] macro expansion at &#x2F;buildworker&#x2F;worker&#x2F;package_linux64&#x2F;build&#x2F;usr&#x2F;share&#x2F;julia&#x2F;stdlib&#x2F;v1.0&#x2F;Test&#x2F;src&#x2F;Test.jl:1088 [inlined]
   [20] macro expansion at &#x2F;root&#x2F;.julia&#x2F;packages&#x2F;LibPQ&#x2F;WrMcC&#x2F;test&#x2F;runtests.jl:70 [inlined]
   [21] macro expansion at &#x2F;buildworker&#x2F;worker&#x2F;package_linux64&#x2F;build&#x2F;usr&#x2F;share&#x2F;julia&#x2F;stdlib&#x2F;v1.0&#x2F;Test&#x2F;src&#x2F;Test.jl:1083 [inlined]
   [22] top-level scope at &#x2F;root&#x2F;.julia&#x2F;packages&#x2F;LibPQ&#x2F;WrMcC&#x2F;test&#x2F;runtests.jl:34
   [23] include at .&#x2F;boot.jl:317 [inlined]
   [24] include_relative(::Module, ::String) at .&#x2F;loading.jl:1044
   [25] include(::Module, ::String) at .&#x2F;sysimg.jl:29
   [26] include(::String) at .&#x2F;client.jl:392
   [27] top-level scope at none:0
   [28] eval(::Module, ::Any) at .&#x2F;boot.jl:319
   [29] exec_options(::Base.JLOptions) at .&#x2F;client.jl:243
   [30] _start() at .&#x2F;client.jl:425
   Testing LibPQ tests passed 
</pre>
      </div>

    <h3>Results with Julia v1.2.0</h3>

    <p>
      Testing was <strong>unsuccessful</strong>: testing failed for unknown reasons.
      Last evaluation was 1 day, 17 hours ago and took 3 minutes, 30 seconds.
    </p>

    <p>
      Click <a href="/home/tim/Julia/pkg/NewPkgEval/site/build/logs/LibPQ/1.2.0.log">here</a> to download the log file.
      
    </p>

      <button class="collapsible">Click here to show the log contents.</button>
      <div class="content">
      <pre> Resolving package versions...
 Installed DataValueInterfaces ───────── v1.0.0
 Installed DataAPI ───────────────────── v1.1.0
 Installed Decimals ──────────────────── v0.4.0
 Installed CEnum ─────────────────────── v0.2.0
 Installed IteratorInterfaceExtensions ─ v1.0.0
 Installed TableTraits ───────────────── v1.0.0
 Installed LibPQ ─────────────────────── v1.0.2
 Installed Memento ───────────────────── v0.12.1
 Installed LayerDicts ────────────────── v1.0.0
 Installed Parsers ───────────────────── v0.3.10
 Installed OffsetArrays ──────────────── v0.11.1
 Installed JSON ──────────────────────── v0.21.0
 Installed BinaryProvider ────────────── v0.5.8
 Installed TimeZones ─────────────────── v0.10.3
 Installed EzXML ─────────────────────── v0.9.4
 Installed Mocking ───────────────────── v0.7.0
 Installed Tables ────────────────────── v0.2.11
 Installed Syslogs ───────────────────── v0.3.0
 Installed IterTools ─────────────────── v1.3.0
 Installed DocStringExtensions ───────── v0.8.1
  Updating `~&#x2F;.julia&#x2F;environments&#x2F;v1.2&#x2F;Project.toml`
  [194296ae] + LibPQ v1.0.2
  Updating `~&#x2F;.julia&#x2F;environments&#x2F;v1.2&#x2F;Manifest.toml`
  [b99e7846] + BinaryProvider v0.5.8
  [fa961155] + CEnum v0.2.0
  [9a962f9c] + DataAPI v1.1.0
  [e2d170a0] + DataValueInterfaces v1.0.0
  [abce61dc] + Decimals v0.4.0
  [ffbed154] + DocStringExtensions v0.8.1
  [8f5d6c58] + EzXML v0.9.4
  [c8e1da08] + IterTools v1.3.0
  [82899510] + IteratorInterfaceExtensions v1.0.0
  [682c06a0] + JSON v0.21.0
  [6f188dcb] + LayerDicts v1.0.0
  [194296ae] + LibPQ v1.0.2
  [f28f55f0] + Memento v0.12.1
  [78c3b35d] + Mocking v0.7.0
  [6fe1bfb0] + OffsetArrays v0.11.1
  [69de0a69] + Parsers v0.3.10
  [cea106d9] + Syslogs v0.3.0
  [3783bdb8] + TableTraits v1.0.0
  [bd369af6] + Tables v0.2.11
  [f269a46b] + TimeZones v0.10.3
  [2a0f44e3] + Base64 
  [ade2ca70] + Dates 
  [8ba89e20] + Distributed 
  [7b1f6079] + FileWatching 
  [b77e0a4c] + InteractiveUtils 
  [76f85450] + LibGit2 
  [8f399da3] + Libdl 
  [37e2e46d] + LinearAlgebra 
  [56ddb016] + Logging 
  [d6f4376e] + Markdown 
  [a63ad114] + Mmap 
  [44cfe95a] + Pkg 
  [de0858da] + Printf 
  [3fa0cd96] + REPL 
  [9a3f8284] + Random 
  [ea8e919c] + SHA 
  [9e88b42a] + Serialization 
  [6462fe0b] + Sockets 
  [8dfed614] + Test 
  [cf7118a7] + UUIDs 
  [4ec0a83e] + Unicode 
  Building EzXML ────→ `~&#x2F;.julia&#x2F;packages&#x2F;EzXML&#x2F;G0JeY&#x2F;deps&#x2F;build.log`
  Building TimeZones → `~&#x2F;.julia&#x2F;packages&#x2F;TimeZones&#x2F;pjvlM&#x2F;deps&#x2F;build.log`
  Building LibPQ ────→ `~&#x2F;.julia&#x2F;packages&#x2F;LibPQ&#x2F;WrMcC&#x2F;deps&#x2F;build.log`
   Testing LibPQ
 Resolving package versions...
 Installed Missings ─────────── v0.4.3
 Installed Reexport ─────────── v0.2.0
 Installed PooledArrays ─────── v0.5.2
 Installed InvertedIndices ──── v1.0.0
 Installed Compat ───────────── v2.2.0
 Installed DataStructures ───── v0.17.6
 Installed CategoricalArrays ── v0.7.3
 Installed DataFrames ───────── v0.19.4
 Installed SortingAlgorithms ── v0.3.1
 Installed OrderedCollections ─ v1.1.0
    Status `&#x2F;tmp&#x2F;jl_AYLkjK&#x2F;Manifest.toml`
  [b99e7846] BinaryProvider v0.5.8
  [fa961155] CEnum v0.2.0
  [324d7699] CategoricalArrays v0.7.3
  [34da2185] Compat v2.2.0
  [9a962f9c] DataAPI v1.1.0
  [a93c6f00] DataFrames v0.19.4
  [864edb3b] DataStructures v0.17.6
  [e2d170a0] DataValueInterfaces v1.0.0
  [abce61dc] Decimals v0.4.0
  [ffbed154] DocStringExtensions v0.8.1
  [8f5d6c58] EzXML v0.9.4
  [41ab1584] InvertedIndices v1.0.0
  [c8e1da08] IterTools v1.3.0
  [82899510] IteratorInterfaceExtensions v1.0.0
  [682c06a0] JSON v0.21.0
  [6f188dcb] LayerDicts v1.0.0
  [194296ae] LibPQ v1.0.2
  [f28f55f0] Memento v0.12.1
  [e1d29d7a] Missings v0.4.3
  [78c3b35d] Mocking v0.7.0
  [6fe1bfb0] OffsetArrays v0.11.1
  [bac558e1] OrderedCollections v1.1.0
  [69de0a69] Parsers v0.3.10
  [2dfb63ee] PooledArrays v0.5.2
  [189a3867] Reexport v0.2.0
  [a2af1166] SortingAlgorithms v0.3.1
  [cea106d9] Syslogs v0.3.0
  [3783bdb8] TableTraits v1.0.0
  [bd369af6] Tables v0.2.11
  [f269a46b] TimeZones v0.10.3
  [2a0f44e3] Base64  [`@stdlib&#x2F;Base64`]
  [ade2ca70] Dates  [`@stdlib&#x2F;Dates`]
  [8bb1440f] DelimitedFiles  [`@stdlib&#x2F;DelimitedFiles`]
  [8ba89e20] Distributed  [`@stdlib&#x2F;Distributed`]
  [7b1f6079] FileWatching  [`@stdlib&#x2F;FileWatching`]
  [9fa8497b] Future  [`@stdlib&#x2F;Future`]
  [b77e0a4c] InteractiveUtils  [`@stdlib&#x2F;InteractiveUtils`]
  [76f85450] LibGit2  [`@stdlib&#x2F;LibGit2`]
  [8f399da3] Libdl  [`@stdlib&#x2F;Libdl`]
  [37e2e46d] LinearAlgebra  [`@stdlib&#x2F;LinearAlgebra`]
  [56ddb016] Logging  [`@stdlib&#x2F;Logging`]
  [d6f4376e] Markdown  [`@stdlib&#x2F;Markdown`]
  [a63ad114] Mmap  [`@stdlib&#x2F;Mmap`]
  [44cfe95a] Pkg  [`@stdlib&#x2F;Pkg`]
  [de0858da] Printf  [`@stdlib&#x2F;Printf`]
  [3fa0cd96] REPL  [`@stdlib&#x2F;REPL`]
  [9a3f8284] Random  [`@stdlib&#x2F;Random`]
  [ea8e919c] SHA  [`@stdlib&#x2F;SHA`]
  [9e88b42a] Serialization  [`@stdlib&#x2F;Serialization`]
  [1a1011a3] SharedArrays  [`@stdlib&#x2F;SharedArrays`]
  [6462fe0b] Sockets  [`@stdlib&#x2F;Sockets`]
  [2f01184e] SparseArrays  [`@stdlib&#x2F;SparseArrays`]
  [10745b16] Statistics  [`@stdlib&#x2F;Statistics`]
  [8dfed614] Test  [`@stdlib&#x2F;Test`]
  [cf7118a7] UUIDs  [`@stdlib&#x2F;UUIDs`]
  [4ec0a83e] Unicode  [`@stdlib&#x2F;Unicode`]
Example SELECT: Test Failed at &#x2F;root&#x2F;.julia&#x2F;packages&#x2F;LibPQ&#x2F;WrMcC&#x2F;test&#x2F;runtests.jl:76
  Expression: status(conn) == LibPQ.libpq_c.CONNECTION_OK
   Evaluated: LibPQ.libpq_c.CONNECTION_BAD == LibPQ.libpq_c.CONNECTION_OK
Stacktrace:
 [1] top-level scope at &#x2F;root&#x2F;.julia&#x2F;packages&#x2F;LibPQ&#x2F;WrMcC&#x2F;test&#x2F;runtests.jl:76
 [2] top-level scope at &#x2F;buildworker&#x2F;worker&#x2F;package_linux64&#x2F;build&#x2F;usr&#x2F;share&#x2F;julia&#x2F;stdlib&#x2F;v1.2&#x2F;Test&#x2F;src&#x2F;Test.jl:1113
 [3] top-level scope at &#x2F;root&#x2F;.julia&#x2F;packages&#x2F;LibPQ&#x2F;WrMcC&#x2F;test&#x2F;runtests.jl:73
 [4] top-level scope at &#x2F;buildworker&#x2F;worker&#x2F;package_linux64&#x2F;build&#x2F;usr&#x2F;share&#x2F;julia&#x2F;stdlib&#x2F;v1.2&#x2F;Test&#x2F;src&#x2F;Test.jl:1113
 [5] top-level scope at &#x2F;root&#x2F;.julia&#x2F;packages&#x2F;LibPQ&#x2F;WrMcC&#x2F;test&#x2F;runtests.jl:70
 [6] top-level scope at &#x2F;buildworker&#x2F;worker&#x2F;package_linux64&#x2F;build&#x2F;usr&#x2F;share&#x2F;julia&#x2F;stdlib&#x2F;v1.2&#x2F;Test&#x2F;src&#x2F;Test.jl:1113
 [7] top-level scope at &#x2F;root&#x2F;.julia&#x2F;packages&#x2F;LibPQ&#x2F;WrMcC&#x2F;test&#x2F;runtests.jl:34
Example SELECT: Test Failed at &#x2F;root&#x2F;.julia&#x2F;packages&#x2F;LibPQ&#x2F;WrMcC&#x2F;test&#x2F;runtests.jl:89
  Expression: status(result) == LibPQ.libpq_c.PGRES_TUPLES_OK
   Evaluated: LibPQ.libpq_c.PGRES_FATAL_ERROR == LibPQ.libpq_c.PGRES_TUPLES_OK
Stacktrace:
 [1] top-level scope at &#x2F;root&#x2F;.julia&#x2F;packages&#x2F;LibPQ&#x2F;WrMcC&#x2F;test&#x2F;runtests.jl:89
 [2] top-level scope at &#x2F;buildworker&#x2F;worker&#x2F;package_linux64&#x2F;build&#x2F;usr&#x2F;share&#x2F;julia&#x2F;stdlib&#x2F;v1.2&#x2F;Test&#x2F;src&#x2F;Test.jl:1113
 [3] top-level scope at &#x2F;root&#x2F;.julia&#x2F;packages&#x2F;LibPQ&#x2F;WrMcC&#x2F;test&#x2F;runtests.jl:73
 [4] top-level scope at &#x2F;buildworker&#x2F;worker&#x2F;package_linux64&#x2F;build&#x2F;usr&#x2F;share&#x2F;julia&#x2F;stdlib&#x2F;v1.2&#x2F;Test&#x2F;src&#x2F;Test.jl:1113
 [5] top-level scope at &#x2F;root&#x2F;.julia&#x2F;packages&#x2F;LibPQ&#x2F;WrMcC&#x2F;test&#x2F;runtests.jl:70
 [6] top-level scope at &#x2F;buildworker&#x2F;worker&#x2F;package_linux64&#x2F;build&#x2F;usr&#x2F;share&#x2F;julia&#x2F;stdlib&#x2F;v1.2&#x2F;Test&#x2F;src&#x2F;Test.jl:1113
 [7] top-level scope at &#x2F;root&#x2F;.julia&#x2F;packages&#x2F;LibPQ&#x2F;WrMcC&#x2F;test&#x2F;runtests.jl:34
Example SELECT: Test Failed at &#x2F;root&#x2F;.julia&#x2F;packages&#x2F;LibPQ&#x2F;WrMcC&#x2F;test&#x2F;runtests.jl:90
  Expression: isopen(result)
Stacktrace:
 [1] top-level scope at &#x2F;root&#x2F;.julia&#x2F;packages&#x2F;LibPQ&#x2F;WrMcC&#x2F;test&#x2F;runtests.jl:90
 [2] top-level scope at &#x2F;buildworker&#x2F;worker&#x2F;package_linux64&#x2F;build&#x2F;usr&#x2F;share&#x2F;julia&#x2F;stdlib&#x2F;v1.2&#x2F;Test&#x2F;src&#x2F;Test.jl:1113
 [3] top-level scope at &#x2F;root&#x2F;.julia&#x2F;packages&#x2F;LibPQ&#x2F;WrMcC&#x2F;test&#x2F;runtests.jl:73
 [4] top-level scope at &#x2F;buildworker&#x2F;worker&#x2F;package_linux64&#x2F;build&#x2F;usr&#x2F;share&#x2F;julia&#x2F;stdlib&#x2F;v1.2&#x2F;Test&#x2F;src&#x2F;Test.jl:1113
 [5] top-level scope at &#x2F;root&#x2F;.julia&#x2F;packages&#x2F;LibPQ&#x2F;WrMcC&#x2F;test&#x2F;runtests.jl:70
 [6] top-level scope at &#x2F;buildworker&#x2F;worker&#x2F;package_linux64&#x2F;build&#x2F;usr&#x2F;share&#x2F;julia&#x2F;stdlib&#x2F;v1.2&#x2F;Test&#x2F;src&#x2F;Test.jl:1113
 [7] top-level scope at &#x2F;root&#x2F;.julia&#x2F;packages&#x2F;LibPQ&#x2F;WrMcC&#x2F;test&#x2F;runtests.jl:34
Example SELECT: Test Failed at &#x2F;root&#x2F;.julia&#x2F;packages&#x2F;LibPQ&#x2F;WrMcC&#x2F;test&#x2F;runtests.jl:91
  Expression: LibPQ.num_columns(result) == 1
   Evaluated: 0 == 1
Stacktrace:
 [1] top-level scope at &#x2F;root&#x2F;.julia&#x2F;packages&#x2F;LibPQ&#x2F;WrMcC&#x2F;test&#x2F;runtests.jl:91
 [2] top-level scope at &#x2F;buildworker&#x2F;worker&#x2F;package_linux64&#x2F;build&#x2F;usr&#x2F;share&#x2F;julia&#x2F;stdlib&#x2F;v1.2&#x2F;Test&#x2F;src&#x2F;Test.jl:1113
 [3] top-level scope at &#x2F;root&#x2F;.julia&#x2F;packages&#x2F;LibPQ&#x2F;WrMcC&#x2F;test&#x2F;runtests.jl:73
 [4] top-level scope at &#x2F;buildworker&#x2F;worker&#x2F;package_linux64&#x2F;build&#x2F;usr&#x2F;share&#x2F;julia&#x2F;stdlib&#x2F;v1.2&#x2F;Test&#x2F;src&#x2F;Test.jl:1113
 [5] top-level scope at &#x2F;root&#x2F;.julia&#x2F;packages&#x2F;LibPQ&#x2F;WrMcC&#x2F;test&#x2F;runtests.jl:70
 [6] top-level scope at &#x2F;buildworker&#x2F;worker&#x2F;package_linux64&#x2F;build&#x2F;usr&#x2F;share&#x2F;julia&#x2F;stdlib&#x2F;v1.2&#x2F;Test&#x2F;src&#x2F;Test.jl:1113
 [7] top-level scope at &#x2F;root&#x2F;.julia&#x2F;packages&#x2F;LibPQ&#x2F;WrMcC&#x2F;test&#x2F;runtests.jl:34
Example SELECT: Test Failed at &#x2F;root&#x2F;.julia&#x2F;packages&#x2F;LibPQ&#x2F;WrMcC&#x2F;test&#x2F;runtests.jl:92
  Expression: LibPQ.num_rows(result) == 1
   Evaluated: 0 == 1
Stacktrace:
 [1] top-level scope at &#x2F;root&#x2F;.julia&#x2F;packages&#x2F;LibPQ&#x2F;WrMcC&#x2F;test&#x2F;runtests.jl:92
 [2] top-level scope at &#x2F;buildworker&#x2F;worker&#x2F;package_linux64&#x2F;build&#x2F;usr&#x2F;share&#x2F;julia&#x2F;stdlib&#x2F;v1.2&#x2F;Test&#x2F;src&#x2F;Test.jl:1113
 [3] top-level scope at &#x2F;root&#x2F;.julia&#x2F;packages&#x2F;LibPQ&#x2F;WrMcC&#x2F;test&#x2F;runtests.jl:73
 [4] top-level scope at &#x2F;buildworker&#x2F;worker&#x2F;package_linux64&#x2F;build&#x2F;usr&#x2F;share&#x2F;julia&#x2F;stdlib&#x2F;v1.2&#x2F;Test&#x2F;src&#x2F;Test.jl:1113
 [5] top-level scope at &#x2F;root&#x2F;.julia&#x2F;packages&#x2F;LibPQ&#x2F;WrMcC&#x2F;test&#x2F;runtests.jl:70
 [6] top-level scope at &#x2F;buildworker&#x2F;worker&#x2F;package_linux64&#x2F;build&#x2F;usr&#x2F;share&#x2F;julia&#x2F;stdlib&#x2F;v1.2&#x2F;Test&#x2F;src&#x2F;Test.jl:1113
 [7] top-level scope at &#x2F;root&#x2F;.julia&#x2F;packages&#x2F;LibPQ&#x2F;WrMcC&#x2F;test&#x2F;runtests.jl:34
Example SELECT: Error During Test at &#x2F;root&#x2F;.julia&#x2F;packages&#x2F;LibPQ&#x2F;WrMcC&#x2F;test&#x2F;runtests.jl:93
  Test threw exception
  Expression: LibPQ.column_name(result, 1) == &quot;typname&quot;
  BoundsError: attempt to access 0-element Array{String,1} at index [1]
  Stacktrace:
   [1] getindex at .&#x2F;array.jl:728 [inlined]
   [2] column_name(::LibPQ.Result, ::Int64) at &#x2F;root&#x2F;.julia&#x2F;packages&#x2F;LibPQ&#x2F;WrMcC&#x2F;src&#x2F;results.jl:433
   [3] top-level scope at &#x2F;root&#x2F;.julia&#x2F;packages&#x2F;LibPQ&#x2F;WrMcC&#x2F;test&#x2F;runtests.jl:93
   [4] top-level scope at &#x2F;buildworker&#x2F;worker&#x2F;package_linux64&#x2F;build&#x2F;usr&#x2F;share&#x2F;julia&#x2F;stdlib&#x2F;v1.2&#x2F;Test&#x2F;src&#x2F;Test.jl:1113
   [5] top-level scope at &#x2F;root&#x2F;.julia&#x2F;packages&#x2F;LibPQ&#x2F;WrMcC&#x2F;test&#x2F;runtests.jl:73
   [6] top-level scope at &#x2F;buildworker&#x2F;worker&#x2F;package_linux64&#x2F;build&#x2F;usr&#x2F;share&#x2F;julia&#x2F;stdlib&#x2F;v1.2&#x2F;Test&#x2F;src&#x2F;Test.jl:1113
   [7] top-level scope at &#x2F;root&#x2F;.julia&#x2F;packages&#x2F;LibPQ&#x2F;WrMcC&#x2F;test&#x2F;runtests.jl:70
   [8] top-level scope at &#x2F;buildworker&#x2F;worker&#x2F;package_linux64&#x2F;build&#x2F;usr&#x2F;share&#x2F;julia&#x2F;stdlib&#x2F;v1.2&#x2F;Test&#x2F;src&#x2F;Test.jl:1113
   [9] top-level scope at &#x2F;root&#x2F;.julia&#x2F;packages&#x2F;LibPQ&#x2F;WrMcC&#x2F;test&#x2F;runtests.jl:34
  
Example SELECT: Test Failed at &#x2F;root&#x2F;.julia&#x2F;packages&#x2F;LibPQ&#x2F;WrMcC&#x2F;test&#x2F;runtests.jl:94
  Expression: LibPQ.column_number(result, &quot;typname&quot;) == 1
   Evaluated: 0 == 1
Stacktrace:
 [1] top-level scope at &#x2F;root&#x2F;.julia&#x2F;packages&#x2F;LibPQ&#x2F;WrMcC&#x2F;test&#x2F;runtests.jl:94
 [2] top-level scope at &#x2F;buildworker&#x2F;worker&#x2F;package_linux64&#x2F;build&#x2F;usr&#x2F;share&#x2F;julia&#x2F;stdlib&#x2F;v1.2&#x2F;Test&#x2F;src&#x2F;Test.jl:1113
 [3] top-level scope at &#x2F;root&#x2F;.julia&#x2F;packages&#x2F;LibPQ&#x2F;WrMcC&#x2F;test&#x2F;runtests.jl:73
 [4] top-level scope at &#x2F;buildworker&#x2F;worker&#x2F;package_linux64&#x2F;build&#x2F;usr&#x2F;share&#x2F;julia&#x2F;stdlib&#x2F;v1.2&#x2F;Test&#x2F;src&#x2F;Test.jl:1113
 [5] top-level scope at &#x2F;root&#x2F;.julia&#x2F;packages&#x2F;LibPQ&#x2F;WrMcC&#x2F;test&#x2F;runtests.jl:70
 [6] top-level scope at &#x2F;buildworker&#x2F;worker&#x2F;package_linux64&#x2F;build&#x2F;usr&#x2F;share&#x2F;julia&#x2F;stdlib&#x2F;v1.2&#x2F;Test&#x2F;src&#x2F;Test.jl:1113
 [7] top-level scope at &#x2F;root&#x2F;.julia&#x2F;packages&#x2F;LibPQ&#x2F;WrMcC&#x2F;test&#x2F;runtests.jl:34
Example SELECT: Error During Test at &#x2F;root&#x2F;.julia&#x2F;packages&#x2F;LibPQ&#x2F;WrMcC&#x2F;test&#x2F;runtests.jl:98
  Test threw exception
  Expression: (data[:typname])[1] == &quot;bool&quot;
  type NamedTuple has no field typname
  Stacktrace:
   [1] getindex(::NamedTuple{(),Tuple{}}, ::Symbol) at .&#x2F;namedtuple.jl:91
   [2] top-level scope at &#x2F;root&#x2F;.julia&#x2F;packages&#x2F;LibPQ&#x2F;WrMcC&#x2F;test&#x2F;runtests.jl:98
   [3] top-level scope at &#x2F;buildworker&#x2F;worker&#x2F;package_linux64&#x2F;build&#x2F;usr&#x2F;share&#x2F;julia&#x2F;stdlib&#x2F;v1.2&#x2F;Test&#x2F;src&#x2F;Test.jl:1113
   [4] top-level scope at &#x2F;root&#x2F;.julia&#x2F;packages&#x2F;LibPQ&#x2F;WrMcC&#x2F;test&#x2F;runtests.jl:73
   [5] top-level scope at &#x2F;buildworker&#x2F;worker&#x2F;package_linux64&#x2F;build&#x2F;usr&#x2F;share&#x2F;julia&#x2F;stdlib&#x2F;v1.2&#x2F;Test&#x2F;src&#x2F;Test.jl:1113
   [6] top-level scope at &#x2F;root&#x2F;.julia&#x2F;packages&#x2F;LibPQ&#x2F;WrMcC&#x2F;test&#x2F;runtests.jl:70
   [7] top-level scope at &#x2F;buildworker&#x2F;worker&#x2F;package_linux64&#x2F;build&#x2F;usr&#x2F;share&#x2F;julia&#x2F;stdlib&#x2F;v1.2&#x2F;Test&#x2F;src&#x2F;Test.jl:1113
   [8] top-level scope at &#x2F;root&#x2F;.julia&#x2F;packages&#x2F;LibPQ&#x2F;WrMcC&#x2F;test&#x2F;runtests.jl:34
  
Example SELECT: Test Failed at &#x2F;root&#x2F;.julia&#x2F;packages&#x2F;LibPQ&#x2F;WrMcC&#x2F;test&#x2F;runtests.jl:111
  Expression: status(result) == LibPQ.libpq_c.PGRES_TUPLES_OK
   Evaluated: LibPQ.libpq_c.PGRES_FATAL_ERROR == LibPQ.libpq_c.PGRES_TUPLES_OK
Stacktrace:
 [1] top-level scope at &#x2F;root&#x2F;.julia&#x2F;packages&#x2F;LibPQ&#x2F;WrMcC&#x2F;test&#x2F;runtests.jl:111
 [2] top-level scope at &#x2F;buildworker&#x2F;worker&#x2F;package_linux64&#x2F;build&#x2F;usr&#x2F;share&#x2F;julia&#x2F;stdlib&#x2F;v1.2&#x2F;Test&#x2F;src&#x2F;Test.jl:1113
 [3] top-level scope at &#x2F;root&#x2F;.julia&#x2F;packages&#x2F;LibPQ&#x2F;WrMcC&#x2F;test&#x2F;runtests.jl:73
 [4] top-level scope at &#x2F;buildworker&#x2F;worker&#x2F;package_linux64&#x2F;build&#x2F;usr&#x2F;share&#x2F;julia&#x2F;stdlib&#x2F;v1.2&#x2F;Test&#x2F;src&#x2F;Test.jl:1113
 [5] top-level scope at &#x2F;root&#x2F;.julia&#x2F;packages&#x2F;LibPQ&#x2F;WrMcC&#x2F;test&#x2F;runtests.jl:70
 [6] top-level scope at &#x2F;buildworker&#x2F;worker&#x2F;package_linux64&#x2F;build&#x2F;usr&#x2F;share&#x2F;julia&#x2F;stdlib&#x2F;v1.2&#x2F;Test&#x2F;src&#x2F;Test.jl:1113
 [7] top-level scope at &#x2F;root&#x2F;.julia&#x2F;packages&#x2F;LibPQ&#x2F;WrMcC&#x2F;test&#x2F;runtests.jl:34
Example SELECT: Test Failed at &#x2F;root&#x2F;.julia&#x2F;packages&#x2F;LibPQ&#x2F;WrMcC&#x2F;test&#x2F;runtests.jl:112
  Expression: isopen(result)
Stacktrace:
 [1] top-level scope at &#x2F;root&#x2F;.julia&#x2F;packages&#x2F;LibPQ&#x2F;WrMcC&#x2F;test&#x2F;runtests.jl:112
 [2] top-level scope at &#x2F;buildworker&#x2F;worker&#x2F;package_linux64&#x2F;build&#x2F;usr&#x2F;share&#x2F;julia&#x2F;stdlib&#x2F;v1.2&#x2F;Test&#x2F;src&#x2F;Test.jl:1113
 [3] top-level scope at &#x2F;root&#x2F;.julia&#x2F;packages&#x2F;LibPQ&#x2F;WrMcC&#x2F;test&#x2F;runtests.jl:73
 [4] top-level scope at &#x2F;buildworker&#x2F;worker&#x2F;package_linux64&#x2F;build&#x2F;usr&#x2F;share&#x2F;julia&#x2F;stdlib&#x2F;v1.2&#x2F;Test&#x2F;src&#x2F;Test.jl:1113
 [5] top-level scope at &#x2F;root&#x2F;.julia&#x2F;packages&#x2F;LibPQ&#x2F;WrMcC&#x2F;test&#x2F;runtests.jl:70
 [6] top-level scope at &#x2F;buildworker&#x2F;worker&#x2F;package_linux64&#x2F;build&#x2F;usr&#x2F;share&#x2F;julia&#x2F;stdlib&#x2F;v1.2&#x2F;Test&#x2F;src&#x2F;Test.jl:1113
 [7] top-level scope at &#x2F;root&#x2F;.julia&#x2F;packages&#x2F;LibPQ&#x2F;WrMcC&#x2F;test&#x2F;runtests.jl:34
Example SELECT: Test Failed at &#x2F;root&#x2F;.julia&#x2F;packages&#x2F;LibPQ&#x2F;WrMcC&#x2F;test&#x2F;runtests.jl:113
  Expression: LibPQ.num_columns(result) == 1
   Evaluated: 0 == 1
Stacktrace:
 [1] top-level scope at &#x2F;root&#x2F;.julia&#x2F;packages&#x2F;LibPQ&#x2F;WrMcC&#x2F;test&#x2F;runtests.jl:113
 [2] top-level scope at &#x2F;buildworker&#x2F;worker&#x2F;package_linux64&#x2F;build&#x2F;usr&#x2F;share&#x2F;julia&#x2F;stdlib&#x2F;v1.2&#x2F;Test&#x2F;src&#x2F;Test.jl:1113
 [3] top-level scope at &#x2F;root&#x2F;.julia&#x2F;packages&#x2F;LibPQ&#x2F;WrMcC&#x2F;test&#x2F;runtests.jl:73
 [4] top-level scope at &#x2F;buildworker&#x2F;worker&#x2F;package_linux64&#x2F;build&#x2F;usr&#x2F;share&#x2F;julia&#x2F;stdlib&#x2F;v1.2&#x2F;Test&#x2F;src&#x2F;Test.jl:1113
 [5] top-level scope at &#x2F;root&#x2F;.julia&#x2F;packages&#x2F;LibPQ&#x2F;WrMcC&#x2F;test&#x2F;runtests.jl:70
 [6] top-level scope at &#x2F;buildworker&#x2F;worker&#x2F;package_linux64&#x2F;build&#x2F;usr&#x2F;share&#x2F;julia&#x2F;stdlib&#x2F;v1.2&#x2F;Test&#x2F;src&#x2F;Test.jl:1113
 [7] top-level scope at &#x2F;root&#x2F;.julia&#x2F;packages&#x2F;LibPQ&#x2F;WrMcC&#x2F;test&#x2F;runtests.jl:34
Example SELECT: Test Failed at &#x2F;root&#x2F;.julia&#x2F;packages&#x2F;LibPQ&#x2F;WrMcC&#x2F;test&#x2F;runtests.jl:114
  Expression: LibPQ.num_rows(result) == 1
   Evaluated: 0 == 1
Stacktrace:
 [1] top-level scope at &#x2F;root&#x2F;.julia&#x2F;packages&#x2F;LibPQ&#x2F;WrMcC&#x2F;test&#x2F;runtests.jl:114
 [2] top-level scope at &#x2F;buildworker&#x2F;worker&#x2F;package_linux64&#x2F;build&#x2F;usr&#x2F;share&#x2F;julia&#x2F;stdlib&#x2F;v1.2&#x2F;Test&#x2F;src&#x2F;Test.jl:1113
 [3] top-level scope at &#x2F;root&#x2F;.julia&#x2F;packages&#x2F;LibPQ&#x2F;WrMcC&#x2F;test&#x2F;runtests.jl:73
 [4] top-level scope at &#x2F;buildworker&#x2F;worker&#x2F;package_linux64&#x2F;build&#x2F;usr&#x2F;share&#x2F;julia&#x2F;stdlib&#x2F;v1.2&#x2F;Test&#x2F;src&#x2F;Test.jl:1113
 [5] top-level scope at &#x2F;root&#x2F;.julia&#x2F;packages&#x2F;LibPQ&#x2F;WrMcC&#x2F;test&#x2F;runtests.jl:70
 [6] top-level scope at &#x2F;buildworker&#x2F;worker&#x2F;package_linux64&#x2F;build&#x2F;usr&#x2F;share&#x2F;julia&#x2F;stdlib&#x2F;v1.2&#x2F;Test&#x2F;src&#x2F;Test.jl:1113
 [7] top-level scope at &#x2F;root&#x2F;.julia&#x2F;packages&#x2F;LibPQ&#x2F;WrMcC&#x2F;test&#x2F;runtests.jl:34
Example SELECT: Error During Test at &#x2F;root&#x2F;.julia&#x2F;packages&#x2F;LibPQ&#x2F;WrMcC&#x2F;test&#x2F;runtests.jl:115
  Test threw exception
  Expression: LibPQ.column_name(result, 1) == &quot;typname&quot;
  BoundsError: attempt to access 0-element Array{String,1} at index [1]
  Stacktrace:
   [1] getindex at .&#x2F;array.jl:728 [inlined]
   [2] column_name(::LibPQ.Result, ::Int64) at &#x2F;root&#x2F;.julia&#x2F;packages&#x2F;LibPQ&#x2F;WrMcC&#x2F;src&#x2F;results.jl:433
   [3] top-level scope at &#x2F;root&#x2F;.julia&#x2F;packages&#x2F;LibPQ&#x2F;WrMcC&#x2F;test&#x2F;runtests.jl:115
   [4] top-level scope at &#x2F;buildworker&#x2F;worker&#x2F;package_linux64&#x2F;build&#x2F;usr&#x2F;share&#x2F;julia&#x2F;stdlib&#x2F;v1.2&#x2F;Test&#x2F;src&#x2F;Test.jl:1113
   [5] top-level scope at &#x2F;root&#x2F;.julia&#x2F;packages&#x2F;LibPQ&#x2F;WrMcC&#x2F;test&#x2F;runtests.jl:73
   [6] top-level scope at &#x2F;buildworker&#x2F;worker&#x2F;package_linux64&#x2F;build&#x2F;usr&#x2F;share&#x2F;julia&#x2F;stdlib&#x2F;v1.2&#x2F;Test&#x2F;src&#x2F;Test.jl:1113
   [7] top-level scope at &#x2F;root&#x2F;.julia&#x2F;packages&#x2F;LibPQ&#x2F;WrMcC&#x2F;test&#x2F;runtests.jl:70
   [8] top-level scope at &#x2F;buildworker&#x2F;worker&#x2F;package_linux64&#x2F;build&#x2F;usr&#x2F;share&#x2F;julia&#x2F;stdlib&#x2F;v1.2&#x2F;Test&#x2F;src&#x2F;Test.jl:1113
   [9] top-level scope at &#x2F;root&#x2F;.julia&#x2F;packages&#x2F;LibPQ&#x2F;WrMcC&#x2F;test&#x2F;runtests.jl:34
  
Example SELECT: Error During Test at &#x2F;root&#x2F;.julia&#x2F;packages&#x2F;LibPQ&#x2F;WrMcC&#x2F;test&#x2F;runtests.jl:119
  Test threw exception
  Expression: (data[:typname])[1] == &quot;bool&quot;
  type NamedTuple has no field typname
  Stacktrace:
   [1] getindex(::NamedTuple{(),Tuple{}}, ::Symbol) at .&#x2F;namedtuple.jl:91
   [2] top-level scope at &#x2F;root&#x2F;.julia&#x2F;packages&#x2F;LibPQ&#x2F;WrMcC&#x2F;test&#x2F;runtests.jl:119
   [3] top-level scope at &#x2F;buildworker&#x2F;worker&#x2F;package_linux64&#x2F;build&#x2F;usr&#x2F;share&#x2F;julia&#x2F;stdlib&#x2F;v1.2&#x2F;Test&#x2F;src&#x2F;Test.jl:1113
   [4] top-level scope at &#x2F;root&#x2F;.julia&#x2F;packages&#x2F;LibPQ&#x2F;WrMcC&#x2F;test&#x2F;runtests.jl:73
   [5] top-level scope at &#x2F;buildworker&#x2F;worker&#x2F;package_linux64&#x2F;build&#x2F;usr&#x2F;share&#x2F;julia&#x2F;stdlib&#x2F;v1.2&#x2F;Test&#x2F;src&#x2F;Test.jl:1113
   [6] top-level scope at &#x2F;root&#x2F;.julia&#x2F;packages&#x2F;LibPQ&#x2F;WrMcC&#x2F;test&#x2F;runtests.jl:70
   [7] top-level scope at &#x2F;buildworker&#x2F;worker&#x2F;package_linux64&#x2F;build&#x2F;usr&#x2F;share&#x2F;julia&#x2F;stdlib&#x2F;v1.2&#x2F;Test&#x2F;src&#x2F;Test.jl:1113
   [8] top-level scope at &#x2F;root&#x2F;.julia&#x2F;packages&#x2F;LibPQ&#x2F;WrMcC&#x2F;test&#x2F;runtests.jl:34
  
ERROR: LoadError: UndefVarError: enum_name not defined
Stacktrace:
 [1] getproperty at .&#x2F;Base.jl:13 [inlined]
 [2] show(::IOContext{Base.GenericIOBuffer{Array{UInt8,1}}}, ::LibPQ.Errors.Class) at &#x2F;root&#x2F;.julia&#x2F;packages&#x2F;LibPQ&#x2F;WrMcC&#x2F;src&#x2F;exceptions.jl:78
 [3] show_datatype(::IOContext{Base.GenericIOBuffer{Array{UInt8,1}}}, ::DataType) at .&#x2F;show.jl:547
 [4] show(::IOContext{Base.GenericIOBuffer{Array{UInt8,1}}}, ::Type) at .&#x2F;show.jl:428
 [5] print(::IOContext{Base.GenericIOBuffer{Array{UInt8,1}}}, ::Type) at .&#x2F;strings&#x2F;io.jl:37
 [6] print(::IOContext{Base.GenericIOBuffer{Array{UInt8,1}}}, ::String, ::Type) at .&#x2F;strings&#x2F;io.jl:48
 [7] show_tuple_as_call(::IOContext{Base.GenericIOBuffer{Array{UInt8,1}}}, ::Symbol, ::Type) at .&#x2F;show.jl:1513
 [8] show_spec_linfo(::IOContext{Base.GenericIOBuffer{Array{UInt8,1}}}, ::Base.StackTraces.StackFrame) at .&#x2F;stacktraces.jl:262
 [9] #show#9(::Bool, ::typeof(show), ::IOContext{Base.GenericIOBuffer{Array{UInt8,1}}}, ::Base.StackTraces.StackFrame) at .&#x2F;stacktraces.jl:272
 [10] #show at .&#x2F;none:0 [inlined]
 [11] #show_trace_entry#642(::String, ::typeof(Base.show_trace_entry), ::IOContext{Base.GenericIOBuffer{Array{UInt8,1}}}, ::Base.StackTraces.StackFrame, ::Int64) at .&#x2F;errorshow.jl:486
 [12] (::getfield(Base, Symbol(&quot;#kw##show_trace_entry&quot;)))(::NamedTuple{(:prefix,),Tuple{String}}, ::typeof(Base.show_trace_entry), ::IOContext{Base.GenericIOBuffer{Array{UInt8,1}}}, ::Base.StackTraces.StackFrame, ::Int64) at .&#x2F;none:0
 [13] show_backtrace(::Base.GenericIOBuffer{Array{UInt8,1}}, ::Array{Union{Ptr{Nothing}, Base.InterpreterIP},1}) at .&#x2F;errorshow.jl:589
 [14] #showerror#625(::Bool, ::typeof(showerror), ::Base.GenericIOBuffer{Array{UInt8,1}}, ::UndefVarError, ::Array{Union{Ptr{Nothing}, Base.InterpreterIP},1}) at .&#x2F;errorshow.jl:83
 [15] (::getfield(Base, Symbol(&quot;#kw##showerror&quot;)))(::NamedTuple{(:backtrace,),Tuple{Bool}}, ::typeof(showerror), ::Base.GenericIOBuffer{Array{UInt8,1}}, ::UndefVarError, ::Array{Union{Ptr{Nothing}, Base.InterpreterIP},1}) at .&#x2F;none:0
 [16] show_exception_stack(::Base.GenericIOBuffer{Array{UInt8,1}}, ::Array{Any,1}) at .&#x2F;errorshow.jl:652
 [17] #sprint#342(::Nothing, ::Int64, ::typeof(sprint), ::Function, ::Array{Any,1}) at .&#x2F;strings&#x2F;io.jl:107
 [18] sprint at .&#x2F;strings&#x2F;io.jl:103 [inlined]
 [19] Test.Error(::Symbol, ::Expr, ::UndefVarError, ::Array{Any,1}, ::LineNumberNode) at &#x2F;buildworker&#x2F;worker&#x2F;package_linux64&#x2F;build&#x2F;usr&#x2F;share&#x2F;julia&#x2F;stdlib&#x2F;v1.2&#x2F;Test&#x2F;src&#x2F;Test.jl:155
 [20] top-level scope at &#x2F;buildworker&#x2F;worker&#x2F;package_linux64&#x2F;build&#x2F;usr&#x2F;share&#x2F;julia&#x2F;stdlib&#x2F;v1.2&#x2F;Test&#x2F;src&#x2F;Test.jl:1118
 [21] top-level scope at &#x2F;root&#x2F;.julia&#x2F;packages&#x2F;LibPQ&#x2F;WrMcC&#x2F;test&#x2F;runtests.jl:34
 [22] include at .&#x2F;boot.jl:328 [inlined]
 [23] include_relative(::Module, ::String) at .&#x2F;loading.jl:1094
 [24] include(::Module, ::String) at .&#x2F;Base.jl:31
 [25] include(::String) at .&#x2F;client.jl:431
 [26] top-level scope at none:5
in expression starting at &#x2F;root&#x2F;.julia&#x2F;packages&#x2F;LibPQ&#x2F;WrMcC&#x2F;test&#x2F;runtests.jl:32
caused by [exception 3]
UndefVarError: enum_name not defined
Stacktrace:
 [1] getproperty at .&#x2F;Base.jl:13 [inlined]
 [2] show(::IOContext{Base.GenericIOBuffer{Array{UInt8,1}}}, ::LibPQ.Errors.Class) at &#x2F;root&#x2F;.julia&#x2F;packages&#x2F;LibPQ&#x2F;WrMcC&#x2F;src&#x2F;exceptions.jl:78
 [3] show_datatype(::IOContext{Base.GenericIOBuffer{Array{UInt8,1}}}, ::DataType) at .&#x2F;show.jl:547
 [4] show(::IOContext{Base.GenericIOBuffer{Array{UInt8,1}}}, ::Type) at .&#x2F;show.jl:428
 [5] print(::IOContext{Base.GenericIOBuffer{Array{UInt8,1}}}, ::Type) at .&#x2F;strings&#x2F;io.jl:37
 [6] print(::IOContext{Base.GenericIOBuffer{Array{UInt8,1}}}, ::String, ::Type) at .&#x2F;strings&#x2F;io.jl:48
 [7] show_tuple_as_call(::IOContext{Base.GenericIOBuffer{Array{UInt8,1}}}, ::Symbol, ::Type) at .&#x2F;show.jl:1513
 [8] show_spec_linfo(::IOContext{Base.GenericIOBuffer{Array{UInt8,1}}}, ::Base.StackTraces.StackFrame) at .&#x2F;stacktraces.jl:262
 [9] #show#9(::Bool, ::typeof(show), ::IOContext{Base.GenericIOBuffer{Array{UInt8,1}}}, ::Base.StackTraces.StackFrame) at .&#x2F;stacktraces.jl:272
 [10] #show at .&#x2F;none:0 [inlined]
 [11] #show_trace_entry#642(::String, ::typeof(Base.show_trace_entry), ::IOContext{Base.GenericIOBuffer{Array{UInt8,1}}}, ::Base.StackTraces.StackFrame, ::Int64) at .&#x2F;errorshow.jl:486
 [12] (::getfield(Base, Symbol(&quot;#kw##show_trace_entry&quot;)))(::NamedTuple{(:prefix,),Tuple{String}}, ::typeof(Base.show_trace_entry), ::IOContext{Base.GenericIOBuffer{Array{UInt8,1}}}, ::Base.StackTraces.StackFrame, ::Int64) at .&#x2F;none:0
 [13] show_backtrace(::Base.GenericIOBuffer{Array{UInt8,1}}, ::Array{Union{Ptr{Nothing}, Base.InterpreterIP},1}) at .&#x2F;errorshow.jl:589
 [14] #showerror#625(::Bool, ::typeof(showerror), ::Base.GenericIOBuffer{Array{UInt8,1}}, ::UndefVarError, ::Array{Union{Ptr{Nothing}, Base.InterpreterIP},1}) at .&#x2F;errorshow.jl:83
 [15] (::getfield(Base, Symbol(&quot;#kw##showerror&quot;)))(::NamedTuple{(:backtrace,),Tuple{Bool}}, ::typeof(showerror), ::Base.GenericIOBuffer{Array{UInt8,1}}, ::UndefVarError, ::Array{Union{Ptr{Nothing}, Base.InterpreterIP},1}) at .&#x2F;none:0
 [16] show_exception_stack(::Base.GenericIOBuffer{Array{UInt8,1}}, ::Array{Any,1}) at .&#x2F;errorshow.jl:652
 [17] #sprint#342(::Nothing, ::Int64, ::typeof(sprint), ::Function, ::Array{Any,1}) at .&#x2F;strings&#x2F;io.jl:107
 [18] sprint at .&#x2F;strings&#x2F;io.jl:103 [inlined]
 [19] Test.Error(::Symbol, ::Expr, ::UndefVarError, ::Array{Any,1}, ::LineNumberNode) at &#x2F;buildworker&#x2F;worker&#x2F;package_linux64&#x2F;build&#x2F;usr&#x2F;share&#x2F;julia&#x2F;stdlib&#x2F;v1.2&#x2F;Test&#x2F;src&#x2F;Test.jl:155
 [20] top-level scope at &#x2F;buildworker&#x2F;worker&#x2F;package_linux64&#x2F;build&#x2F;usr&#x2F;share&#x2F;julia&#x2F;stdlib&#x2F;v1.2&#x2F;Test&#x2F;src&#x2F;Test.jl:1118
 [21] top-level scope at &#x2F;root&#x2F;.julia&#x2F;packages&#x2F;LibPQ&#x2F;WrMcC&#x2F;test&#x2F;runtests.jl:70
 [22] top-level scope at &#x2F;buildworker&#x2F;worker&#x2F;package_linux64&#x2F;build&#x2F;usr&#x2F;share&#x2F;julia&#x2F;stdlib&#x2F;v1.2&#x2F;Test&#x2F;src&#x2F;Test.jl:1113
 [23] top-level scope at &#x2F;root&#x2F;.julia&#x2F;packages&#x2F;LibPQ&#x2F;WrMcC&#x2F;test&#x2F;runtests.jl:34
 [24] include at .&#x2F;boot.jl:328 [inlined]
 [25] include_relative(::Module, ::String) at .&#x2F;loading.jl:1094
 [26] include(::Module, ::String) at .&#x2F;Base.jl:31
 [27] include(::String) at .&#x2F;client.jl:431
 [28] top-level scope at none:5
caused by [exception 2]
UndefVarError: enum_name not defined
Stacktrace:
 [1] getproperty at .&#x2F;Base.jl:13 [inlined]
 [2] show(::IOContext{Base.GenericIOBuffer{Array{UInt8,1}}}, ::LibPQ.Errors.Class) at &#x2F;root&#x2F;.julia&#x2F;packages&#x2F;LibPQ&#x2F;WrMcC&#x2F;src&#x2F;exceptions.jl:78
 [3] show_datatype(::IOContext{Base.GenericIOBuffer{Array{UInt8,1}}}, ::DataType) at .&#x2F;show.jl:547
 [4] show(::IOContext{Base.GenericIOBuffer{Array{UInt8,1}}}, ::Type) at .&#x2F;show.jl:428
 [5] print(::IOContext{Base.GenericIOBuffer{Array{UInt8,1}}}, ::Type) at .&#x2F;strings&#x2F;io.jl:37
 [6] print(::IOContext{Base.GenericIOBuffer{Array{UInt8,1}}}, ::String, ::Type) at .&#x2F;strings&#x2F;io.jl:48
 [7] show_tuple_as_call(::IOContext{Base.GenericIOBuffer{Array{UInt8,1}}}, ::Symbol, ::Type) at .&#x2F;show.jl:1513
 [8] show_spec_linfo(::IOContext{Base.GenericIOBuffer{Array{UInt8,1}}}, ::Base.StackTraces.StackFrame) at .&#x2F;stacktraces.jl:262
 [9] #show#9(::Bool, ::typeof(show), ::IOContext{Base.GenericIOBuffer{Array{UInt8,1}}}, ::Base.StackTraces.StackFrame) at .&#x2F;stacktraces.jl:272
 [10] #show at .&#x2F;none:0 [inlined]
 [11] #show_trace_entry#642(::String, ::typeof(Base.show_trace_entry), ::IOContext{Base.GenericIOBuffer{Array{UInt8,1}}}, ::Base.StackTraces.StackFrame, ::Int64) at .&#x2F;errorshow.jl:486
 [12] (::getfield(Base, Symbol(&quot;#kw##show_trace_entry&quot;)))(::NamedTuple{(:prefix,),Tuple{String}}, ::typeof(Base.show_trace_entry), ::IOContext{Base.GenericIOBuffer{Array{UInt8,1}}}, ::Base.StackTraces.StackFrame, ::Int64) at .&#x2F;none:0
 [13] show_backtrace(::Base.GenericIOBuffer{Array{UInt8,1}}, ::Array{Union{Ptr{Nothing}, Base.InterpreterIP},1}) at .&#x2F;errorshow.jl:589
 [14] #showerror#625(::Bool, ::typeof(showerror), ::Base.GenericIOBuffer{Array{UInt8,1}}, ::LibPQ.Errors.PQResultError{fatal: error thrown and no exception handler available.
UndefVarError(var=:enum_name)
rec_backtrace at &#x2F;buildworker&#x2F;worker&#x2F;package_linux64&#x2F;build&#x2F;src&#x2F;stackwalk.c:94
record_backtrace at &#x2F;buildworker&#x2F;worker&#x2F;package_linux64&#x2F;build&#x2F;src&#x2F;task.c:219 [inlined]
jl_throw at &#x2F;buildworker&#x2F;worker&#x2F;package_linux64&#x2F;build&#x2F;src&#x2F;task.c:429
jl_undefined_var_error at &#x2F;buildworker&#x2F;worker&#x2F;package_linux64&#x2F;build&#x2F;src&#x2F;rtutils.c:130
jl_get_binding_or_error at &#x2F;buildworker&#x2F;worker&#x2F;package_linux64&#x2F;build&#x2F;src&#x2F;module.c:290
getproperty at .&#x2F;Base.jl:13 [inlined]
show at &#x2F;root&#x2F;.julia&#x2F;packages&#x2F;LibPQ&#x2F;WrMcC&#x2F;src&#x2F;exceptions.jl:78
unknown function (ip: 0x7f41a574b776)
jl_apply_generic at &#x2F;buildworker&#x2F;worker&#x2F;package_linux64&#x2F;build&#x2F;src&#x2F;gf.c:2197
show_datatype at .&#x2F;show.jl:547
show at .&#x2F;show.jl:428
jl_apply_generic at &#x2F;buildworker&#x2F;worker&#x2F;package_linux64&#x2F;build&#x2F;src&#x2F;gf.c:2191
print at .&#x2F;strings&#x2F;io.jl:37
jl_apply_generic at &#x2F;buildworker&#x2F;worker&#x2F;package_linux64&#x2F;build&#x2F;src&#x2F;gf.c:2191
print at .&#x2F;strings&#x2F;io.jl:48
jl_apply_generic at &#x2F;buildworker&#x2F;worker&#x2F;package_linux64&#x2F;build&#x2F;src&#x2F;gf.c:2191
show_tuple_as_call at .&#x2F;show.jl:1513
jl_apply_generic at &#x2F;buildworker&#x2F;worker&#x2F;package_linux64&#x2F;build&#x2F;src&#x2F;gf.c:2191
show_spec_linfo at .&#x2F;stacktraces.jl:262
#show#9 at .&#x2F;stacktraces.jl:272
#show at .&#x2F;none:0 [inlined]
#show_trace_entry#642 at .&#x2F;errorshow.jl:486
#show_trace_entry at .&#x2F;none:0
unknown function (ip: 0x7f41a5720598)
jl_apply_generic at &#x2F;buildworker&#x2F;worker&#x2F;package_linux64&#x2F;build&#x2F;src&#x2F;gf.c:2191
show_backtrace at .&#x2F;errorshow.jl:589
#showerror#625 at .&#x2F;errorshow.jl:83
#showerror at .&#x2F;none:0
unknown function (ip: 0x7f41a5745272)
jl_apply_generic at &#x2F;buildworker&#x2F;worker&#x2F;package_linux64&#x2F;build&#x2F;src&#x2F;gf.c:2191
show_exception_stack at .&#x2F;errorshow.jl:652
display_error at .&#x2F;client.jl:110
jl_apply_generic at &#x2F;buildworker&#x2F;worker&#x2F;package_linux64&#x2F;build&#x2F;src&#x2F;gf.c:2197
display_error at .&#x2F;client.jl:112
jl_apply_generic at &#x2F;buildworker&#x2F;worker&#x2F;package_linux64&#x2F;build&#x2F;src&#x2F;gf.c:2197
jl_apply at &#x2F;buildworker&#x2F;worker&#x2F;package_linux64&#x2F;build&#x2F;src&#x2F;julia.h:1614 [inlined]
jl_f__apply at &#x2F;buildworker&#x2F;worker&#x2F;package_linux64&#x2F;build&#x2F;src&#x2F;builtins.c:563
jl_f__apply_latest at &#x2F;buildworker&#x2F;worker&#x2F;package_linux64&#x2F;build&#x2F;src&#x2F;builtins.c:601
#invokelatest#1 at .&#x2F;essentials.jl:790 [inlined]
invokelatest at .&#x2F;essentials.jl:789 [inlined]
_start at .&#x2F;client.jl:466
jl_apply_generic at &#x2F;buildworker&#x2F;worker&#x2F;package_linux64&#x2F;build&#x2F;src&#x2F;gf.c:2191
jl_apply at &#x2F;buildworker&#x2F;worker&#x2F;package_linux64&#x2F;build&#x2F;ui&#x2F;..&#x2F;src&#x2F;julia.h:1614 [inlined]
true_main at &#x2F;buildworker&#x2F;worker&#x2F;package_linux64&#x2F;build&#x2F;ui&#x2F;repl.c:96
main at &#x2F;buildworker&#x2F;worker&#x2F;package_linux64&#x2F;build&#x2F;ui&#x2F;repl.c:217
__libc_start_main at &#x2F;lib&#x2F;x86_64-linux-gnu&#x2F;libc.so.6 (unknown line)
_start at &#x2F;opt&#x2F;julia&#x2F;bin&#x2F;julia (unknown line)
ERROR: Package LibPQ errored during testing
Stacktrace:
 [1] pkgerror(::String, ::Vararg{String,N} where N) at &#x2F;buildworker&#x2F;worker&#x2F;package_linux64&#x2F;build&#x2F;usr&#x2F;share&#x2F;julia&#x2F;stdlib&#x2F;v1.2&#x2F;Pkg&#x2F;src&#x2F;Types.jl:112
 [2] #test#119(::Bool, ::Nothing, ::typeof(Pkg.Operations.test), ::Pkg.Types.Context, ::Array{Pkg.Types.PackageSpec,1}) at &#x2F;buildworker&#x2F;worker&#x2F;package_linux64&#x2F;build&#x2F;usr&#x2F;share&#x2F;julia&#x2F;stdlib&#x2F;v1.2&#x2F;Pkg&#x2F;src&#x2F;Operations.jl:1288
 [3] #test at .&#x2F;none:0 [inlined]
 [4] #test#62(::Bool, ::Nothing, ::Base.Iterators.Pairs{Union{},Union{},Tuple{},NamedTuple{(),Tuple{}}}, ::typeof(Pkg.API.test), ::Pkg.Types.Context, ::Array{Pkg.Types.PackageSpec,1}) at &#x2F;buildworker&#x2F;worker&#x2F;package_linux64&#x2F;build&#x2F;usr&#x2F;share&#x2F;julia&#x2F;stdlib&#x2F;v1.2&#x2F;Pkg&#x2F;src&#x2F;API.jl:245
 [5] test at &#x2F;buildworker&#x2F;worker&#x2F;package_linux64&#x2F;build&#x2F;usr&#x2F;share&#x2F;julia&#x2F;stdlib&#x2F;v1.2&#x2F;Pkg&#x2F;src&#x2F;API.jl:233 [inlined]
 [6] #test#61 at &#x2F;buildworker&#x2F;worker&#x2F;package_linux64&#x2F;build&#x2F;usr&#x2F;share&#x2F;julia&#x2F;stdlib&#x2F;v1.2&#x2F;Pkg&#x2F;src&#x2F;API.jl:230 [inlined]
 [7] test at &#x2F;buildworker&#x2F;worker&#x2F;package_linux64&#x2F;build&#x2F;usr&#x2F;share&#x2F;julia&#x2F;stdlib&#x2F;v1.2&#x2F;Pkg&#x2F;src&#x2F;API.jl:230 [inlined]
 [8] #test#60 at &#x2F;buildworker&#x2F;worker&#x2F;package_linux64&#x2F;build&#x2F;usr&#x2F;share&#x2F;julia&#x2F;stdlib&#x2F;v1.2&#x2F;Pkg&#x2F;src&#x2F;API.jl:229 [inlined]
 [9] test at &#x2F;buildworker&#x2F;worker&#x2F;package_linux64&#x2F;build&#x2F;usr&#x2F;share&#x2F;julia&#x2F;stdlib&#x2F;v1.2&#x2F;Pkg&#x2F;src&#x2F;API.jl:229 [inlined]
 [10] #test#59(::Base.Iterators.Pairs{Union{},Union{},Tuple{},NamedTuple{(),Tuple{}}}, ::typeof(Pkg.API.test), ::String) at &#x2F;buildworker&#x2F;worker&#x2F;package_linux64&#x2F;build&#x2F;usr&#x2F;share&#x2F;julia&#x2F;stdlib&#x2F;v1.2&#x2F;Pkg&#x2F;src&#x2F;API.jl:228
 [11] test(::String) at &#x2F;buildworker&#x2F;worker&#x2F;package_linux64&#x2F;build&#x2F;usr&#x2F;share&#x2F;julia&#x2F;stdlib&#x2F;v1.2&#x2F;Pkg&#x2F;src&#x2F;API.jl:228
 [12] top-level scope at none:10
</pre>
      </div>

    <h3>Results with Julia v1.4.0-DEV-1ee8965da4</h3>

    <p>
      Testing was <strong>unsuccessful</strong>: testing failed for unknown reasons.
      Last evaluation was 1 day, 14 hours ago and took 2 minutes, 58 seconds.
    </p>

    <p>
      Click <a href="/home/tim/Julia/pkg/NewPkgEval/site/build/logs/LibPQ/1.4.0-DEV-1ee8965da4.log">here</a> to download the log file.
      
    </p>

      <button class="collapsible">Click here to show the log contents.</button>
      <div class="content">
      <pre> Resolving package versions...
 Installed Tables ────────────────────── v0.2.11
 Installed Mocking ───────────────────── v0.7.0
 Installed Decimals ──────────────────── v0.4.0
 Installed Parsers ───────────────────── v0.3.10
 Installed TableTraits ───────────────── v1.0.0
 Installed IterTools ─────────────────── v1.3.0
 Installed LibPQ ─────────────────────── v1.0.2
 Installed JSON ──────────────────────── v0.21.0
 Installed DataValueInterfaces ───────── v1.0.0
 Installed DataAPI ───────────────────── v1.1.0
 Installed IteratorInterfaceExtensions ─ v1.0.0
 Installed LayerDicts ────────────────── v1.0.0
 Installed Syslogs ───────────────────── v0.3.0
 Installed OffsetArrays ──────────────── v0.11.1
 Installed EzXML ─────────────────────── v0.9.4
 Installed BinaryProvider ────────────── v0.5.8
 Installed CEnum ─────────────────────── v0.2.0
 Installed DocStringExtensions ───────── v0.8.1
 Installed Memento ───────────────────── v0.12.1
 Installed TimeZones ─────────────────── v0.10.3
  Updating `~&#x2F;.julia&#x2F;environments&#x2F;v1.4&#x2F;Project.toml`
  [194296ae] + LibPQ v1.0.2
  Updating `~&#x2F;.julia&#x2F;environments&#x2F;v1.4&#x2F;Manifest.toml`
  [b99e7846] + BinaryProvider v0.5.8
  [fa961155] + CEnum v0.2.0
  [9a962f9c] + DataAPI v1.1.0
  [e2d170a0] + DataValueInterfaces v1.0.0
  [abce61dc] + Decimals v0.4.0
  [ffbed154] + DocStringExtensions v0.8.1
  [8f5d6c58] + EzXML v0.9.4
  [c8e1da08] + IterTools v1.3.0
  [82899510] + IteratorInterfaceExtensions v1.0.0
  [682c06a0] + JSON v0.21.0
  [6f188dcb] + LayerDicts v1.0.0
  [194296ae] + LibPQ v1.0.2
  [f28f55f0] + Memento v0.12.1
  [78c3b35d] + Mocking v0.7.0
  [6fe1bfb0] + OffsetArrays v0.11.1
  [69de0a69] + Parsers v0.3.10
  [cea106d9] + Syslogs v0.3.0
  [3783bdb8] + TableTraits v1.0.0
  [bd369af6] + Tables v0.2.11
  [f269a46b] + TimeZones v0.10.3
  [2a0f44e3] + Base64 
  [ade2ca70] + Dates 
  [8ba89e20] + Distributed 
  [7b1f6079] + FileWatching 
  [b77e0a4c] + InteractiveUtils 
  [76f85450] + LibGit2 
  [8f399da3] + Libdl 
  [37e2e46d] + LinearAlgebra 
  [56ddb016] + Logging 
  [d6f4376e] + Markdown 
  [a63ad114] + Mmap 
  [44cfe95a] + Pkg 
  [de0858da] + Printf 
  [3fa0cd96] + REPL 
  [9a3f8284] + Random 
  [ea8e919c] + SHA 
  [9e88b42a] + Serialization 
  [6462fe0b] + Sockets 
  [8dfed614] + Test 
  [cf7118a7] + UUIDs 
  [4ec0a83e] + Unicode 
  Building EzXML ────→ `~&#x2F;.julia&#x2F;packages&#x2F;EzXML&#x2F;G0JeY&#x2F;deps&#x2F;build.log`
  Building TimeZones → `~&#x2F;.julia&#x2F;packages&#x2F;TimeZones&#x2F;pjvlM&#x2F;deps&#x2F;build.log`
  Building LibPQ ────→ `~&#x2F;.julia&#x2F;packages&#x2F;LibPQ&#x2F;WrMcC&#x2F;deps&#x2F;build.log`
   Testing LibPQ
 Resolving package versions...
 Installed Reexport ─────────── v0.2.0
 Installed SortingAlgorithms ── v0.3.1
 Installed InvertedIndices ──── v1.0.0
 Installed Missings ─────────── v0.4.3
 Installed DataStructures ───── v0.17.6
 Installed CategoricalArrays ── v0.7.3
 Installed DataFrames ───────── v0.19.4
 Installed OrderedCollections ─ v1.1.0
 Installed PooledArrays ─────── v0.5.2
 Installed Compat ───────────── v2.2.0
Status `&#x2F;tmp&#x2F;jl_AioDBj&#x2F;Manifest.toml`
  [b99e7846] BinaryProvider v0.5.8
  [fa961155] CEnum v0.2.0
  [324d7699] CategoricalArrays v0.7.3
  [34da2185] Compat v2.2.0
  [9a962f9c] DataAPI v1.1.0
  [a93c6f00] DataFrames v0.19.4
  [864edb3b] DataStructures v0.17.6
  [e2d170a0] DataValueInterfaces v1.0.0
  [abce61dc] Decimals v0.4.0
  [ffbed154] DocStringExtensions v0.8.1
  [8f5d6c58] EzXML v0.9.4
  [41ab1584] InvertedIndices v1.0.0
  [c8e1da08] IterTools v1.3.0
  [82899510] IteratorInterfaceExtensions v1.0.0
  [682c06a0] JSON v0.21.0
  [6f188dcb] LayerDicts v1.0.0
  [194296ae] LibPQ v1.0.2
  [f28f55f0] Memento v0.12.1
  [e1d29d7a] Missings v0.4.3
  [78c3b35d] Mocking v0.7.0
  [6fe1bfb0] OffsetArrays v0.11.1
  [bac558e1] OrderedCollections v1.1.0
  [69de0a69] Parsers v0.3.10
  [2dfb63ee] PooledArrays v0.5.2
  [189a3867] Reexport v0.2.0
  [a2af1166] SortingAlgorithms v0.3.1
  [cea106d9] Syslogs v0.3.0
  [3783bdb8] TableTraits v1.0.0
  [bd369af6] Tables v0.2.11
  [f269a46b] TimeZones v0.10.3
  [2a0f44e3] Base64  [`@stdlib&#x2F;Base64`]
  [ade2ca70] Dates  [`@stdlib&#x2F;Dates`]
  [8bb1440f] DelimitedFiles  [`@stdlib&#x2F;DelimitedFiles`]
  [8ba89e20] Distributed  [`@stdlib&#x2F;Distributed`]
  [7b1f6079] FileWatching  [`@stdlib&#x2F;FileWatching`]
  [9fa8497b] Future  [`@stdlib&#x2F;Future`]
  [b77e0a4c] InteractiveUtils  [`@stdlib&#x2F;InteractiveUtils`]
  [76f85450] LibGit2  [`@stdlib&#x2F;LibGit2`]
  [8f399da3] Libdl  [`@stdlib&#x2F;Libdl`]
  [37e2e46d] LinearAlgebra  [`@stdlib&#x2F;LinearAlgebra`]
  [56ddb016] Logging  [`@stdlib&#x2F;Logging`]
  [d6f4376e] Markdown  [`@stdlib&#x2F;Markdown`]
  [a63ad114] Mmap  [`@stdlib&#x2F;Mmap`]
  [44cfe95a] Pkg  [`@stdlib&#x2F;Pkg`]
  [de0858da] Printf  [`@stdlib&#x2F;Printf`]
  [3fa0cd96] REPL  [`@stdlib&#x2F;REPL`]
  [9a3f8284] Random  [`@stdlib&#x2F;Random`]
  [ea8e919c] SHA  [`@stdlib&#x2F;SHA`]
  [9e88b42a] Serialization  [`@stdlib&#x2F;Serialization`]
  [1a1011a3] SharedArrays  [`@stdlib&#x2F;SharedArrays`]
  [6462fe0b] Sockets  [`@stdlib&#x2F;Sockets`]
  [2f01184e] SparseArrays  [`@stdlib&#x2F;SparseArrays`]
  [10745b16] Statistics  [`@stdlib&#x2F;Statistics`]
  [8dfed614] Test  [`@stdlib&#x2F;Test`]
  [cf7118a7] UUIDs  [`@stdlib&#x2F;UUIDs`]
  [4ec0a83e] Unicode  [`@stdlib&#x2F;Unicode`]
Example SELECT: Test Failed at &#x2F;root&#x2F;.julia&#x2F;packages&#x2F;LibPQ&#x2F;WrMcC&#x2F;test&#x2F;runtests.jl:76
  Expression: status(conn) == LibPQ.libpq_c.CONNECTION_OK
   Evaluated: LibPQ.libpq_c.CONNECTION_BAD == LibPQ.libpq_c.CONNECTION_OK
Stacktrace:
 [1] top-level scope at &#x2F;root&#x2F;.julia&#x2F;packages&#x2F;LibPQ&#x2F;WrMcC&#x2F;test&#x2F;runtests.jl:76
 [2] top-level scope at &#x2F;buildworker&#x2F;worker&#x2F;package_linux64&#x2F;build&#x2F;usr&#x2F;share&#x2F;julia&#x2F;stdlib&#x2F;v1.4&#x2F;Test&#x2F;src&#x2F;Test.jl:1110
 [3] top-level scope at &#x2F;root&#x2F;.julia&#x2F;packages&#x2F;LibPQ&#x2F;WrMcC&#x2F;test&#x2F;runtests.jl:73
 [4] top-level scope at &#x2F;buildworker&#x2F;worker&#x2F;package_linux64&#x2F;build&#x2F;usr&#x2F;share&#x2F;julia&#x2F;stdlib&#x2F;v1.4&#x2F;Test&#x2F;src&#x2F;Test.jl:1110
 [5] top-level scope at &#x2F;root&#x2F;.julia&#x2F;packages&#x2F;LibPQ&#x2F;WrMcC&#x2F;test&#x2F;runtests.jl:70
 [6] top-level scope at &#x2F;buildworker&#x2F;worker&#x2F;package_linux64&#x2F;build&#x2F;usr&#x2F;share&#x2F;julia&#x2F;stdlib&#x2F;v1.4&#x2F;Test&#x2F;src&#x2F;Test.jl:1110
 [7] top-level scope at &#x2F;root&#x2F;.julia&#x2F;packages&#x2F;LibPQ&#x2F;WrMcC&#x2F;test&#x2F;runtests.jl:34
Example SELECT: Test Failed at &#x2F;root&#x2F;.julia&#x2F;packages&#x2F;LibPQ&#x2F;WrMcC&#x2F;test&#x2F;runtests.jl:89
  Expression: status(result) == LibPQ.libpq_c.PGRES_TUPLES_OK
   Evaluated: LibPQ.libpq_c.PGRES_FATAL_ERROR == LibPQ.libpq_c.PGRES_TUPLES_OK
Stacktrace:
 [1] top-level scope at &#x2F;root&#x2F;.julia&#x2F;packages&#x2F;LibPQ&#x2F;WrMcC&#x2F;test&#x2F;runtests.jl:89
 [2] top-level scope at &#x2F;buildworker&#x2F;worker&#x2F;package_linux64&#x2F;build&#x2F;usr&#x2F;share&#x2F;julia&#x2F;stdlib&#x2F;v1.4&#x2F;Test&#x2F;src&#x2F;Test.jl:1110
 [3] top-level scope at &#x2F;root&#x2F;.julia&#x2F;packages&#x2F;LibPQ&#x2F;WrMcC&#x2F;test&#x2F;runtests.jl:73
 [4] top-level scope at &#x2F;buildworker&#x2F;worker&#x2F;package_linux64&#x2F;build&#x2F;usr&#x2F;share&#x2F;julia&#x2F;stdlib&#x2F;v1.4&#x2F;Test&#x2F;src&#x2F;Test.jl:1110
 [5] top-level scope at &#x2F;root&#x2F;.julia&#x2F;packages&#x2F;LibPQ&#x2F;WrMcC&#x2F;test&#x2F;runtests.jl:70
 [6] top-level scope at &#x2F;buildworker&#x2F;worker&#x2F;package_linux64&#x2F;build&#x2F;usr&#x2F;share&#x2F;julia&#x2F;stdlib&#x2F;v1.4&#x2F;Test&#x2F;src&#x2F;Test.jl:1110
 [7] top-level scope at &#x2F;root&#x2F;.julia&#x2F;packages&#x2F;LibPQ&#x2F;WrMcC&#x2F;test&#x2F;runtests.jl:34
Example SELECT: Test Failed at &#x2F;root&#x2F;.julia&#x2F;packages&#x2F;LibPQ&#x2F;WrMcC&#x2F;test&#x2F;runtests.jl:90
  Expression: isopen(result)
Stacktrace:
 [1] top-level scope at &#x2F;root&#x2F;.julia&#x2F;packages&#x2F;LibPQ&#x2F;WrMcC&#x2F;test&#x2F;runtests.jl:90
 [2] top-level scope at &#x2F;buildworker&#x2F;worker&#x2F;package_linux64&#x2F;build&#x2F;usr&#x2F;share&#x2F;julia&#x2F;stdlib&#x2F;v1.4&#x2F;Test&#x2F;src&#x2F;Test.jl:1110
 [3] top-level scope at &#x2F;root&#x2F;.julia&#x2F;packages&#x2F;LibPQ&#x2F;WrMcC&#x2F;test&#x2F;runtests.jl:73
 [4] top-level scope at &#x2F;buildworker&#x2F;worker&#x2F;package_linux64&#x2F;build&#x2F;usr&#x2F;share&#x2F;julia&#x2F;stdlib&#x2F;v1.4&#x2F;Test&#x2F;src&#x2F;Test.jl:1110
 [5] top-level scope at &#x2F;root&#x2F;.julia&#x2F;packages&#x2F;LibPQ&#x2F;WrMcC&#x2F;test&#x2F;runtests.jl:70
 [6] top-level scope at &#x2F;buildworker&#x2F;worker&#x2F;package_linux64&#x2F;build&#x2F;usr&#x2F;share&#x2F;julia&#x2F;stdlib&#x2F;v1.4&#x2F;Test&#x2F;src&#x2F;Test.jl:1110
 [7] top-level scope at &#x2F;root&#x2F;.julia&#x2F;packages&#x2F;LibPQ&#x2F;WrMcC&#x2F;test&#x2F;runtests.jl:34
Example SELECT: Test Failed at &#x2F;root&#x2F;.julia&#x2F;packages&#x2F;LibPQ&#x2F;WrMcC&#x2F;test&#x2F;runtests.jl:91
  Expression: LibPQ.num_columns(result) == 1
   Evaluated: 0 == 1
Stacktrace:
 [1] top-level scope at &#x2F;root&#x2F;.julia&#x2F;packages&#x2F;LibPQ&#x2F;WrMcC&#x2F;test&#x2F;runtests.jl:91
 [2] top-level scope at &#x2F;buildworker&#x2F;worker&#x2F;package_linux64&#x2F;build&#x2F;usr&#x2F;share&#x2F;julia&#x2F;stdlib&#x2F;v1.4&#x2F;Test&#x2F;src&#x2F;Test.jl:1110
 [3] top-level scope at &#x2F;root&#x2F;.julia&#x2F;packages&#x2F;LibPQ&#x2F;WrMcC&#x2F;test&#x2F;runtests.jl:73
 [4] top-level scope at &#x2F;buildworker&#x2F;worker&#x2F;package_linux64&#x2F;build&#x2F;usr&#x2F;share&#x2F;julia&#x2F;stdlib&#x2F;v1.4&#x2F;Test&#x2F;src&#x2F;Test.jl:1110
 [5] top-level scope at &#x2F;root&#x2F;.julia&#x2F;packages&#x2F;LibPQ&#x2F;WrMcC&#x2F;test&#x2F;runtests.jl:70
 [6] top-level scope at &#x2F;buildworker&#x2F;worker&#x2F;package_linux64&#x2F;build&#x2F;usr&#x2F;share&#x2F;julia&#x2F;stdlib&#x2F;v1.4&#x2F;Test&#x2F;src&#x2F;Test.jl:1110
 [7] top-level scope at &#x2F;root&#x2F;.julia&#x2F;packages&#x2F;LibPQ&#x2F;WrMcC&#x2F;test&#x2F;runtests.jl:34
Example SELECT: Test Failed at &#x2F;root&#x2F;.julia&#x2F;packages&#x2F;LibPQ&#x2F;WrMcC&#x2F;test&#x2F;runtests.jl:92
  Expression: LibPQ.num_rows(result) == 1
   Evaluated: 0 == 1
Stacktrace:
 [1] top-level scope at &#x2F;root&#x2F;.julia&#x2F;packages&#x2F;LibPQ&#x2F;WrMcC&#x2F;test&#x2F;runtests.jl:92
 [2] top-level scope at &#x2F;buildworker&#x2F;worker&#x2F;package_linux64&#x2F;build&#x2F;usr&#x2F;share&#x2F;julia&#x2F;stdlib&#x2F;v1.4&#x2F;Test&#x2F;src&#x2F;Test.jl:1110
 [3] top-level scope at &#x2F;root&#x2F;.julia&#x2F;packages&#x2F;LibPQ&#x2F;WrMcC&#x2F;test&#x2F;runtests.jl:73
 [4] top-level scope at &#x2F;buildworker&#x2F;worker&#x2F;package_linux64&#x2F;build&#x2F;usr&#x2F;share&#x2F;julia&#x2F;stdlib&#x2F;v1.4&#x2F;Test&#x2F;src&#x2F;Test.jl:1110
 [5] top-level scope at &#x2F;root&#x2F;.julia&#x2F;packages&#x2F;LibPQ&#x2F;WrMcC&#x2F;test&#x2F;runtests.jl:70
 [6] top-level scope at &#x2F;buildworker&#x2F;worker&#x2F;package_linux64&#x2F;build&#x2F;usr&#x2F;share&#x2F;julia&#x2F;stdlib&#x2F;v1.4&#x2F;Test&#x2F;src&#x2F;Test.jl:1110
 [7] top-level scope at &#x2F;root&#x2F;.julia&#x2F;packages&#x2F;LibPQ&#x2F;WrMcC&#x2F;test&#x2F;runtests.jl:34
Example SELECT: Error During Test at &#x2F;root&#x2F;.julia&#x2F;packages&#x2F;LibPQ&#x2F;WrMcC&#x2F;test&#x2F;runtests.jl:93
  Test threw exception
  Expression: LibPQ.column_name(result, 1) == &quot;typname&quot;
  BoundsError: attempt to access 0-element Array{String,1} at index [1]
  Stacktrace:
   [1] getindex at .&#x2F;array.jl:758 [inlined]
   [2] column_name(::LibPQ.Result, ::Int64) at &#x2F;root&#x2F;.julia&#x2F;packages&#x2F;LibPQ&#x2F;WrMcC&#x2F;src&#x2F;results.jl:433
   [3] top-level scope at &#x2F;root&#x2F;.julia&#x2F;packages&#x2F;LibPQ&#x2F;WrMcC&#x2F;test&#x2F;runtests.jl:93
   [4] top-level scope at &#x2F;buildworker&#x2F;worker&#x2F;package_linux64&#x2F;build&#x2F;usr&#x2F;share&#x2F;julia&#x2F;stdlib&#x2F;v1.4&#x2F;Test&#x2F;src&#x2F;Test.jl:1110
   [5] top-level scope at &#x2F;root&#x2F;.julia&#x2F;packages&#x2F;LibPQ&#x2F;WrMcC&#x2F;test&#x2F;runtests.jl:73
   [6] top-level scope at &#x2F;buildworker&#x2F;worker&#x2F;package_linux64&#x2F;build&#x2F;usr&#x2F;share&#x2F;julia&#x2F;stdlib&#x2F;v1.4&#x2F;Test&#x2F;src&#x2F;Test.jl:1110
   [7] top-level scope at &#x2F;root&#x2F;.julia&#x2F;packages&#x2F;LibPQ&#x2F;WrMcC&#x2F;test&#x2F;runtests.jl:70
   [8] top-level scope at &#x2F;buildworker&#x2F;worker&#x2F;package_linux64&#x2F;build&#x2F;usr&#x2F;share&#x2F;julia&#x2F;stdlib&#x2F;v1.4&#x2F;Test&#x2F;src&#x2F;Test.jl:1110
   [9] top-level scope at &#x2F;root&#x2F;.julia&#x2F;packages&#x2F;LibPQ&#x2F;WrMcC&#x2F;test&#x2F;runtests.jl:34
  
Example SELECT: Test Failed at &#x2F;root&#x2F;.julia&#x2F;packages&#x2F;LibPQ&#x2F;WrMcC&#x2F;test&#x2F;runtests.jl:94
  Expression: LibPQ.column_number(result, &quot;typname&quot;) == 1
   Evaluated: 0 == 1
Stacktrace:
 [1] top-level scope at &#x2F;root&#x2F;.julia&#x2F;packages&#x2F;LibPQ&#x2F;WrMcC&#x2F;test&#x2F;runtests.jl:94
 [2] top-level scope at &#x2F;buildworker&#x2F;worker&#x2F;package_linux64&#x2F;build&#x2F;usr&#x2F;share&#x2F;julia&#x2F;stdlib&#x2F;v1.4&#x2F;Test&#x2F;src&#x2F;Test.jl:1110
 [3] top-level scope at &#x2F;root&#x2F;.julia&#x2F;packages&#x2F;LibPQ&#x2F;WrMcC&#x2F;test&#x2F;runtests.jl:73
 [4] top-level scope at &#x2F;buildworker&#x2F;worker&#x2F;package_linux64&#x2F;build&#x2F;usr&#x2F;share&#x2F;julia&#x2F;stdlib&#x2F;v1.4&#x2F;Test&#x2F;src&#x2F;Test.jl:1110
 [5] top-level scope at &#x2F;root&#x2F;.julia&#x2F;packages&#x2F;LibPQ&#x2F;WrMcC&#x2F;test&#x2F;runtests.jl:70
 [6] top-level scope at &#x2F;buildworker&#x2F;worker&#x2F;package_linux64&#x2F;build&#x2F;usr&#x2F;share&#x2F;julia&#x2F;stdlib&#x2F;v1.4&#x2F;Test&#x2F;src&#x2F;Test.jl:1110
 [7] top-level scope at &#x2F;root&#x2F;.julia&#x2F;packages&#x2F;LibPQ&#x2F;WrMcC&#x2F;test&#x2F;runtests.jl:34
Example SELECT: Error During Test at &#x2F;root&#x2F;.julia&#x2F;packages&#x2F;LibPQ&#x2F;WrMcC&#x2F;test&#x2F;runtests.jl:98
  Test threw exception
  Expression: (data[:typname])[1] == &quot;bool&quot;
  type NamedTuple has no field typname
  Stacktrace:
   [1] getindex(::NamedTuple{(),Tuple{}}, ::Symbol) at .&#x2F;namedtuple.jl:95
   [2] top-level scope at &#x2F;root&#x2F;.julia&#x2F;packages&#x2F;LibPQ&#x2F;WrMcC&#x2F;test&#x2F;runtests.jl:98
   [3] top-level scope at &#x2F;buildworker&#x2F;worker&#x2F;package_linux64&#x2F;build&#x2F;usr&#x2F;share&#x2F;julia&#x2F;stdlib&#x2F;v1.4&#x2F;Test&#x2F;src&#x2F;Test.jl:1110
   [4] top-level scope at &#x2F;root&#x2F;.julia&#x2F;packages&#x2F;LibPQ&#x2F;WrMcC&#x2F;test&#x2F;runtests.jl:73
   [5] top-level scope at &#x2F;buildworker&#x2F;worker&#x2F;package_linux64&#x2F;build&#x2F;usr&#x2F;share&#x2F;julia&#x2F;stdlib&#x2F;v1.4&#x2F;Test&#x2F;src&#x2F;Test.jl:1110
   [6] top-level scope at &#x2F;root&#x2F;.julia&#x2F;packages&#x2F;LibPQ&#x2F;WrMcC&#x2F;test&#x2F;runtests.jl:70
   [7] top-level scope at &#x2F;buildworker&#x2F;worker&#x2F;package_linux64&#x2F;build&#x2F;usr&#x2F;share&#x2F;julia&#x2F;stdlib&#x2F;v1.4&#x2F;Test&#x2F;src&#x2F;Test.jl:1110
   [8] top-level scope at &#x2F;root&#x2F;.julia&#x2F;packages&#x2F;LibPQ&#x2F;WrMcC&#x2F;test&#x2F;runtests.jl:34
  
Example SELECT: Test Failed at &#x2F;root&#x2F;.julia&#x2F;packages&#x2F;LibPQ&#x2F;WrMcC&#x2F;test&#x2F;runtests.jl:111
  Expression: status(result) == LibPQ.libpq_c.PGRES_TUPLES_OK
   Evaluated: LibPQ.libpq_c.PGRES_FATAL_ERROR == LibPQ.libpq_c.PGRES_TUPLES_OK
Stacktrace:
 [1] top-level scope at &#x2F;root&#x2F;.julia&#x2F;packages&#x2F;LibPQ&#x2F;WrMcC&#x2F;test&#x2F;runtests.jl:111
 [2] top-level scope at &#x2F;buildworker&#x2F;worker&#x2F;package_linux64&#x2F;build&#x2F;usr&#x2F;share&#x2F;julia&#x2F;stdlib&#x2F;v1.4&#x2F;Test&#x2F;src&#x2F;Test.jl:1110
 [3] top-level scope at &#x2F;root&#x2F;.julia&#x2F;packages&#x2F;LibPQ&#x2F;WrMcC&#x2F;test&#x2F;runtests.jl:73
 [4] top-level scope at &#x2F;buildworker&#x2F;worker&#x2F;package_linux64&#x2F;build&#x2F;usr&#x2F;share&#x2F;julia&#x2F;stdlib&#x2F;v1.4&#x2F;Test&#x2F;src&#x2F;Test.jl:1110
 [5] top-level scope at &#x2F;root&#x2F;.julia&#x2F;packages&#x2F;LibPQ&#x2F;WrMcC&#x2F;test&#x2F;runtests.jl:70
 [6] top-level scope at &#x2F;buildworker&#x2F;worker&#x2F;package_linux64&#x2F;build&#x2F;usr&#x2F;share&#x2F;julia&#x2F;stdlib&#x2F;v1.4&#x2F;Test&#x2F;src&#x2F;Test.jl:1110
 [7] top-level scope at &#x2F;root&#x2F;.julia&#x2F;packages&#x2F;LibPQ&#x2F;WrMcC&#x2F;test&#x2F;runtests.jl:34
Example SELECT: Test Failed at &#x2F;root&#x2F;.julia&#x2F;packages&#x2F;LibPQ&#x2F;WrMcC&#x2F;test&#x2F;runtests.jl:112
  Expression: isopen(result)
Stacktrace:
 [1] top-level scope at &#x2F;root&#x2F;.julia&#x2F;packages&#x2F;LibPQ&#x2F;WrMcC&#x2F;test&#x2F;runtests.jl:112
 [2] top-level scope at &#x2F;buildworker&#x2F;worker&#x2F;package_linux64&#x2F;build&#x2F;usr&#x2F;share&#x2F;julia&#x2F;stdlib&#x2F;v1.4&#x2F;Test&#x2F;src&#x2F;Test.jl:1110
 [3] top-level scope at &#x2F;root&#x2F;.julia&#x2F;packages&#x2F;LibPQ&#x2F;WrMcC&#x2F;test&#x2F;runtests.jl:73
 [4] top-level scope at &#x2F;buildworker&#x2F;worker&#x2F;package_linux64&#x2F;build&#x2F;usr&#x2F;share&#x2F;julia&#x2F;stdlib&#x2F;v1.4&#x2F;Test&#x2F;src&#x2F;Test.jl:1110
 [5] top-level scope at &#x2F;root&#x2F;.julia&#x2F;packages&#x2F;LibPQ&#x2F;WrMcC&#x2F;test&#x2F;runtests.jl:70
 [6] top-level scope at &#x2F;buildworker&#x2F;worker&#x2F;package_linux64&#x2F;build&#x2F;usr&#x2F;share&#x2F;julia&#x2F;stdlib&#x2F;v1.4&#x2F;Test&#x2F;src&#x2F;Test.jl:1110
 [7] top-level scope at &#x2F;root&#x2F;.julia&#x2F;packages&#x2F;LibPQ&#x2F;WrMcC&#x2F;test&#x2F;runtests.jl:34
Example SELECT: Test Failed at &#x2F;root&#x2F;.julia&#x2F;packages&#x2F;LibPQ&#x2F;WrMcC&#x2F;test&#x2F;runtests.jl:113
  Expression: LibPQ.num_columns(result) == 1
   Evaluated: 0 == 1
Stacktrace:
 [1] top-level scope at &#x2F;root&#x2F;.julia&#x2F;packages&#x2F;LibPQ&#x2F;WrMcC&#x2F;test&#x2F;runtests.jl:113
 [2] top-level scope at &#x2F;buildworker&#x2F;worker&#x2F;package_linux64&#x2F;build&#x2F;usr&#x2F;share&#x2F;julia&#x2F;stdlib&#x2F;v1.4&#x2F;Test&#x2F;src&#x2F;Test.jl:1110
 [3] top-level scope at &#x2F;root&#x2F;.julia&#x2F;packages&#x2F;LibPQ&#x2F;WrMcC&#x2F;test&#x2F;runtests.jl:73
 [4] top-level scope at &#x2F;buildworker&#x2F;worker&#x2F;package_linux64&#x2F;build&#x2F;usr&#x2F;share&#x2F;julia&#x2F;stdlib&#x2F;v1.4&#x2F;Test&#x2F;src&#x2F;Test.jl:1110
 [5] top-level scope at &#x2F;root&#x2F;.julia&#x2F;packages&#x2F;LibPQ&#x2F;WrMcC&#x2F;test&#x2F;runtests.jl:70
 [6] top-level scope at &#x2F;buildworker&#x2F;worker&#x2F;package_linux64&#x2F;build&#x2F;usr&#x2F;share&#x2F;julia&#x2F;stdlib&#x2F;v1.4&#x2F;Test&#x2F;src&#x2F;Test.jl:1110
 [7] top-level scope at &#x2F;root&#x2F;.julia&#x2F;packages&#x2F;LibPQ&#x2F;WrMcC&#x2F;test&#x2F;runtests.jl:34
Example SELECT: Test Failed at &#x2F;root&#x2F;.julia&#x2F;packages&#x2F;LibPQ&#x2F;WrMcC&#x2F;test&#x2F;runtests.jl:114
  Expression: LibPQ.num_rows(result) == 1
   Evaluated: 0 == 1
Stacktrace:
 [1] top-level scope at &#x2F;root&#x2F;.julia&#x2F;packages&#x2F;LibPQ&#x2F;WrMcC&#x2F;test&#x2F;runtests.jl:114
 [2] top-level scope at &#x2F;buildworker&#x2F;worker&#x2F;package_linux64&#x2F;build&#x2F;usr&#x2F;share&#x2F;julia&#x2F;stdlib&#x2F;v1.4&#x2F;Test&#x2F;src&#x2F;Test.jl:1110
 [3] top-level scope at &#x2F;root&#x2F;.julia&#x2F;packages&#x2F;LibPQ&#x2F;WrMcC&#x2F;test&#x2F;runtests.jl:73
 [4] top-level scope at &#x2F;buildworker&#x2F;worker&#x2F;package_linux64&#x2F;build&#x2F;usr&#x2F;share&#x2F;julia&#x2F;stdlib&#x2F;v1.4&#x2F;Test&#x2F;src&#x2F;Test.jl:1110
 [5] top-level scope at &#x2F;root&#x2F;.julia&#x2F;packages&#x2F;LibPQ&#x2F;WrMcC&#x2F;test&#x2F;runtests.jl:70
 [6] top-level scope at &#x2F;buildworker&#x2F;worker&#x2F;package_linux64&#x2F;build&#x2F;usr&#x2F;share&#x2F;julia&#x2F;stdlib&#x2F;v1.4&#x2F;Test&#x2F;src&#x2F;Test.jl:1110
 [7] top-level scope at &#x2F;root&#x2F;.julia&#x2F;packages&#x2F;LibPQ&#x2F;WrMcC&#x2F;test&#x2F;runtests.jl:34
Example SELECT: Error During Test at &#x2F;root&#x2F;.julia&#x2F;packages&#x2F;LibPQ&#x2F;WrMcC&#x2F;test&#x2F;runtests.jl:115
  Test threw exception
  Expression: LibPQ.column_name(result, 1) == &quot;typname&quot;
  BoundsError: attempt to access 0-element Array{String,1} at index [1]
  Stacktrace:
   [1] getindex at .&#x2F;array.jl:758 [inlined]
   [2] column_name(::LibPQ.Result, ::Int64) at &#x2F;root&#x2F;.julia&#x2F;packages&#x2F;LibPQ&#x2F;WrMcC&#x2F;src&#x2F;results.jl:433
   [3] top-level scope at &#x2F;root&#x2F;.julia&#x2F;packages&#x2F;LibPQ&#x2F;WrMcC&#x2F;test&#x2F;runtests.jl:115
   [4] top-level scope at &#x2F;buildworker&#x2F;worker&#x2F;package_linux64&#x2F;build&#x2F;usr&#x2F;share&#x2F;julia&#x2F;stdlib&#x2F;v1.4&#x2F;Test&#x2F;src&#x2F;Test.jl:1110
   [5] top-level scope at &#x2F;root&#x2F;.julia&#x2F;packages&#x2F;LibPQ&#x2F;WrMcC&#x2F;test&#x2F;runtests.jl:73
   [6] top-level scope at &#x2F;buildworker&#x2F;worker&#x2F;package_linux64&#x2F;build&#x2F;usr&#x2F;share&#x2F;julia&#x2F;stdlib&#x2F;v1.4&#x2F;Test&#x2F;src&#x2F;Test.jl:1110
   [7] top-level scope at &#x2F;root&#x2F;.julia&#x2F;packages&#x2F;LibPQ&#x2F;WrMcC&#x2F;test&#x2F;runtests.jl:70
   [8] top-level scope at &#x2F;buildworker&#x2F;worker&#x2F;package_linux64&#x2F;build&#x2F;usr&#x2F;share&#x2F;julia&#x2F;stdlib&#x2F;v1.4&#x2F;Test&#x2F;src&#x2F;Test.jl:1110
   [9] top-level scope at &#x2F;root&#x2F;.julia&#x2F;packages&#x2F;LibPQ&#x2F;WrMcC&#x2F;test&#x2F;runtests.jl:34
  
Example SELECT: Error During Test at &#x2F;root&#x2F;.julia&#x2F;packages&#x2F;LibPQ&#x2F;WrMcC&#x2F;test&#x2F;runtests.jl:119
  Test threw exception
  Expression: (data[:typname])[1] == &quot;bool&quot;
  type NamedTuple has no field typname
  Stacktrace:
   [1] getindex(::NamedTuple{(),Tuple{}}, ::Symbol) at .&#x2F;namedtuple.jl:95
   [2] top-level scope at &#x2F;root&#x2F;.julia&#x2F;packages&#x2F;LibPQ&#x2F;WrMcC&#x2F;test&#x2F;runtests.jl:119
   [3] top-level scope at &#x2F;buildworker&#x2F;worker&#x2F;package_linux64&#x2F;build&#x2F;usr&#x2F;share&#x2F;julia&#x2F;stdlib&#x2F;v1.4&#x2F;Test&#x2F;src&#x2F;Test.jl:1110
   [4] top-level scope at &#x2F;root&#x2F;.julia&#x2F;packages&#x2F;LibPQ&#x2F;WrMcC&#x2F;test&#x2F;runtests.jl:73
   [5] top-level scope at &#x2F;buildworker&#x2F;worker&#x2F;package_linux64&#x2F;build&#x2F;usr&#x2F;share&#x2F;julia&#x2F;stdlib&#x2F;v1.4&#x2F;Test&#x2F;src&#x2F;Test.jl:1110
   [6] top-level scope at &#x2F;root&#x2F;.julia&#x2F;packages&#x2F;LibPQ&#x2F;WrMcC&#x2F;test&#x2F;runtests.jl:70
   [7] top-level scope at &#x2F;buildworker&#x2F;worker&#x2F;package_linux64&#x2F;build&#x2F;usr&#x2F;share&#x2F;julia&#x2F;stdlib&#x2F;v1.4&#x2F;Test&#x2F;src&#x2F;Test.jl:1110
   [8] top-level scope at &#x2F;root&#x2F;.julia&#x2F;packages&#x2F;LibPQ&#x2F;WrMcC&#x2F;test&#x2F;runtests.jl:34
  
ERROR: LoadError: UndefVarError: enum_name not defined
Stacktrace:
 [1] getproperty at .&#x2F;Base.jl:26 [inlined]
 [2] show(::IOContext{Base.GenericIOBuffer{Array{UInt8,1}}}, ::LibPQ.Errors.Class) at &#x2F;root&#x2F;.julia&#x2F;packages&#x2F;LibPQ&#x2F;WrMcC&#x2F;src&#x2F;exceptions.jl:78
 [3] show_datatype(::IOContext{Base.GenericIOBuffer{Array{UInt8,1}}}, ::DataType) at .&#x2F;show.jl:584
 [4] show(::IOContext{Base.GenericIOBuffer{Array{UInt8,1}}}, ::Type) at .&#x2F;show.jl:485
 [5] print(::IOContext{Base.GenericIOBuffer{Array{UInt8,1}}}, ::Type) at .&#x2F;strings&#x2F;io.jl:35
 [6] print(::IOContext{Base.GenericIOBuffer{Array{UInt8,1}}}, ::String, ::Type) at .&#x2F;strings&#x2F;io.jl:46
 [7] show_tuple_as_call(::IOContext{Base.GenericIOBuffer{Array{UInt8,1}}}, ::Symbol, ::Type, ::Bool, ::Base.Iterators.Zip{Tuple{Array{Any,1},Array{Any,1}}}) at .&#x2F;show.jl:1595
 [8] show_spec_linfo(::IOContext{Base.GenericIOBuffer{Array{UInt8,1}}}, ::Base.StackTraces.StackFrame) at .&#x2F;stacktraces.jl:240
 [9] show(::IOContext{Base.GenericIOBuffer{Array{UInt8,1}}}, ::Base.StackTraces.StackFrame; full_path::Bool) at .&#x2F;stacktraces.jl:253
 [10] show_trace_entry(::IOContext{Base.GenericIOBuffer{Array{UInt8,1}}}, ::Base.StackTraces.StackFrame, ::Int64; prefix::String) at .&#x2F;errorshow.jl:523
 [11] show_backtrace(::Base.GenericIOBuffer{Array{UInt8,1}}, ::Array{Union{Ptr{Nothing}, Base.InterpreterIP},1}) at .&#x2F;errorshow.jl:627
 [12] showerror(::Base.GenericIOBuffer{Array{UInt8,1}}, ::UndefVarError, ::Array{Union{Ptr{Nothing}, Base.InterpreterIP},1}; backtrace::Bool) at .&#x2F;errorshow.jl:79
 [13] show_exception_stack(::Base.GenericIOBuffer{Array{UInt8,1}}, ::Array{Any,1}) at .&#x2F;errorshow.jl:705
 [14] sprint(::Function, ::Array{Any,1}; context::Nothing, sizehint::Int64) at .&#x2F;strings&#x2F;io.jl:105
 [15] sprint(::Function, ::Array{Any,1}) at .&#x2F;strings&#x2F;io.jl:101
 [16] Test.Error(::Any, ::Any, ::Any, ::Any, ::Any) at &#x2F;buildworker&#x2F;worker&#x2F;package_linux64&#x2F;build&#x2F;usr&#x2F;share&#x2F;julia&#x2F;stdlib&#x2F;v1.4&#x2F;Test&#x2F;src&#x2F;Test.jl:158
 [17] top-level scope at &#x2F;buildworker&#x2F;worker&#x2F;package_linux64&#x2F;build&#x2F;usr&#x2F;share&#x2F;julia&#x2F;stdlib&#x2F;v1.4&#x2F;Test&#x2F;src&#x2F;Test.jl:1115
 [18] top-level scope at &#x2F;root&#x2F;.julia&#x2F;packages&#x2F;LibPQ&#x2F;WrMcC&#x2F;test&#x2F;runtests.jl:34
 [19] include(::String) at .&#x2F;client.jl:439
 [20] top-level scope at none:6
in expression starting at &#x2F;root&#x2F;.julia&#x2F;packages&#x2F;LibPQ&#x2F;WrMcC&#x2F;test&#x2F;runtests.jl:32
caused by [exception 3]
UndefVarError: enum_name not defined
Stacktrace:
 [1] getproperty at .&#x2F;Base.jl:26 [inlined]
 [2] show(::IOContext{Base.GenericIOBuffer{Array{UInt8,1}}}, ::LibPQ.Errors.Class) at &#x2F;root&#x2F;.julia&#x2F;packages&#x2F;LibPQ&#x2F;WrMcC&#x2F;src&#x2F;exceptions.jl:78
 [3] show_datatype(::IOContext{Base.GenericIOBuffer{Array{UInt8,1}}}, ::DataType) at .&#x2F;show.jl:584
 [4] show(::IOContext{Base.GenericIOBuffer{Array{UInt8,1}}}, ::Type) at .&#x2F;show.jl:485
 [5] print(::IOContext{Base.GenericIOBuffer{Array{UInt8,1}}}, ::Type) at .&#x2F;strings&#x2F;io.jl:35
 [6] print(::IOContext{Base.GenericIOBuffer{Array{UInt8,1}}}, ::String, ::Type) at .&#x2F;strings&#x2F;io.jl:46
 [7] show_tuple_as_call(::IOContext{Base.GenericIOBuffer{Array{UInt8,1}}}, ::Symbol, ::Type, ::Bool, ::Base.Iterators.Zip{Tuple{Array{Any,1},Array{Any,1}}}) at .&#x2F;show.jl:1595
 [8] show_spec_linfo(::IOContext{Base.GenericIOBuffer{Array{UInt8,1}}}, ::Base.StackTraces.StackFrame) at .&#x2F;stacktraces.jl:240
 [9] show(::IOContext{Base.GenericIOBuffer{Array{UInt8,1}}}, ::Base.StackTraces.StackFrame; full_path::Bool) at .&#x2F;stacktraces.jl:253
 [10] show_trace_entry(::IOContext{Base.GenericIOBuffer{Array{UInt8,1}}}, ::Base.StackTraces.StackFrame, ::Int64; prefix::String) at .&#x2F;errorshow.jl:523
 [11] show_backtrace(::Base.GenericIOBuffer{Array{UInt8,1}}, ::Array{Union{Ptr{Nothing}, Base.InterpreterIP},1}) at .&#x2F;errorshow.jl:627
 [12] showerror(::Base.GenericIOBuffer{Array{UInt8,1}}, ::UndefVarError, ::Array{Union{Ptr{Nothing}, Base.InterpreterIP},1}; backtrace::Bool) at .&#x2F;errorshow.jl:79
 [13] show_exception_stack(::Base.GenericIOBuffer{Array{UInt8,1}}, ::Array{Any,1}) at .&#x2F;errorshow.jl:705
 [14] sprint(::Function, ::Array{Any,1}; context::Nothing, sizehint::Int64) at .&#x2F;strings&#x2F;io.jl:105
 [15] sprint(::Function, ::Array{Any,1}) at .&#x2F;strings&#x2F;io.jl:101
 [16] Test.Error(::Any, ::Any, ::Any, ::Any, ::Any) at &#x2F;buildworker&#x2F;worker&#x2F;package_linux64&#x2F;build&#x2F;usr&#x2F;share&#x2F;julia&#x2F;stdlib&#x2F;v1.4&#x2F;Test&#x2F;src&#x2F;Test.jl:158
 [17] top-level scope at &#x2F;buildworker&#x2F;worker&#x2F;package_linux64&#x2F;build&#x2F;usr&#x2F;share&#x2F;julia&#x2F;stdlib&#x2F;v1.4&#x2F;Test&#x2F;src&#x2F;Test.jl:1115
 [18] top-level scope at &#x2F;root&#x2F;.julia&#x2F;packages&#x2F;LibPQ&#x2F;WrMcC&#x2F;test&#x2F;runtests.jl:70
 [19] top-level scope at &#x2F;buildworker&#x2F;worker&#x2F;package_linux64&#x2F;build&#x2F;usr&#x2F;share&#x2F;julia&#x2F;stdlib&#x2F;v1.4&#x2F;Test&#x2F;src&#x2F;Test.jl:1110
 [20] top-level scope at &#x2F;root&#x2F;.julia&#x2F;packages&#x2F;LibPQ&#x2F;WrMcC&#x2F;test&#x2F;runtests.jl:34
 [21] include(::String) at .&#x2F;client.jl:439
 [22] top-level scope at none:6
caused by [exception 2]
UndefVarError: enum_name not defined
Stacktrace:
 [1] getproperty at .&#x2F;Base.jl:26 [inlined]
 [2] show(::IOContext{Base.GenericIOBuffer{Array{UInt8,1}}}, ::LibPQ.Errors.Class) at &#x2F;root&#x2F;.julia&#x2F;packages&#x2F;LibPQ&#x2F;WrMcC&#x2F;src&#x2F;exceptions.jl:78
 [3] show_datatype(::IOContext{Base.GenericIOBuffer{Array{UInt8,1}}}, ::DataType) at .&#x2F;show.jl:584
 [4] show(::IOContext{Base.GenericIOBuffer{Array{UInt8,1}}}, ::Type) at .&#x2F;show.jl:485
 [5] print(::IOContext{Base.GenericIOBuffer{Array{UInt8,1}}}, ::Type) at .&#x2F;strings&#x2F;io.jl:35
 [6] print(::IOContext{Base.GenericIOBuffer{Array{UInt8,1}}}, ::String, ::Type) at .&#x2F;strings&#x2F;io.jl:46
 [7] show_tuple_as_call(::IOContext{Base.GenericIOBuffer{Array{UInt8,1}}}, ::Symbol, ::Type, ::Bool, ::Nothing) at .&#x2F;show.jl:1595
 [8] show_tuple_as_call(::IOContext{Base.GenericIOBuffer{Array{UInt8,1}}}, ::Symbol, ::Type, ::Bool) at .&#x2F;show.jl:1562
 [9] show_spec_linfo(::IOContext{Base.GenericIOBuffer{Array{UInt8,1}}}, ::Base.StackTraces.StackFrame) at .&#x2F;stacktraces.jl:242
 [10] show(::IOContext{Base.GenericIOBuffer{Array{UInt8,1}}}, ::Base.StackTraces.StackFrame; full_path::Bool) at .&#x2F;stacktraces.jl:253
 [11] show_trace_entry(::IOContext{Base.GenericIOBuffer{Array{UInt8,1}}}, ::Base.StackTraces.StackFrame, ::Int64; prefix::String) at .&#x2F;errorshow.jl:523
 [12] show_backtrace(::Base.GenericIOBuffer{Array{UInt8,1}}, ::Array{Union{Ptr{Nothing}, Base.InterpreterIP},1}) at .&#x2F;errorshow.jl:627
 [13] showerror(::Base.GenericIOBuffer{Array{UInt8,1}}, ::LibPQ.Errors.PQResultError{fatal: error thrown and no exception handler available.
UndefVarError(var=:enum_name)
jl_undefined_var_error at &#x2F;buildworker&#x2F;worker&#x2F;package_linux64&#x2F;build&#x2F;src&#x2F;rtutils.c:130
jl_get_binding_or_error at &#x2F;buildworker&#x2F;worker&#x2F;package_linux64&#x2F;build&#x2F;src&#x2F;module.c:308
getproperty at .&#x2F;Base.jl:26 [inlined]
show at &#x2F;root&#x2F;.julia&#x2F;packages&#x2F;LibPQ&#x2F;WrMcC&#x2F;src&#x2F;exceptions.jl:78
unknown function (ip: 0x7fb68bfc8f85)
_jl_invoke at &#x2F;buildworker&#x2F;worker&#x2F;package_linux64&#x2F;build&#x2F;src&#x2F;gf.c:2158 [inlined]
jl_apply_generic at &#x2F;buildworker&#x2F;worker&#x2F;package_linux64&#x2F;build&#x2F;src&#x2F;gf.c:2322
show_datatype at .&#x2F;show.jl:584
show at .&#x2F;show.jl:485
_jl_invoke at &#x2F;buildworker&#x2F;worker&#x2F;package_linux64&#x2F;build&#x2F;src&#x2F;gf.c:2144 [inlined]
jl_apply_generic at &#x2F;buildworker&#x2F;worker&#x2F;package_linux64&#x2F;build&#x2F;src&#x2F;gf.c:2322
print at .&#x2F;strings&#x2F;io.jl:35
_jl_invoke at &#x2F;buildworker&#x2F;worker&#x2F;package_linux64&#x2F;build&#x2F;src&#x2F;gf.c:2144 [inlined]
jl_apply_generic at &#x2F;buildworker&#x2F;worker&#x2F;package_linux64&#x2F;build&#x2F;src&#x2F;gf.c:2322
print at .&#x2F;strings&#x2F;io.jl:46
_jl_invoke at &#x2F;buildworker&#x2F;worker&#x2F;package_linux64&#x2F;build&#x2F;src&#x2F;gf.c:2144 [inlined]
jl_apply_generic at &#x2F;buildworker&#x2F;worker&#x2F;package_linux64&#x2F;build&#x2F;src&#x2F;gf.c:2322
show_tuple_as_call at .&#x2F;show.jl:1595
unknown function (ip: 0x7fb68bfc7ac6)
_jl_invoke at &#x2F;buildworker&#x2F;worker&#x2F;package_linux64&#x2F;build&#x2F;src&#x2F;gf.c:2144 [inlined]
jl_apply_generic at &#x2F;buildworker&#x2F;worker&#x2F;package_linux64&#x2F;build&#x2F;src&#x2F;gf.c:2322
show_spec_linfo at .&#x2F;stacktraces.jl:240
#show#9 at .&#x2F;stacktraces.jl:253
show##kw at .&#x2F;stacktraces.jl:253 [inlined]
#show_trace_entry#663 at .&#x2F;errorshow.jl:523
show_trace_entry##kw at .&#x2F;errorshow.jl:521
unknown function (ip: 0x7fb68bfa1817)
_jl_invoke at &#x2F;buildworker&#x2F;worker&#x2F;package_linux64&#x2F;build&#x2F;src&#x2F;gf.c:2144 [inlined]
jl_apply_generic at &#x2F;buildworker&#x2F;worker&#x2F;package_linux64&#x2F;build&#x2F;src&#x2F;gf.c:2322
show_backtrace at .&#x2F;errorshow.jl:627
#showerror#644 at .&#x2F;errorshow.jl:79
showerror##kw at .&#x2F;errorshow.jl:74
unknown function (ip: 0x7fb68bfc1d51)
_jl_invoke at &#x2F;buildworker&#x2F;worker&#x2F;package_linux64&#x2F;build&#x2F;src&#x2F;gf.c:2144 [inlined]
jl_apply_generic at &#x2F;buildworker&#x2F;worker&#x2F;package_linux64&#x2F;build&#x2F;src&#x2F;gf.c:2322
show_exception_stack at .&#x2F;errorshow.jl:705
display_error at .&#x2F;client.jl:104
_jl_invoke at &#x2F;buildworker&#x2F;worker&#x2F;package_linux64&#x2F;build&#x2F;src&#x2F;gf.c:2158 [inlined]
jl_apply_generic at &#x2F;buildworker&#x2F;worker&#x2F;package_linux64&#x2F;build&#x2F;src&#x2F;gf.c:2322
display_error at .&#x2F;client.jl:106
_jl_invoke at &#x2F;buildworker&#x2F;worker&#x2F;package_linux64&#x2F;build&#x2F;src&#x2F;gf.c:2158 [inlined]
jl_apply_generic at &#x2F;buildworker&#x2F;worker&#x2F;package_linux64&#x2F;build&#x2F;src&#x2F;gf.c:2322
jl_apply at &#x2F;buildworker&#x2F;worker&#x2F;package_linux64&#x2F;build&#x2F;src&#x2F;julia.h:1654 [inlined]
do_apply at &#x2F;buildworker&#x2F;worker&#x2F;package_linux64&#x2F;build&#x2F;src&#x2F;builtins.c:634
jl_f__apply_latest at &#x2F;buildworker&#x2F;worker&#x2F;package_linux64&#x2F;build&#x2F;src&#x2F;builtins.c:684
#invokelatest#1 at .&#x2F;essentials.jl:711 [inlined]
invokelatest at .&#x2F;essentials.jl:710 [inlined]
_start at .&#x2F;client.jl:486
jfptr__start_2095.clone_1 at &#x2F;opt&#x2F;julia&#x2F;lib&#x2F;julia&#x2F;sys.so (unknown line)
_jl_invoke at &#x2F;buildworker&#x2F;worker&#x2F;package_linux64&#x2F;build&#x2F;src&#x2F;gf.c:2144 [inlined]
jl_apply_generic at &#x2F;buildworker&#x2F;worker&#x2F;package_linux64&#x2F;build&#x2F;src&#x2F;gf.c:2322
jl_apply at &#x2F;buildworker&#x2F;worker&#x2F;package_linux64&#x2F;build&#x2F;ui&#x2F;..&#x2F;src&#x2F;julia.h:1654 [inlined]
true_main at &#x2F;buildworker&#x2F;worker&#x2F;package_linux64&#x2F;build&#x2F;ui&#x2F;repl.c:96
main at &#x2F;buildworker&#x2F;worker&#x2F;package_linux64&#x2F;build&#x2F;ui&#x2F;repl.c:217
__libc_start_main at &#x2F;lib&#x2F;x86_64-linux-gnu&#x2F;libc.so.6 (unknown line)
_start at &#x2F;opt&#x2F;julia&#x2F;bin&#x2F;julia (unknown line)
ERROR: Package LibPQ errored during testing
Stacktrace:
 [1] pkgerror(::String, ::Vararg{String,N} where N) at &#x2F;buildworker&#x2F;worker&#x2F;package_linux64&#x2F;build&#x2F;usr&#x2F;share&#x2F;julia&#x2F;stdlib&#x2F;v1.4&#x2F;Pkg&#x2F;src&#x2F;Types.jl:53
 [2] test(::Pkg.Types.Context, ::Array{Pkg.Types.PackageSpec,1}; coverage::Bool, test_fn::Nothing, julia_args::Cmd, test_args::Cmd) at &#x2F;buildworker&#x2F;worker&#x2F;package_linux64&#x2F;build&#x2F;usr&#x2F;share&#x2F;julia&#x2F;stdlib&#x2F;v1.4&#x2F;Pkg&#x2F;src&#x2F;Operations.jl:1379
 [3] test(::Pkg.Types.Context, ::Array{Pkg.Types.PackageSpec,1}; coverage::Bool, test_fn::Nothing, julia_args::Cmd, test_args::Cmd, kwargs::Base.Iterators.Pairs{Union{},Union{},Tuple{},NamedTuple{(),Tuple{}}}) at &#x2F;buildworker&#x2F;worker&#x2F;package_linux64&#x2F;build&#x2F;usr&#x2F;share&#x2F;julia&#x2F;stdlib&#x2F;v1.4&#x2F;Pkg&#x2F;src&#x2F;API.jl:287
 [4] test(::Pkg.Types.Context, ::Array{Pkg.Types.PackageSpec,1}) at &#x2F;buildworker&#x2F;worker&#x2F;package_linux64&#x2F;build&#x2F;usr&#x2F;share&#x2F;julia&#x2F;stdlib&#x2F;v1.4&#x2F;Pkg&#x2F;src&#x2F;API.jl:274
 [5] #test#56 at &#x2F;buildworker&#x2F;worker&#x2F;package_linux64&#x2F;build&#x2F;usr&#x2F;share&#x2F;julia&#x2F;stdlib&#x2F;v1.4&#x2F;Pkg&#x2F;src&#x2F;API.jl:268 [inlined]
 [6] test at &#x2F;buildworker&#x2F;worker&#x2F;package_linux64&#x2F;build&#x2F;usr&#x2F;share&#x2F;julia&#x2F;stdlib&#x2F;v1.4&#x2F;Pkg&#x2F;src&#x2F;API.jl:268 [inlined]
 [7] #test#55 at &#x2F;buildworker&#x2F;worker&#x2F;package_linux64&#x2F;build&#x2F;usr&#x2F;share&#x2F;julia&#x2F;stdlib&#x2F;v1.4&#x2F;Pkg&#x2F;src&#x2F;API.jl:267 [inlined]
 [8] test at &#x2F;buildworker&#x2F;worker&#x2F;package_linux64&#x2F;build&#x2F;usr&#x2F;share&#x2F;julia&#x2F;stdlib&#x2F;v1.4&#x2F;Pkg&#x2F;src&#x2F;API.jl:267 [inlined]
 [9] test(::String; kwargs::Base.Iterators.Pairs{Union{},Union{},Tuple{},NamedTuple{(),Tuple{}}}) at &#x2F;buildworker&#x2F;worker&#x2F;package_linux64&#x2F;build&#x2F;usr&#x2F;share&#x2F;julia&#x2F;stdlib&#x2F;v1.4&#x2F;Pkg&#x2F;src&#x2F;API.jl:266
 [10] test(::String) at &#x2F;buildworker&#x2F;worker&#x2F;package_linux64&#x2F;build&#x2F;usr&#x2F;share&#x2F;julia&#x2F;stdlib&#x2F;v1.4&#x2F;Pkg&#x2F;src&#x2F;API.jl:266
 [11] top-level scope at none:10
</pre>
      </div>


  </div>
  </body>

  <script type="text/javascript">// handle collapsibles
var coll = document.getElementsByClassName("collapsible");
for (var i = 0; i < coll.length; i++) {
    coll[i].textContent = "▸ " + coll[i].textContent
    coll[i].addEventListener("click", function() {
        this.classList.toggle("active");
        var content = this.nextElementSibling;
        if (content.style.display === "block") {
            this.textContent = "▸" + this.textContent.substr(1)
            content.style.display = "none";
        } else {
            this.textContent = "▾" + this.textContent.substr(1)
            content.style.display = "block";
        }
    });
}
</script>
</html>

