<!DOCTYPE html>
<html lang="en">
  <head>
    <meta charset="utf-8">
    <meta http-equiv="X-UA-Compatible" content="IE=edge">
    <meta name="viewport" content="width=device-width, initial-scale=1">
    <title>Julia Package Listing - Testing Information</title>

    <style>/* -- Mix of julialang.org, Bootstrap 3, and custom -- */
body {
  background-color: white;
  font-family: Georgia, 'Liberation Serif', serif;
  font-size: 14px;
  color: #333;
  line-height: 1.42857143;
}
.site {
  max-width: 785px;
  margin: 2.5em auto 2em;
  padding: 0 1.5em;
}
a {
  color: #428bca;
  text-decoration: none;
}
h1, h2, h3, h4, h5, h6 {
  font-family: inherit;
  font-weight: 500;
  line-height: 1.1;
  color: inherit;
}
h1, h2, h3 {
    margin-top: 20px;
    margin-bottom: 10px;
}
h2 {
  font-size: 30px;
}
h3 {
    font-size: 24px;
}
h4 {
  font-size: 18px;
  margin-top: 10px;
  margin-bottom: 10px;
}
.titlebox {
  text-align: center;
  font-size: 120%;
  margin-top: 3em;
}
.ok     { background-color: #11AA11; } /*Tests passing*/
.fail   { background-color: #DD3333; } /*Tests failed*/
.skip   { background-color: #3333DD; } /*Tests skipped*/
.kill   { background-color: #222222; } /*Tests interrupted*/
.statusbox {
  width: 12px;
  height: 12px;
  display: inline-block;
}
hr {
  margin-top: 10px;
  margin-bottom: 0px;
  border: 0;
  border-top: 1px solid #eee;
}
.pkglisting h2 { margin-bottom: 0px; }
pre {margin: 0;}
@media (min-width: 785px) {
  .pkglisting {
    display: table;
    width: 100%;
  }
  .pkgnamedesc {
    display: table-cell;
    width: 50%;
  }
  .pkgvertest {
    display: table-cell;
    width:50%;
    text-align: right
  }
}
/* collapsible sections */
.collapsible {
  font-family: Georgia, 'Liberation Serif', serif;
  font-size: 14px;
  background: none;
  border: none;
  margin: 0;
  padding: 0;
  cursor: pointer;
}
.content {
  display: none;
  overflow: hidden;
}
</style>
  </head>

  <body>
  <div class="site">
    <!-- HEADER -->
    <div class="titlebox">
        <svg version="1.1" id="Layer_1" xmlns="http://www.w3.org/2000/svg" xmlns:xlink="http://www.w3.org/1999/xlink" x="0px" y="0px" width="210px" height="142px" viewBox="0 0 310 216" enable-background="new 0 0 310 216" xml:space="preserve">

<!-- blue dot -->
<circle fill="#6b85dd" stroke="#4266d5" stroke-width="3" cx="50.5" cy="58.665" r="16.5"></circle>
<!-- red dot -->
<circle fill="#d66661" stroke="#c93d39" stroke-width="3" cx="212.459" cy="60.249" r="16.5"></circle>
<!-- green dot -->
<circle fill="#6bab5b" stroke="#3b972e" stroke-width="3" cx="233.834" cy="23.874" r="16.5"></circle>
<!-- purple dot -->
<circle fill="#aa7dc0" stroke="#945bb0" stroke-width="3" cx="255.459" cy="59.999" r="16.5"></circle>

<!-- "j" -->
<path fill="#252525" d="M37.216,138.427c0-15.839,0.006-31.679-0.018-47.517c-0.001-0.827,0.169-1.234,1.043-1.47
    c7.876-2.127,15.739-4.308,23.606-6.47c1.33-0.366,1.333-0.36,1.333,1.019c0,25.758,0.015,51.517-0.012,77.274
    c-0.006,5.514,0.245,11.032-0.272,16.543c-0.628,6.69-2.15,13.092-6.438,18.506c-3.781,4.771-8.898,7.25-14.767,8.338
    c-6.599,1.222-13.251,1.552-19.934,0.938c-4.616-0.423-9.045-1.486-12.844-4.363c-2.863-2.168-4.454-4.935-3.745-8.603
    c0.736-3.806,3.348-5.978,6.861-7.127c2.262-0.74,4.628-0.872,6.994-0.53c1.823,0.264,3.42,1.023,4.779,2.288
    c1.38,1.284,2.641,2.674,3.778,4.177c0.872,1.15,1.793,2.256,2.991,3.086c2.055,1.426,4,0.965,5.213-1.216
    c0.819-1.473,0.997-3.106,1.173-4.731c0.255-2.348,0.255-4.707,0.256-7.062C37.218,167.145,37.216,152.786,37.216,138.427z"></path>

<!-- "u" -->
<path fill="#252525" d="M125.536,162.479c-2.908,2.385-5.783,4.312-8.88,5.904c-10.348,5.323-20.514,4.521-30.324-1.253
    c-6.71-3.95-11.012-9.849-12.52-17.606c-0.236-1.213-0.363-2.438-0.363-3.688c0.01-19.797,0.017-39.593-0.02-59.39
    c-0.002-1.102,0.285-1.357,1.363-1.351c7.798,0.049,15.597,0.044,23.396,0.003c0.95-0.005,1.177,0.25,1.175,1.183
    c-0.027,19.356-0.025,38.713-0.018,58.07c0.002,6.34,3.599,10.934,9.672,12.42c2.13,0.521,4.19,0.396,6.173-0.6
    c4.26-2.139,7.457-5.427,10.116-9.307c0.333-0.487,0.224-1,0.224-1.51c0.007-19.635,0.016-39.271-0.02-58.904
    c-0.002-1.083,0.255-1.369,1.353-1.361c7.838,0.052,15.677,0.045,23.515,0.004c0.916-0.005,1.103,0.244,1.102,1.124
    c-0.025,27.677-0.026,55.353,0.002,83.024c0.001,0.938-0.278,1.099-1.139,1.095c-7.918-0.028-15.837-0.028-23.756-0.001
    c-0.815,0.003-1.1-0.166-1.073-1.037C125.581,167.117,125.536,164.928,125.536,162.479z"></path>

<!-- "l" -->
<path fill="#252525" d="M187.423,107.08c0,20.637-0.011,41.273,0.026,61.91c0.003,1.119-0.309,1.361-1.381,1.355
    c-7.799-0.052-15.598-0.047-23.396-0.008c-0.898,0.008-1.117-0.222-1.115-1.115c0.021-39.074,0.021-78.147,0-117.226
    c0-0.811,0.189-1.169,1.006-1.392c7.871-2.149,15.73-4.327,23.584-6.545c1.045-0.295,1.308-0.17,1.306,0.985
    C187.412,65.727,187.423,86.403,187.423,107.08z"></path>

<!-- "i" -->
<path fill="#252525" d="M223.46,126.477c0,14.155-0.011,28.312,0.021,42.467c0.002,1.027-0.164,1.418-1.332,1.408
    c-7.838-0.061-15.676-0.047-23.516-0.01c-0.881,0.004-1.121-0.189-1.119-1.104c0.026-26.153,0.025-52.307,0-78.458
    c0-0.776,0.203-1.101,0.941-1.302c7.984-2.172,15.972-4.35,23.938-6.596c1.049-0.296,1.08,0.031,1.078,0.886
    C223.454,98.004,223.46,112.239,223.46,126.477z"></path>

<!-- "a" -->
<path fill="#252525" d="M277.695,163.6c-0.786,0.646-1.404,1.125-2,1.635c-4.375,3.746-9.42,5.898-15.16,6.42
    c-5.792,0.527-11.479,0.244-16.934-2.047c-12.08-5.071-15.554-17.188-11.938-27.448c1.799-5.111,5.472-8.868,9.831-11.94
    c5.681-4.003,12.009-6.732,18.504-9.074c5.576-2.014,11.186-3.939,16.955-5.347c0.445-0.104,0.773-0.243,0.757-0.854
    c-0.136-4.389,0.261-8.79-0.479-13.165c-1.225-7.209-6.617-10.013-12.895-9.348c-0.516,0.055-1.029,0.129-1.536,0.241
    c-4.877,1.081-7.312,4.413-7.374,10.127c-0.02,1.729-0.229,3.418-0.693,5.084c-0.906,3.229-2.969,5.354-6.168,6.266
    c-3.422,0.979-6.893,0.998-10.23-0.305c-6.529-2.543-8.877-10.164-5.12-16.512c2.249-3.799,5.606-6.4,9.461-8.405
    c6.238-3.246,12.914-4.974,19.896-5.537c7.565-0.61,15.096-0.366,22.49,1.507c4.285,1.085,8.312,2.776,11.744,5.657
    c4.473,3.749,6.776,8.647,6.812,14.374c0.139,21.477,0.096,42.951,0.143,64.428c0.002,0.799-0.248,0.983-1.021,0.98
    c-8.035-0.025-16.074-0.023-24.113-0.001c-0.716,0.002-0.973-0.146-0.941-0.915C277.736,167.562,277.695,165.698,277.695,163.6z
     M277.695,126.393c-4.793,2.104-9.25,4.373-13.287,7.408c-2.151,1.618-4.033,3.483-5.732,5.581
    c-4.229,5.226-1.988,13.343,1.693,16.599c1.592,1.406,3.359,1.906,5.419,1.521c1.621-0.307,3.149-0.857,4.549-1.734
    c1.521-0.951,2.949-2.072,4.539-2.887c2.31-1.18,2.97-2.861,2.894-5.445C277.561,140.484,277.695,133.527,277.695,126.393z"></path>

</svg>

        <h1>
          <a name="MatrixDepot">MatrixDepot</a>
        </h1>

        <p>
          <a href="../index.html#MatrixDepot">← Back to package list</a>
        </p>

    </div>

    <p>
      If you think that there is an error in how your package is being tested or represented, please file an issue at <a href="https://github.com/JuliaComputing/NewPkgEval.jl">NewPkgEval.jl</a>, making sure to read the FAQ first.
    </p>


    <h3>Results with Julia v1.0.5</h3>

    <p>
      Testing was <strong>unsuccessful</strong>: package requires a missing binary dependency.
      Last evaluation was 1 day, 17 hours ago and took 30 seconds.
    </p>

    <p>
      Click <a href="/home/tim/Julia/pkg/NewPkgEval/site/build/logs/MatrixDepot/1.0.5.log">here</a> to download the log file.
      
    </p>

      <button class="collapsible">Click here to show the log contents.</button>
      <div class="content">
      <pre> Resolving package versions...
 Installed GZip ──────── v0.5.0
 Installed MatrixDepot ─ v0.8.0
  Updating `~&#x2F;.julia&#x2F;environments&#x2F;v1.0&#x2F;Project.toml`
  [b51810bb] + MatrixDepot v0.8.0
  Updating `~&#x2F;.julia&#x2F;environments&#x2F;v1.0&#x2F;Manifest.toml`
  [92fee26a] + GZip v0.5.0
  [b51810bb] + MatrixDepot v0.8.0
  [2a0f44e3] + Base64 
  [8ba89e20] + Distributed 
  [b77e0a4c] + InteractiveUtils 
  [8f399da3] + Libdl 
  [37e2e46d] + LinearAlgebra 
  [56ddb016] + Logging 
  [d6f4376e] + Markdown 
  [a63ad114] + Mmap 
  [9a3f8284] + Random 
  [9e88b42a] + Serialization 
  [6462fe0b] + Sockets 
  [2f01184e] + SparseArrays 
  [4607b0f0] + SuiteSparse 
  [8dfed614] + Test 
   Testing MatrixDepot
    Status `&#x2F;tmp&#x2F;tmpWDs3wE&#x2F;Manifest.toml`
  [92fee26a] GZip v0.5.0
  [b51810bb] MatrixDepot v0.8.0
  [2a0f44e3] Base64  [`@stdlib&#x2F;Base64`]
  [8ba89e20] Distributed  [`@stdlib&#x2F;Distributed`]
  [b77e0a4c] InteractiveUtils  [`@stdlib&#x2F;InteractiveUtils`]
  [8f399da3] Libdl  [`@stdlib&#x2F;Libdl`]
  [37e2e46d] LinearAlgebra  [`@stdlib&#x2F;LinearAlgebra`]
  [56ddb016] Logging  [`@stdlib&#x2F;Logging`]
  [d6f4376e] Markdown  [`@stdlib&#x2F;Markdown`]
  [a63ad114] Mmap  [`@stdlib&#x2F;Mmap`]
  [9a3f8284] Random  [`@stdlib&#x2F;Random`]
  [9e88b42a] Serialization  [`@stdlib&#x2F;Serialization`]
  [6462fe0b] Sockets  [`@stdlib&#x2F;Sockets`]
  [2f01184e] SparseArrays  [`@stdlib&#x2F;SparseArrays`]
  [4607b0f0] SuiteSparse  [`@stdlib&#x2F;SuiteSparse`]
  [8dfed614] Test  [`@stdlib&#x2F;Test`]
ERROR: LoadError: LoadError: error compiling top-level scope: could not load library &quot;libz&quot;
libz.so: cannot open shared object file: No such file or directory
Stacktrace:
 [1] include at .&#x2F;boot.jl:317 [inlined]
 [2] include_relative(::Module, ::String) at .&#x2F;loading.jl:1044
 [3] include at .&#x2F;sysimg.jl:29 [inlined]
 [4] include(::String) at &#x2F;root&#x2F;.julia&#x2F;packages&#x2F;GZip&#x2F;LD2ly&#x2F;src&#x2F;GZip.jl:2
 [5] top-level scope at none:0
 [6] include at .&#x2F;boot.jl:317 [inlined]
 [7] include_relative(::Module, ::String) at .&#x2F;loading.jl:1044
 [8] include(::Module, ::String) at .&#x2F;sysimg.jl:29
 [9] top-level scope at none:2
 [10] eval at .&#x2F;boot.jl:319 [inlined]
 [11] eval(::Expr) at .&#x2F;client.jl:393
 [12] top-level scope at .&#x2F;none:3
in expression starting at &#x2F;root&#x2F;.julia&#x2F;packages&#x2F;GZip&#x2F;LD2ly&#x2F;src&#x2F;zlib_h.jl:11
in expression starting at &#x2F;root&#x2F;.julia&#x2F;packages&#x2F;GZip&#x2F;LD2ly&#x2F;src&#x2F;GZip.jl:73
ERROR: LoadError: Failed to precompile GZip [92fee26a-97fe-5a0c-ad85-20a5f3185b63] to &#x2F;root&#x2F;.julia&#x2F;compiled&#x2F;v1.0&#x2F;GZip&#x2F;s2LKY.ji.
Stacktrace:
 [1] error(::String) at .&#x2F;error.jl:33
 [2] compilecache(::Base.PkgId, ::String) at .&#x2F;loading.jl:1203
 [3] _require(::Base.PkgId) at .&#x2F;loading.jl:960
 [4] require(::Base.PkgId) at .&#x2F;loading.jl:858
 [5] require(::Module, ::Symbol) at .&#x2F;loading.jl:853
 [6] include at .&#x2F;boot.jl:317 [inlined]
 [7] include_relative(::Module, ::String) at .&#x2F;loading.jl:1044
 [8] include(::Module, ::String) at .&#x2F;sysimg.jl:29
 [9] top-level scope at none:2
 [10] eval at .&#x2F;boot.jl:319 [inlined]
 [11] eval(::Expr) at .&#x2F;client.jl:393
 [12] top-level scope at .&#x2F;none:3
in expression starting at &#x2F;root&#x2F;.julia&#x2F;packages&#x2F;MatrixDepot&#x2F;E06jU&#x2F;src&#x2F;MatrixDepot.jl:69
ERROR: LoadError: Failed to precompile MatrixDepot [b51810bb-c9f3-55da-ae3c-350fc1fbce05] to &#x2F;root&#x2F;.julia&#x2F;compiled&#x2F;v1.0&#x2F;MatrixDepot&#x2F;90RGs.ji.
Stacktrace:
 [1] error(::String) at .&#x2F;error.jl:33
 [2] compilecache(::Base.PkgId, ::String) at .&#x2F;loading.jl:1203
 [3] _require(::Base.PkgId) at .&#x2F;loading.jl:960
 [4] require(::Base.PkgId) at .&#x2F;loading.jl:858
 [5] require(::Module, ::Symbol) at .&#x2F;loading.jl:853
 [6] include at .&#x2F;boot.jl:317 [inlined]
 [7] include_relative(::Module, ::String) at .&#x2F;loading.jl:1044
 [8] include(::Module, ::String) at .&#x2F;sysimg.jl:29
 [9] include(::String) at .&#x2F;client.jl:392
 [10] top-level scope at none:0
in expression starting at &#x2F;root&#x2F;.julia&#x2F;packages&#x2F;MatrixDepot&#x2F;E06jU&#x2F;test&#x2F;runtests.jl:4
ERROR: Package MatrixDepot errored during testing
Stacktrace:
 [1] pkgerror(::String, ::Vararg{String,N} where N) at &#x2F;buildworker&#x2F;worker&#x2F;package_linux64&#x2F;build&#x2F;usr&#x2F;share&#x2F;julia&#x2F;stdlib&#x2F;v1.0&#x2F;Pkg&#x2F;src&#x2F;Types.jl:120
 [2] #test#65(::Bool, ::Function, ::Pkg.Types.Context, ::Array{Pkg.Types.PackageSpec,1}) at &#x2F;buildworker&#x2F;worker&#x2F;package_linux64&#x2F;build&#x2F;usr&#x2F;share&#x2F;julia&#x2F;stdlib&#x2F;v1.0&#x2F;Pkg&#x2F;src&#x2F;Operations.jl:1357
 [3] #test at &#x2F;buildworker&#x2F;worker&#x2F;package_linux64&#x2F;build&#x2F;usr&#x2F;share&#x2F;julia&#x2F;stdlib&#x2F;v1.0&#x2F;Pkg&#x2F;src&#x2F;API.jl:0 [inlined]
 [4] #test#44(::Bool, ::Base.Iterators.Pairs{Union{},Union{},Tuple{},NamedTuple{(),Tuple{}}}, ::Function, ::Pkg.Types.Context, ::Array{Pkg.Types.PackageSpec,1}) at &#x2F;buildworker&#x2F;worker&#x2F;package_linux64&#x2F;build&#x2F;usr&#x2F;share&#x2F;julia&#x2F;stdlib&#x2F;v1.0&#x2F;Pkg&#x2F;src&#x2F;API.jl:278
 [5] test at &#x2F;buildworker&#x2F;worker&#x2F;package_linux64&#x2F;build&#x2F;usr&#x2F;share&#x2F;julia&#x2F;stdlib&#x2F;v1.0&#x2F;Pkg&#x2F;src&#x2F;API.jl:263 [inlined]
 [6] #test#43 at &#x2F;buildworker&#x2F;worker&#x2F;package_linux64&#x2F;build&#x2F;usr&#x2F;share&#x2F;julia&#x2F;stdlib&#x2F;v1.0&#x2F;Pkg&#x2F;src&#x2F;API.jl:260 [inlined]
 [7] test at &#x2F;buildworker&#x2F;worker&#x2F;package_linux64&#x2F;build&#x2F;usr&#x2F;share&#x2F;julia&#x2F;stdlib&#x2F;v1.0&#x2F;Pkg&#x2F;src&#x2F;API.jl:260 [inlined]
 [8] #test#42 at &#x2F;buildworker&#x2F;worker&#x2F;package_linux64&#x2F;build&#x2F;usr&#x2F;share&#x2F;julia&#x2F;stdlib&#x2F;v1.0&#x2F;Pkg&#x2F;src&#x2F;API.jl:259 [inlined]
 [9] test at &#x2F;buildworker&#x2F;worker&#x2F;package_linux64&#x2F;build&#x2F;usr&#x2F;share&#x2F;julia&#x2F;stdlib&#x2F;v1.0&#x2F;Pkg&#x2F;src&#x2F;API.jl:259 [inlined]
 [10] #test#41 at &#x2F;buildworker&#x2F;worker&#x2F;package_linux64&#x2F;build&#x2F;usr&#x2F;share&#x2F;julia&#x2F;stdlib&#x2F;v1.0&#x2F;Pkg&#x2F;src&#x2F;API.jl:258 [inlined]
 [11] test(::String) at &#x2F;buildworker&#x2F;worker&#x2F;package_linux64&#x2F;build&#x2F;usr&#x2F;share&#x2F;julia&#x2F;stdlib&#x2F;v1.0&#x2F;Pkg&#x2F;src&#x2F;API.jl:258
 [12] top-level scope at none:0
</pre>
      </div>

    <h3>Results with Julia v1.2.0</h3>

    <p>
      Testing was <strong>unsuccessful</strong>: package requires a missing binary dependency.
      Last evaluation was 1 day, 10 hours ago and took 24 seconds.
    </p>

    <p>
      Click <a href="/home/tim/Julia/pkg/NewPkgEval/site/build/logs/MatrixDepot/1.2.0.log">here</a> to download the log file.
      
    </p>

      <button class="collapsible">Click here to show the log contents.</button>
      <div class="content">
      <pre> Resolving package versions...
 Installed GZip ──────── v0.5.0
 Installed MatrixDepot ─ v0.8.0
  Updating `~&#x2F;.julia&#x2F;environments&#x2F;v1.2&#x2F;Project.toml`
  [b51810bb] + MatrixDepot v0.8.0
  Updating `~&#x2F;.julia&#x2F;environments&#x2F;v1.2&#x2F;Manifest.toml`
  [92fee26a] + GZip v0.5.0
  [b51810bb] + MatrixDepot v0.8.0
  [2a0f44e3] + Base64 
  [8ba89e20] + Distributed 
  [b77e0a4c] + InteractiveUtils 
  [8f399da3] + Libdl 
  [37e2e46d] + LinearAlgebra 
  [56ddb016] + Logging 
  [d6f4376e] + Markdown 
  [a63ad114] + Mmap 
  [9a3f8284] + Random 
  [9e88b42a] + Serialization 
  [6462fe0b] + Sockets 
  [2f01184e] + SparseArrays 
  [4607b0f0] + SuiteSparse 
  [8dfed614] + Test 
   Testing MatrixDepot
    Status `&#x2F;tmp&#x2F;jl_dyCS5r&#x2F;Manifest.toml`
  [92fee26a] GZip v0.5.0
  [b51810bb] MatrixDepot v0.8.0
  [2a0f44e3] Base64  [`@stdlib&#x2F;Base64`]
  [8ba89e20] Distributed  [`@stdlib&#x2F;Distributed`]
  [b77e0a4c] InteractiveUtils  [`@stdlib&#x2F;InteractiveUtils`]
  [8f399da3] Libdl  [`@stdlib&#x2F;Libdl`]
  [37e2e46d] LinearAlgebra  [`@stdlib&#x2F;LinearAlgebra`]
  [56ddb016] Logging  [`@stdlib&#x2F;Logging`]
  [d6f4376e] Markdown  [`@stdlib&#x2F;Markdown`]
  [a63ad114] Mmap  [`@stdlib&#x2F;Mmap`]
  [9a3f8284] Random  [`@stdlib&#x2F;Random`]
  [9e88b42a] Serialization  [`@stdlib&#x2F;Serialization`]
  [6462fe0b] Sockets  [`@stdlib&#x2F;Sockets`]
  [2f01184e] SparseArrays  [`@stdlib&#x2F;SparseArrays`]
  [4607b0f0] SuiteSparse  [`@stdlib&#x2F;SuiteSparse`]
  [8dfed614] Test  [`@stdlib&#x2F;Test`]
ERROR: LoadError: LoadError: error compiling top-level scope: could not load library &quot;libz&quot;
libz.so: cannot open shared object file: No such file or directory
Stacktrace:
 [1] include at .&#x2F;boot.jl:328 [inlined]
 [2] include_relative(::Module, ::String) at .&#x2F;loading.jl:1094
 [3] include at .&#x2F;Base.jl:31 [inlined]
 [4] include(::String) at &#x2F;root&#x2F;.julia&#x2F;packages&#x2F;GZip&#x2F;LD2ly&#x2F;src&#x2F;GZip.jl:2
 [5] top-level scope at &#x2F;root&#x2F;.julia&#x2F;packages&#x2F;GZip&#x2F;LD2ly&#x2F;src&#x2F;GZip.jl:73
 [6] include at .&#x2F;boot.jl:328 [inlined]
 [7] include_relative(::Module, ::String) at .&#x2F;loading.jl:1094
 [8] include(::Module, ::String) at .&#x2F;Base.jl:31
 [9] top-level scope at none:2
 [10] eval at .&#x2F;boot.jl:330 [inlined]
 [11] eval(::Expr) at .&#x2F;client.jl:432
 [12] top-level scope at .&#x2F;none:3
in expression starting at &#x2F;root&#x2F;.julia&#x2F;packages&#x2F;GZip&#x2F;LD2ly&#x2F;src&#x2F;zlib_h.jl:11
in expression starting at &#x2F;root&#x2F;.julia&#x2F;packages&#x2F;GZip&#x2F;LD2ly&#x2F;src&#x2F;GZip.jl:73
caused by [exception 1]
could not load library &quot;libz&quot;
libz.so: cannot open shared object file: No such file or directory
Stacktrace:
 [1] include at .&#x2F;boot.jl:328 [inlined]
 [2] include_relative(::Module, ::String) at .&#x2F;loading.jl:1094
 [3] include at .&#x2F;Base.jl:31 [inlined]
 [4] include(::String) at &#x2F;root&#x2F;.julia&#x2F;packages&#x2F;GZip&#x2F;LD2ly&#x2F;src&#x2F;GZip.jl:2
 [5] top-level scope at &#x2F;root&#x2F;.julia&#x2F;packages&#x2F;GZip&#x2F;LD2ly&#x2F;src&#x2F;GZip.jl:73
 [6] include at .&#x2F;boot.jl:328 [inlined]
 [7] include_relative(::Module, ::String) at .&#x2F;loading.jl:1094
 [8] include(::Module, ::String) at .&#x2F;Base.jl:31
 [9] top-level scope at none:2
 [10] eval at .&#x2F;boot.jl:330 [inlined]
 [11] eval(::Expr) at .&#x2F;client.jl:432
 [12] top-level scope at .&#x2F;none:3
ERROR: LoadError: Failed to precompile GZip [92fee26a-97fe-5a0c-ad85-20a5f3185b63] to &#x2F;root&#x2F;.julia&#x2F;compiled&#x2F;v1.2&#x2F;GZip&#x2F;s2LKY.ji.
Stacktrace:
 [1] error(::String) at .&#x2F;error.jl:33
 [2] compilecache(::Base.PkgId, ::String) at .&#x2F;loading.jl:1253
 [3] _require(::Base.PkgId) at .&#x2F;loading.jl:1013
 [4] require(::Base.PkgId) at .&#x2F;loading.jl:911
 [5] require(::Module, ::Symbol) at .&#x2F;loading.jl:906
 [6] include at .&#x2F;boot.jl:328 [inlined]
 [7] include_relative(::Module, ::String) at .&#x2F;loading.jl:1094
 [8] include(::Module, ::String) at .&#x2F;Base.jl:31
 [9] top-level scope at none:2
 [10] eval at .&#x2F;boot.jl:330 [inlined]
 [11] eval(::Expr) at .&#x2F;client.jl:432
 [12] top-level scope at .&#x2F;none:3
in expression starting at &#x2F;root&#x2F;.julia&#x2F;packages&#x2F;MatrixDepot&#x2F;E06jU&#x2F;src&#x2F;MatrixDepot.jl:69
ERROR: LoadError: Failed to precompile MatrixDepot [b51810bb-c9f3-55da-ae3c-350fc1fbce05] to &#x2F;root&#x2F;.julia&#x2F;compiled&#x2F;v1.2&#x2F;MatrixDepot&#x2F;90RGs.ji.
Stacktrace:
 [1] error(::String) at .&#x2F;error.jl:33
 [2] compilecache(::Base.PkgId, ::String) at .&#x2F;loading.jl:1253
 [3] _require(::Base.PkgId) at .&#x2F;loading.jl:1013
 [4] require(::Base.PkgId) at .&#x2F;loading.jl:911
 [5] require(::Module, ::Symbol) at .&#x2F;loading.jl:906
 [6] include at .&#x2F;boot.jl:328 [inlined]
 [7] include_relative(::Module, ::String) at .&#x2F;loading.jl:1094
 [8] include(::Module, ::String) at .&#x2F;Base.jl:31
 [9] include(::String) at .&#x2F;client.jl:431
 [10] top-level scope at none:5
in expression starting at &#x2F;root&#x2F;.julia&#x2F;packages&#x2F;MatrixDepot&#x2F;E06jU&#x2F;test&#x2F;runtests.jl:4
ERROR: Package MatrixDepot errored during testing
Stacktrace:
 [1] pkgerror(::String, ::Vararg{String,N} where N) at &#x2F;buildworker&#x2F;worker&#x2F;package_linux64&#x2F;build&#x2F;usr&#x2F;share&#x2F;julia&#x2F;stdlib&#x2F;v1.2&#x2F;Pkg&#x2F;src&#x2F;Types.jl:112
 [2] #test#119(::Bool, ::Nothing, ::typeof(Pkg.Operations.test), ::Pkg.Types.Context, ::Array{Pkg.Types.PackageSpec,1}) at &#x2F;buildworker&#x2F;worker&#x2F;package_linux64&#x2F;build&#x2F;usr&#x2F;share&#x2F;julia&#x2F;stdlib&#x2F;v1.2&#x2F;Pkg&#x2F;src&#x2F;Operations.jl:1288
 [3] #test at .&#x2F;none:0 [inlined]
 [4] #test#62(::Bool, ::Nothing, ::Base.Iterators.Pairs{Union{},Union{},Tuple{},NamedTuple{(),Tuple{}}}, ::typeof(Pkg.API.test), ::Pkg.Types.Context, ::Array{Pkg.Types.PackageSpec,1}) at &#x2F;buildworker&#x2F;worker&#x2F;package_linux64&#x2F;build&#x2F;usr&#x2F;share&#x2F;julia&#x2F;stdlib&#x2F;v1.2&#x2F;Pkg&#x2F;src&#x2F;API.jl:245
 [5] test at &#x2F;buildworker&#x2F;worker&#x2F;package_linux64&#x2F;build&#x2F;usr&#x2F;share&#x2F;julia&#x2F;stdlib&#x2F;v1.2&#x2F;Pkg&#x2F;src&#x2F;API.jl:233 [inlined]
 [6] #test#61 at &#x2F;buildworker&#x2F;worker&#x2F;package_linux64&#x2F;build&#x2F;usr&#x2F;share&#x2F;julia&#x2F;stdlib&#x2F;v1.2&#x2F;Pkg&#x2F;src&#x2F;API.jl:230 [inlined]
 [7] test at &#x2F;buildworker&#x2F;worker&#x2F;package_linux64&#x2F;build&#x2F;usr&#x2F;share&#x2F;julia&#x2F;stdlib&#x2F;v1.2&#x2F;Pkg&#x2F;src&#x2F;API.jl:230 [inlined]
 [8] #test#60 at &#x2F;buildworker&#x2F;worker&#x2F;package_linux64&#x2F;build&#x2F;usr&#x2F;share&#x2F;julia&#x2F;stdlib&#x2F;v1.2&#x2F;Pkg&#x2F;src&#x2F;API.jl:229 [inlined]
 [9] test at &#x2F;buildworker&#x2F;worker&#x2F;package_linux64&#x2F;build&#x2F;usr&#x2F;share&#x2F;julia&#x2F;stdlib&#x2F;v1.2&#x2F;Pkg&#x2F;src&#x2F;API.jl:229 [inlined]
 [10] #test#59(::Base.Iterators.Pairs{Union{},Union{},Tuple{},NamedTuple{(),Tuple{}}}, ::typeof(Pkg.API.test), ::String) at &#x2F;buildworker&#x2F;worker&#x2F;package_linux64&#x2F;build&#x2F;usr&#x2F;share&#x2F;julia&#x2F;stdlib&#x2F;v1.2&#x2F;Pkg&#x2F;src&#x2F;API.jl:228
 [11] test(::String) at &#x2F;buildworker&#x2F;worker&#x2F;package_linux64&#x2F;build&#x2F;usr&#x2F;share&#x2F;julia&#x2F;stdlib&#x2F;v1.2&#x2F;Pkg&#x2F;src&#x2F;API.jl:228
 [12] top-level scope at none:10
</pre>
      </div>

    <h3>Results with Julia v1.4.0-DEV-1ee8965da4</h3>

    <p>
      Testing was <strong>successful</strong>.
      Last evaluation was 1 day, 13 hours ago and took 4 minutes, 6 seconds.
    </p>

    <p>
      Click <a href="/home/tim/Julia/pkg/NewPkgEval/site/build/logs/MatrixDepot/1.4.0-DEV-1ee8965da4.log">here</a> to download the log file.
      
    </p>

      <button class="collapsible">Click here to show the log contents.</button>
      <div class="content">
      <pre> Resolving package versions...
 Installed GZip ──────── v0.5.0
 Installed MatrixDepot ─ v0.8.0
  Updating `~&#x2F;.julia&#x2F;environments&#x2F;v1.4&#x2F;Project.toml`
  [b51810bb] + MatrixDepot v0.8.0
  Updating `~&#x2F;.julia&#x2F;environments&#x2F;v1.4&#x2F;Manifest.toml`
  [92fee26a] + GZip v0.5.0
  [b51810bb] + MatrixDepot v0.8.0
  [2a0f44e3] + Base64 
  [8ba89e20] + Distributed 
  [b77e0a4c] + InteractiveUtils 
  [8f399da3] + Libdl 
  [37e2e46d] + LinearAlgebra 
  [56ddb016] + Logging 
  [d6f4376e] + Markdown 
  [a63ad114] + Mmap 
  [9a3f8284] + Random 
  [9e88b42a] + Serialization 
  [6462fe0b] + Sockets 
  [2f01184e] + SparseArrays 
  [4607b0f0] + SuiteSparse 
  [8dfed614] + Test 
   Testing MatrixDepot
Status `&#x2F;tmp&#x2F;jl_TQkKji&#x2F;Manifest.toml`
  [92fee26a] GZip v0.5.0
  [b51810bb] MatrixDepot v0.8.0
  [2a0f44e3] Base64  [`@stdlib&#x2F;Base64`]
  [8ba89e20] Distributed  [`@stdlib&#x2F;Distributed`]
  [b77e0a4c] InteractiveUtils  [`@stdlib&#x2F;InteractiveUtils`]
  [8f399da3] Libdl  [`@stdlib&#x2F;Libdl`]
  [37e2e46d] LinearAlgebra  [`@stdlib&#x2F;LinearAlgebra`]
  [56ddb016] Logging  [`@stdlib&#x2F;Logging`]
  [d6f4376e] Markdown  [`@stdlib&#x2F;Markdown`]
  [a63ad114] Mmap  [`@stdlib&#x2F;Mmap`]
  [9a3f8284] Random  [`@stdlib&#x2F;Random`]
  [9e88b42a] Serialization  [`@stdlib&#x2F;Serialization`]
  [6462fe0b] Sockets  [`@stdlib&#x2F;Sockets`]
  [2f01184e] SparseArrays  [`@stdlib&#x2F;SparseArrays`]
  [4607b0f0] SuiteSparse  [`@stdlib&#x2F;SuiteSparse`]
  [8dfed614] Test  [`@stdlib&#x2F;Test`]
created dir &#x2F;root&#x2F;.julia&#x2F;packages&#x2F;MatrixDepot&#x2F;E06jU&#x2F;myMatrixDepot
include group.jl for user defined matrix generators
verify download of index files...
used remote site is https:&#x2F;&#x2F;sparse.tamu.edu&#x2F;?per_page=All
populating internal database...
created dir &#x2F;root&#x2F;.julia&#x2F;packages&#x2F;MatrixDepot&#x2F;E06jU&#x2F;myMatrixDepot
include group.jl for user defined matrix generators
verify download of index files...
used remote site is https:&#x2F;&#x2F;sparse.tamu.edu&#x2F;?per_page=All
populating internal database...
&#39;magic&#39; passed test...
&#39;cauchy&#39; passed test...
&#39;circul&#39; passed test...
&#39;hadamard&#39; passed test...
&#39;hilb&#39; passed test...
&#39;dingdong&#39; passed test...
&#39;frank&#39; passed test...
&#39;invhilb&#39; passed test...
&#39;forsythe&#39; passed test...
&#39;grcar&#39; passed test...
&#39;triw&#39; passed test...
&#39;moler&#39; passed test...
&#39;pascal&#39; passed test...
&#39;kahan&#39; passed test...
&#39;pei&#39; passed test...
&#39;vand&#39; passed test...
&#39;invol&#39; passed test...
&#39;chebspec&#39; passed test...
&#39;lotkin&#39; passed test...
&#39;clement&#39; passed test...
&#39;fiedler&#39; passed test...
&#39;minij&#39; passed test...
&#39;binomial&#39; passed test...
&#39;tridiag&#39; passed test...
&#39;lehmer&#39; passed test...
&#39;parter&#39; passed test...
&#39;chow&#39; passed test...
&#39;randcorr&#39; passed test...
&#39;poisson&#39; passed test...
&#39;neumann&#39; passed test...
&#39;rosser&#39; passed test...
&#39;sampling&#39; passed test...
&#39;wilkinson&#39; passed test...
&#39;rando&#39; passed test...
&#39;randsvd&#39; passed test...
&#39;rohess&#39; passed test...
&#39;kms&#39; passed test...
&#39;wathen&#39; passed test...
&#39;oscillate&#39; passed test...
&#39;toeplitz&#39; passed test...
&#39;prolate&#39; passed test...
&#39;hankel&#39; passed test...
&#39;golub&#39; passed test...
&#39;companion&#39; passed test...
&#39;erdrey&#39; passed test...
&#39;gilbert&#39; passed test ...
&#39;erdrey&#39; passed test...
Test Summary:               | Pass  Total
MatrixDepot generator tests |  357    357
running &#x2F;root&#x2F;.julia&#x2F;packages&#x2F;MatrixDepot&#x2F;E06jU&#x2F;test&#x2F;regu.jl ...
finished &#x2F;root&#x2F;.julia&#x2F;packages&#x2F;MatrixDepot&#x2F;E06jU&#x2F;test&#x2F;regu.jl
running &#x2F;root&#x2F;.julia&#x2F;packages&#x2F;MatrixDepot&#x2F;E06jU&#x2F;test&#x2F;include_generator.jl ...
include group.jl for user defined matrix generators
verify download of index files...
used remote site is https:&#x2F;&#x2F;sparse.tamu.edu&#x2F;?per_page=All
populating internal database...
finished &#x2F;root&#x2F;.julia&#x2F;packages&#x2F;MatrixDepot&#x2F;E06jU&#x2F;test&#x2F;include_generator.jl
running &#x2F;root&#x2F;.julia&#x2F;packages&#x2F;MatrixDepot&#x2F;E06jU&#x2F;test&#x2F;download.jl ...
downloading head of https:&#x2F;&#x2F;sparse.tamu.edu&#x2F;MM&#x2F;HB&#x2F;1138_bus.tar.gz
downloading: https:&#x2F;&#x2F;sparse.tamu.edu&#x2F;MM&#x2F;HB&#x2F;1138_bus.tar.gz
1138_bus&#x2F;1138_bus.mtx
downloading: ftp:&#x2F;&#x2F;math.nist.gov&#x2F;pub&#x2F;MatrixMarket2&#x2F;Harwell-Boeing&#x2F;psadmit&#x2F;1138_bus.mtx.gz
downloading: https:&#x2F;&#x2F;sparse.tamu.edu&#x2F;MM&#x2F;Pajek&#x2F;Journals.tar.gz
Journals&#x2F;Journals.mtx
Journals&#x2F;Journals_nodename.txt
Journals&#x2F;Journals_partition.mtx
downloading: ftp:&#x2F;&#x2F;math.nist.gov&#x2F;pub&#x2F;MatrixMarket2&#x2F;Harwell-Boeing&#x2F;smtape&#x2F;bp___200.mtx.gz
downloading head of ftp:&#x2F;&#x2F;math.nist.gov&#x2F;pub&#x2F;MatrixMarket2&#x2F;Harwell-Boeing&#x2F;psadmit&#x2F;662_bus.mtx.gz
downloading head of https:&#x2F;&#x2F;sparse.tamu.edu&#x2F;MM&#x2F;Bates&#x2F;Chem97Zt.tar.gz
downloading: https:&#x2F;&#x2F;sparse.tamu.edu&#x2F;MM&#x2F;Bates&#x2F;Chem97Zt.tar.gz
Chem97Zt&#x2F;Chem97Zt.mtx
downloading: https:&#x2F;&#x2F;sparse.tamu.edu&#x2F;MM&#x2F;Bates&#x2F;Chem97ZtZ.tar.gz
Chem97ZtZ&#x2F;Chem97ZtZ.mtx
downloading: https:&#x2F;&#x2F;sparse.tamu.edu&#x2F;MM&#x2F;Averous&#x2F;epb0.tar.gz
epb0&#x2F;epb0.mtx
downloading: ftp:&#x2F;&#x2F;math.nist.gov&#x2F;pub&#x2F;MatrixMarket2&#x2F;Harwell-Boeing&#x2F;lanpro&#x2F;nos5.mtx.gz
downloading: https:&#x2F;&#x2F;sparse.tamu.edu&#x2F;MM&#x2F;Bai&#x2F;dwg961b.tar.gz
dwg961b&#x2F;dwg961b.mtx
downloading: https:&#x2F;&#x2F;sparse.tamu.edu&#x2F;MM&#x2F;DRIVCAV&#x2F;cavity14.tar.gz
cavity14&#x2F;cavity14.mtx
cavity14&#x2F;cavity14_b.mtx
cavity14&#x2F;cavity14_x.mtx
downloading: https:&#x2F;&#x2F;sparse.tamu.edu&#x2F;MM&#x2F;AG-Monien&#x2F;bfly.tar.gz
bfly&#x2F;bfly.mtx
bfly&#x2F;bfly_G_01.mtx
bfly&#x2F;bfly_G_02.mtx
bfly&#x2F;bfly_G_03.mtx
bfly&#x2F;bfly_G_04.mtx
bfly&#x2F;bfly_G_05.mtx
bfly&#x2F;bfly_G_06.mtx
bfly&#x2F;bfly_G_07.mtx
bfly&#x2F;bfly_G_08.mtx
bfly&#x2F;bfly_G_09.mtx
bfly&#x2F;bfly_G_10.mtx
bfly&#x2F;bfly_Gcoord_01.mtx
bfly&#x2F;bfly_Gcoord_02.mtx
bfly&#x2F;bfly_Gcoord_03.mtx
bfly&#x2F;bfly_Gcoord_04.mtx
bfly&#x2F;bfly_Gcoord_05.mtx
bfly&#x2F;bfly_Gcoord_06.mtx
bfly&#x2F;bfly_Gcoord_07.mtx
bfly&#x2F;bfly_Gcoord_08.mtx
bfly&#x2F;bfly_Gcoord_09.mtx
bfly&#x2F;bfly_Gcoord_10.mtx
bfly&#x2F;bfly_Gname_01.txt
bfly&#x2F;bfly_Gname_02.txt
bfly&#x2F;bfly_Gname_03.txt
bfly&#x2F;bfly_Gname_04.txt
bfly&#x2F;bfly_Gname_05.txt
bfly&#x2F;bfly_Gname_06.txt
bfly&#x2F;bfly_Gname_07.txt
bfly&#x2F;bfly_Gname_08.txt
bfly&#x2F;bfly_Gname_09.txt
bfly&#x2F;bfly_Gname_10.txt
bfly&#x2F;bfly_coord.mtx
finished &#x2F;root&#x2F;.julia&#x2F;packages&#x2F;MatrixDepot&#x2F;E06jU&#x2F;test&#x2F;download.jl
running &#x2F;root&#x2F;.julia&#x2F;packages&#x2F;MatrixDepot&#x2F;E06jU&#x2F;test&#x2F;common.jl ...
include group.jl for user defined matrix generators
┌ Warning: Replacing docs for `MatrixDepot.randsym :: Union{Tuple{T}, Tuple{Type{T},Any}} where T` in module `MatrixDepot`
└ @ Base.Docs docs&#x2F;Docs.jl:223
verify download of index files...
used remote site is https:&#x2F;&#x2F;sparse.tamu.edu&#x2F;?per_page=All
populating internal database...
downloading: https:&#x2F;&#x2F;sparse.tamu.edu&#x2F;MM&#x2F;HB&#x2F;well1033.tar.gz
well1033&#x2F;well1033.mtx
well1033&#x2F;well1033_b.mtx
finished &#x2F;root&#x2F;.julia&#x2F;packages&#x2F;MatrixDepot&#x2F;E06jU&#x2F;test&#x2F;common.jl
running &#x2F;root&#x2F;.julia&#x2F;packages&#x2F;MatrixDepot&#x2F;E06jU&#x2F;test&#x2F;number.jl ...
finished &#x2F;root&#x2F;.julia&#x2F;packages&#x2F;MatrixDepot&#x2F;E06jU&#x2F;test&#x2F;number.jl
running &#x2F;root&#x2F;.julia&#x2F;packages&#x2F;MatrixDepot&#x2F;E06jU&#x2F;test&#x2F;property.jl ...
finished &#x2F;root&#x2F;.julia&#x2F;packages&#x2F;MatrixDepot&#x2F;E06jU&#x2F;test&#x2F;property.jl
mv &#x2F;root&#x2F;.julia&#x2F;packages&#x2F;MatrixDepot&#x2F;E06jU&#x2F;data &#x2F;root&#x2F;.julia&#x2F;packages&#x2F;MatrixDepot&#x2F;E06jU&#x2F;data.tmp
include group.jl for user defined matrix generators
┌ Warning: Replacing docs for `MatrixDepot.randsym :: Union{Tuple{T}, Tuple{Type{T},Any}} where T` in module `MatrixDepot`
└ @ Base.Docs docs&#x2F;Docs.jl:223
verify download of index files...
dowloading index file https:&#x2F;&#x2F;www.cise.ufl.edu&#x2F;research&#x2F;sparse&#x2F;matrices&#x2F;list_by_id.html
dowloading index file http:&#x2F;&#x2F;math.nist.gov&#x2F;MatrixMarket&#x2F;matrices.html
used remote site is https:&#x2F;&#x2F;www.cise.ufl.edu&#x2F;research&#x2F;sparse&#x2F;matrices&#x2F;list_by_id.html
populating internal database...
downloading: https:&#x2F;&#x2F;www.cise.ufl.edu&#x2F;research&#x2F;sparse&#x2F;MM&#x2F;HB&#x2F;1138_bus.tar.gz
1138_bus&#x2F;1138_bus.mtx
Test Summary:                   | Pass  Total
MatrixDepot remote matrix tests |  240    240
Success in all tests.
   Testing MatrixDepot tests passed 
</pre>
      </div>


  </div>
  </body>

  <script type="text/javascript">// handle collapsibles
var coll = document.getElementsByClassName("collapsible");
for (var i = 0; i < coll.length; i++) {
    coll[i].textContent = "▸ " + coll[i].textContent
    coll[i].addEventListener("click", function() {
        this.classList.toggle("active");
        var content = this.nextElementSibling;
        if (content.style.display === "block") {
            this.textContent = "▸" + this.textContent.substr(1)
            content.style.display = "none";
        } else {
            this.textContent = "▾" + this.textContent.substr(1)
            content.style.display = "block";
        }
    });
}
</script>
</html>

