 Resolving package versions...
 Installed RecipesBase ────────── v0.7.0
 Installed VersionParsing ─────── v1.1.3
 Installed DiffResults ────────── v0.0.4
 Installed AbstractFFTs ───────── v0.4.1
 Installed BinDeps ────────────── v0.8.10
 Installed DSP ────────────────── v0.6.0
 Installed FastTransforms ─────── v0.7.0
 Installed GeometricIntegrators ─ v0.1.2
 Installed SortingAlgorithms ──── v0.3.1
 Installed Reexport ───────────── v0.2.0
 Installed ForwardDiff ────────── v0.10.6
 Installed DataAPI ────────────── v1.1.0
 Installed Parameters ─────────── v0.12.0
 Installed Missings ───────────── v0.4.3
 Installed JSON ───────────────── v0.21.0
 Installed OffsetArrays ───────── v0.11.1
 Installed CMake ──────────────── v1.1.2
 Installed DiffRules ──────────── v0.1.0
 Installed Blosc ──────────────── v0.5.1
 Installed Documenter ─────────── v0.24.0
 Installed DataStructures ─────── v0.17.6
 Installed ToeplitzMatrices ───── v0.6.0
 Installed Polynomials ────────── v0.6.0
 Installed Parsers ────────────── v0.3.10
 Installed ProgressMeter ──────── v0.9.0
 Installed CMakeWrapper ───────── v0.2.3
 Installed URIParser ──────────── v0.4.0
 Installed FastGaussQuadrature ── v0.4.0
 Installed CommonSubexpressions ─ v0.2.0
 Installed StaticArrays ───────── v0.12.1
 Installed DocStringExtensions ── v0.8.1
 Installed NaNMath ────────────── v0.3.3
 Installed DecFP ──────────────── v0.4.9
 Installed StatsBase ──────────── v0.32.0
 Installed Conda ──────────────── v1.3.0
 Installed OrderedCollections ─── v1.1.0
 Installed FFTW ───────────────── v1.0.1
 Installed BinaryProvider ─────── v0.5.8
 Installed HDF5 ───────────────── v0.12.5
 Installed SpecialFunctions ───── v0.8.0
 Installed Compat ─────────────── v2.2.0
  Updating `~/.julia/environments/v1.4/Project.toml`
  [dcce2d33] + GeometricIntegrators v0.1.2
  Updating `~/.julia/environments/v1.4/Manifest.toml`
  [621f4979] + AbstractFFTs v0.4.1
  [9e28174c] + BinDeps v0.8.10
  [b99e7846] + BinaryProvider v0.5.8
  [a74b3585] + Blosc v0.5.1
  [631607c0] + CMake v1.1.2
  [d5fb7624] + CMakeWrapper v0.2.3
  [bbf7d656] + CommonSubexpressions v0.2.0
  [34da2185] + Compat v2.2.0
  [8f4d0f93] + Conda v1.3.0
  [717857b8] + DSP v0.6.0
  [9a962f9c] + DataAPI v1.1.0
  [864edb3b] + DataStructures v0.17.6
  [55939f99] + DecFP v0.4.9
  [163ba53b] + DiffResults v0.0.4
  [b552c78f] + DiffRules v0.1.0
  [ffbed154] + DocStringExtensions v0.8.1
  [e30172f5] + Documenter v0.24.0
  [7a1cc6ca] + FFTW v1.0.1
  [442a2c76] + FastGaussQuadrature v0.4.0
  [057dd010] + FastTransforms v0.7.0
  [f6369f11] + ForwardDiff v0.10.6
  [dcce2d33] + GeometricIntegrators v0.1.2
  [f67ccb44] + HDF5 v0.12.5
  [682c06a0] + JSON v0.21.0
  [e1d29d7a] + Missings v0.4.3
  [77ba4419] + NaNMath v0.3.3
  [6fe1bfb0] + OffsetArrays v0.11.1
  [bac558e1] + OrderedCollections v1.1.0
  [d96e819e] + Parameters v0.12.0
  [69de0a69] + Parsers v0.3.10
  [f27b6e38] + Polynomials v0.6.0
  [92933f4c] + ProgressMeter v0.9.0
  [3cdcf5f2] + RecipesBase v0.7.0
  [189a3867] + Reexport v0.2.0
  [a2af1166] + SortingAlgorithms v0.3.1
  [276daf66] + SpecialFunctions v0.8.0
  [90137ffa] + StaticArrays v0.12.1
  [2913bbd2] + StatsBase v0.32.0
  [c751599d] + ToeplitzMatrices v0.6.0
  [30578b45] + URIParser v0.4.0
  [81def892] + VersionParsing v1.1.3
  [2a0f44e3] + Base64 
  [ade2ca70] + Dates 
  [8bb1440f] + DelimitedFiles 
  [8ba89e20] + Distributed 
  [b77e0a4c] + InteractiveUtils 
  [76f85450] + LibGit2 
  [8f399da3] + Libdl 
  [37e2e46d] + LinearAlgebra 
  [56ddb016] + Logging 
  [d6f4376e] + Markdown 
  [a63ad114] + Mmap 
  [44cfe95a] + Pkg 
  [de0858da] + Printf 
  [3fa0cd96] + REPL 
  [9a3f8284] + Random 
  [ea8e919c] + SHA 
  [9e88b42a] + Serialization 
  [1a1011a3] + SharedArrays 
  [6462fe0b] + Sockets 
  [2f01184e] + SparseArrays 
  [10745b16] + Statistics 
  [8dfed614] + Test 
  [cf7118a7] + UUIDs 
  [4ec0a83e] + Unicode 
  Building SpecialFunctions → `~/.julia/packages/SpecialFunctions/ne2iw/deps/build.log`
  Building Conda ───────────→ `~/.julia/packages/Conda/kLXeC/deps/build.log`
  Building FFTW ────────────→ `~/.julia/packages/FFTW/MJ7kl/deps/build.log`
  Building FastTransforms ──→ `~/.julia/packages/FastTransforms/M6SJL/deps/build.log`
┌ Error: Error building `FastTransforms`: 
│ + '[' -d FastTransforms ']'
│ + git clone -b v0.2.9 https://github.com/MikaelSlevinsky/FastTransforms.git FastTransforms
│ Cloning into 'FastTransforms'...
│ Note: checking out '20834eb11fa267a6739edda79f3efc39bfacbb2c'.
│ 
│ You are in 'detached HEAD' state. You can look around, make experimental
│ changes and commit them, and you can discard any commits you make in this
│ state without impacting any branches by performing another checkout.
│ 
│ If you want to create a new branch to retain commits you create, you may
│ do so (now or later) by using -b with the checkout command again. Example:
│ 
│   git checkout -b <new-branch-name>
│ 
│ + cd FastTransforms
│ + make lib CC=gcc
│ gcc -std=gnu99 -Ofast -march=native -mtune=native -mno-vzeroupper -I./src -shared -lm -fPIC src/transforms.c src/rotations.c src/permute.c src/tdc.c src/drivers.c src/fftw.c  -lm -lquadmath -fopenmp -lfftw3 -lfftw3_threads -lmpfr -lgmp -lblas -o libfasttransforms.so
│ In file included from src/transforms.c:3:0:
│ src/fasttransforms.h:8:10: fatal error: cblas.h: No such file or directory
│  #include <cblas.h>
│           ^~~~~~~~~
│ compilation terminated.
│ In file included from src/rotations.c:3:0:
│ src/fasttransforms.h:8:10: fatal error: cblas.h: No such file or directory
│  #include <cblas.h>
│           ^~~~~~~~~
│ compilation terminated.
│ In file included from src/tdc.c:1:0:
│ src/fasttransforms.h:8:10: fatal error: cblas.h: No such file or directory
│  #include <cblas.h>
│           ^~~~~~~~~
│ compilation terminated.
│ In file included from src/drivers.c:3:0:
│ src/fasttransforms.h:8:10: fatal error: cblas.h: No such file or directory
│  #include <cblas.h>
│           ^~~~~~~~~
│ compilation terminated.
│ In file included from src/fftw.c:3:0:
│ src/fasttransforms.h:8:10: fatal error: cblas.h: No such file or directory
│  #include <cblas.h>
│           ^~~~~~~~~
│ compilation terminated.
│ Makefile:13: recipe for target 'lib' failed
│ make: *** [lib] Error 1
│ ERROR: LoadError: FastTransforms could not be properly installed.
│  Please check that you have all dependencies installed. Sample installation of dependencies:
│ On Linux
│ 	sudo apt-get install gcc-8 libblas-dev libopenblas-base libfftw3-dev libmpfr-dev
│ 
│ Stacktrace:
│  [1] error(::String) at ./error.jl:33
│  [2] print_error() at /root/.julia/packages/FastTransforms/M6SJL/deps/build.jl:12
│  [3] top-level scope at /root/.julia/packages/FastTransforms/M6SJL/deps/build.jl:51
│  [4] include(::String) at ./client.jl:439
│  [5] top-level scope at none:5
│ in expression starting at /root/.julia/packages/FastTransforms/M6SJL/deps/build.jl:28
│ caused by [exception 1]
│ failed process: Process(`bash -c '    set -e
│     set -x
│     if [ -d "FastTransforms" ]; then
│         cd FastTransforms
│         git fetch
│         git checkout v0.2.9
│         cd ..
│     else
│         git clone -b v0.2.9 https://github.com/MikaelSlevinsky/FastTransforms.git FastTransforms
│     fi
│     cd FastTransforms
│     make lib CC=gcc 
│     cd ..
│     mv -f FastTransforms/libfasttransforms.so libfasttransforms.so
│ '`, ProcessExited(2)) [2]
│ 
│ Stacktrace:
│  [1] pipeline_error at ./process.jl:525 [inlined]
│  [2] run(::Cmd; wait::Bool) at ./process.jl:440
│  [3] run(::Cmd) at ./process.jl:438
│  [4] top-level scope at /root/.julia/packages/FastTransforms/M6SJL/deps/build.jl:49
│  [5] include(::String) at ./client.jl:439
│  [6] top-level scope at none:5
└ @ Pkg.Operations /buildworker/worker/package_linux64/build/usr/share/julia/stdlib/v1.4/Pkg/src/backwards_compatible_isolation.jl:601
  Building CMake ───────────→ `~/.julia/packages/CMake/nSK2r/deps/build.log`
  Building Blosc ───────────→ `~/.julia/packages/Blosc/lzFr0/deps/build.log`
  Building DecFP ───────────→ `~/.julia/packages/DecFP/U0m7y/deps/build.log`
  Building HDF5 ────────────→ `~/.julia/packages/HDF5/Zh9on/deps/build.log`
   Testing GeometricIntegrators
Status `/tmp/jl_Rfr7Z4/Manifest.toml`
  [621f4979] AbstractFFTs v0.4.1
  [9e28174c] BinDeps v0.8.10
  [b99e7846] BinaryProvider v0.5.8
  [a74b3585] Blosc v0.5.1
  [631607c0] CMake v1.1.2
  [d5fb7624] CMakeWrapper v0.2.3
  [bbf7d656] CommonSubexpressions v0.2.0
  [34da2185] Compat v2.2.0
  [8f4d0f93] Conda v1.3.0
  [717857b8] DSP v0.6.0
  [9a962f9c] DataAPI v1.1.0
  [864edb3b] DataStructures v0.17.6
  [55939f99] DecFP v0.4.9
  [163ba53b] DiffResults v0.0.4
  [b552c78f] DiffRules v0.1.0
  [ffbed154] DocStringExtensions v0.8.1
  [e30172f5] Documenter v0.24.0
  [7a1cc6ca] FFTW v1.0.1
  [442a2c76] FastGaussQuadrature v0.4.0
  [057dd010] FastTransforms v0.7.0
  [f6369f11] ForwardDiff v0.10.6
  [dcce2d33] GeometricIntegrators v0.1.2
  [f67ccb44] HDF5 v0.12.5
  [682c06a0] JSON v0.21.0
  [e1d29d7a] Missings v0.4.3
  [77ba4419] NaNMath v0.3.3
  [6fe1bfb0] OffsetArrays v0.11.1
  [bac558e1] OrderedCollections v1.1.0
  [d96e819e] Parameters v0.12.0
  [69de0a69] Parsers v0.3.10
  [f27b6e38] Polynomials v0.6.0
  [92933f4c] ProgressMeter v0.9.0
  [3cdcf5f2] RecipesBase v0.7.0
  [189a3867] Reexport v0.2.0
  [a2af1166] SortingAlgorithms v0.3.1
  [276daf66] SpecialFunctions v0.8.0
  [90137ffa] StaticArrays v0.12.1
  [2913bbd2] StatsBase v0.32.0
  [c751599d] ToeplitzMatrices v0.6.0
  [30578b45] URIParser v0.4.0
  [81def892] VersionParsing v1.1.3
  [2a0f44e3] Base64  [`@stdlib/Base64`]
  [ade2ca70] Dates  [`@stdlib/Dates`]
  [8bb1440f] DelimitedFiles  [`@stdlib/DelimitedFiles`]
  [8ba89e20] Distributed  [`@stdlib/Distributed`]
  [b77e0a4c] InteractiveUtils  [`@stdlib/InteractiveUtils`]
  [76f85450] LibGit2  [`@stdlib/LibGit2`]
  [8f399da3] Libdl  [`@stdlib/Libdl`]
  [37e2e46d] LinearAlgebra  [`@stdlib/LinearAlgebra`]
  [56ddb016] Logging  [`@stdlib/Logging`]
  [d6f4376e] Markdown  [`@stdlib/Markdown`]
  [a63ad114] Mmap  [`@stdlib/Mmap`]
  [44cfe95a] Pkg  [`@stdlib/Pkg`]
  [de0858da] Printf  [`@stdlib/Printf`]
  [3fa0cd96] REPL  [`@stdlib/REPL`]
  [9a3f8284] Random  [`@stdlib/Random`]
  [ea8e919c] SHA  [`@stdlib/SHA`]
  [9e88b42a] Serialization  [`@stdlib/Serialization`]
  [1a1011a3] SharedArrays  [`@stdlib/SharedArrays`]
  [6462fe0b] Sockets  [`@stdlib/Sockets`]
  [2f01184e] SparseArrays  [`@stdlib/SparseArrays`]
  [10745b16] Statistics  [`@stdlib/Statistics`]
  [8dfed614] Test  [`@stdlib/Test`]
  [cf7118a7] UUIDs  [`@stdlib/UUIDs`]
  [4ec0a83e] Unicode  [`@stdlib/Unicode`]
ERROR: LoadError: LoadError: FastTransforms is not properly installed. Please run Pkg.build("FastTransforms") and restart Julia.
Stacktrace:
 [1] error(::String, ::String) at ./error.jl:42
 [2] top-level scope at /root/.julia/packages/FastTransforms/M6SJL/src/libfasttransforms.jl:4
 [3] include(::Module, ::String) at ./Base.jl:377
 [4] include(::String) at /root/.julia/packages/FastTransforms/M6SJL/src/FastTransforms.jl:1
 [5] top-level scope at /root/.julia/packages/FastTransforms/M6SJL/src/FastTransforms.jl:46
 [6] include(::Module, ::String) at ./Base.jl:377
 [7] top-level scope at none:2
 [8] eval at ./boot.jl:331 [inlined]
 [9] eval(::Expr) at ./client.jl:449
 [10] top-level scope at ./none:3
in expression starting at /root/.julia/packages/FastTransforms/M6SJL/src/libfasttransforms.jl:3
in expression starting at /root/.julia/packages/FastTransforms/M6SJL/src/FastTransforms.jl:46
ERROR: LoadError: LoadError: LoadError: Failed to precompile FastTransforms [057dd010-8810-581a-b7be-e3fc3b93f78c] to /root/.julia/compiled/v1.4/FastTransforms/5Lm8s_f4Z0B.ji.
Stacktrace:
 [1] error(::String) at ./error.jl:33
 [2] compilecache(::Base.PkgId, ::String) at ./loading.jl:1263
 [3] _require(::Base.PkgId) at ./loading.jl:1022
 [4] require(::Base.PkgId) at ./loading.jl:920
 [5] require(::Module, ::Symbol) at ./loading.jl:915
 [6] include(::Module, ::String) at ./Base.jl:377
 [7] include(::String) at /root/.julia/packages/GeometricIntegrators/8CRGR/src/Quadratures.jl:3
 [8] top-level scope at /root/.julia/packages/GeometricIntegrators/8CRGR/src/Quadratures.jl:14
 [9] include(::Module, ::String) at ./Base.jl:377
 [10] include(::String) at /root/.julia/packages/GeometricIntegrators/8CRGR/src/GeometricIntegrators.jl:3
 [11] top-level scope at /root/.julia/packages/GeometricIntegrators/8CRGR/src/GeometricIntegrators.jl:24
 [12] include(::Module, ::String) at ./Base.jl:377
 [13] top-level scope at none:2
 [14] eval at ./boot.jl:331 [inlined]
 [15] eval(::Expr) at ./client.jl:449
 [16] top-level scope at ./none:3
in expression starting at /root/.julia/packages/GeometricIntegrators/8CRGR/src/quadratures/quadrature.jl:3
in expression starting at /root/.julia/packages/GeometricIntegrators/8CRGR/src/Quadratures.jl:14
in expression starting at /root/.julia/packages/GeometricIntegrators/8CRGR/src/GeometricIntegrators.jl:24
ERROR: LoadError: Failed to precompile GeometricIntegrators [dcce2d33-59f6-5b8d-9047-0defad88ae06] to /root/.julia/compiled/v1.4/GeometricIntegrators/fhpp1_f4Z0B.ji.
Stacktrace:
 [1] error(::String) at ./error.jl:33
 [2] compilecache(::Base.PkgId, ::String) at ./loading.jl:1263
 [3] _require(::Base.PkgId) at ./loading.jl:1022
 [4] require(::Base.PkgId) at ./loading.jl:920
 [5] require(::Module, ::Symbol) at ./loading.jl:915
 [6] include(::String) at ./client.jl:439
 [7] top-level scope at none:6
in expression starting at /root/.julia/packages/GeometricIntegrators/8CRGR/test/runtests.jl:2
ERROR: Package GeometricIntegrators errored during testing
Stacktrace:
 [1] pkgerror(::String, ::Vararg{String,N} where N) at /buildworker/worker/package_linux64/build/usr/share/julia/stdlib/v1.4/Pkg/src/Types.jl:53
 [2] test(::Pkg.Types.Context, ::Array{Pkg.Types.PackageSpec,1}; coverage::Bool, test_fn::Nothing, julia_args::Cmd, test_args::Cmd) at /buildworker/worker/package_linux64/build/usr/share/julia/stdlib/v1.4/Pkg/src/Operations.jl:1379
 [3] test(::Pkg.Types.Context, ::Array{Pkg.Types.PackageSpec,1}; coverage::Bool, test_fn::Nothing, julia_args::Cmd, test_args::Cmd, kwargs::Base.Iterators.Pairs{Union{},Union{},Tuple{},NamedTuple{(),Tuple{}}}) at /buildworker/worker/package_linux64/build/usr/share/julia/stdlib/v1.4/Pkg/src/API.jl:287
 [4] test(::Pkg.Types.Context, ::Array{Pkg.Types.PackageSpec,1}) at /buildworker/worker/package_linux64/build/usr/share/julia/stdlib/v1.4/Pkg/src/API.jl:274
 [5] #test#56 at /buildworker/worker/package_linux64/build/usr/share/julia/stdlib/v1.4/Pkg/src/API.jl:268 [inlined]
 [6] test at /buildworker/worker/package_linux64/build/usr/share/julia/stdlib/v1.4/Pkg/src/API.jl:268 [inlined]
 [7] #test#55 at /buildworker/worker/package_linux64/build/usr/share/julia/stdlib/v1.4/Pkg/src/API.jl:267 [inlined]
 [8] test at /buildworker/worker/package_linux64/build/usr/share/julia/stdlib/v1.4/Pkg/src/API.jl:267 [inlined]
 [9] test(::String; kwargs::Base.Iterators.Pairs{Union{},Union{},Tuple{},NamedTuple{(),Tuple{}}}) at /buildworker/worker/package_linux64/build/usr/share/julia/stdlib/v1.4/Pkg/src/API.jl:266
 [10] test(::String) at /buildworker/worker/package_linux64/build/usr/share/julia/stdlib/v1.4/Pkg/src/API.jl:266
 [11] top-level scope at none:10
