 Resolving package versions...
 Installed VersionParsing â”€â”€â”€â”€â”€â”€ v1.1.3
 Installed RecipesBase â”€â”€â”€â”€â”€â”€â”€â”€â”€ v0.7.0
 Installed FastGaussQuadrature â”€ v0.4.0
 Installed Parsers â”€â”€â”€â”€â”€â”€â”€â”€â”€â”€â”€â”€â”€ v0.3.10
 Installed FFTW â”€â”€â”€â”€â”€â”€â”€â”€â”€â”€â”€â”€â”€â”€â”€â”€ v1.0.1
 Installed DataStructures â”€â”€â”€â”€â”€â”€ v0.17.6
 Installed BinaryProvider â”€â”€â”€â”€â”€â”€ v0.5.8
 Installed FastTransforms â”€â”€â”€â”€â”€â”€ v0.7.0
 Installed Reexport â”€â”€â”€â”€â”€â”€â”€â”€â”€â”€â”€â”€ v0.2.0
 Installed Conda â”€â”€â”€â”€â”€â”€â”€â”€â”€â”€â”€â”€â”€â”€â”€ v1.3.0
 Installed DataAPI â”€â”€â”€â”€â”€â”€â”€â”€â”€â”€â”€â”€â”€ v1.1.0
 Installed ToeplitzMatrices â”€â”€â”€â”€ v0.6.0
 Installed BinDeps â”€â”€â”€â”€â”€â”€â”€â”€â”€â”€â”€â”€â”€ v0.8.10
 Installed SpecialFunctions â”€â”€â”€â”€ v0.8.0
 Installed Polynomials â”€â”€â”€â”€â”€â”€â”€â”€â”€ v0.6.0
 Installed JSON â”€â”€â”€â”€â”€â”€â”€â”€â”€â”€â”€â”€â”€â”€â”€â”€ v0.21.0
 Installed URIParser â”€â”€â”€â”€â”€â”€â”€â”€â”€â”€â”€ v0.4.0
 Installed SortingAlgorithms â”€â”€â”€ v0.3.1
 Installed Missings â”€â”€â”€â”€â”€â”€â”€â”€â”€â”€â”€â”€ v0.4.3
 Installed StatsBase â”€â”€â”€â”€â”€â”€â”€â”€â”€â”€â”€ v0.32.0
 Installed OrderedCollections â”€â”€ v1.1.0
 Installed Compat â”€â”€â”€â”€â”€â”€â”€â”€â”€â”€â”€â”€â”€â”€ v2.2.0
 Installed DSP â”€â”€â”€â”€â”€â”€â”€â”€â”€â”€â”€â”€â”€â”€â”€â”€â”€ v0.6.0
   Cloning [621f4979-c628-5d54-868e-fcf4e3e8185c] AbstractFFTs from https://github.com/JuliaMath/AbstractFFTs.jl.git
[?25l    Fetching: [>                                        ]  0.0 %[2K[?25h[ Info: Installed AbstractFFTs â”€â”€â”€â”€â”€â”€â”€â”€ v0.4.1
  Updating `~/.julia/environments/v1.0/Project.toml`
  [057dd010] + FastTransforms v0.7.0
  Updating `~/.julia/environments/v1.0/Manifest.toml`
  [621f4979] + AbstractFFTs v0.4.1
  [9e28174c] + BinDeps v0.8.10
  [b99e7846] + BinaryProvider v0.5.8
  [34da2185] + Compat v2.2.0
  [8f4d0f93] + Conda v1.3.0
  [717857b8] + DSP v0.6.0
  [9a962f9c] + DataAPI v1.1.0
  [864edb3b] + DataStructures v0.17.6
  [7a1cc6ca] + FFTW v1.0.1
  [442a2c76] + FastGaussQuadrature v0.4.0
  [057dd010] + FastTransforms v0.7.0
  [682c06a0] + JSON v0.21.0
  [e1d29d7a] + Missings v0.4.3
  [bac558e1] + OrderedCollections v1.1.0
  [69de0a69] + Parsers v0.3.10
  [f27b6e38] + Polynomials v0.6.0
  [3cdcf5f2] + RecipesBase v0.7.0
  [189a3867] + Reexport v0.2.0
  [a2af1166] + SortingAlgorithms v0.3.1
  [276daf66] + SpecialFunctions v0.8.0
  [2913bbd2] + StatsBase v0.32.0
  [c751599d] + ToeplitzMatrices v0.6.0
  [30578b45] + URIParser v0.4.0
  [81def892] + VersionParsing v1.1.3
  [2a0f44e3] + Base64 
  [ade2ca70] + Dates 
  [8bb1440f] + DelimitedFiles 
  [8ba89e20] + Distributed 
  [b77e0a4c] + InteractiveUtils 
  [76f85450] + LibGit2 
  [8f399da3] + Libdl 
  [37e2e46d] + LinearAlgebra 
  [56ddb016] + Logging 
  [d6f4376e] + Markdown 
  [a63ad114] + Mmap 
  [44cfe95a] + Pkg 
  [de0858da] + Printf 
  [3fa0cd96] + REPL 
  [9a3f8284] + Random 
  [ea8e919c] + SHA 
  [9e88b42a] + Serialization 
  [1a1011a3] + SharedArrays 
  [6462fe0b] + Sockets 
  [2f01184e] + SparseArrays 
  [10745b16] + Statistics 
  [8dfed614] + Test 
  [cf7118a7] + UUIDs 
  [4ec0a83e] + Unicode 
  Building SpecialFunctions â†’ `~/.julia/packages/SpecialFunctions/ne2iw/deps/build.log`
  Building Conda â”€â”€â”€â”€â”€â”€â”€â”€â”€â”€â”€â†’ `~/.julia/packages/Conda/kLXeC/deps/build.log`
  Building FFTW â”€â”€â”€â”€â”€â”€â”€â”€â”€â”€â”€â”€â†’ `~/.julia/packages/FFTW/MJ7kl/deps/build.log`
  Building FastTransforms â”€â”€â†’ `~/.julia/packages/FastTransforms/M6SJL/deps/build.log`
â”Œ Error: Error building `FastTransforms`: 
â”‚ + '[' -d FastTransforms ']'
â”‚ + git clone -b v0.2.9 https://github.com/MikaelSlevinsky/FastTransforms.git FastTransforms
â”‚ Cloning into 'FastTransforms'...
â”‚ Note: checking out '20834eb11fa267a6739edda79f3efc39bfacbb2c'.
â”‚ 
â”‚ You are in 'detached HEAD' state. You can look around, make experimental
â”‚ changes and commit them, and you can discard any commits you make in this
â”‚ state without impacting any branches by performing another checkout.
â”‚ 
â”‚ If you want to create a new branch to retain commits you create, you may
â”‚ do so (now or later) by using -b with the checkout command again. Example:
â”‚ 
â”‚   git checkout -b <new-branch-name>
â”‚ 
â”‚ + cd FastTransforms
â”‚ + make lib CC=gcc
â”‚ gcc -std=gnu99 -Ofast -march=native -mtune=native -mno-vzeroupper -I./src -shared -lm -fPIC src/transforms.c src/rotations.c src/permute.c src/tdc.c src/drivers.c src/fftw.c  -lm -lquadmath -fopenmp -lfftw3 -lfftw3_threads -lmpfr -lgmp -lblas -o libfasttransforms.so
â”‚ In file included from src/transforms.c:3:0:
â”‚ src/fasttransforms.h:8:10: fatal error: cblas.h: No such file or directory
â”‚  #include <cblas.h>
â”‚           ^~~~~~~~~
â”‚ compilation terminated.
â”‚ In file included from src/rotations.c:3:0:
â”‚ src/fasttransforms.h:8:10: fatal error: cblas.h: No such file or directory
â”‚  #include <cblas.h>
â”‚           ^~~~~~~~~
â”‚ compilation terminated.
â”‚ In file included from src/tdc.c:1:0:
â”‚ src/fasttransforms.h:8:10: fatal error: cblas.h: No such file or directory
â”‚  #include <cblas.h>
â”‚           ^~~~~~~~~
â”‚ compilation terminated.
â”‚ In file included from src/drivers.c:3:0:
â”‚ src/fasttransforms.h:8:10: fatal error: cblas.h: No such file or directory
â”‚  #include <cblas.h>
â”‚           ^~~~~~~~~
â”‚ compilation terminated.
â”‚ In file included from src/fftw.c:3:0:
â”‚ src/fasttransforms.h:8:10: fatal error: cblas.h: No such file or directory
â”‚  #include <cblas.h>
â”‚           ^~~~~~~~~
â”‚ compilation terminated.
â”‚ Makefile:13: recipe for target 'lib' failed
â”‚ make: *** [lib] Error 1
â”‚ ERROR: LoadError: FastTransforms could not be properly installed.
â”‚  Please check that you have all dependencies installed. Sample installation of dependencies:
â”‚ On Linux
â”‚ 	sudo apt-get install gcc-8 libblas-dev libopenblas-base libfftw3-dev libmpfr-dev
â”‚ 
â”‚ Stacktrace:
â”‚  [1] error(::String) at ./error.jl:33
â”‚  [2] print_error() at /root/.julia/packages/FastTransforms/M6SJL/deps/build.jl:12
â”‚  [3] top-level scope at /root/.julia/packages/FastTransforms/M6SJL/deps/build.jl:51
â”‚  [4] include at ./boot.jl:317 [inlined]
â”‚  [5] include_relative(::Module, ::String) at ./loading.jl:1044
â”‚  [6] include(::Module, ::String) at ./sysimg.jl:29
â”‚  [7] include(::String) at ./client.jl:392
â”‚  [8] top-level scope at none:0
â”‚ in expression starting at /root/.julia/packages/FastTransforms/M6SJL/deps/build.jl:28
â”” @ Pkg.Operations /buildworker/worker/package_linux64/build/usr/share/julia/stdlib/v1.0/Pkg/src/Operations.jl:1096
   Testing FastTransforms
    Status `/tmp/tmpPL8lDn/Manifest.toml`
  [621f4979] AbstractFFTs v0.4.1
  [9e28174c] BinDeps v0.8.10
  [b99e7846] BinaryProvider v0.5.8
  [34da2185] Compat v2.2.0
  [8f4d0f93] Conda v1.3.0
  [717857b8] DSP v0.6.0
  [9a962f9c] DataAPI v1.1.0
  [864edb3b] DataStructures v0.17.6
  [7a1cc6ca] FFTW v1.0.1
  [442a2c76] FastGaussQuadrature v0.4.0
  [057dd010] FastTransforms v0.7.0
  [682c06a0] JSON v0.21.0
  [e1d29d7a] Missings v0.4.3
  [bac558e1] OrderedCollections v1.1.0
  [69de0a69] Parsers v0.3.10
  [f27b6e38] Polynomials v0.6.0
  [3cdcf5f2] RecipesBase v0.7.0
  [189a3867] Reexport v0.2.0
  [a2af1166] SortingAlgorithms v0.3.1
  [276daf66] SpecialFunctions v0.8.0
  [2913bbd2] StatsBase v0.32.0
  [c751599d] ToeplitzMatrices v0.6.0
  [30578b45] URIParser v0.4.0
  [81def892] VersionParsing v1.1.3
  [2a0f44e3] Base64  [`@stdlib/Base64`]
  [ade2ca70] Dates  [`@stdlib/Dates`]
  [8bb1440f] DelimitedFiles  [`@stdlib/DelimitedFiles`]
  [8ba89e20] Distributed  [`@stdlib/Distributed`]
  [b77e0a4c] InteractiveUtils  [`@stdlib/InteractiveUtils`]
  [76f85450] LibGit2  [`@stdlib/LibGit2`]
  [8f399da3] Libdl  [`@stdlib/Libdl`]
  [37e2e46d] LinearAlgebra  [`@stdlib/LinearAlgebra`]
  [56ddb016] Logging  [`@stdlib/Logging`]
  [d6f4376e] Markdown  [`@stdlib/Markdown`]
  [a63ad114] Mmap  [`@stdlib/Mmap`]
  [44cfe95a] Pkg  [`@stdlib/Pkg`]
  [de0858da] Printf  [`@stdlib/Printf`]
  [3fa0cd96] REPL  [`@stdlib/REPL`]
  [9a3f8284] Random  [`@stdlib/Random`]
  [ea8e919c] SHA  [`@stdlib/SHA`]
  [9e88b42a] Serialization  [`@stdlib/Serialization`]
  [1a1011a3] SharedArrays  [`@stdlib/SharedArrays`]
  [6462fe0b] Sockets  [`@stdlib/Sockets`]
  [2f01184e] SparseArrays  [`@stdlib/SparseArrays`]
  [10745b16] Statistics  [`@stdlib/Statistics`]
  [8dfed614] Test  [`@stdlib/Test`]
  [cf7118a7] UUIDs  [`@stdlib/UUIDs`]
  [4ec0a83e] Unicode  [`@stdlib/Unicode`]
WARNING: local variable T conflicts with a static parameter in mul! at /root/.julia/packages/ToeplitzMatrices/DgyQ3/src/ToeplitzMatrices.jl:94.
WARNING: local variable T conflicts with a static parameter in mul! at /root/.julia/packages/ToeplitzMatrices/DgyQ3/src/ToeplitzMatrices.jl:110.
ERROR: LoadError: LoadError: FastTransforms is not properly installed. Please run Pkg.build("FastTransforms") and restart Julia.
Stacktrace:
 [1] error(::String, ::String) at ./error.jl:42
 [2] top-level scope at /root/.julia/packages/FastTransforms/M6SJL/src/libfasttransforms.jl:4
 [3] include at ./boot.jl:317 [inlined]
 [4] include_relative(::Module, ::String) at ./loading.jl:1044
 [5] include at ./sysimg.jl:29 [inlined]
 [6] include(::String) at /root/.julia/packages/FastTransforms/M6SJL/src/FastTransforms.jl:1
 [7] top-level scope at none:0
 [8] include at ./boot.jl:317 [inlined]
 [9] include_relative(::Module, ::String) at ./loading.jl:1044
 [10] include(::Module, ::String) at ./sysimg.jl:29
 [11] top-level scope at none:2
 [12] eval at ./boot.jl:319 [inlined]
 [13] eval(::Expr) at ./client.jl:393
 [14] top-level scope at ./none:3
in expression starting at /root/.julia/packages/FastTransforms/M6SJL/src/libfasttransforms.jl:3
in expression starting at /root/.julia/packages/FastTransforms/M6SJL/src/FastTransforms.jl:46
ERROR: LoadError: Failed to precompile FastTransforms [057dd010-8810-581a-b7be-e3fc3b93f78c] to /root/.julia/compiled/v1.0/FastTransforms/5Lm8s.ji.
Stacktrace:
 [1] error(::String) at ./error.jl:33
 [2] compilecache(::Base.PkgId, ::String) at ./loading.jl:1203
 [3] _require(::Base.PkgId) at ./loading.jl:960
 [4] require(::Base.PkgId) at ./loading.jl:858
 [5] require(::Module, ::Symbol) at ./loading.jl:853
 [6] include at ./boot.jl:317 [inlined]
 [7] include_relative(::Module, ::String) at ./loading.jl:1044
 [8] include(::Module, ::String) at ./sysimg.jl:29
 [9] include(::String) at ./client.jl:392
 [10] top-level scope at none:0
in expression starting at /root/.julia/packages/FastTransforms/M6SJL/test/runtests.jl:1
ERROR: Package FastTransforms errored during testing
Stacktrace:
 [1] pkgerror(::String, ::Vararg{String,N} where N) at /buildworker/worker/package_linux64/build/usr/share/julia/stdlib/v1.0/Pkg/src/Types.jl:120
 [2] #test#65(::Bool, ::Function, ::Pkg.Types.Context, ::Array{Pkg.Types.PackageSpec,1}) at /buildworker/worker/package_linux64/build/usr/share/julia/stdlib/v1.0/Pkg/src/Operations.jl:1357
 [3] #test at /buildworker/worker/package_linux64/build/usr/share/julia/stdlib/v1.0/Pkg/src/API.jl:0 [inlined]
 [4] #test#44(::Bool, ::Base.Iterators.Pairs{Union{},Union{},Tuple{},NamedTuple{(),Tuple{}}}, ::Function, ::Pkg.Types.Context, ::Array{Pkg.Types.PackageSpec,1}) at /buildworker/worker/package_linux64/build/usr/share/julia/stdlib/v1.0/Pkg/src/API.jl:278
 [5] test at /buildworker/worker/package_linux64/build/usr/share/julia/stdlib/v1.0/Pkg/src/API.jl:263 [inlined]
 [6] #test#43 at /buildworker/worker/package_linux64/build/usr/share/julia/stdlib/v1.0/Pkg/src/API.jl:260 [inlined]
 [7] test at /buildworker/worker/package_linux64/build/usr/share/julia/stdlib/v1.0/Pkg/src/API.jl:260 [inlined]
 [8] #test#42 at /buildworker/worker/package_linux64/build/usr/share/julia/stdlib/v1.0/Pkg/src/API.jl:259 [inlined]
 [9] test at /buildworker/worker/package_linux64/build/usr/share/julia/stdlib/v1.0/Pkg/src/API.jl:259 [inlined]
 [10] #test#41 at /buildworker/worker/package_linux64/build/usr/share/julia/stdlib/v1.0/Pkg/src/API.jl:258 [inlined]
 [11] test(::String) at /buildworker/worker/package_linux64/build/usr/share/julia/stdlib/v1.0/Pkg/src/API.jl:258
 [12] top-level scope at none:0
