 Resolving package versions...
 Installed AbstractLattices ─ v0.1.2
 Installed ReduceAlgebra ──── v0.1.0
 Installed AbstractTensors ── v0.3.0
 Installed DirectSum ──────── v0.4.2
 Installed Leibniz ────────── v0.0.3
 Installed ForceImport ────── v0.0.3
 Installed SyntaxTree ─────── v1.0.1
 Installed Reduce ─────────── v1.2.3
 Installed ReduceLinAlg ───── v0.1.0
 Installed StaticArrays ───── v0.12.1
  Updating `~/.julia/environments/v1.2/Project.toml`
  [cc9b1b2d] + ReduceAlgebra v0.1.0
  Updating `~/.julia/environments/v1.2/Manifest.toml`
  [398f06c4] + AbstractLattices v0.1.2
  [a8e43f4a] + AbstractTensors v0.3.0
  [22fd7b30] + DirectSum v0.4.2
  [9dda63f9] + ForceImport v0.0.3
  [edad4870] + Leibniz v0.0.3
  [93e0c654] + Reduce v1.2.3
  [cc9b1b2d] + ReduceAlgebra v0.1.0
  [bfcbc1eb] + ReduceLinAlg v0.1.0
  [90137ffa] + StaticArrays v0.12.1
  [a4af3ec5] + SyntaxTree v1.0.1
  [2a0f44e3] + Base64 
  [ade2ca70] + Dates 
  [8ba89e20] + Distributed 
  [b77e0a4c] + InteractiveUtils 
  [76f85450] + LibGit2 
  [8f399da3] + Libdl 
  [37e2e46d] + LinearAlgebra 
  [56ddb016] + Logging 
  [d6f4376e] + Markdown 
  [44cfe95a] + Pkg 
  [de0858da] + Printf 
  [3fa0cd96] + REPL 
  [9a3f8284] + Random 
  [ea8e919c] + SHA 
  [9e88b42a] + Serialization 
  [6462fe0b] + Sockets 
  [2f01184e] + SparseArrays 
  [10745b16] + Statistics 
  [8dfed614] + Test 
  [cf7118a7] + UUIDs 
  [4ec0a83e] + Unicode 
  Building Reduce → `~/.julia/packages/Reduce/4dmwd/deps/build.log`
   Testing ReduceAlgebra
 Resolving package versions...
    Status `/tmp/jl_UVE8JM/Manifest.toml`
  [398f06c4] AbstractLattices v0.1.2
  [a8e43f4a] AbstractTensors v0.3.0
  [22fd7b30] DirectSum v0.4.2
  [9dda63f9] ForceImport v0.0.3
  [edad4870] Leibniz v0.0.3
  [93e0c654] Reduce v1.2.3
  [cc9b1b2d] ReduceAlgebra v0.1.0
  [bfcbc1eb] ReduceLinAlg v0.1.0
  [90137ffa] StaticArrays v0.12.1
  [a4af3ec5] SyntaxTree v1.0.1
  [2a0f44e3] Base64  [`@stdlib/Base64`]
  [ade2ca70] Dates  [`@stdlib/Dates`]
  [8ba89e20] Distributed  [`@stdlib/Distributed`]
  [b77e0a4c] InteractiveUtils  [`@stdlib/InteractiveUtils`]
  [76f85450] LibGit2  [`@stdlib/LibGit2`]
  [8f399da3] Libdl  [`@stdlib/Libdl`]
  [37e2e46d] LinearAlgebra  [`@stdlib/LinearAlgebra`]
  [56ddb016] Logging  [`@stdlib/Logging`]
  [d6f4376e] Markdown  [`@stdlib/Markdown`]
  [44cfe95a] Pkg  [`@stdlib/Pkg`]
  [de0858da] Printf  [`@stdlib/Printf`]
  [3fa0cd96] REPL  [`@stdlib/REPL`]
  [9a3f8284] Random  [`@stdlib/Random`]
  [ea8e919c] SHA  [`@stdlib/SHA`]
  [9e88b42a] Serialization  [`@stdlib/Serialization`]
  [6462fe0b] Sockets  [`@stdlib/Sockets`]
  [2f01184e] SparseArrays  [`@stdlib/SparseArrays`]
  [10745b16] Statistics  [`@stdlib/Statistics`]
  [8dfed614] Test  [`@stdlib/Test`]
  [cf7118a7] UUIDs  [`@stdlib/UUIDs`]
  [4ec0a83e] Unicode  [`@stdlib/Unicode`]
/root/.julia/packages/Reduce/4dmwd/deps/usr/lib/reduce/cslbuild/csl/reduce: error while loading shared libraries: libXft.so.2: cannot open shared object file: No such file or directory
/root/.julia/packages/Reduce/4dmwd/deps/usr/lib/reduce/cslbuild/csl/reduce: error while loading shared libraries: libXft.so.2: cannot open shared object file: No such file or directory
ERROR: LoadError: InitError: IOError: write: broken pipe (EPIPE)
Stacktrace:
 [1] try_yieldto(::typeof(Base.ensure_rescheduled), ::Base.RefValue{Task}) at ./task.jl:517
 [2] wait() at ./task.jl:592
 [3] uv_write(::Base.PipeEndpoint, ::Ptr{UInt8}, ::UInt64) at ./stream.jl:883
 [4] unsafe_write(::Base.PipeEndpoint, ::Ptr{UInt8}, ::UInt64) at ./stream.jl:931
 [5] unsafe_write at ./io.jl:238 [inlined]
 [6] macro expansion at ./gcutils.jl:87 [inlined]
 [7] write at ./strings/io.jl:177 [inlined]
 [8] clear at /root/.julia/packages/Reduce/4dmwd/src/Reduce.jl:76 [inlined]
 [9] write(::Reduce.PSL, ::String) at /root/.julia/packages/Reduce/4dmwd/src/Reduce.jl:83
 [10] #rcall#40(::Array{Symbol,1}, ::Array{Symbol,1}, ::typeof(Reduce.rcall), ::Reduce.RExpr) at /root/.julia/packages/Reduce/4dmwd/src/rexpr.jl:464
 [11] (::getfield(Reduce, Symbol("#kw##rcall")))(::NamedTuple{(:on, :off),Tuple{Array{Symbol,1},Array{Symbol,1}}}, ::typeof(Reduce.rcall), ::Reduce.RExpr) at ./none:0
 [12] #rcall#41(::Array{Symbol,1}, ::Array{Symbol,1}, ::typeof(Reduce.rcall), ::String) at /root/.julia/packages/Reduce/4dmwd/src/rexpr.jl:498
 [13] rcall at /root/.julia/packages/Reduce/4dmwd/src/rexpr.jl:498 [inlined]
 [14] |> at ./operators.jl:854 [inlined]
 [15] load_package at /root/.julia/packages/Reduce/4dmwd/src/Reduce.jl:283 [inlined]
 [16] __init__() at /root/.julia/packages/ReduceLinAlg/cPkDZ/src/ReduceLinAlg.jl:130
 [17] _include_from_serialized(::String, ::Array{Any,1}) at ./loading.jl:685
 [18] _require_from_serialized(::String) at ./loading.jl:736
 [19] _require(::Base.PkgId) at ./loading.jl:1023
 [20] require(::Base.PkgId) at ./loading.jl:911
 [21] require(::Module, ::Symbol) at ./loading.jl:906
 [22] include at ./boot.jl:328 [inlined]
 [23] include_relative(::Module, ::String) at ./loading.jl:1094
 [24] include(::Module, ::String) at ./Base.jl:31
 [25] top-level scope at none:2
 [26] eval at ./boot.jl:330 [inlined]
 [27] eval(::Expr) at ./client.jl:432
 [28] top-level scope at ./none:3
during initialization of module ReduceLinAlg
in expression starting at /root/.julia/packages/ReduceAlgebra/x4IMB/src/ReduceAlgebra.jl:8
ERROR: LoadError: Failed to precompile ReduceAlgebra [cc9b1b2d-f4cf-5aeb-b1c9-57f66198f3ff] to /root/.julia/compiled/v1.2/ReduceAlgebra/KMuUW.ji.
Stacktrace:
 [1] error(::String) at ./error.jl:33
 [2] compilecache(::Base.PkgId, ::String) at ./loading.jl:1253
 [3] _require(::Base.PkgId) at ./loading.jl:1013
 [4] require(::Base.PkgId) at ./loading.jl:911
 [5] require(::Module, ::Symbol) at ./loading.jl:906
 [6] include at ./boot.jl:328 [inlined]
 [7] include_relative(::Module, ::String) at ./loading.jl:1094
 [8] include(::Module, ::String) at ./Base.jl:31
 [9] include(::String) at ./client.jl:431
 [10] top-level scope at none:5
in expression starting at /root/.julia/packages/ReduceAlgebra/x4IMB/test/runtests.jl:1
ERROR: Package ReduceAlgebra errored during testing
Stacktrace:
 [1] pkgerror(::String, ::Vararg{String,N} where N) at /buildworker/worker/package_linux64/build/usr/share/julia/stdlib/v1.2/Pkg/src/Types.jl:112
 [2] #test#119(::Bool, ::Nothing, ::typeof(Pkg.Operations.test), ::Pkg.Types.Context, ::Array{Pkg.Types.PackageSpec,1}) at /buildworker/worker/package_linux64/build/usr/share/julia/stdlib/v1.2/Pkg/src/Operations.jl:1288
 [3] #test at ./none:0 [inlined]
 [4] #test#62(::Bool, ::Nothing, ::Base.Iterators.Pairs{Union{},Union{},Tuple{},NamedTuple{(),Tuple{}}}, ::typeof(Pkg.API.test), ::Pkg.Types.Context, ::Array{Pkg.Types.PackageSpec,1}) at /buildworker/worker/package_linux64/build/usr/share/julia/stdlib/v1.2/Pkg/src/API.jl:245
 [5] test at /buildworker/worker/package_linux64/build/usr/share/julia/stdlib/v1.2/Pkg/src/API.jl:233 [inlined]
 [6] #test#61 at /buildworker/worker/package_linux64/build/usr/share/julia/stdlib/v1.2/Pkg/src/API.jl:230 [inlined]
 [7] test at /buildworker/worker/package_linux64/build/usr/share/julia/stdlib/v1.2/Pkg/src/API.jl:230 [inlined]
 [8] #test#60 at /buildworker/worker/package_linux64/build/usr/share/julia/stdlib/v1.2/Pkg/src/API.jl:229 [inlined]
 [9] test at /buildworker/worker/package_linux64/build/usr/share/julia/stdlib/v1.2/Pkg/src/API.jl:229 [inlined]
 [10] #test#59(::Base.Iterators.Pairs{Union{},Union{},Tuple{},NamedTuple{(),Tuple{}}}, ::typeof(Pkg.API.test), ::String) at /buildworker/worker/package_linux64/build/usr/share/julia/stdlib/v1.2/Pkg/src/API.jl:228
 [11] test(::String) at /buildworker/worker/package_linux64/build/usr/share/julia/stdlib/v1.2/Pkg/src/API.jl:228
 [12] top-level scope at none:10
