 Resolving package versions...
 Installed Requires ──────────── v0.5.2
 Installed ORCA ──────────────── v0.3.0
 Installed Parsers ───────────── v0.3.10
 Installed Compat ────────────── v2.2.0
 Installed PlotlyBase ────────── v0.3.0
 Installed MbedTLS ───────────── v0.7.0
 Installed BinaryProvider ────── v0.5.8
 Installed JSON ──────────────── v0.21.0
 Installed LaTeXStrings ──────── v1.0.3
 Installed IniFile ───────────── v0.5.0
 Installed VersionParsing ────── v1.1.3
 Installed Conda ─────────────── v1.3.0
 Installed DocStringExtensions ─ v0.8.1
 Installed HTTP ──────────────── v0.8.8
  Updating `~/.julia/environments/v1.2/Project.toml`
  [47be7bcc] + ORCA v0.3.0
  Updating `~/.julia/environments/v1.2/Manifest.toml`
  [b99e7846] + BinaryProvider v0.5.8
  [34da2185] + Compat v2.2.0
  [8f4d0f93] + Conda v1.3.0
  [ffbed154] + DocStringExtensions v0.8.1
  [cd3eb016] + HTTP v0.8.8
  [83e8ac13] + IniFile v0.5.0
  [682c06a0] + JSON v0.21.0
  [b964fa9f] + LaTeXStrings v1.0.3
  [739be429] + MbedTLS v0.7.0
  [47be7bcc] + ORCA v0.3.0
  [69de0a69] + Parsers v0.3.10
  [a03496cd] + PlotlyBase v0.3.0
  [ae029012] + Requires v0.5.2
  [81def892] + VersionParsing v1.1.3
  [2a0f44e3] + Base64 
  [ade2ca70] + Dates 
  [8bb1440f] + DelimitedFiles 
  [8ba89e20] + Distributed 
  [b77e0a4c] + InteractiveUtils 
  [76f85450] + LibGit2 
  [8f399da3] + Libdl 
  [37e2e46d] + LinearAlgebra 
  [56ddb016] + Logging 
  [d6f4376e] + Markdown 
  [a63ad114] + Mmap 
  [44cfe95a] + Pkg 
  [de0858da] + Printf 
  [3fa0cd96] + REPL 
  [9a3f8284] + Random 
  [ea8e919c] + SHA 
  [9e88b42a] + Serialization 
  [1a1011a3] + SharedArrays 
  [6462fe0b] + Sockets 
  [2f01184e] + SparseArrays 
  [10745b16] + Statistics 
  [8dfed614] + Test 
  [cf7118a7] + UUIDs 
  [4ec0a83e] + Unicode 
  Building Conda ──→ `~/.julia/packages/Conda/kLXeC/deps/build.log`
  Building MbedTLS → `~/.julia/packages/MbedTLS/a1JFn/deps/build.log`
  Building ORCA ───→ `~/.julia/packages/ORCA/xULYl/deps/build.log`
   Testing ORCA
 Resolving package versions...
    Status `/tmp/jl_VIaf9w/Manifest.toml`
  [b99e7846] BinaryProvider v0.5.8
  [34da2185] Compat v2.2.0
  [8f4d0f93] Conda v1.3.0
  [ffbed154] DocStringExtensions v0.8.1
  [cd3eb016] HTTP v0.8.8
  [83e8ac13] IniFile v0.5.0
  [682c06a0] JSON v0.21.0
  [b964fa9f] LaTeXStrings v1.0.3
  [739be429] MbedTLS v0.7.0
  [47be7bcc] ORCA v0.3.0
  [69de0a69] Parsers v0.3.10
  [a03496cd] PlotlyBase v0.3.0
  [ae029012] Requires v0.5.2
  [81def892] VersionParsing v1.1.3
  [2a0f44e3] Base64  [`@stdlib/Base64`]
  [ade2ca70] Dates  [`@stdlib/Dates`]
  [8bb1440f] DelimitedFiles  [`@stdlib/DelimitedFiles`]
  [8ba89e20] Distributed  [`@stdlib/Distributed`]
  [b77e0a4c] InteractiveUtils  [`@stdlib/InteractiveUtils`]
  [76f85450] LibGit2  [`@stdlib/LibGit2`]
  [8f399da3] Libdl  [`@stdlib/Libdl`]
  [37e2e46d] LinearAlgebra  [`@stdlib/LinearAlgebra`]
  [56ddb016] Logging  [`@stdlib/Logging`]
  [d6f4376e] Markdown  [`@stdlib/Markdown`]
  [a63ad114] Mmap  [`@stdlib/Mmap`]
  [44cfe95a] Pkg  [`@stdlib/Pkg`]
  [de0858da] Printf  [`@stdlib/Printf`]
  [3fa0cd96] REPL  [`@stdlib/REPL`]
  [9a3f8284] Random  [`@stdlib/Random`]
  [ea8e919c] SHA  [`@stdlib/SHA`]
  [9e88b42a] Serialization  [`@stdlib/Serialization`]
  [1a1011a3] SharedArrays  [`@stdlib/SharedArrays`]
  [6462fe0b] Sockets  [`@stdlib/Sockets`]
  [2f01184e] SparseArrays  [`@stdlib/SparseArrays`]
  [10745b16] Statistics  [`@stdlib/Statistics`]
  [8dfed614] Test  [`@stdlib/Test`]
  [cf7118a7] UUIDs  [`@stdlib/UUIDs`]
  [4ec0a83e] Unicode  [`@stdlib/Unicode`]
/root/.julia/conda/3/envs/_ORCA_jl_/lib/orca_app/orca: error while loading shared libraries: libgtk-x11-2.0.so.0: cannot open shared object file: No such file or directory
fn = tempname() * "." * ext = "/tmp/jl_BvGkc7.pdf"
/root/.julia/conda/3/envs/_ORCA_jl_/lib/orca_app/orca: error while loading shared libraries: libgtk-x11-2.0.so.0: cannot open shared object file: No such file or directory
Error During Test at /root/.julia/packages/ORCA/xULYl/test/runtests.jl:12
  Test threw exception
  Expression: myplot(fn) == fn
  IOError(Base.IOError("connect: connection refused (ECONNREFUSED)", -111) during request(http://localhost:7982))
  
  Stacktrace:
   [1] try_yieldto(::typeof(Base.ensure_rescheduled), ::Base.RefValue{Task}) at ./task.jl:517
   [2] wait() at ./task.jl:592
   [3] wait(::Base.GenericCondition{Base.Threads.SpinLock}) at ./condition.jl:104
   [4] stream_wait(::Sockets.TCPSocket, ::Base.GenericCondition{Base.Threads.SpinLock}) at ./stream.jl:47
   [5] wait_connected(::Sockets.TCPSocket) at ./stream.jl:332
   [6] connect(::Sockets.IPv4, ::UInt64) at /buildworker/worker/package_linux64/build/usr/share/julia/stdlib/v1.2/Sockets/src/Sockets.jl:470
   [7] #getconnection#14(::Bool, ::Int64, ::Base.Iterators.Pairs{Symbol,Union{Nothing, Bool},Tuple{Symbol,Symbol,Symbol},NamedTuple{(:require_ssl_verification, :iofunction, :status_exception),Tuple{Bool,Nothing,Bool}}}, ::typeof(HTTP.ConnectionPool.getconnection), ::Type{Sockets.TCPSocket}, ::SubString{String}, ::SubString{String}) at /root/.julia/packages/HTTP/lZVI1/src/ConnectionPool.jl:568
   [8] #getconnection#11(::Int64, ::Int64, ::Int64, ::Int64, ::Bool, ::Base.Iterators.Pairs{Symbol,Union{Nothing, Bool},Tuple{Symbol,Symbol},NamedTuple{(:iofunction, :status_exception),Tuple{Nothing,Bool}}}, ::typeof(HTTP.ConnectionPool.getconnection), ::Type{HTTP.ConnectionPool.Transaction{Sockets.TCPSocket}}, ::SubString{String}, ::SubString{String}) at ./none:0
   [9] (::getfield(HTTP.ConnectionPool, Symbol("#kw##getconnection")))(::NamedTuple{(:reuse_limit, :iofunction, :status_exception),Tuple{Int64,Nothing,Bool}}, ::typeof(HTTP.ConnectionPool.getconnection), ::Type{HTTP.ConnectionPool.Transaction{Sockets.TCPSocket}}, ::SubString{String}, ::SubString{String}) at ./none:0
   [10] #request#1(::Nothing, ::Type, ::Int64, ::Base.Iterators.Pairs{Symbol,Union{Nothing, Bool},Tuple{Symbol,Symbol},NamedTuple{(:iofunction, :status_exception),Tuple{Nothing,Bool}}}, ::typeof(HTTP.request), ::Type{HTTP.ConnectionRequest.ConnectionPoolLayer{HTTP.StreamRequest.StreamLayer{Union{}}}}, ::HTTP.URIs.URI, ::HTTP.Messages.Request, ::String) at /root/.julia/packages/HTTP/lZVI1/src/ConnectionRequest.jl:41
   [11] (::getfield(HTTP, Symbol("#kw##request")))(::NamedTuple{(:iofunction, :status_exception),Tuple{Nothing,Bool}}, ::typeof(HTTP.request), ::Type{HTTP.ConnectionRequest.ConnectionPoolLayer{HTTP.StreamRequest.StreamLayer{Union{}}}}, ::HTTP.URIs.URI, ::HTTP.Messages.Request, ::String) at ./none:0
   [12] (::getfield(Base, Symbol("###50#51#53")){ExponentialBackOff,getfield(HTTP.RetryRequest, Symbol("##2#3")){Bool,HTTP.Messages.Request},typeof(HTTP.request)})(::Base.Iterators.Pairs{Symbol,Union{Nothing, Bool},Tuple{Symbol,Symbol},NamedTuple{(:iofunction, :status_exception),Tuple{Nothing,Bool}}}, ::getfield(Base, Symbol("##50#52")){getfield(Base, Symbol("###50#51#53")){ExponentialBackOff,getfield(HTTP.RetryRequest, Symbol("##2#3")){Bool,HTTP.Messages.Request},typeof(HTTP.request)}}, ::Type, ::Vararg{Any,N} where N) at ./error.jl:262
   [13] #request#1(::VersionNumber, ::String, ::Nothing, ::Nothing, ::Base.Iterators.Pairs{Symbol,Bool,Tuple{Symbol},NamedTuple{(:status_exception,),Tuple{Bool}}}, ::typeof(HTTP.request), ::Type{HTTP.MessageRequest.MessageLayer{HTTP.RetryRequest.RetryLayer{HTTP.ConnectionRequest.ConnectionPoolLayer{HTTP.StreamRequest.StreamLayer{Union{}}}}}}, ::String, ::HTTP.URIs.URI, ::Array{Pair{SubString{String},SubString{String}},1}, ::String) at ./none:0
   [14] (::getfield(HTTP, Symbol("#kw##request")))(::NamedTuple{(:status_exception,),Tuple{Bool}}, ::typeof(HTTP.request), ::Type{HTTP.MessageRequest.MessageLayer{HTTP.RetryRequest.RetryLayer{HTTP.ConnectionRequest.ConnectionPoolLayer{HTTP.StreamRequest.StreamLayer{Union{}}}}}}, ::String, ::HTTP.URIs.URI, ::Array{Pair{SubString{String},SubString{String}},1}, ::String) at ./none:0
   [15] #request#1(::Int64, ::Bool, ::Base.Iterators.Pairs{Symbol,Bool,Tuple{Symbol},NamedTuple{(:status_exception,),Tuple{Bool}}}, ::typeof(HTTP.request), ::Type{HTTP.RedirectRequest.RedirectLayer{HTTP.MessageRequest.MessageLayer{HTTP.RetryRequest.RetryLayer{HTTP.ConnectionRequest.ConnectionPoolLayer{HTTP.StreamRequest.StreamLayer{Union{}}}}}}}, ::String, ::HTTP.URIs.URI, ::Array{Pair{SubString{String},SubString{String}},1}, ::String) at /root/.julia/packages/HTTP/lZVI1/src/RedirectRequest.jl:24
   [16] (::getfield(HTTP, Symbol("#kw##request")))(::NamedTuple{(:status_exception,),Tuple{Bool}}, ::typeof(HTTP.request), ::Type{HTTP.RedirectRequest.RedirectLayer{HTTP.MessageRequest.MessageLayer{HTTP.RetryRequest.RetryLayer{HTTP.ConnectionRequest.ConnectionPoolLayer{HTTP.StreamRequest.StreamLayer{Union{}}}}}}}, ::String, ::HTTP.URIs.URI, ::Array{Pair{SubString{String},SubString{String}},1}, ::String) at ./none:0
   [17] #request#4(::Dict{Any,Any}, ::String, ::Nothing, ::Base.Iterators.Pairs{Symbol,Bool,Tuple{Symbol},NamedTuple{(:status_exception,),Tuple{Bool}}}, ::typeof(HTTP.request), ::String, ::String, ::Dict{Any,Any}, ::String) at /root/.julia/packages/HTTP/lZVI1/src/HTTP.jl:308
   [18] #savefig#1(::SubString{String}, ::Nothing, ::Nothing, ::Nothing, ::typeof(savefig), ::IOStream, ::Plot{GenericTrace{Dict{Symbol,Any}}}) at ./none:0
   [19] (::getfield(PlotlyBase, Symbol("#kw##savefig")))(::NamedTuple{(:format, :scale, :width, :height),Tuple{SubString{String},Nothing,Nothing,Nothing}}, ::typeof(savefig), ::IOStream, ::Plot{GenericTrace{Dict{Symbol,Any}}}) at ./none:0
   [20] (::getfield(ORCA, Symbol("##3#4")){Nothing,Nothing,Nothing,Plot{GenericTrace{Dict{Symbol,Any}}}})(::IOStream) at /root/.julia/packages/ORCA/xULYl/src/ORCA.jl:72
   [21] #open#312(::Base.Iterators.Pairs{Union{},Union{},Tuple{},NamedTuple{(),Tuple{}}}, ::typeof(open), ::getfield(ORCA, Symbol("##3#4")){Nothing,Nothing,Nothing,Plot{GenericTrace{Dict{Symbol,Any}}}}, ::String, ::Vararg{String,N} where N) at ./iostream.jl:375
   [22] open at ./iostream.jl:373 [inlined]
   [23] #savefig#2 at /root/.julia/packages/ORCA/xULYl/src/ORCA.jl:71 [inlined]
   [24] savefig at /root/.julia/packages/ORCA/xULYl/src/ORCA.jl:66 [inlined]
   [25] myplot(::String) at /root/.julia/packages/ORCA/xULYl/test/runtests.jl:6
   [26] top-level scope at /root/.julia/packages/ORCA/xULYl/test/runtests.jl:12
   [27] include at ./boot.jl:328 [inlined]
   [28] include_relative(::Module, ::String) at ./loading.jl:1094
   [29] include(::Module, ::String) at ./Base.jl:31
   [30] include(::String) at ./client.jl:431
   [31] top-level scope at none:5
   [32] eval(::Module, ::Any) at ./boot.jl:330
   [33] exec_options(::Base.JLOptions) at ./client.jl:271
   [34] _start() at ./client.jl:464
  
ERROR: LoadError: There was an error during testing
in expression starting at /root/.julia/packages/ORCA/xULYl/test/runtests.jl:9
ERROR: Package ORCA errored during testing
Stacktrace:
 [1] pkgerror(::String, ::Vararg{String,N} where N) at /buildworker/worker/package_linux64/build/usr/share/julia/stdlib/v1.2/Pkg/src/Types.jl:112
 [2] #test#119(::Bool, ::Nothing, ::typeof(Pkg.Operations.test), ::Pkg.Types.Context, ::Array{Pkg.Types.PackageSpec,1}) at /buildworker/worker/package_linux64/build/usr/share/julia/stdlib/v1.2/Pkg/src/Operations.jl:1288
 [3] #test at ./none:0 [inlined]
 [4] #test#62(::Bool, ::Nothing, ::Base.Iterators.Pairs{Union{},Union{},Tuple{},NamedTuple{(),Tuple{}}}, ::typeof(Pkg.API.test), ::Pkg.Types.Context, ::Array{Pkg.Types.PackageSpec,1}) at /buildworker/worker/package_linux64/build/usr/share/julia/stdlib/v1.2/Pkg/src/API.jl:245
 [5] test at /buildworker/worker/package_linux64/build/usr/share/julia/stdlib/v1.2/Pkg/src/API.jl:233 [inlined]
 [6] #test#61 at /buildworker/worker/package_linux64/build/usr/share/julia/stdlib/v1.2/Pkg/src/API.jl:230 [inlined]
 [7] test at /buildworker/worker/package_linux64/build/usr/share/julia/stdlib/v1.2/Pkg/src/API.jl:230 [inlined]
 [8] #test#60 at /buildworker/worker/package_linux64/build/usr/share/julia/stdlib/v1.2/Pkg/src/API.jl:229 [inlined]
 [9] test at /buildworker/worker/package_linux64/build/usr/share/julia/stdlib/v1.2/Pkg/src/API.jl:229 [inlined]
 [10] #test#59(::Base.Iterators.Pairs{Union{},Union{},Tuple{},NamedTuple{(),Tuple{}}}, ::typeof(Pkg.API.test), ::String) at /buildworker/worker/package_linux64/build/usr/share/julia/stdlib/v1.2/Pkg/src/API.jl:228
 [11] test(::String) at /buildworker/worker/package_linux64/build/usr/share/julia/stdlib/v1.2/Pkg/src/API.jl:228
 [12] top-level scope at none:10
