 Resolving package versions...
 Installed VersionParsing ────── v1.1.3
 Installed Requires ──────────── v0.5.2
 Installed ORCA ──────────────── v0.3.0
 Installed Parsers ───────────── v0.3.10
 Installed Conda ─────────────── v1.3.0
 Installed BinaryProvider ────── v0.5.8
 Installed HTTP ──────────────── v0.8.8
 Installed JSON ──────────────── v0.21.0
 Installed LaTeXStrings ──────── v1.0.3
 Installed Compat ────────────── v2.2.0
 Installed DocStringExtensions ─ v0.8.1
 Installed PlotlyBase ────────── v0.3.0
 Installed IniFile ───────────── v0.5.0
 Installed MbedTLS ───────────── v0.7.0
  Updating `~/.julia/environments/v1.4/Project.toml`
  [47be7bcc] + ORCA v0.3.0
  Updating `~/.julia/environments/v1.4/Manifest.toml`
  [b99e7846] + BinaryProvider v0.5.8
  [34da2185] + Compat v2.2.0
  [8f4d0f93] + Conda v1.3.0
  [ffbed154] + DocStringExtensions v0.8.1
  [cd3eb016] + HTTP v0.8.8
  [83e8ac13] + IniFile v0.5.0
  [682c06a0] + JSON v0.21.0
  [b964fa9f] + LaTeXStrings v1.0.3
  [739be429] + MbedTLS v0.7.0
  [47be7bcc] + ORCA v0.3.0
  [69de0a69] + Parsers v0.3.10
  [a03496cd] + PlotlyBase v0.3.0
  [ae029012] + Requires v0.5.2
  [81def892] + VersionParsing v1.1.3
  [2a0f44e3] + Base64 
  [ade2ca70] + Dates 
  [8bb1440f] + DelimitedFiles 
  [8ba89e20] + Distributed 
  [b77e0a4c] + InteractiveUtils 
  [76f85450] + LibGit2 
  [8f399da3] + Libdl 
  [37e2e46d] + LinearAlgebra 
  [56ddb016] + Logging 
  [d6f4376e] + Markdown 
  [a63ad114] + Mmap 
  [44cfe95a] + Pkg 
  [de0858da] + Printf 
  [3fa0cd96] + REPL 
  [9a3f8284] + Random 
  [ea8e919c] + SHA 
  [9e88b42a] + Serialization 
  [1a1011a3] + SharedArrays 
  [6462fe0b] + Sockets 
  [2f01184e] + SparseArrays 
  [10745b16] + Statistics 
  [8dfed614] + Test 
  [cf7118a7] + UUIDs 
  [4ec0a83e] + Unicode 
  Building Conda ──→ `~/.julia/packages/Conda/kLXeC/deps/build.log`
  Building MbedTLS → `~/.julia/packages/MbedTLS/a1JFn/deps/build.log`
  Building ORCA ───→ `~/.julia/packages/ORCA/xULYl/deps/build.log`
   Testing ORCA
 Resolving package versions...
Status `/tmp/jl_oxDuYk/Manifest.toml`
  [b99e7846] BinaryProvider v0.5.8
  [34da2185] Compat v2.2.0
  [8f4d0f93] Conda v1.3.0
  [ffbed154] DocStringExtensions v0.8.1
  [cd3eb016] HTTP v0.8.8
  [83e8ac13] IniFile v0.5.0
  [682c06a0] JSON v0.21.0
  [b964fa9f] LaTeXStrings v1.0.3
  [739be429] MbedTLS v0.7.0
  [47be7bcc] ORCA v0.3.0
  [69de0a69] Parsers v0.3.10
  [a03496cd] PlotlyBase v0.3.0
  [ae029012] Requires v0.5.2
  [81def892] VersionParsing v1.1.3
  [2a0f44e3] Base64  [`@stdlib/Base64`]
  [ade2ca70] Dates  [`@stdlib/Dates`]
  [8bb1440f] DelimitedFiles  [`@stdlib/DelimitedFiles`]
  [8ba89e20] Distributed  [`@stdlib/Distributed`]
  [b77e0a4c] InteractiveUtils  [`@stdlib/InteractiveUtils`]
  [76f85450] LibGit2  [`@stdlib/LibGit2`]
  [8f399da3] Libdl  [`@stdlib/Libdl`]
  [37e2e46d] LinearAlgebra  [`@stdlib/LinearAlgebra`]
  [56ddb016] Logging  [`@stdlib/Logging`]
  [d6f4376e] Markdown  [`@stdlib/Markdown`]
  [a63ad114] Mmap  [`@stdlib/Mmap`]
  [44cfe95a] Pkg  [`@stdlib/Pkg`]
  [de0858da] Printf  [`@stdlib/Printf`]
  [3fa0cd96] REPL  [`@stdlib/REPL`]
  [9a3f8284] Random  [`@stdlib/Random`]
  [ea8e919c] SHA  [`@stdlib/SHA`]
  [9e88b42a] Serialization  [`@stdlib/Serialization`]
  [1a1011a3] SharedArrays  [`@stdlib/SharedArrays`]
  [6462fe0b] Sockets  [`@stdlib/Sockets`]
  [2f01184e] SparseArrays  [`@stdlib/SparseArrays`]
  [10745b16] Statistics  [`@stdlib/Statistics`]
  [8dfed614] Test  [`@stdlib/Test`]
  [cf7118a7] UUIDs  [`@stdlib/UUIDs`]
  [4ec0a83e] Unicode  [`@stdlib/Unicode`]
/root/.julia/conda/3/envs/_ORCA_jl_/lib/orca_app/orca: error while loading shared libraries: libgtk-x11-2.0.so.0: cannot open shared object file: No such file or directory
fn = tempname() * "." * ext = "/tmp/jl_4JWijZ.pdf"
/root/.julia/conda/3/envs/_ORCA_jl_/lib/orca_app/orca: error while loading shared libraries: libgtk-x11-2.0.so.0: cannot open shared object file: No such file or directory
Error During Test at /root/.julia/packages/ORCA/xULYl/test/runtests.jl:12
  Test threw exception
  Expression: myplot(fn) == fn
  IOError(Base.IOError("connect: connection refused (ECONNREFUSED)", -111) during request(http://localhost:7982))
  
  Stacktrace:
   [1] wait_connected(::Sockets.TCPSocket) at /buildworker/worker/package_linux64/build/usr/share/julia/stdlib/v1.4/Sockets/src/Sockets.jl:520
   [2] connect at /buildworker/worker/package_linux64/build/usr/share/julia/stdlib/v1.4/Sockets/src/Sockets.jl:555 [inlined]
   [3] connect at /buildworker/worker/package_linux64/build/usr/share/julia/stdlib/v1.4/Sockets/src/Sockets.jl:541 [inlined]
   [4] getconnection(::Type{Sockets.TCPSocket}, ::SubString{String}, ::SubString{String}; keepalive::Bool, connect_timeout::Int64, kw::Base.Iterators.Pairs{Symbol,Union{Nothing, Bool},Tuple{Symbol,Symbol,Symbol},NamedTuple{(:require_ssl_verification, :iofunction, :status_exception),Tuple{Bool,Nothing,Bool}}}) at /root/.julia/packages/HTTP/lZVI1/src/ConnectionPool.jl:568
   [5] getconnection(::Type{HTTP.ConnectionPool.Transaction{Sockets.TCPSocket}}, ::SubString{String}, ::SubString{String}; connection_limit::Int64, pipeline_limit::Int64, idle_timeout::Int64, reuse_limit::Int64, require_ssl_verification::Bool, kw::Base.Iterators.Pairs{Symbol,Union{Nothing, Bool},Tuple{Symbol,Symbol},NamedTuple{(:iofunction, :status_exception),Tuple{Nothing,Bool}}}) at /root/.julia/packages/HTTP/lZVI1/src/ConnectionPool.jl:517
   [6] request(::Type{HTTP.ConnectionRequest.ConnectionPoolLayer{HTTP.StreamRequest.StreamLayer{Union{}}}}, ::HTTP.URIs.URI, ::HTTP.Messages.Request, ::String; proxy::Nothing, socket_type::Type, reuse_limit::Int64, kw::Base.Iterators.Pairs{Symbol,Union{Nothing, Bool},Tuple{Symbol,Symbol},NamedTuple{(:iofunction, :status_exception),Tuple{Nothing,Bool}}}) at /root/.julia/packages/HTTP/lZVI1/src/ConnectionRequest.jl:41
   [7] (::Base.var"#52#54"{Base.var"#52#53#55"{ExponentialBackOff,HTTP.RetryRequest.var"#2#3"{Bool,HTTP.Messages.Request},typeof(HTTP.request)}})(::Type, ::Vararg{Any,N} where N; kwargs::Base.Iterators.Pairs{Symbol,Union{Nothing, Bool},Tuple{Symbol,Symbol},NamedTuple{(:iofunction, :status_exception),Tuple{Nothing,Bool}}}) at ./error.jl:301
   [8] #request#1 at /root/.julia/packages/HTTP/lZVI1/src/RetryRequest.jl:44 [inlined]
   [9] request(::Type{HTTP.MessageRequest.MessageLayer{HTTP.RetryRequest.RetryLayer{HTTP.ConnectionRequest.ConnectionPoolLayer{HTTP.StreamRequest.StreamLayer{Union{}}}}}}, ::String, ::HTTP.URIs.URI, ::Array{Pair{SubString{String},SubString{String}},1}, ::String; http_version::VersionNumber, target::String, parent::Nothing, iofunction::Nothing, kw::Base.Iterators.Pairs{Symbol,Bool,Tuple{Symbol},NamedTuple{(:status_exception,),Tuple{Bool}}}) at /root/.julia/packages/HTTP/lZVI1/src/MessageRequest.jl:51
   [10] request(::Type{HTTP.RedirectRequest.RedirectLayer{HTTP.MessageRequest.MessageLayer{HTTP.RetryRequest.RetryLayer{HTTP.ConnectionRequest.ConnectionPoolLayer{HTTP.StreamRequest.StreamLayer{Union{}}}}}}}, ::String, ::HTTP.URIs.URI, ::Array{Pair{SubString{String},SubString{String}},1}, ::String; redirect_limit::Int64, forwardheaders::Bool, kw::Base.Iterators.Pairs{Symbol,Bool,Tuple{Symbol},NamedTuple{(:status_exception,),Tuple{Bool}}}) at /root/.julia/packages/HTTP/lZVI1/src/RedirectRequest.jl:24
   [11] request(::String, ::String, ::Dict{Any,Any}, ::String; headers::Dict{Any,Any}, body::String, query::Nothing, kw::Base.Iterators.Pairs{Symbol,Bool,Tuple{Symbol},NamedTuple{(:status_exception,),Tuple{Bool}}}) at /root/.julia/packages/HTTP/lZVI1/src/HTTP.jl:308
   [12] #post#14 at /root/.julia/packages/HTTP/lZVI1/src/HTTP.jl:397 [inlined]
   [13] savefig(::IOStream, ::Plot{GenericTrace{Dict{Symbol,Any}}}; format::SubString{String}, scale::Nothing, width::Nothing, height::Nothing) at /root/.julia/packages/ORCA/xULYl/src/ORCA.jl:36
   [14] (::ORCA.var"#3#4"{Nothing,Nothing,Nothing,Plot{GenericTrace{Dict{Symbol,Any}}}})(::IOStream) at /root/.julia/packages/ORCA/xULYl/src/ORCA.jl:72
   [15] open(::ORCA.var"#3#4"{Nothing,Nothing,Nothing,Plot{GenericTrace{Dict{Symbol,Any}}}}, ::String, ::Vararg{String,N} where N; kwargs::Base.Iterators.Pairs{Union{},Union{},Tuple{},NamedTuple{(),Tuple{}}}) at ./io.jl:298
   [16] open at ./io.jl:296 [inlined]
   [17] #savefig#2 at /root/.julia/packages/ORCA/xULYl/src/ORCA.jl:71 [inlined]
   [18] savefig at /root/.julia/packages/ORCA/xULYl/src/ORCA.jl:66 [inlined]
   [19] myplot(::String) at /root/.julia/packages/ORCA/xULYl/test/runtests.jl:6
   [20] top-level scope at /root/.julia/packages/ORCA/xULYl/test/runtests.jl:12
   [21] include(::String) at ./client.jl:439
   [22] top-level scope at none:6
   [23] eval(::Module, ::Any) at ./boot.jl:331
   [24] exec_options(::Base.JLOptions) at ./client.jl:264
   [25] _start() at ./client.jl:484
  
ERROR: LoadError: There was an error during testing
in expression starting at /root/.julia/packages/ORCA/xULYl/test/runtests.jl:9
ERROR: Package ORCA errored during testing
Stacktrace:
 [1] pkgerror(::String, ::Vararg{String,N} where N) at /buildworker/worker/package_linux64/build/usr/share/julia/stdlib/v1.4/Pkg/src/Types.jl:53
 [2] test(::Pkg.Types.Context, ::Array{Pkg.Types.PackageSpec,1}; coverage::Bool, test_fn::Nothing, julia_args::Cmd, test_args::Cmd) at /buildworker/worker/package_linux64/build/usr/share/julia/stdlib/v1.4/Pkg/src/Operations.jl:1379
 [3] test(::Pkg.Types.Context, ::Array{Pkg.Types.PackageSpec,1}; coverage::Bool, test_fn::Nothing, julia_args::Cmd, test_args::Cmd, kwargs::Base.Iterators.Pairs{Union{},Union{},Tuple{},NamedTuple{(),Tuple{}}}) at /buildworker/worker/package_linux64/build/usr/share/julia/stdlib/v1.4/Pkg/src/API.jl:287
 [4] test(::Pkg.Types.Context, ::Array{Pkg.Types.PackageSpec,1}) at /buildworker/worker/package_linux64/build/usr/share/julia/stdlib/v1.4/Pkg/src/API.jl:274
 [5] #test#56 at /buildworker/worker/package_linux64/build/usr/share/julia/stdlib/v1.4/Pkg/src/API.jl:268 [inlined]
 [6] test at /buildworker/worker/package_linux64/build/usr/share/julia/stdlib/v1.4/Pkg/src/API.jl:268 [inlined]
 [7] #test#55 at /buildworker/worker/package_linux64/build/usr/share/julia/stdlib/v1.4/Pkg/src/API.jl:267 [inlined]
 [8] test at /buildworker/worker/package_linux64/build/usr/share/julia/stdlib/v1.4/Pkg/src/API.jl:267 [inlined]
 [9] test(::String; kwargs::Base.Iterators.Pairs{Union{},Union{},Tuple{},NamedTuple{(),Tuple{}}}) at /buildworker/worker/package_linux64/build/usr/share/julia/stdlib/v1.4/Pkg/src/API.jl:266
 [10] test(::String) at /buildworker/worker/package_linux64/build/usr/share/julia/stdlib/v1.4/Pkg/src/API.jl:266
 [11] top-level scope at none:10
