 Resolving package versions...
 Installed InvertedIndices â”€â”€â”€â”€â”€â”€â”€â”€â”€â”€â”€â”€â”€ v1.0.0
 Installed RecipesBase â”€â”€â”€â”€â”€â”€â”€â”€â”€â”€â”€â”€â”€â”€â”€â”€â”€ v0.7.0
 Installed IteratorInterfaceExtensions â”€ v1.0.0
 Installed Parsers â”€â”€â”€â”€â”€â”€â”€â”€â”€â”€â”€â”€â”€â”€â”€â”€â”€â”€â”€â”€â”€ v0.3.10
 Installed Arpack â”€â”€â”€â”€â”€â”€â”€â”€â”€â”€â”€â”€â”€â”€â”€â”€â”€â”€â”€â”€â”€â”€ v0.3.1
 Installed GLM â”€â”€â”€â”€â”€â”€â”€â”€â”€â”€â”€â”€â”€â”€â”€â”€â”€â”€â”€â”€â”€â”€â”€â”€â”€ v1.3.4
 Installed BinaryProvider â”€â”€â”€â”€â”€â”€â”€â”€â”€â”€â”€â”€â”€â”€ v0.5.8
 Installed PhyloNetworks â”€â”€â”€â”€â”€â”€â”€â”€â”€â”€â”€â”€â”€â”€â”€ v0.11.0
 Installed FilePathsBase â”€â”€â”€â”€â”€â”€â”€â”€â”€â”€â”€â”€â”€â”€â”€ v0.7.0
 Installed Reexport â”€â”€â”€â”€â”€â”€â”€â”€â”€â”€â”€â”€â”€â”€â”€â”€â”€â”€â”€â”€ v0.2.0
 Installed BinDeps â”€â”€â”€â”€â”€â”€â”€â”€â”€â”€â”€â”€â”€â”€â”€â”€â”€â”€â”€â”€â”€ v0.8.10
 Installed MacroTools â”€â”€â”€â”€â”€â”€â”€â”€â”€â”€â”€â”€â”€â”€â”€â”€â”€â”€ v0.5.2
 Installed DataStructures â”€â”€â”€â”€â”€â”€â”€â”€â”€â”€â”€â”€â”€â”€ v0.17.6
 Installed BioSymbols â”€â”€â”€â”€â”€â”€â”€â”€â”€â”€â”€â”€â”€â”€â”€â”€â”€â”€ v3.1.0
 Installed MathProgBase â”€â”€â”€â”€â”€â”€â”€â”€â”€â”€â”€â”€â”€â”€â”€â”€ v0.7.7
 Installed Polynomials â”€â”€â”€â”€â”€â”€â”€â”€â”€â”€â”€â”€â”€â”€â”€â”€â”€ v0.6.0
 Installed DataValueInterfaces â”€â”€â”€â”€â”€â”€â”€â”€â”€ v1.0.0
 Installed SpecialFunctions â”€â”€â”€â”€â”€â”€â”€â”€â”€â”€â”€â”€ v0.8.0
 Installed YAML â”€â”€â”€â”€â”€â”€â”€â”€â”€â”€â”€â”€â”€â”€â”€â”€â”€â”€â”€â”€â”€â”€â”€â”€ v0.3.2
 Installed JSON â”€â”€â”€â”€â”€â”€â”€â”€â”€â”€â”€â”€â”€â”€â”€â”€â”€â”€â”€â”€â”€â”€â”€â”€ v0.21.0
 Installed IntervalTrees â”€â”€â”€â”€â”€â”€â”€â”€â”€â”€â”€â”€â”€â”€â”€ v1.0.0
 Installed DataAPI â”€â”€â”€â”€â”€â”€â”€â”€â”€â”€â”€â”€â”€â”€â”€â”€â”€â”€â”€â”€â”€ v1.1.0
 Installed PDMats â”€â”€â”€â”€â”€â”€â”€â”€â”€â”€â”€â”€â”€â”€â”€â”€â”€â”€â”€â”€â”€â”€ v0.9.10
 Installed Distributions â”€â”€â”€â”€â”€â”€â”€â”€â”€â”€â”€â”€â”€â”€â”€ v0.21.8
 Installed BioSequences â”€â”€â”€â”€â”€â”€â”€â”€â”€â”€â”€â”€â”€â”€â”€â”€ v1.1.0
 Installed Automa â”€â”€â”€â”€â”€â”€â”€â”€â”€â”€â”€â”€â”€â”€â”€â”€â”€â”€â”€â”€â”€â”€ v0.8.0
 Installed NLopt â”€â”€â”€â”€â”€â”€â”€â”€â”€â”€â”€â”€â”€â”€â”€â”€â”€â”€â”€â”€â”€â”€â”€ v0.5.1
 Installed LazyArrays â”€â”€â”€â”€â”€â”€â”€â”€â”€â”€â”€â”€â”€â”€â”€â”€â”€â”€ v0.14.8
 Installed URIParser â”€â”€â”€â”€â”€â”€â”€â”€â”€â”€â”€â”€â”€â”€â”€â”€â”€â”€â”€ v0.4.0
 Installed BioCore â”€â”€â”€â”€â”€â”€â”€â”€â”€â”€â”€â”€â”€â”€â”€â”€â”€â”€â”€â”€â”€ v2.0.5
 Installed StaticArrays â”€â”€â”€â”€â”€â”€â”€â”€â”€â”€â”€â”€â”€â”€â”€â”€ v0.12.1
 Installed Twiddle â”€â”€â”€â”€â”€â”€â”€â”€â”€â”€â”€â”€â”€â”€â”€â”€â”€â”€â”€â”€â”€ v1.1.0
 Installed DataFrames â”€â”€â”€â”€â”€â”€â”€â”€â”€â”€â”€â”€â”€â”€â”€â”€â”€â”€ v0.19.4
 Installed SortingAlgorithms â”€â”€â”€â”€â”€â”€â”€â”€â”€â”€â”€ v0.3.1
 Installed ArrayLayouts â”€â”€â”€â”€â”€â”€â”€â”€â”€â”€â”€â”€â”€â”€â”€â”€ v0.1.5
 Installed StatsBase â”€â”€â”€â”€â”€â”€â”€â”€â”€â”€â”€â”€â”€â”€â”€â”€â”€â”€â”€ v0.32.0
 Installed FillArrays â”€â”€â”€â”€â”€â”€â”€â”€â”€â”€â”€â”€â”€â”€â”€â”€â”€â”€ v0.8.2
 Installed StatsModels â”€â”€â”€â”€â”€â”€â”€â”€â”€â”€â”€â”€â”€â”€â”€â”€â”€ v0.6.7
 Installed WeakRefStrings â”€â”€â”€â”€â”€â”€â”€â”€â”€â”€â”€â”€â”€â”€ v0.6.1
 Installed PooledArrays â”€â”€â”€â”€â”€â”€â”€â”€â”€â”€â”€â”€â”€â”€â”€â”€ v0.5.2
 Installed IndexableBitVectors â”€â”€â”€â”€â”€â”€â”€â”€â”€ v1.0.0
 Installed Missings â”€â”€â”€â”€â”€â”€â”€â”€â”€â”€â”€â”€â”€â”€â”€â”€â”€â”€â”€â”€ v0.4.3
 Installed OrderedCollections â”€â”€â”€â”€â”€â”€â”€â”€â”€â”€ v1.1.0
 Installed Combinatorics â”€â”€â”€â”€â”€â”€â”€â”€â”€â”€â”€â”€â”€â”€â”€ v0.7.0
 Installed TableTraits â”€â”€â”€â”€â”€â”€â”€â”€â”€â”€â”€â”€â”€â”€â”€â”€â”€ v1.0.0
 Installed CategoricalArrays â”€â”€â”€â”€â”€â”€â”€â”€â”€â”€â”€ v0.7.3
 Installed CMakeWrapper â”€â”€â”€â”€â”€â”€â”€â”€â”€â”€â”€â”€â”€â”€â”€â”€ v0.2.3
 Installed Codecs â”€â”€â”€â”€â”€â”€â”€â”€â”€â”€â”€â”€â”€â”€â”€â”€â”€â”€â”€â”€â”€â”€ v0.5.0
 Installed ShiftedArrays â”€â”€â”€â”€â”€â”€â”€â”€â”€â”€â”€â”€â”€â”€â”€ v1.0.0
 Installed QuadGK â”€â”€â”€â”€â”€â”€â”€â”€â”€â”€â”€â”€â”€â”€â”€â”€â”€â”€â”€â”€â”€â”€ v2.1.1
 Installed Rmath â”€â”€â”€â”€â”€â”€â”€â”€â”€â”€â”€â”€â”€â”€â”€â”€â”€â”€â”€â”€â”€â”€â”€ v0.5.1
 Installed CMake â”€â”€â”€â”€â”€â”€â”€â”€â”€â”€â”€â”€â”€â”€â”€â”€â”€â”€â”€â”€â”€â”€â”€ v1.1.2
 Installed Parameters â”€â”€â”€â”€â”€â”€â”€â”€â”€â”€â”€â”€â”€â”€â”€â”€â”€â”€ v0.12.0
 Installed Tables â”€â”€â”€â”€â”€â”€â”€â”€â”€â”€â”€â”€â”€â”€â”€â”€â”€â”€â”€â”€â”€â”€ v0.2.11
 Installed BufferedStreams â”€â”€â”€â”€â”€â”€â”€â”€â”€â”€â”€â”€â”€ v1.0.0
 Installed StatsFuns â”€â”€â”€â”€â”€â”€â”€â”€â”€â”€â”€â”€â”€â”€â”€â”€â”€â”€â”€ v0.9.0
 Installed TranscodingStreams â”€â”€â”€â”€â”€â”€â”€â”€â”€â”€ v0.9.5
 Installed Compat â”€â”€â”€â”€â”€â”€â”€â”€â”€â”€â”€â”€â”€â”€â”€â”€â”€â”€â”€â”€â”€â”€ v2.2.0
 Installed CSV â”€â”€â”€â”€â”€â”€â”€â”€â”€â”€â”€â”€â”€â”€â”€â”€â”€â”€â”€â”€â”€â”€â”€â”€â”€ v0.5.18
  Updating `~/.julia/environments/v1.0/Project.toml`
  [33ad39ac] + PhyloNetworks v0.11.0
  Updating `~/.julia/environments/v1.0/Manifest.toml`
  [7d9fca2a] + Arpack v0.3.1
  [4c555306] + ArrayLayouts v0.1.5
  [67c07d97] + Automa v0.8.0
  [9e28174c] + BinDeps v0.8.10
  [b99e7846] + BinaryProvider v0.5.8
  [37cfa864] + BioCore v2.0.5
  [7e6ae17a] + BioSequences v1.1.0
  [3c28c6f8] + BioSymbols v3.1.0
  [e1450e63] + BufferedStreams v1.0.0
  [631607c0] + CMake v1.1.2
  [d5fb7624] + CMakeWrapper v0.2.3
  [336ed68f] + CSV v0.5.18
  [324d7699] + CategoricalArrays v0.7.3
  [19ecbf4d] + Codecs v0.5.0
  [861a8166] + Combinatorics v0.7.0
  [34da2185] + Compat v2.2.0
  [9a962f9c] + DataAPI v1.1.0
  [a93c6f00] + DataFrames v0.19.4
  [864edb3b] + DataStructures v0.17.6
  [e2d170a0] + DataValueInterfaces v1.0.0
  [31c24e10] + Distributions v0.21.8
  [48062228] + FilePathsBase v0.7.0
  [1a297f60] + FillArrays v0.8.2
  [38e38edf] + GLM v1.3.4
  [1cb3b9ac] + IndexableBitVectors v1.0.0
  [524e6230] + IntervalTrees v1.0.0
  [41ab1584] + InvertedIndices v1.0.0
  [82899510] + IteratorInterfaceExtensions v1.0.0
  [682c06a0] + JSON v0.21.0
  [5078a376] + LazyArrays v0.14.8
  [1914dd2f] + MacroTools v0.5.2
  [fdba3010] + MathProgBase v0.7.7
  [e1d29d7a] + Missings v0.4.3
  [76087f3c] + NLopt v0.5.1
  [bac558e1] + OrderedCollections v1.1.0
  [90014a1f] + PDMats v0.9.10
  [d96e819e] + Parameters v0.12.0
  [69de0a69] + Parsers v0.3.10
  [33ad39ac] + PhyloNetworks v0.11.0
  [f27b6e38] + Polynomials v0.6.0
  [2dfb63ee] + PooledArrays v0.5.2
  [1fd47b50] + QuadGK v2.1.1
  [3cdcf5f2] + RecipesBase v0.7.0
  [189a3867] + Reexport v0.2.0
  [79098fc4] + Rmath v0.5.1
  [1277b4bf] + ShiftedArrays v1.0.0
  [a2af1166] + SortingAlgorithms v0.3.1
  [276daf66] + SpecialFunctions v0.8.0
  [90137ffa] + StaticArrays v0.12.1
  [2913bbd2] + StatsBase v0.32.0
  [4c63d2b9] + StatsFuns v0.9.0
  [3eaba693] + StatsModels v0.6.7
  [3783bdb8] + TableTraits v1.0.0
  [bd369af6] + Tables v0.2.11
  [3bb67fe8] + TranscodingStreams v0.9.5
  [7200193e] + Twiddle v1.1.0
  [30578b45] + URIParser v0.4.0
  [ea10d353] + WeakRefStrings v0.6.1
  [ddb6d928] + YAML v0.3.2
  [2a0f44e3] + Base64 
  [ade2ca70] + Dates 
  [8bb1440f] + DelimitedFiles 
  [8ba89e20] + Distributed 
  [9fa8497b] + Future 
  [b77e0a4c] + InteractiveUtils 
  [76f85450] + LibGit2 
  [8f399da3] + Libdl 
  [37e2e46d] + LinearAlgebra 
  [56ddb016] + Logging 
  [d6f4376e] + Markdown 
  [a63ad114] + Mmap 
  [44cfe95a] + Pkg 
  [de0858da] + Printf 
  [9abbd945] + Profile 
  [3fa0cd96] + REPL 
  [9a3f8284] + Random 
  [ea8e919c] + SHA 
  [9e88b42a] + Serialization 
  [1a1011a3] + SharedArrays 
  [6462fe0b] + Sockets 
  [2f01184e] + SparseArrays 
  [10745b16] + Statistics 
  [4607b0f0] + SuiteSparse 
  [8dfed614] + Test 
  [cf7118a7] + UUIDs 
  [4ec0a83e] + Unicode 
  Building Arpack â”€â”€â”€â”€â”€â”€â”€â”€â”€â”€â†’ `~/.julia/packages/Arpack/cu5By/deps/build.log`
  Building SpecialFunctions â†’ `~/.julia/packages/SpecialFunctions/ne2iw/deps/build.log`
  Building CMake â”€â”€â”€â”€â”€â”€â”€â”€â”€â”€â”€â†’ `~/.julia/packages/CMake/nSK2r/deps/build.log`
  Building NLopt â”€â”€â”€â”€â”€â”€â”€â”€â”€â”€â”€â†’ `~/.julia/packages/NLopt/eqN9a/deps/build.log`
  Building Rmath â”€â”€â”€â”€â”€â”€â”€â”€â”€â”€â”€â†’ `~/.julia/packages/Rmath/4wt82/deps/build.log`
   Testing PhyloNetworks
 Resolving package versions...
    Status `/tmp/tmplRjvNO/Manifest.toml`
  [7d9fca2a] Arpack v0.3.1
  [4c555306] ArrayLayouts v0.1.5
  [67c07d97] Automa v0.8.0
  [9e28174c] BinDeps v0.8.10
  [b99e7846] BinaryProvider v0.5.8
  [37cfa864] BioCore v2.0.5
  [7e6ae17a] BioSequences v1.1.0
  [3c28c6f8] BioSymbols v3.1.0
  [e1450e63] BufferedStreams v1.0.0
  [631607c0] CMake v1.1.2
  [d5fb7624] CMakeWrapper v0.2.3
  [336ed68f] CSV v0.5.18
  [324d7699] CategoricalArrays v0.7.3
  [19ecbf4d] Codecs v0.5.0
  [861a8166] Combinatorics v0.7.0
  [34da2185] Compat v2.2.0
  [9a962f9c] DataAPI v1.1.0
  [a93c6f00] DataFrames v0.19.4
  [864edb3b] DataStructures v0.17.6
  [e2d170a0] DataValueInterfaces v1.0.0
  [31c24e10] Distributions v0.21.8
  [48062228] FilePathsBase v0.7.0
  [1a297f60] FillArrays v0.8.2
  [38e38edf] GLM v1.3.4
  [1cb3b9ac] IndexableBitVectors v1.0.0
  [524e6230] IntervalTrees v1.0.0
  [41ab1584] InvertedIndices v1.0.0
  [82899510] IteratorInterfaceExtensions v1.0.0
  [682c06a0] JSON v0.21.0
  [5078a376] LazyArrays v0.14.8
  [1914dd2f] MacroTools v0.5.2
  [fdba3010] MathProgBase v0.7.7
  [e1d29d7a] Missings v0.4.3
  [76087f3c] NLopt v0.5.1
  [bac558e1] OrderedCollections v1.1.0
  [90014a1f] PDMats v0.9.10
  [d96e819e] Parameters v0.12.0
  [69de0a69] Parsers v0.3.10
  [33ad39ac] PhyloNetworks v0.11.0
  [f27b6e38] Polynomials v0.6.0
  [2dfb63ee] PooledArrays v0.5.2
  [1fd47b50] QuadGK v2.1.1
  [3cdcf5f2] RecipesBase v0.7.0
  [189a3867] Reexport v0.2.0
  [79098fc4] Rmath v0.5.1
  [1277b4bf] ShiftedArrays v1.0.0
  [a2af1166] SortingAlgorithms v0.3.1
  [276daf66] SpecialFunctions v0.8.0
  [90137ffa] StaticArrays v0.12.1
  [2913bbd2] StatsBase v0.32.0
  [4c63d2b9] StatsFuns v0.9.0
  [3eaba693] StatsModels v0.6.7
  [3783bdb8] TableTraits v1.0.0
  [bd369af6] Tables v0.2.11
  [3bb67fe8] TranscodingStreams v0.9.5
  [7200193e] Twiddle v1.1.0
  [30578b45] URIParser v0.4.0
  [ea10d353] WeakRefStrings v0.6.1
  [ddb6d928] YAML v0.3.2
  [2a0f44e3] Base64  [`@stdlib/Base64`]
  [ade2ca70] Dates  [`@stdlib/Dates`]
  [8bb1440f] DelimitedFiles  [`@stdlib/DelimitedFiles`]
  [8ba89e20] Distributed  [`@stdlib/Distributed`]
  [9fa8497b] Future  [`@stdlib/Future`]
  [b77e0a4c] InteractiveUtils  [`@stdlib/InteractiveUtils`]
  [76f85450] LibGit2  [`@stdlib/LibGit2`]
  [8f399da3] Libdl  [`@stdlib/Libdl`]
  [37e2e46d] LinearAlgebra  [`@stdlib/LinearAlgebra`]
  [56ddb016] Logging  [`@stdlib/Logging`]
  [d6f4376e] Markdown  [`@stdlib/Markdown`]
  [a63ad114] Mmap  [`@stdlib/Mmap`]
  [44cfe95a] Pkg  [`@stdlib/Pkg`]
  [de0858da] Printf  [`@stdlib/Printf`]
  [9abbd945] Profile  [`@stdlib/Profile`]
  [3fa0cd96] REPL  [`@stdlib/REPL`]
  [9a3f8284] Random  [`@stdlib/Random`]
  [ea8e919c] SHA  [`@stdlib/SHA`]
  [9e88b42a] Serialization  [`@stdlib/Serialization`]
  [1a1011a3] SharedArrays  [`@stdlib/SharedArrays`]
  [6462fe0b] Sockets  [`@stdlib/Sockets`]
  [2f01184e] SparseArrays  [`@stdlib/SparseArrays`]
  [10745b16] Statistics  [`@stdlib/Statistics`]
  [4607b0f0] SuiteSparse  [`@stdlib/SuiteSparse`]
  [8dfed614] Test  [`@stdlib/Test`]
  [cf7118a7] UUIDs  [`@stdlib/UUIDs`]
  [4ec0a83e] Unicode  [`@stdlib/Unicode`]
â”Œ Warning: PhyloNetworks.CHECKNET is true: will slow snaq! down.
â”” @ PhyloNetworks ~/.julia/packages/PhyloNetworks/zeoh2/src/auxiliary.jl:9
PhyloNetworks.CHECKNET = true
[ Info: starting test_5taxon_readTopology.jl
hybrid edges for hybrid node 3 have missing gamma's, set default: 0.9,0.1
hybrid edges for hybrid node 5 have missing gamma's, set default: 0.9,0.1
hybrid edges for hybrid node 3 have missing gamma's, set default: 0.9,0.1
hybrid edges for hybrid node 2 have missing gamma's, set default: 0.9,0.1
hybrid edges for hybrid node 3 have missing gamma's, set default: 0.9,0.1
[1m[32mPASSED[0m: test_5taxon_readTopology.jl
[ Info: starting test_calculateExpCF.jl
hybrid edges for hybrid node 5 have missing gamma's, set default: 0.9,0.1
[1m[31mFAILED[0m: test_calculateExpCF.jl
[ Info: starting test_calculateExpCF2.jl
hybrid edges for hybrid node 5 have missing gamma's, set default: 0.9,0.1
[1m[32mPASSED[0m: test_calculateExpCF2.jl
[ Info: starting test_hasEdge.jl
hybrid edges for hybrid node 5 have missing gamma's, set default: 0.9,0.1
[1m[31mFAILED[0m: test_hasEdge.jl
[ Info: starting test_parameters.jl
hybrid edges for hybrid node 3 have missing gamma's, set default: 0.9,0.1
hybrid edges for hybrid node 5 have missing gamma's, set default: 0.9,0.1
hybrid edges for hybrid node 3 have missing gamma's, set default: 0.9,0.1
hybrid edges for hybrid node 2 have missing gamma's, set default: 0.9,0.1
hybrid edges for hybrid node 3 have missing gamma's, set default: 0.9,0.1
[1m[32mPASSED[0m: test_parameters.jl
[ Info: starting test_correctLik.jl
between 10.0 and 20.0 gene trees per 4-taxon set
lik on tree: Error During Test at /root/.julia/packages/PhyloNetworks/zeoh2/test/test_correctLik.jl:37
  Got exception outside of a @test
  UndefVarError: isnothing not defined
  Stacktrace:
   [1] parameters!(::PhyloNetworks.QuartetNetwork, ::HybridNetwork) at /root/.julia/packages/PhyloNetworks/zeoh2/src/optimization.jl:146
   [2] extractQuartet!(::HybridNetwork, ::PhyloNetworks.Quartet) at /root/.julia/packages/PhyloNetworks/zeoh2/src/pseudolik.jl:493
   [3] extractQuartet!(::HybridNetwork, ::Array{PhyloNetworks.Quartet,1}) at /root/.julia/packages/PhyloNetworks/zeoh2/src/pseudolik.jl:506
   [4] extractQuartet!(::HybridNetwork, ::DataCF) at /root/.julia/packages/PhyloNetworks/zeoh2/src/pseudolik.jl:513
   [5] macro expansion at /root/.julia/packages/PhyloNetworks/zeoh2/test/test_correctLik.jl:38 [inlined]
   [6] macro expansion at /buildworker/worker/package_linux64/build/usr/share/julia/stdlib/v1.0/Test/src/Test.jl:1083 [inlined]
   [7] macro expansion at /root/.julia/packages/PhyloNetworks/zeoh2/test/test_correctLik.jl:38 [inlined]
   [8] macro expansion at /buildworker/worker/package_linux64/build/usr/share/julia/stdlib/v1.0/Test/src/Test.jl:1083 [inlined]
   [9] top-level scope at /root/.julia/packages/PhyloNetworks/zeoh2/test/test_correctLik.jl:37
   [10] include at ./boot.jl:317 [inlined]
   [11] include_relative(::Module, ::String) at ./loading.jl:1044
   [12] include(::Module, ::String) at ./sysimg.jl:29
   [13] include(::String) at ./client.jl:392
   [14] top-level scope at /root/.julia/packages/PhyloNetworks/zeoh2/test/runtests.jl:102
   [15] include at ./boot.jl:317 [inlined]
   [16] include_relative(::Module, ::String) at ./loading.jl:1044
   [17] include(::Module, ::String) at ./sysimg.jl:29
   [18] include(::String) at ./client.jl:392
   [19] top-level scope at none:0
   [20] eval(::Module, ::Any) at ./boot.jl:319
   [21] exec_options(::Base.JLOptions) at ./client.jl:243
   [22] _start() at ./client.jl:425
hybrid edges for hybrid node 5 have missing gamma's, set default: 0.9,0.1
lik of network: Error During Test at /root/.julia/packages/PhyloNetworks/zeoh2/test/test_correctLik.jl:58
  Got exception outside of a @test
  UndefVarError: isnothing not defined
  Stacktrace:
   [1] parameters!(::PhyloNetworks.QuartetNetwork, ::HybridNetwork) at /root/.julia/packages/PhyloNetworks/zeoh2/src/optimization.jl:146
   [2] extractQuartet!(::HybridNetwork, ::PhyloNetworks.Quartet) at /root/.julia/packages/PhyloNetworks/zeoh2/src/pseudolik.jl:493
   [3] extractQuartet!(::HybridNetwork, ::Array{PhyloNetworks.Quartet,1}) at /root/.julia/packages/PhyloNetworks/zeoh2/src/pseudolik.jl:506
   [4] extractQuartet!(::HybridNetwork, ::DataCF) at /root/.julia/packages/PhyloNetworks/zeoh2/src/pseudolik.jl:513
   [5] macro expansion at /root/.julia/packages/PhyloNetworks/zeoh2/test/test_correctLik.jl:59 [inlined]
   [6] macro expansion at /buildworker/worker/package_linux64/build/usr/share/julia/stdlib/v1.0/Test/src/Test.jl:1083 [inlined]
   [7] macro expansion at /root/.julia/packages/PhyloNetworks/zeoh2/test/test_correctLik.jl:59 [inlined]
   [8] macro expansion at /buildworker/worker/package_linux64/build/usr/share/julia/stdlib/v1.0/Test/src/Test.jl:1083 [inlined]
   [9] top-level scope at /root/.julia/packages/PhyloNetworks/zeoh2/test/test_correctLik.jl:37
   [10] include at ./boot.jl:317 [inlined]
   [11] include_relative(::Module, ::String) at ./loading.jl:1044
   [12] include(::Module, ::String) at ./sysimg.jl:29
   [13] include(::String) at ./client.jl:392
   [14] top-level scope at /root/.julia/packages/PhyloNetworks/zeoh2/test/runtests.jl:102
   [15] include at ./boot.jl:317 [inlined]
   [16] include_relative(::Module, ::String) at ./loading.jl:1044
   [17] include(::Module, ::String) at ./sysimg.jl:29
   [18] include(::String) at ./client.jl:392
   [19] top-level scope at none:0
   [20] eval(::Module, ::Any) at ./boot.jl:319
   [21] exec_options(::Base.JLOptions) at ./client.jl:243
   [22] _start() at ./client.jl:425
network estimation h=1: Error During Test at /root/.julia/packages/PhyloNetworks/zeoh2/test/test_correctLik.jl:65
  Got exception outside of a @test
  UndefVarError: isnothing not defined
  Stacktrace:
   [1] parameters!(::PhyloNetworks.QuartetNetwork, ::HybridNetwork) at /root/.julia/packages/PhyloNetworks/zeoh2/src/optimization.jl:146
   [2] extractQuartet!(::HybridNetwork, ::PhyloNetworks.Quartet) at /root/.julia/packages/PhyloNetworks/zeoh2/src/pseudolik.jl:493
   [3] extractQuartet!(::HybridNetwork, ::Array{PhyloNetworks.Quartet,1}) at /root/.julia/packages/PhyloNetworks/zeoh2/src/pseudolik.jl:506
   [4] optBL!(::HybridNetwork, ::DataCF, ::Bool, ::Float64, ::Float64, ::Float64, ::Float64) at /root/.julia/packages/PhyloNetworks/zeoh2/src/pseudolik.jl:513
   [5] optTopLevel!(::HybridNetwork, ::Float64, ::Int64, ::DataCF, ::Int64, ::Float64, ::Float64, ::Float64, ::Float64, ::Bool, ::Bool, ::Array{Int64,1}, ::Base.PipeEndpoint, ::Bool) at /root/.julia/packages/PhyloNetworks/zeoh2/src/optimization.jl:1229
   [6] optTopRun1!(::HybridNetwork, ::Float64, ::Int64, ::DataCF, ::Int64, ::Float64, ::Float64, ::Float64, ::Float64, ::Bool, ::Bool, ::Array{Int64,1}, ::Int64, ::Base.PipeEndpoint, ::Bool, ::Float64) at /root/.julia/packages/PhyloNetworks/zeoh2/src/optimization.jl:1780
   [7] macro expansion at /root/.julia/packages/PhyloNetworks/zeoh2/test/test_correctLik.jl:66 [inlined]
   [8] macro expansion at /buildworker/worker/package_linux64/build/usr/share/julia/stdlib/v1.0/Test/src/Test.jl:1083 [inlined]
   [9] macro expansion at /root/.julia/packages/PhyloNetworks/zeoh2/test/test_correctLik.jl:66 [inlined]
   [10] macro expansion at /buildworker/worker/package_linux64/build/usr/share/julia/stdlib/v1.0/Test/src/Test.jl:1083 [inlined]
   [11] top-level scope at /root/.julia/packages/PhyloNetworks/zeoh2/test/test_correctLik.jl:37
   [12] include at ./boot.jl:317 [inlined]
   [13] include_relative(::Module, ::String) at ./loading.jl:1044
   [14] include(::Module, ::String) at ./sysimg.jl:29
   [15] include(::String) at ./client.jl:392
   [16] top-level scope at /root/.julia/packages/PhyloNetworks/zeoh2/test/runtests.jl:102
   [17] include at ./boot.jl:317 [inlined]
   [18] include_relative(::Module, ::String) at ./loading.jl:1044
   [19] include(::Module, ::String) at ./sysimg.jl:29
   [20] include(::String) at ./client.jl:392
   [21] top-level scope at none:0
   [22] eval(::Module, ::Any) at ./boot.jl:319
   [23] exec_options(::Base.JLOptions) at ./client.jl:243
   [24] _start() at ./client.jl:425
â”Œ Warning: 
â”‚ ERROR found on SNaQ for run 1 seed 1234: UndefVarError(:isnothing)
â”” @ PhyloNetworks ~/.julia/packages/PhyloNetworks/zeoh2/src/optimization.jl:1593
[ Info: starting test_partition.jl
[ Info: starting test_partition2.jl
[ Info: starting test_deleteHybridizationUpdate.jl
[ Info: starting test_add2hyb.jl
[ Info: starting test_optBLparts.jl
[ Info: starting test_undirectedOtherNetworks.jl
[ Info: starting test_manipulateNet.jl
[ Info: starting test_compareNetworks.jl
[ Info: starting test_badDiamII.jl
[ Info: starting test_multipleAlleles.jl
â”Œ Warning: 
â”‚ ERROR found on SNaQ for run 1 seed 1010: UndefVarError(:isnothing)
â”” @ PhyloNetworks ~/.julia/packages/PhyloNetworks/zeoh2/src/optimization.jl:1593
[ Info: starting test_bootstrap.jl
â”Œ Warning: 
â”‚ ERROR found on SNaQ for run 1 seed 56623: UndefVarError(:isnothing)
â”” @ PhyloNetworks ~/.julia/packages/PhyloNetworks/zeoh2/src/optimization.jl:1593
[ Info: starting test_perfectData.jl
[ Info: starting test_lm.jl
[ Info: starting test_lm_tree.jl
[ Info: starting test_traits.jl
[ Info: starting test_simulate.jl
[ Info: starting test_parsimony.jl
[ Info: starting test_calibratePairwise.jl
[ Info: starting test_relaxed_reading.jl
[ Info: starting test_isMajor.jl
[ Info: starting test_interop.jl
[ Info: starting test_traitLikDiscrete.jl
â”Œ Warning: the network contains taxa with no data: those will be pruned
â”” @ PhyloNetworks ~/.julia/packages/PhyloNetworks/zeoh2/src/traitsLikDiscrete.jl:681
â”Œ Warning: resetting edge numbers to be from 1 to 53
â”” @ PhyloNetworks ~/.julia/packages/PhyloNetworks/zeoh2/src/manipulateNet.jl:935
[ Info: starting test_readInputData.jl
[ Info: starting test_nj.jl
ERROR: LoadError: "Tests failed"
Stacktrace:
 [1] top-level scope at /root/.julia/packages/PhyloNetworks/zeoh2/test/runtests.jl:112
 [2] include at ./boot.jl:317 [inlined]
 [3] include_relative(::Module, ::String) at ./loading.jl:1044
 [4] include(::Module, ::String) at ./sysimg.jl:29
 [5] include(::String) at ./client.jl:392
 [6] top-level scope at none:0
in expression starting at /root/.julia/packages/PhyloNetworks/zeoh2/test/runtests.jl:111
ERROR: Package PhyloNetworks errored during testing
Stacktrace:
 [1] pkgerror(::String, ::Vararg{String,N} where N) at /buildworker/worker/package_linux64/build/usr/share/julia/stdlib/v1.0/Pkg/src/Types.jl:120
 [2] #test#65(::Bool, ::Function, ::Pkg.Types.Context, ::Array{Pkg.Types.PackageSpec,1}) at /buildworker/worker/package_linux64/build/usr/share/julia/stdlib/v1.0/Pkg/src/Operations.jl:1357
 [3] #test at /buildworker/worker/package_linux64/build/usr/share/julia/stdlib/v1.0/Pkg/src/API.jl:0 [inlined]
 [4] #test#44(::Bool, ::Base.Iterators.Pairs{Union{},Union{},Tuple{},NamedTuple{(),Tuple{}}}, ::Function, ::Pkg.Types.Context, ::Array{Pkg.Types.PackageSpec,1}) at /buildworker/worker/package_linux64/build/usr/share/julia/stdlib/v1.0/Pkg/src/API.jl:278
 [5] test at /buildworker/worker/package_linux64/build/usr/share/julia/stdlib/v1.0/Pkg/src/API.jl:263 [inlined]
 [6] #test#43 at /buildworker/worker/package_linux64/build/usr/share/julia/stdlib/v1.0/Pkg/src/API.jl:260 [inlined]
 [7] test at /buildworker/worker/package_linux64/build/usr/share/julia/stdlib/v1.0/Pkg/src/API.jl:260 [inlined]
 [8] #test#42 at /buildworker/worker/package_linux64/build/usr/share/julia/stdlib/v1.0/Pkg/src/API.jl:259 [inlined]
 [9] test at /buildworker/worker/package_linux64/build/usr/share/julia/stdlib/v1.0/Pkg/src/API.jl:259 [inlined]
 [10] #test#41 at /buildworker/worker/package_linux64/build/usr/share/julia/stdlib/v1.0/Pkg/src/API.jl:258 [inlined]
 [11] test(::String) at /buildworker/worker/package_linux64/build/usr/share/julia/stdlib/v1.0/Pkg/src/API.jl:258
 [12] top-level scope at none:0
