 Resolving package versions...
 Installed SimpleTraits ─────── v0.9.1
 Installed Inflate ──────────── v0.1.1
 Installed Parsers ──────────── v0.3.10
 Installed Compat ───────────── v2.2.0
 Installed MbedTLS ──────────── v0.7.0
 Installed OpenStreetMapX ───── v0.1.11
 Installed DataStructures ───── v0.17.6
 Installed LightGraphs ──────── v1.3.0
 Installed MacroTools ───────── v0.5.2
 Installed JSON ─────────────── v0.21.0
 Installed IniFile ──────────── v0.5.0
 Installed OrderedCollections ─ v1.1.0
 Installed ArnoldiMethod ────── v0.0.4
 Installed HTTP ─────────────── v0.8.8
 Installed BinaryProvider ───── v0.5.8
 Installed StaticArrays ─────── v0.12.1
 Installed LibExpat ─────────── v0.5.0
  Updating `~/.julia/environments/v1.2/Project.toml`
  [86cd37e6] + OpenStreetMapX v0.1.11
  Updating `~/.julia/environments/v1.2/Manifest.toml`
  [ec485272] + ArnoldiMethod v0.0.4
  [b99e7846] + BinaryProvider v0.5.8
  [34da2185] + Compat v2.2.0
  [864edb3b] + DataStructures v0.17.6
  [cd3eb016] + HTTP v0.8.8
  [d25df0c9] + Inflate v0.1.1
  [83e8ac13] + IniFile v0.5.0
  [682c06a0] + JSON v0.21.0
  [522f3ed2] + LibExpat v0.5.0
  [093fc24a] + LightGraphs v1.3.0
  [1914dd2f] + MacroTools v0.5.2
  [739be429] + MbedTLS v0.7.0
  [86cd37e6] + OpenStreetMapX v0.1.11
  [bac558e1] + OrderedCollections v1.1.0
  [69de0a69] + Parsers v0.3.10
  [699a6c99] + SimpleTraits v0.9.1
  [90137ffa] + StaticArrays v0.12.1
  [2a0f44e3] + Base64 
  [ade2ca70] + Dates 
  [8bb1440f] + DelimitedFiles 
  [8ba89e20] + Distributed 
  [b77e0a4c] + InteractiveUtils 
  [76f85450] + LibGit2 
  [8f399da3] + Libdl 
  [37e2e46d] + LinearAlgebra 
  [56ddb016] + Logging 
  [d6f4376e] + Markdown 
  [a63ad114] + Mmap 
  [44cfe95a] + Pkg 
  [de0858da] + Printf 
  [3fa0cd96] + REPL 
  [9a3f8284] + Random 
  [ea8e919c] + SHA 
  [9e88b42a] + Serialization 
  [1a1011a3] + SharedArrays 
  [6462fe0b] + Sockets 
  [2f01184e] + SparseArrays 
  [10745b16] + Statistics 
  [8dfed614] + Test 
  [cf7118a7] + UUIDs 
  [4ec0a83e] + Unicode 
  Building MbedTLS → `~/.julia/packages/MbedTLS/a1JFn/deps/build.log`
   Testing OpenStreetMapX
 Resolving package versions...
    Status `/tmp/jl_iFhkQI/Manifest.toml`
  [ec485272] ArnoldiMethod v0.0.4
  [b99e7846] BinaryProvider v0.5.8
  [34da2185] Compat v2.2.0
  [864edb3b] DataStructures v0.17.6
  [cd3eb016] HTTP v0.8.8
  [d25df0c9] Inflate v0.1.1
  [83e8ac13] IniFile v0.5.0
  [682c06a0] JSON v0.21.0
  [522f3ed2] LibExpat v0.5.0
  [093fc24a] LightGraphs v1.3.0
  [1914dd2f] MacroTools v0.5.2
  [739be429] MbedTLS v0.7.0
  [86cd37e6] OpenStreetMapX v0.1.11
  [bac558e1] OrderedCollections v1.1.0
  [69de0a69] Parsers v0.3.10
  [699a6c99] SimpleTraits v0.9.1
  [90137ffa] StaticArrays v0.12.1
  [2a0f44e3] Base64  [`@stdlib/Base64`]
  [ade2ca70] Dates  [`@stdlib/Dates`]
  [8bb1440f] DelimitedFiles  [`@stdlib/DelimitedFiles`]
  [8ba89e20] Distributed  [`@stdlib/Distributed`]
  [b77e0a4c] InteractiveUtils  [`@stdlib/InteractiveUtils`]
  [76f85450] LibGit2  [`@stdlib/LibGit2`]
  [8f399da3] Libdl  [`@stdlib/Libdl`]
  [37e2e46d] LinearAlgebra  [`@stdlib/LinearAlgebra`]
  [56ddb016] Logging  [`@stdlib/Logging`]
  [d6f4376e] Markdown  [`@stdlib/Markdown`]
  [a63ad114] Mmap  [`@stdlib/Mmap`]
  [44cfe95a] Pkg  [`@stdlib/Pkg`]
  [de0858da] Printf  [`@stdlib/Printf`]
  [3fa0cd96] REPL  [`@stdlib/REPL`]
  [9a3f8284] Random  [`@stdlib/Random`]
  [ea8e919c] SHA  [`@stdlib/SHA`]
  [9e88b42a] Serialization  [`@stdlib/Serialization`]
  [1a1011a3] SharedArrays  [`@stdlib/SharedArrays`]
  [6462fe0b] Sockets  [`@stdlib/Sockets`]
  [2f01184e] SparseArrays  [`@stdlib/SparseArrays`]
  [10745b16] Statistics  [`@stdlib/Statistics`]
  [8dfed614] Test  [`@stdlib/Test`]
  [cf7118a7] UUIDs  [`@stdlib/UUIDs`]
  [4ec0a83e] Unicode  [`@stdlib/Unicode`]
maps: Error During Test at /root/.julia/packages/OpenStreetMapX/vHhHu/test/runtests.jl:4
  Got exception outside of a @test
  error compiling #get_map_data: error compiling #get_map_data#6: error compiling #parsefile#21: error compiling make_parser: could not load library "libexpat"
  libexpat.so: cannot open shared object file: No such file or directory
  Stacktrace:
   [1] top-level scope at /root/.julia/packages/OpenStreetMapX/vHhHu/test/runtests.jl:6
   [2] top-level scope at /buildworker/worker/package_linux64/build/usr/share/julia/stdlib/v1.2/Test/src/Test.jl:1113
   [3] top-level scope at /root/.julia/packages/OpenStreetMapX/vHhHu/test/runtests.jl:6
   [4] include at ./boot.jl:328 [inlined]
   [5] include_relative(::Module, ::String) at ./loading.jl:1094
   [6] include(::Module, ::String) at ./Base.jl:31
   [7] include(::String) at ./client.jl:431
   [8] top-level scope at none:5
   [9] eval(::Module, ::Any) at ./boot.jl:330
   [10] exec_options(::Base.JLOptions) at ./client.jl:271
   [11] _start() at ./client.jl:464
  caused by [exception 4]
  error compiling #get_map_data#6: error compiling #parsefile#21: error compiling make_parser: could not load library "libexpat"
  libexpat.so: cannot open shared object file: No such file or directory
  Stacktrace:
   [1] top-level scope at /root/.julia/packages/OpenStreetMapX/vHhHu/test/runtests.jl:6
   [2] top-level scope at /buildworker/worker/package_linux64/build/usr/share/julia/stdlib/v1.2/Test/src/Test.jl:1113
   [3] top-level scope at /root/.julia/packages/OpenStreetMapX/vHhHu/test/runtests.jl:6
   [4] include at ./boot.jl:328 [inlined]
   [5] include_relative(::Module, ::String) at ./loading.jl:1094
   [6] include(::Module, ::String) at ./Base.jl:31
   [7] include(::String) at ./client.jl:431
   [8] top-level scope at none:5
   [9] eval(::Module, ::Any) at ./boot.jl:330
   [10] exec_options(::Base.JLOptions) at ./client.jl:271
   [11] _start() at ./client.jl:464
  caused by [exception 3]
  error compiling #parsefile#21: error compiling make_parser: could not load library "libexpat"
  libexpat.so: cannot open shared object file: No such file or directory
  Stacktrace:
   [1] top-level scope at /root/.julia/packages/OpenStreetMapX/vHhHu/test/runtests.jl:6
   [2] top-level scope at /buildworker/worker/package_linux64/build/usr/share/julia/stdlib/v1.2/Test/src/Test.jl:1113
   [3] top-level scope at /root/.julia/packages/OpenStreetMapX/vHhHu/test/runtests.jl:6
   [4] include at ./boot.jl:328 [inlined]
   [5] include_relative(::Module, ::String) at ./loading.jl:1094
   [6] include(::Module, ::String) at ./Base.jl:31
   [7] include(::String) at ./client.jl:431
   [8] top-level scope at none:5
   [9] eval(::Module, ::Any) at ./boot.jl:330
   [10] exec_options(::Base.JLOptions) at ./client.jl:271
   [11] _start() at ./client.jl:464
  caused by [exception 2]
  error compiling make_parser: could not load library "libexpat"
  libexpat.so: cannot open shared object file: No such file or directory
  Stacktrace:
   [1] top-level scope at /root/.julia/packages/OpenStreetMapX/vHhHu/test/runtests.jl:6
   [2] top-level scope at /buildworker/worker/package_linux64/build/usr/share/julia/stdlib/v1.2/Test/src/Test.jl:1113
   [3] top-level scope at /root/.julia/packages/OpenStreetMapX/vHhHu/test/runtests.jl:6
   [4] include at ./boot.jl:328 [inlined]
   [5] include_relative(::Module, ::String) at ./loading.jl:1094
   [6] include(::Module, ::String) at ./Base.jl:31
   [7] include(::String) at ./client.jl:431
   [8] top-level scope at none:5
   [9] eval(::Module, ::Any) at ./boot.jl:330
   [10] exec_options(::Base.JLOptions) at ./client.jl:271
   [11] _start() at ./client.jl:464
  caused by [exception 1]
  could not load library "libexpat"
  libexpat.so: cannot open shared object file: No such file or directory
  Stacktrace:
   [1] top-level scope at /root/.julia/packages/OpenStreetMapX/vHhHu/test/runtests.jl:6
   [2] top-level scope at /buildworker/worker/package_linux64/build/usr/share/julia/stdlib/v1.2/Test/src/Test.jl:1113
   [3] top-level scope at /root/.julia/packages/OpenStreetMapX/vHhHu/test/runtests.jl:6
   [4] include at ./boot.jl:328 [inlined]
   [5] include_relative(::Module, ::String) at ./loading.jl:1094
   [6] include(::Module, ::String) at ./Base.jl:31
   [7] include(::String) at ./client.jl:431
   [8] top-level scope at none:5
   [9] eval(::Module, ::Any) at ./boot.jl:330
   [10] exec_options(::Base.JLOptions) at ./client.jl:271
   [11] _start() at ./client.jl:464
  
Test Summary: | Error  Total
maps          |     1      1
ERROR: LoadError: Some tests did not pass: 0 passed, 0 failed, 1 errored, 0 broken.
in expression starting at /root/.julia/packages/OpenStreetMapX/vHhHu/test/runtests.jl:4
ERROR: Package OpenStreetMapX errored during testing
Stacktrace:
 [1] pkgerror(::String, ::Vararg{String,N} where N) at /buildworker/worker/package_linux64/build/usr/share/julia/stdlib/v1.2/Pkg/src/Types.jl:112
 [2] #test#119(::Bool, ::Nothing, ::typeof(Pkg.Operations.test), ::Pkg.Types.Context, ::Array{Pkg.Types.PackageSpec,1}) at /buildworker/worker/package_linux64/build/usr/share/julia/stdlib/v1.2/Pkg/src/Operations.jl:1288
 [3] #test at ./none:0 [inlined]
 [4] #test#62(::Bool, ::Nothing, ::Base.Iterators.Pairs{Union{},Union{},Tuple{},NamedTuple{(),Tuple{}}}, ::typeof(Pkg.API.test), ::Pkg.Types.Context, ::Array{Pkg.Types.PackageSpec,1}) at /buildworker/worker/package_linux64/build/usr/share/julia/stdlib/v1.2/Pkg/src/API.jl:245
 [5] test at /buildworker/worker/package_linux64/build/usr/share/julia/stdlib/v1.2/Pkg/src/API.jl:233 [inlined]
 [6] #test#61 at /buildworker/worker/package_linux64/build/usr/share/julia/stdlib/v1.2/Pkg/src/API.jl:230 [inlined]
 [7] test at /buildworker/worker/package_linux64/build/usr/share/julia/stdlib/v1.2/Pkg/src/API.jl:230 [inlined]
 [8] #test#60 at /buildworker/worker/package_linux64/build/usr/share/julia/stdlib/v1.2/Pkg/src/API.jl:229 [inlined]
 [9] test at /buildworker/worker/package_linux64/build/usr/share/julia/stdlib/v1.2/Pkg/src/API.jl:229 [inlined]
 [10] #test#59(::Base.Iterators.Pairs{Union{},Union{},Tuple{},NamedTuple{(),Tuple{}}}, ::typeof(Pkg.API.test), ::String) at /buildworker/worker/package_linux64/build/usr/share/julia/stdlib/v1.2/Pkg/src/API.jl:228
 [11] test(::String) at /buildworker/worker/package_linux64/build/usr/share/julia/stdlib/v1.2/Pkg/src/API.jl:228
 [12] top-level scope at none:10
