 Resolving package versions...
 Installed Missings ─────────── v0.4.3
 Installed DataAPI ──────────── v1.1.0
 Installed AbstractFFTs ─────── v0.5.0
 Installed BinaryProvider ───── v0.5.8
 Installed StatsBase ────────── v0.32.0
 Installed Colors ───────────── v0.9.6
 Installed ProtoBuf ─────────── v0.7.0
 Installed TensorBoardLogger ── v0.1.5
 Installed Conda ────────────── v1.3.0
 Installed Requires ─────────── v0.5.2
 Installed MappedArrays ─────── v0.2.2
 Installed Reexport ─────────── v0.2.0
 Installed OffsetArrays ─────── v0.11.1
 Installed Compat ───────────── v2.2.0
 Installed OrderedCollections ─ v1.1.0
 Installed DataStructures ───── v0.17.6
 Installed FixedPointNumbers ── v0.6.1
 Installed Graphics ─────────── v0.4.0
 Installed Parsers ──────────── v0.3.10
 Installed JSON ─────────────── v0.21.0
 Installed NaNMath ──────────── v0.3.3
 Installed FFTW ─────────────── v1.1.0
 Installed PaddedViews ──────── v0.4.2
 Installed SortingAlgorithms ── v0.3.1
 Installed VersionParsing ───── v1.1.3
 Installed ImageCore ────────── v0.8.5
 Installed ColorTypes ───────── v0.8.0
 Installed FileIO ───────────── v1.0.7
  Updating `~/.julia/environments/v1.2/Project.toml`
  [899adc3e] + TensorBoardLogger v0.1.5
  Updating `~/.julia/environments/v1.2/Manifest.toml`
  [621f4979] + AbstractFFTs v0.5.0
  [b99e7846] + BinaryProvider v0.5.8
  [3da002f7] + ColorTypes v0.8.0
  [5ae59095] + Colors v0.9.6
  [34da2185] + Compat v2.2.0
  [8f4d0f93] + Conda v1.3.0
  [9a962f9c] + DataAPI v1.1.0
  [864edb3b] + DataStructures v0.17.6
  [7a1cc6ca] + FFTW v1.1.0
  [5789e2e9] + FileIO v1.0.7
  [53c48c17] + FixedPointNumbers v0.6.1
  [a2bd30eb] + Graphics v0.4.0
  [a09fc81d] + ImageCore v0.8.5
  [682c06a0] + JSON v0.21.0
  [dbb5928d] + MappedArrays v0.2.2
  [e1d29d7a] + Missings v0.4.3
  [77ba4419] + NaNMath v0.3.3
  [6fe1bfb0] + OffsetArrays v0.11.1
  [bac558e1] + OrderedCollections v1.1.0
  [5432bcbf] + PaddedViews v0.4.2
  [69de0a69] + Parsers v0.3.10
  [3349acd9] + ProtoBuf v0.7.0
  [189a3867] + Reexport v0.2.0
  [ae029012] + Requires v0.5.2
  [a2af1166] + SortingAlgorithms v0.3.1
  [2913bbd2] + StatsBase v0.32.0
  [899adc3e] + TensorBoardLogger v0.1.5
  [81def892] + VersionParsing v1.1.3
  [2a0f44e3] + Base64 
  [8bf52ea8] + CRC32c 
  [ade2ca70] + Dates 
  [8bb1440f] + DelimitedFiles 
  [8ba89e20] + Distributed 
  [b77e0a4c] + InteractiveUtils 
  [76f85450] + LibGit2 
  [8f399da3] + Libdl 
  [37e2e46d] + LinearAlgebra 
  [56ddb016] + Logging 
  [d6f4376e] + Markdown 
  [a63ad114] + Mmap 
  [44cfe95a] + Pkg 
  [de0858da] + Printf 
  [3fa0cd96] + REPL 
  [9a3f8284] + Random 
  [ea8e919c] + SHA 
  [9e88b42a] + Serialization 
  [1a1011a3] + SharedArrays 
  [6462fe0b] + Sockets 
  [2f01184e] + SparseArrays 
  [10745b16] + Statistics 
  [8dfed614] + Test 
  [cf7118a7] + UUIDs 
  [4ec0a83e] + Unicode 
  Building Conda → `~/.julia/packages/Conda/kLXeC/deps/build.log`
  Building FFTW ─→ `~/.julia/packages/FFTW/loJ3F/deps/build.log`
   Testing TensorBoardLogger
 Resolving package versions...
 Installed TestImages ─────────── v0.5.1
 Installed PyPlot ─────────────── v2.8.2
 Installed Tracker ────────────── v0.2.5
 Installed ImageMagick ────────── v0.7.5
 Installed WAV ────────────────── v1.0.3
 Installed Plots ──────────────── v0.27.0
 Installed Flux ───────────────── v0.9.0
 Installed LightGraphs ────────── v1.3.0
 Installed Showoff ────────────── v0.3.1
 Installed Inflate ────────────── v0.1.1
 Installed RangeArrays ────────── v0.3.1
 Installed CommonSubexpressions ─ v0.2.0
 Installed Measures ───────────── v0.3.0
 Installed CUDAnative ─────────── v2.4.0
 Installed CuArrays ───────────── v1.2.1
 Installed Adapt ──────────────── v1.0.0
 Installed URIParser ──────────── v0.4.0
 Installed Contour ────────────── v0.5.1
 Installed TimerOutputs ───────── v0.5.3
 Installed CUDAdrv ────────────── v3.1.0
 Installed PyCall ─────────────── v1.91.2
 Installed ForwardDiff ────────── v0.10.6
 Installed NNlib ──────────────── v0.6.0
 Installed IterTools ──────────── v1.3.0
 Installed CUDAapi ────────────── v1.2.0
 Installed RecipesBase ────────── v0.7.0
 Installed GPUArrays ──────────── v1.0.4
 Installed FillArrays ─────────── v0.7.4
 Installed DiffRules ──────────── v0.1.0
 Installed FFMPEG ─────────────── v0.2.3
 Installed TranscodingStreams ─── v0.9.5
 Installed LaTeXStrings ───────── v1.0.3
 Installed Media ──────────────── v0.5.0
 Installed CodecZlib ──────────── v0.6.0
 Installed Juno ───────────────── v0.7.2
 Installed AbstractTrees ──────── v0.2.1
 Installed DiffResults ────────── v0.0.4
 Installed ZipFile ────────────── v0.8.3
 Installed SimpleTraits ───────── v0.9.1
 Installed IntervalSets ───────── v0.3.2
 Installed StaticArrays ───────── v0.12.1
 Installed CEnum ──────────────── v0.2.0
 Installed PlotUtils ──────────── v0.6.1
 Installed LLVM ───────────────── v1.3.2
 Installed MacroTools ─────────── v0.5.2
 Installed SpecialFunctions ───── v0.8.0
 Installed GeometryTypes ──────── v0.7.6
 Installed ArnoldiMethod ──────── v0.0.4
 Installed BinDeps ────────────── v0.8.10
 Installed PlotThemes ─────────── v0.4.0
 Installed AxisArrays ─────────── v0.3.3
 Installed GR ─────────────────── v0.42.0
  Building ZipFile ─────────→ `~/.julia/packages/ZipFile/oD4uG/deps/build.log`
  Building TestImages ──────→ `~/.julia/packages/TestImages/Aoq3X/deps/build.log`
  Building ImageMagick ─────→ `~/.julia/packages/ImageMagick/vMfoS/deps/build.log`
  Building GR ──────────────→ `~/.julia/packages/GR/f1Iqi/deps/build.log`
  Building FFMPEG ──────────→ `~/.julia/packages/FFMPEG/bkWgb/deps/build.log`
  Building Plots ───────────→ `~/.julia/packages/Plots/Iuc9S/deps/build.log`
  Building PyCall ──────────→ `~/.julia/packages/PyCall/ttONZ/deps/build.log`
  Building CodecZlib ───────→ `~/.julia/packages/CodecZlib/5t9zO/deps/build.log`
  Building SpecialFunctions → `~/.julia/packages/SpecialFunctions/ne2iw/deps/build.log`
    Status `/tmp/jl_plG3ia/Manifest.toml`
  [621f4979] AbstractFFTs v0.5.0
  [1520ce14] AbstractTrees v0.2.1
  [79e6a3ab] Adapt v1.0.0
  [ec485272] ArnoldiMethod v0.0.4
  [39de3d68] AxisArrays v0.3.3
  [9e28174c] BinDeps v0.8.10
  [b99e7846] BinaryProvider v0.5.8
  [fa961155] CEnum v0.2.0
  [3895d2a7] CUDAapi v1.2.0
  [c5f51814] CUDAdrv v3.1.0
  [be33ccc6] CUDAnative v2.4.0
  [944b1d66] CodecZlib v0.6.0
  [3da002f7] ColorTypes v0.8.0
  [5ae59095] Colors v0.9.6
  [bbf7d656] CommonSubexpressions v0.2.0
  [34da2185] Compat v2.2.0
  [8f4d0f93] Conda v1.3.0
  [d38c429a] Contour v0.5.1
  [3a865a2d] CuArrays v1.2.1
  [9a962f9c] DataAPI v1.1.0
  [864edb3b] DataStructures v0.17.6
  [163ba53b] DiffResults v0.0.4
  [b552c78f] DiffRules v0.1.0
  [c87230d0] FFMPEG v0.2.3
  [7a1cc6ca] FFTW v1.1.0
  [5789e2e9] FileIO v1.0.7
  [1a297f60] FillArrays v0.7.4
  [53c48c17] FixedPointNumbers v0.6.1
  [587475ba] Flux v0.9.0
  [f6369f11] ForwardDiff v0.10.6
  [0c68f7d7] GPUArrays v1.0.4
  [28b8d3ca] GR v0.42.0
  [4d00f742] GeometryTypes v0.7.6
  [a2bd30eb] Graphics v0.4.0
  [a09fc81d] ImageCore v0.8.5
  [6218d12a] ImageMagick v0.7.5
  [d25df0c9] Inflate v0.1.1
  [8197267c] IntervalSets v0.3.2
  [c8e1da08] IterTools v1.3.0
  [682c06a0] JSON v0.21.0
  [e5e0dc1b] Juno v0.7.2
  [929cbde3] LLVM v1.3.2
  [b964fa9f] LaTeXStrings v1.0.3
  [093fc24a] LightGraphs v1.3.0
  [1914dd2f] MacroTools v0.5.2
  [dbb5928d] MappedArrays v0.2.2
  [442fdcdd] Measures v0.3.0
  [e89f7d12] Media v0.5.0
  [e1d29d7a] Missings v0.4.3
  [872c559c] NNlib v0.6.0
  [77ba4419] NaNMath v0.3.3
  [6fe1bfb0] OffsetArrays v0.11.1
  [bac558e1] OrderedCollections v1.1.0
  [5432bcbf] PaddedViews v0.4.2
  [69de0a69] Parsers v0.3.10
  [ccf2f8ad] PlotThemes v0.4.0
  [995b91a9] PlotUtils v0.6.1
  [91a5bcdd] Plots v0.27.0
  [3349acd9] ProtoBuf v0.7.0
  [438e738f] PyCall v1.91.2
  [d330b81b] PyPlot v2.8.2
  [b3c3ace0] RangeArrays v0.3.1
  [3cdcf5f2] RecipesBase v0.7.0
  [189a3867] Reexport v0.2.0
  [ae029012] Requires v0.5.2
  [992d4aef] Showoff v0.3.1
  [699a6c99] SimpleTraits v0.9.1
  [a2af1166] SortingAlgorithms v0.3.1
  [276daf66] SpecialFunctions v0.8.0
  [90137ffa] StaticArrays v0.12.1
  [2913bbd2] StatsBase v0.32.0
  [899adc3e] TensorBoardLogger v0.1.5
  [5e47fb64] TestImages v0.5.1
  [a759f4b9] TimerOutputs v0.5.3
  [9f7883ad] Tracker v0.2.5
  [3bb67fe8] TranscodingStreams v0.9.5
  [30578b45] URIParser v0.4.0
  [81def892] VersionParsing v1.1.3
  [8149f6b0] WAV v1.0.3
  [a5390f91] ZipFile v0.8.3
  [2a0f44e3] Base64  [`@stdlib/Base64`]
  [8bf52ea8] CRC32c  [`@stdlib/CRC32c`]
  [ade2ca70] Dates  [`@stdlib/Dates`]
  [8bb1440f] DelimitedFiles  [`@stdlib/DelimitedFiles`]
  [8ba89e20] Distributed  [`@stdlib/Distributed`]
  [b77e0a4c] InteractiveUtils  [`@stdlib/InteractiveUtils`]
  [76f85450] LibGit2  [`@stdlib/LibGit2`]
  [8f399da3] Libdl  [`@stdlib/Libdl`]
  [37e2e46d] LinearAlgebra  [`@stdlib/LinearAlgebra`]
  [56ddb016] Logging  [`@stdlib/Logging`]
  [d6f4376e] Markdown  [`@stdlib/Markdown`]
  [a63ad114] Mmap  [`@stdlib/Mmap`]
  [44cfe95a] Pkg  [`@stdlib/Pkg`]
  [de0858da] Printf  [`@stdlib/Printf`]
  [9abbd945] Profile  [`@stdlib/Profile`]
  [3fa0cd96] REPL  [`@stdlib/REPL`]
  [9a3f8284] Random  [`@stdlib/Random`]
  [ea8e919c] SHA  [`@stdlib/SHA`]
  [9e88b42a] Serialization  [`@stdlib/Serialization`]
  [1a1011a3] SharedArrays  [`@stdlib/SharedArrays`]
  [6462fe0b] Sockets  [`@stdlib/Sockets`]
  [2f01184e] SparseArrays  [`@stdlib/SparseArrays`]
  [10745b16] Statistics  [`@stdlib/Statistics`]
  [8dfed614] Test  [`@stdlib/Test`]
  [cf7118a7] UUIDs  [`@stdlib/UUIDs`]
  [4ec0a83e] Unicode  [`@stdlib/Unicode`]
Test Summary: | Pass  Total
TBLogger      |   18     18
Test Summary:       | Pass  Total
Scalar Value Logger |    3      3
Test Summary:                     | Pass  Total
Scalar Value processing interface |    7      7
Test Summary:          | Pass  Total
Histogram Value Logger |    7      7
Test Summary:                  | Pass  Total
Histogram processing interface |    8      8
Test Summary: | Pass  Total
Text Logger   |    2      2
Test Summary:             | Pass  Total
Text processing interface |    5      5
[ Info: Downloading MNIST dataset
[ Info: Downloading MNIST dataset
[ Info: Downloading MNIST dataset
[ Info: Downloading MNIST dataset
[ Info: Could not find toucan in directory images/ . Checking if it exists in the online repository.
[ Info: Found toucan in the online repository. Downloading to the images directory.
Test Summary: | Pass  Total
Image Logger  |   25     25
[ Info: Could not find lighthouse in directory images/ . Checking if it exists in the online repository.
[ Info: Found lighthouse in the online repository. Downloading to the images directory.
[ Info: Could not find mri-stack in directory images/ . Checking if it exists in the online repository.
[ Info: Found mri-stack in the online repository. Downloading to the images directory.
Test Summary:              | Pass  Total
Image processing interface |    7      7
Test Summary: | Pass  Total
LogInterface  |    1      1
Test Summary: | Pass  Total
Audio Logger  |    2      2
Test Summary: | Pass  Total
Graph Logger  |    1      1
Test Summary:             | Pass  Total
Logger dispatch overrides |   14     14
/root/.julia/packages/GR/f1Iqi/src/../deps/gr/bin/gksqt: error while loading shared libraries: libQt5Widgets.so.5: cannot open shared object file: No such file or directory
connect: Connection refused
GKS: can't connect to GKS socket application
Did you start 'gksqt'?

GKS: Open failed in routine OPEN_WS
GKS: GKS not in proper state. GKS must be either in the state WSOP or WSAC in routine ACTIVATE_WS
/root/.julia/packages/GR/f1Iqi/src/../deps/gr/bin/gksqt: error while loading shared libraries: libQt5Widgets.so.5: cannot open shared object file: No such file or directory
connect: Connection refused
GKS: can't connect to GKS socket application
Did you start 'gksqt'?

GKS: Open failed in routine OPEN_WS
GKS: GKS not in proper state. GKS must be either in the state WSOP or WSAC in routine ACTIVATE_WS
/root/.julia/packages/GR/f1Iqi/src/../deps/gr/bin/gksqt: error while loading shared libraries: libQt5Widgets.so.5: cannot open shared object file: No such file or directory
connect: Connection refused
GKS: can't connect to GKS socket application
Did you start 'gksqt'?

GKS: Open failed in routine OPEN_WS
GKS: GKS not in proper state. GKS must be either in the state WSOP or WSAC in routine ACTIVATE_WS
/root/.julia/packages/GR/f1Iqi/src/../deps/gr/bin/gksqt: error while loading shared libraries: libQt5Widgets.so.5: cannot open shared object file: No such file or directory
connect: Connection refused
GKS: can't connect to GKS socket application
Did you start 'gksqt'?

GKS: Open failed in routine OPEN_WS
GKS: GKS not in proper state. GKS must be either in the state WSOP or WSAC in routine ACTIVATE_WS
/root/.julia/packages/GR/f1Iqi/src/../deps/gr/bin/gksqt: error while loading shared libraries: libQt5Widgets.so.5: cannot open shared object file: No such file or directory
connect: Connection refused
GKS: can't connect to GKS socket application
Did you start 'gksqt'?

GKS: Open failed in routine OPEN_WS
GKS: GKS not in proper state. GKS must be either in the state WSOP or WSAC in routine ACTIVATE_WS
/root/.julia/packages/GR/f1Iqi/src/../deps/gr/bin/gksqt: error while loading shared libraries: libQt5Widgets.so.5: cannot open shared object file: No such file or directory
connect: Connection refused
GKS: can't connect to GKS socket application
Did you start 'gksqt'?

GKS: Open failed in routine OPEN_WS
GKS: GKS not in proper state. GKS must be either in the state WSOP or WSAC in routine ACTIVATE_WS
/root/.julia/packages/GR/f1Iqi/src/../deps/gr/bin/gksqt: error while loading shared libraries: libQt5Widgets.so.5: cannot open shared object file: No such file or directory
connect: Connection refused
GKS: can't connect to GKS socket application
Did you start 'gksqt'?

GKS: Open failed in routine OPEN_WS
GKS: GKS not in proper state. GKS must be either in the state WSOP or WSAC in routine ACTIVATE_WS
/root/.julia/packages/GR/f1Iqi/src/../deps/gr/bin/gksqt: error while loading shared libraries: libQt5Widgets.so.5: cannot open shared object file: No such file or directory
connect: Connection refused
GKS: can't connect to GKS socket application
Did you start 'gksqt'?

GKS: Open failed in routine OPEN_WS
GKS: GKS not in proper state. GKS must be either in the state WSOP or WSAC in routine ACTIVATE_WS
Test Summary:             | Pass  Total
Optional dependency tests |    9      9
   Testing TensorBoardLogger tests passed 
